{"numTotalTestSuites":8,"numPassedTestSuites":8,"numFailedTestSuites":0,"numPendingTestSuites":0,"numTotalTests":8,"numPassedTests":8,"numFailedTests":0,"numPendingTests":0,"numTodoTests":0,"snapshot":{"added":0,"failure":false,"filesAdded":0,"filesRemoved":0,"filesRemovedList":[],"filesUnmatched":0,"filesUpdated":0,"matched":0,"total":0,"unchecked":0,"uncheckedKeysByFile":[],"unmatched":0,"updated":0,"didUpdate":false},"startTime":1785630239137,"success":true,"testResults":[{"assertionResults":[{"ancestorTitles":["WP10 AC1 blind1 — round-trips through JSON persistence, across two edges"],"fullName":"WP10 AC1 blind1 — round-trips through JSON persistence, across two edges survives JSON.stringify/JSON.parse of the decoded file shape for every case","status":"passed","title":"survives JSON.stringify/JSON.parse of the decoded file shape for every case","duration":2.6076999999999657,"failureMessages":[],"meta":{}},{"ancestorTitles":["WP10 AC1 blind1 — round-trips through JSON persistence, across two edges"],"fullName":"WP10 AC1 blind1 — round-trips through JSON persistence, across two edges two edges in the same doc keep independent from/to state","status":"passed","title":"two edges in the same doc keep independent from/to state","duration":3.8485000000000014,"failureMessages":[],"meta":{}}],"startTime":1785630239595,"endTime":1785630239601.8484,"status":"passed","message":"","name":"H:/Developement/_NeuralAngels/liveshareCollab/obsidian-live-share/plugin/src/__tests__/v2blind/wp10_set1/test_tp01_lossless_endpoint_roundtrip_blind1.test.ts"},{"assertionResults":[{"ancestorTitles":["WP10 AC2 blind1 — concurrent from-reroutes converge to one submitted endpoint, end included"],"fullName":"WP10 AC2 blind1 — concurrent from-reroutes converge to one submitted endpoint, end included all three replicas agree on one whole submitted `from`, never a torn end","status":"passed","title":"all three replicas agree on one whole submitted `from`, never a torn end","duration":11.066599999999994,"failureMessages":[],"meta":{}}],"startTime":1785630239543,"endTime":1785630239554.0667,"status":"passed","message":"","name":"H:/Developement/_NeuralAngels/liveshareCollab/obsidian-live-share/plugin/src/__tests__/v2blind/wp10_set1/test_tp02_concurrent_reroute_convergence_blind1.test.ts"},{"assertionResults":[{"ancestorTitles":["WP10 AC3 blind1 — roles swapped: B re-routes from, A re-routes to, independently"],"fullName":"WP10 AC3 blind1 — roles swapped: B re-routes from, A re-routes to, independently B's from and A's to both land, on every replica","status":"passed","title":"B's from and A's to both land, on every replica","duration":10.467499999999973,"failureMessages":[],"meta":{}}],"startTime":1785630239541,"endTime":1785630239551.4675,"status":"passed","message":"","name":"H:/Developement/_NeuralAngels/liveshareCollab/obsidian-live-share/plugin/src/__tests__/v2blind/wp10_set1/test_tp03_from_to_independence_blind1.test.ts"},{"assertionResults":[{"ancestorTitles":["WP10 AC4/AC5 blind1 — the doc read boundary keeps the two absences apart"],"fullName":"WP10 AC4/AC5 blind1 — the doc read boundary keeps the two absences apart a raw side-less value reads back PRESENT; a raw node-less value reads back ABSENT","status":"passed","title":"a raw side-less value reads back PRESENT; a raw node-less value reads back ABSENT","duration":4.75630000000001,"failureMessages":[],"meta":{}},{"ancestorTitles":["WP10 AC4/AC5 blind1 — the doc read boundary keeps the two absences apart"],"fullName":"WP10 AC4/AC5 blind1 — the doc read boundary keeps the two absences apart optional is not 'optionally garbage' — a wrong-typed component voids the WHOLE register","status":"passed","title":"optional is not 'optionally garbage' — a wrong-typed component voids the WHOLE register","duration":0.9110000000000014,"failureMessages":[],"meta":{}},{"ancestorTitles":["WP10 AC4/AC5 blind1 — the doc read boundary keeps the two absences apart"],"fullName":"WP10 AC4/AC5 blind1 — the doc read boundary keeps the two absences apart a whole value written through the real constructor still reads back whole","status":"passed","title":"a whole value written through the real constructor still reads back whole","duration":0.6480999999999995,"failureMessages":[],"meta":{}},{"ancestorTitles":["WP10 AC4/AC5 blind1 — the doc read boundary keeps the two absences apart"],"fullName":"WP10 AC4/AC5 blind1 — the doc read boundary keeps the two absences apart no exported function name matches a per-component setter pattern for from/to","status":"passed","title":"no exported function name matches a per-component setter pattern for from/to","duration":0.2699000000000069,"failureMessages":[],"meta":{}}],"startTime":1785630239578,"endTime":1785630239585.27,"status":"passed","message":"","name":"H:/Developement/_NeuralAngels/liveshareCollab/obsidian-live-share/plugin/src/__tests__/v2blind/wp10_set1/test_tp04_wholly_present_or_absent_blind1.test.ts"}]}