{"numTotalTestSuites":6,"numPassedTestSuites":6,"numFailedTestSuites":0,"numPendingTestSuites":0,"numTotalTests":3,"numPassedTests":3,"numFailedTests":0,"numPendingTests":0,"numTodoTests":0,"snapshot":{"added":0,"failure":false,"filesAdded":0,"filesRemoved":0,"filesRemovedList":[],"filesUnmatched":0,"filesUpdated":0,"matched":0,"total":0,"unchecked":0,"uncheckedKeysByFile":[],"unmatched":0,"updated":0,"didUpdate":false},"startTime":1785614705869,"success":true,"testResults":[{"assertionResults":[{"ancestorTitles":["WP11 AC1 — first-write acceptance is scoped per record"],"fullName":"WP11 AC1 — first-write acceptance is scoped per record accepting record A's first type write does not pre-empt record B's","status":"passed","title":"accepting record A's first type write does not pre-empt record B's","duration":4.815400000000011,"failureMessages":[],"meta":{}}],"startTime":1785614706322,"endTime":1785614706326.8154,"status":"passed","message":"","name":"H:/Developement/_NeuralAngels/liveshareCollab/obsidian-live-share/plugin/src/__tests__/v2blind/wp11_set2/test_tp01_first_write_accepted_blind2.test.ts"},{"assertionResults":[{"ancestorTitles":["WP11 AC1 — rejects a differing local write on a record whose type arrived via replication"],"fullName":"WP11 AC1 — rejects a differing local write on a record whose type arrived via replication treats a remotely-written type as already-written for the guard's own local write","status":"passed","title":"treats a remotely-written type as already-written for the guard's own local write","duration":9.858099999999979,"failureMessages":[],"meta":{}}],"startTime":1785614706305,"endTime":1785614706314.8582,"status":"passed","message":"","name":"H:/Developement/_NeuralAngels/liveshareCollab/obsidian-live-share/plugin/src/__tests__/v2blind/wp11_set2/test_tp02_differing_write_rejected_signature_blind2.test.ts"},{"assertionResults":[{"ancestorTitles":["WP11 AC2 — repeated same-value rewrites stay a no-op every time"],"fullName":"WP11 AC2 — repeated same-value rewrites stay a no-op every time fires zero update events across three consecutive identical re-attempts","status":"passed","title":"fires zero update events across three consecutive identical re-attempts","duration":8.281200000000013,"failureMessages":[],"meta":{}}],"startTime":1785614706305,"endTime":1785614706313.2812,"status":"passed","message":"","name":"H:/Developement/_NeuralAngels/liveshareCollab/obsidian-live-share/plugin/src/__tests__/v2blind/wp11_set2/test_tp03_same_value_rewrite_noop_no_delta_blind2.test.ts"}]}