{"numTotalTestSuites":14,"numPassedTestSuites":14,"numFailedTestSuites":0,"numPendingTestSuites":0,"numTotalTests":13,"numPassedTests":13,"numFailedTests":0,"numPendingTests":0,"numTodoTests":0,"snapshot":{"added":0,"failure":false,"filesAdded":0,"filesRemoved":0,"filesRemovedList":[],"filesUnmatched":0,"filesUpdated":0,"matched":0,"total":0,"unchecked":0,"uncheckedKeysByFile":[],"unmatched":0,"updated":0,"didUpdate":false},"startTime":1785614718339,"success":true,"testResults":[{"assertionResults":[{"ancestorTitles":["WP13 AC1 blind2 — a middle allocation between two tail-chained neighbours is strictly between them"],"fullName":"WP13 AC1 blind2 — a middle allocation between two tail-chained neighbours is strictly between them allocating between the two most recently appended elements sits strictly between them","status":"passed","title":"allocating between the two most recently appended elements sits strictly between them","duration":1.384900000000016,"failureMessages":[],"meta":{}},{"ancestorTitles":["WP13 AC1 blind2 — a middle allocation between two tail-chained neighbours is strictly between them"],"fullName":"WP13 AC1 blind2 — a middle allocation between two tail-chained neighbours is strictly between them compareOrd is antisymmetric for the neighbour pair and the freshly inserted value","status":"passed","title":"compareOrd is antisymmetric for the neighbour pair and the freshly inserted value","duration":0.34010000000000673,"failureMessages":[],"meta":{}}],"startTime":1785614718922,"endTime":1785614718923.385,"status":"passed","message":"","name":"H:/Developement/_NeuralAngels/liveshareCollab/obsidian-live-share/plugin/src/__tests__/v2blind/wp13_set2/test_tp01_strictly_between_neighbours_blind2.test.ts"},{"assertionResults":[{"ancestorTitles":["WP13 AC1 blind2 — a stack of head insertions sorts into strictly increasing order end to end"],"fullName":"WP13 AC1 blind2 — a stack of head insertions sorts into strictly increasing order end to end five head insertions, sorted by compareOrd, form a strictly increasing sequence","status":"passed","title":"five head insertions, sorted by compareOrd, form a strictly increasing sequence","duration":1.617999999999995,"failureMessages":[],"meta":{}},{"ancestorTitles":["WP13 AC1 blind2 — a stack of head insertions sorts into strictly increasing order end to end"],"fullName":"WP13 AC1 blind2 — a stack of head insertions sorts into strictly increasing order end to end the very first head insertion (before the base existed) is not required — allocate(undefined, undefined) alone yields a usable value","status":"passed","title":"the very first head insertion (before the base existed) is not required — allocate(undefined, undefined) alone yields a usable value","duration":0.27930000000003474,"failureMessages":[],"meta":{}}],"startTime":1785614718894,"endTime":1785614718896.2793,"status":"passed","message":"","name":"H:/Developement/_NeuralAngels/liveshareCollab/obsidian-live-share/plugin/src/__tests__/v2blind/wp13_set2/test_tp02_head_allocation_blind2.test.ts"},{"assertionResults":[{"ancestorTitles":["WP13 AC1 blind2 — six tail appends never produce an out-of-order adjacent pair"],"fullName":"WP13 AC1 blind2 — six tail appends never produce an out-of-order adjacent pair a reduce-counted scan over six appends finds zero ordering violations","status":"passed","title":"a reduce-counted scan over six appends finds zero ordering violations","duration":1.4582000000000335,"failureMessages":[],"meta":{}},{"ancestorTitles":["WP13 AC1 blind2 — six tail appends never produce an out-of-order adjacent pair"],"fullName":"WP13 AC1 blind2 — six tail appends never produce an out-of-order adjacent pair the last appended value is strictly greater than the FIRST value in the whole chain, transitively","status":"passed","title":"the last appended value is strictly greater than the FIRST value in the whole chain, transitively","duration":0.2968999999999937,"failureMessages":[],"meta":{}}],"startTime":1785614718864,"endTime":1785614718866.2969,"status":"passed","message":"","name":"H:/Developement/_NeuralAngels/liveshareCollab/obsidian-live-share/plugin/src/__tests__/v2blind/wp13_set2/test_tp03_tail_allocation_blind2.test.ts"},{"assertionResults":[{"ancestorTitles":["WP13 AC2 blind2 — numeric-string clientIDs racing the same pair still produce distinct ords"],"fullName":"WP13 AC2 blind2 — numeric-string clientIDs racing the same pair still produce distinct ords nine numeric-string clientIDs ('1'..'9') each produce an ord unique among the nine","status":"passed","title":"nine numeric-string clientIDs ('1'..'9') each produce an ord unique among the nine","duration":2.460900000000038,"failureMessages":[],"meta":{}},{"ancestorTitles":["WP13 AC2 blind2 — numeric-string clientIDs racing the same pair still produce distinct ords"],"fullName":"WP13 AC2 blind2 — numeric-string clientIDs racing the same pair still produce distinct ords two clients whose ids differ only by case ('Client-X' vs 'client-x') still produce distinct ords","status":"passed","title":"two clients whose ids differ only by case ('Client-X' vs 'client-x') still produce distinct ords","duration":0.9423999999999637,"failureMessages":[],"meta":{}}],"startTime":1785614718777,"endTime":1785614718780.9424,"status":"passed","message":"","name":"H:/Developement/_NeuralAngels/liveshareCollab/obsidian-live-share/plugin/src/__tests__/v2blind/wp13_set2/test_tp04_distinct_clients_distinct_ords_blind2.test.ts"},{"assertionResults":[{"ancestorTitles":["WP13 AC2 blind2 — eight entries with two colliding-ord pairs still converge to one order from four permutations"],"fullName":"WP13 AC2 blind2 — eight entries with two colliding-ord pairs still converge to one order from four permutations four hand-written permutations of an eight-entry batch all sort identically","status":"passed","title":"four hand-written permutations of an eight-entry batch all sort identically","duration":2.9978999999999587,"failureMessages":[],"meta":{}}],"startTime":1785614718801,"endTime":1785614718803.9978,"status":"passed","message":"","name":"H:/Developement/_NeuralAngels/liveshareCollab/obsidian-live-share/plugin/src/__tests__/v2blind/wp13_set2/test_tp05_replica_total_order_agreement_blind2.test.ts"},{"assertionResults":[{"ancestorTitles":["WP13 AC3 blind2 — zigzag narrowing from both sides of the window stays collision-free and ordered"],"fullName":"WP13 AC3 blind2 — zigzag narrowing from both sides of the window stays collision-free and ordered 130 zigzag inserts (alternating which side narrows) never collide and reconstruct into one strict ascending chain","status":"passed","title":"130 zigzag inserts (alternating which side narrows) never collide and reconstruct into one strict ascending chain","duration":12.821900000000028,"failureMessages":[],"meta":{}}],"startTime":1785614718778,"endTime":1785614718790.822,"status":"passed","message":"","name":"H:/Developement/_NeuralAngels/liveshareCollab/obsidian-live-share/plugin/src/__tests__/v2blind/wp13_set2/test_tp06_dense_allocation_terminates_blind2.test.ts"},{"assertionResults":[{"ancestorTitles":["WP13 AC4 blind2 — every export is a function, a third mutator-name blocklist is absent, and comparisons are unaffected by allocation volume"],"fullName":"WP13 AC4 blind2 — every export is a function, a third mutator-name blocklist is absent, and comparisons are unaffected by allocation volume every own enumerable export value is of type 'function' — no exported mutable object/constant exists","status":"passed","title":"every own enumerable export value is of type 'function' — no exported mutable object/constant exists","duration":1.1533000000000015,"failureMessages":[],"meta":{}},{"ancestorTitles":["WP13 AC4 blind2 — every export is a function, a third mutator-name blocklist is absent, and comparisons are unaffected by allocation volume"],"fullName":"WP13 AC4 blind2 — every export is a function, a third mutator-name blocklist is absent, and comparisons are unaffected by allocation volume a third list of plausible mutator names is absent from the module","status":"passed","title":"a third list of plausible mutator names is absent from the module","duration":0.3783000000000243,"failureMessages":[],"meta":{}},{"ancestorTitles":["WP13 AC4 blind2 — every export is a function, a third mutator-name blocklist is absent, and comparisons are unaffected by allocation volume"],"fullName":"WP13 AC4 blind2 — every export is a function, a third mutator-name blocklist is absent, and comparisons are unaffected by allocation volume interleaving 50 unrelated allocations between two compareOrd calls on a fixed pair changes nothing","status":"passed","title":"interleaving 50 unrelated allocations between two compareOrd calls on a fixed pair changes nothing","duration":0.8305000000000291,"failureMessages":[],"meta":{}}],"startTime":1785614718839,"endTime":1785614718840.8306,"status":"passed","message":"","name":"H:/Developement/_NeuralAngels/liveshareCollab/obsidian-live-share/plugin/src/__tests__/v2blind/wp13_set2/test_tp07_no_mutating_export_blind2.test.ts"}]}