{"numTotalTestSuites":16,"numPassedTestSuites":16,"numFailedTestSuites":0,"numPendingTestSuites":0,"numTotalTests":11,"numPassedTests":11,"numFailedTests":0,"numPendingTests":0,"numTodoTests":0,"snapshot":{"added":0,"failure":false,"filesAdded":0,"filesRemoved":0,"filesRemovedList":[],"filesUnmatched":0,"filesUpdated":0,"matched":0,"total":0,"unchecked":0,"uncheckedKeysByFile":[],"unmatched":0,"updated":0,"didUpdate":false},"startTime":1785614737784,"success":true,"testResults":[{"assertionResults":[{"ancestorTitles":["WP16 AC1 blind2 — V2 record shape, fractional and negative geometry"],"fullName":"WP16 AC1 blind2 — V2 record shape, fractional and negative geometry fractional coordinates land in the pos register normalised by encodePos, not a hand-rolled Math.round","status":"passed","title":"fractional coordinates land in the pos register normalised by encodePos, not a hand-rolled Math.round","duration":2.370399999999961,"failureMessages":[],"meta":{}},{"ancestorTitles":["WP16 AC1 blind2 — V2 record shape, fractional and negative geometry"],"fullName":"WP16 AC1 blind2 — V2 record shape, fractional and negative geometry a -0 coordinate normalises to 0 exactly as the codec defines, and no flat key survives","status":"passed","title":"a -0 coordinate normalises to 0 exactly as the codec defines, and no flat key survives","duration":0.6492999999999824,"failureMessages":[],"meta":{}}],"startTime":1785614738472,"endTime":1785614738474.6494,"status":"passed","message":"","name":"H:/Developement/_NeuralAngels/liveshareCollab/obsidian-live-share/plugin/src/__tests__/v2blind/wp16_set2/test_tp1_v2_record_shape_blind2.test.ts"},{"assertionResults":[{"ancestorTitles":["WP16 AC1 blind2 — order observation reflects each call's own document, not a memoised value"],"fullName":"WP16 AC1 blind2 — order observation reflects each call's own document, not a memoised value two different shuffles of the same ids produce two different order observations","status":"passed","title":"two different shuffles of the same ids produce two different order observations","duration":2.806699999999978,"failureMessages":[],"meta":{}},{"ancestorTitles":["WP16 AC1 blind2 — order observation reflects each call's own document, not a memoised value"],"fullName":"WP16 AC1 blind2 — order observation reflects each call's own document, not a memoised value the record maps themselves hold the same ids regardless of the order they arrived in","status":"passed","title":"the record maps themselves hold the same ids regardless of the order they arrived in","duration":0.2796000000000731,"failureMessages":[],"meta":{}}],"startTime":1785614738441,"endTime":1785614738444.2795,"status":"passed","message":"","name":"H:/Developement/_NeuralAngels/liveshareCollab/obsidian-live-share/plugin/src/__tests__/v2blind/wp16_set2/test_tp2_order_observation_explicit_blind2.test.ts"},{"assertionResults":[{"ancestorTitles":["WP16 AC2 blind2 — zero churn survives a byte-different but order-identical re-serialisation"],"fullName":"WP16 AC2 blind2 — zero churn survives a byte-different but order-identical re-serialisation swapping the outer JSON key order and per-field order still yields zero reassignments","status":"passed","title":"swapping the outer JSON key order and per-field order still yields zero reassignments","duration":3.6351999999999975,"failureMessages":[],"meta":{}}],"startTime":1785614738441,"endTime":1785614738444.6353,"status":"passed","message":"","name":"H:/Developement/_NeuralAngels/liveshareCollab/obsidian-live-share/plugin/src/__tests__/v2blind/wp16_set2/test_tp3_unchanged_document_zero_churn_blind2.test.ts"},{"assertionResults":[{"ancestorTitles":["WP16 AC2 blind2 — appending an edge does not touch node ords, and vice versa"],"fullName":"WP16 AC2 blind2 — appending an edge does not touch node ords, and vice versa a new edge appended alongside unchanged nodes reassigns only the new edge","status":"passed","title":"a new edge appended alongside unchanged nodes reassigns only the new edge","duration":3.800399999999968,"failureMessages":[],"meta":{}}],"startTime":1785614738441,"endTime":1785614738444.8003,"status":"passed","message":"","name":"H:/Developement/_NeuralAngels/liveshareCollab/obsidian-live-share/plugin/src/__tests__/v2blind/wp16_set2/test_tp4_append_only_no_existing_touch_blind2.test.ts"},{"assertionResults":[{"ancestorTitles":["WP16 AC3 blind2 — swapping one adjacent pair reassigns exactly one record, never all four"],"fullName":"WP16 AC3 blind2 — swapping one adjacent pair reassigns exactly one record, never all four ['a','b','c','d'] -> ['a','c','b','d'] touches exactly one of {'b','c'}","status":"passed","title":"['a','b','c','d'] -> ['a','c','b','d'] touches exactly one of {'b','c'}","duration":4.6165999999999485,"failureMessages":[],"meta":{}}],"startTime":1785614738441,"endTime":1785614738445.6167,"status":"passed","message":"","name":"H:/Developement/_NeuralAngels/liveshareCollab/obsidian-live-share/plugin/src/__tests__/v2blind/wp16_set2/test_tp5_minimal_reassignment_on_reorder_blind2.test.ts"},{"assertionResults":[{"ancestorTitles":["WP16 AC4 blind2 — nodes/edges holding a non-array value still yields empty records"],"fullName":"WP16 AC4 blind2 — nodes/edges holding a non-array value still yields empty records nodes as a string and edges as a number both degrade to empty rather than throwing","status":"passed","title":"nodes as a string and edges as a number both degrade to empty rather than throwing","duration":3.095100000000002,"failureMessages":[],"meta":{}},{"ancestorTitles":["WP16 AC4 blind2 — nodes/edges holding a non-array value still yields empty records"],"fullName":"WP16 AC4 blind2 — nodes/edges holding a non-array value still yields empty records a null top-level value does not throw and yields empty output","status":"passed","title":"a null top-level value does not throw and yields empty output","duration":0.43280000000004293,"failureMessages":[],"meta":{}}],"startTime":1785614738441,"endTime":1785614738444.4329,"status":"passed","message":"","name":"H:/Developement/_NeuralAngels/liveshareCollab/obsidian-live-share/plugin/src/__tests__/v2blind/wp16_set2/test_tp6_malformed_json_empty_records_blind2.test.ts"},{"assertionResults":[{"ancestorTitles":["WP16 AC4 blind2 — interspersed id-less entries are dropped, survivors keep relative order"],"fullName":"WP16 AC4 blind2 — interspersed id-less entries are dropped, survivors keep relative order dropping entries 1, 3 and 5 of a five-entry array leaves entries 2 and 4 in their relative order","status":"passed","title":"dropping entries 1, 3 and 5 of a five-entry array leaves entries 2 and 4 in their relative order","duration":1.9916000000000054,"failureMessages":[],"meta":{}}],"startTime":1785614738546,"endTime":1785614738547.9917,"status":"passed","message":"","name":"H:/Developement/_NeuralAngels/liveshareCollab/obsidian-live-share/plugin/src/__tests__/v2blind/wp16_set2/test_tp7_missing_id_dropped_blind2.test.ts"},{"assertionResults":[{"ancestorTitles":["WP16 blind2 — canvas-sync.ts never reimplements ord comparison via localeCompare"],"fullName":"WP16 blind2 — canvas-sync.ts never reimplements ord comparison via localeCompare no localeCompare call appears anywhere in the module","status":"passed","title":"no localeCompare call appears anywhere in the module","duration":1.7545999999999822,"failureMessages":[],"meta":{}}],"startTime":1785614738410,"endTime":1785614738411.7546,"status":"passed","message":"","name":"H:/Developement/_NeuralAngels/liveshareCollab/obsidian-live-share/plugin/src/__tests__/v2blind/wp16_set2/test_tp8_ord_total_order_uses_shared_comparator_blind2.test.ts"}]}