{"numTotalTestSuites":24,"numPassedTestSuites":24,"numFailedTestSuites":0,"numPendingTestSuites":0,"numTotalTests":14,"numPassedTests":14,"numFailedTests":0,"numPendingTests":0,"numTodoTests":0,"snapshot":{"added":0,"failure":false,"filesAdded":0,"filesRemoved":0,"filesRemovedList":[],"filesUnmatched":0,"filesUpdated":0,"matched":0,"total":0,"unchecked":0,"uncheckedKeysByFile":[],"unmatched":0,"updated":0,"didUpdate":false},"startTime":1785646146490,"success":true,"testResults":[{"assertionResults":[{"ancestorTitles":["WP18 AC1 blind2 — ill-typed local records are refused at the host seed"],"fullName":"WP18 AC1 blind2 — ill-typed local records are refused at the host seed an empty `type` and a non-numeric coordinate are both refused; the sound node is seeded","status":"passed","title":"an empty `type` and a non-numeric coordinate are both refused; the sound node is seeded","duration":13.235199999999963,"failureMessages":[],"meta":{}}],"startTime":1785646147401,"endTime":1785646147414.235,"status":"passed","message":"","name":"H:/Developement/_NeuralAngels/liveshareCollab/obsidian-live-share/plugin/src/__tests__/v2blind/wp18_set2/test_tp01_host_seed_rejects_invalid_local_record_blind2.test.ts"},{"assertionResults":[{"ancestorTitles":["WP18 AC1 blind2 — a file of sound nodes and broken edges seeds only the nodes"],"fullName":"WP18 AC1 blind2 — a file of sound nodes and broken edges seeds only the nodes the edges map stays empty, the nodes map is complete, and each refusal is signed","status":"passed","title":"the edges map stays empty, the nodes map is complete, and each refusal is signed","duration":13.363200000000006,"failureMessages":[],"meta":{}}],"startTime":1785646147402,"endTime":1785646147415.3633,"status":"passed","message":"","name":"H:/Developement/_NeuralAngels/liveshareCollab/obsidian-live-share/plugin/src/__tests__/v2blind/wp18_set2/test_tp02_cold_open_seed_rejects_invalid_local_record_blind2.test.ts"},{"assertionResults":[{"ancestorTitles":["WP18 AC1 blind2 — capture refuses a malformed NEW record without blocking ordinary edits"],"fullName":"WP18 AC1 blind2 — capture refuses a malformed NEW record without blocking ordinary edits the new node with an empty type is refused; the existing node's single-field edit still lands","status":"passed","title":"the new node with an empty type is refused; the existing node's single-field edit still lands","duration":15.13900000000001,"failureMessages":[],"meta":{}}],"startTime":1785646147401,"endTime":1785646147416.139,"status":"passed","message":"","name":"H:/Developement/_NeuralAngels/liveshareCollab/obsidian-live-share/plugin/src/__tests__/v2blind/wp18_set2/test_tp03_capture_boundary_rejects_invalid_new_record_blind2.test.ts"},{"assertionResults":[{"ancestorTitles":["WP18 AC4 blind2 — a peer that breaks an existing record is not corrected at ingest"],"fullName":"WP18 AC4 blind2 — a peer that breaks an existing record is not corrected at ingest the record stays, un-repaired and unsigned, while the local proposal with the same defect is refused","status":"passed","title":"the record stays, un-repaired and unsigned, while the local proposal with the same defect is refused","duration":18.523900000000026,"failureMessages":[],"meta":{}}],"startTime":1785646147401,"endTime":1785646147419.524,"status":"passed","message":"","name":"H:/Developement/_NeuralAngels/liveshareCollab/obsidian-live-share/plugin/src/__tests__/v2blind/wp18_set2/test_tp04_remote_delta_never_rejected_at_ingest_blind2.test.ts"},{"assertionResults":[{"ancestorTitles":["WP18 AC2 blind2 — a seeded container is created whole and never replaced afterwards"],"fullName":"WP18 AC2 blind2 — a seeded container is created whole and never replaced afterwards cold open creates whole records, and the host seed that follows keeps every container","status":"passed","title":"cold open creates whole records, and the host seed that follows keeps every container","duration":21.79589999999996,"failureMessages":[],"meta":{}}],"startTime":1785646147402,"endTime":1785646147423.796,"status":"passed","message":"","name":"H:/Developement/_NeuralAngels/liveshareCollab/obsidian-live-share/plugin/src/__tests__/v2blind/wp18_set2/test_tp05_create_once_complete_record_single_transaction_blind2.test.ts"},{"assertionResults":[{"ancestorTitles":["WP18 AC3 blind2 — the doc-only `ord` survives a seed that never mentions it"],"fullName":"WP18 AC3 blind2 — the doc-only `ord` survives a seed that never mentions it `ord`, the registers and the leftover flat keys all survive the host seed","status":"passed","title":"`ord`, the registers and the leftover flat keys all survive the host seed","duration":14.21410000000003,"failureMessages":[],"meta":{}}],"startTime":1785646147401,"endTime":1785646147415.214,"status":"passed","message":"","name":"H:/Developement/_NeuralAngels/liveshareCollab/obsidian-live-share/plugin/src/__tests__/v2blind/wp18_set2/test_tp06_seed_is_upsert_only_i7_blind2.test.ts"},{"assertionResults":[{"ancestorTitles":["WP18 blind2 — cold open completes a half-migrated record without overwriting it"],"fullName":"WP18 blind2 — cold open completes a half-migrated record without overwriting it an existing `pos` register survives untouched while the missing `size` register is added","status":"passed","title":"an existing `pos` register survives untouched while the missing `size` register is added","duration":12.788899999999956,"failureMessages":[],"meta":{}}],"startTime":1785646147401,"endTime":1785646147413.7888,"status":"passed","message":"","name":"H:/Developement/_NeuralAngels/liveshareCollab/obsidian-live-share/plugin/src/__tests__/v2blind/wp18_set2/test_tp07_cold_open_migrates_existing_v1_doc_blind2.test.ts"},{"assertionResults":[{"ancestorTitles":["WP18 blind2 — a peer's V1-shaped delta between two opens does not re-trigger migration"],"fullName":"WP18 blind2 — a peer's V1-shaped delta between two opens does not re-trigger migration the second cold open adds nothing beyond what the peer sent","status":"passed","title":"the second cold open adds nothing beyond what the peer sent","duration":17.910999999999945,"failureMessages":[],"meta":{}}],"startTime":1785646147401,"endTime":1785646147418.911,"status":"passed","message":"","name":"H:/Developement/_NeuralAngels/liveshareCollab/obsidian-live-share/plugin/src/__tests__/v2blind/wp18_set2/test_tp08_cold_open_migration_idempotent_no_delta_blind2.test.ts"},{"assertionResults":[{"ancestorTitles":["WP18 blind2 — the cold-open migration keeps values a truthiness check would drop"],"fullName":"WP18 blind2 — the cold-open migration keeps values a truthiness check would drop zeroes, empty strings and `false` all survive, and the zero-valued registers are added","status":"passed","title":"zeroes, empty strings and `false` all survive, and the zero-valued registers are added","duration":7.957400000000007,"failureMessages":[],"meta":{}}],"startTime":1785646147445,"endTime":1785646147452.9575,"status":"passed","message":"","name":"H:/Developement/_NeuralAngels/liveshareCollab/obsidian-live-share/plugin/src/__tests__/v2blind/wp18_set2/test_tp09_cold_open_migration_is_additive_blind2.test.ts"},{"assertionResults":[{"ancestorTitles":["WP18 blind2 — cold open does not sweep the flat leftovers of a migrated doc"],"fullName":"WP18 blind2 — cold open does not sweep the flat leftovers of a migrated doc registers, leftovers and `meta` are all exactly as they were, with no delta at all","status":"passed","title":"registers, leftovers and `meta` are all exactly as they were, with no delta at all","duration":13.024099999999976,"failureMessages":[],"meta":{}}],"startTime":1785646147401,"endTime":1785646147414.0242,"status":"passed","message":"","name":"H:/Developement/_NeuralAngels/liveshareCollab/obsidian-live-share/plugin/src/__tests__/v2blind/wp18_set2/test_tp10_cold_open_leaves_v2_doc_untouched_blind2.test.ts"},{"assertionResults":[{"ancestorTitles":["WP18 blind2 — cold open leaves a fully V2 doc that still emits a flat .canvas file"],"fullName":"WP18 blind2 — cold open leaves a fully V2 doc that still emits a flat .canvas file every record is V2 and carries an ord, while the emitted file record is flat and ord-free","status":"passed","title":"every record is V2 and carries an ord, while the emitted file record is flat and ord-free","duration":15.816400000000044,"failureMessages":[],"meta":{}}],"startTime":1785646147401,"endTime":1785646147416.8164,"status":"passed","message":"","name":"H:/Developement/_NeuralAngels/liveshareCollab/obsidian-live-share/plugin/src/__tests__/v2blind/wp18_set2/test_tp11_cold_open_leaves_no_record_unmigrated_blind2.test.ts"},{"assertionResults":[{"ancestorTitles":["WP18 blind2 — the guard's endpoint membership matches WP10's own key names"],"fullName":"WP18 blind2 — the guard's endpoint membership matches WP10's own key names every `node` and `side` file key is protected","status":"passed","title":"every `node` and `side` file key is protected","duration":1.2006999999999834,"failureMessages":[],"meta":{}},{"ancestorTitles":["WP18 blind2 — the guard's endpoint membership matches WP10's own key names"],"fullName":"WP18 blind2 — the guard's endpoint membership matches WP10's own key names neither `end` file key was added to the guard","status":"passed","title":"neither `end` file key was added to the guard","duration":0.1811999999999898,"failureMessages":[],"meta":{}},{"ancestorTitles":["WP18 blind2 — the guard's endpoint membership matches WP10's own key names"],"fullName":"WP18 blind2 — the guard's endpoint membership matches WP10's own key names the guard is still exported, still holds `type`, and still covers all four geometry keys","status":"passed","title":"the guard is still exported, still holds `type`, and still covers all four geometry keys","duration":0.6924999999999955,"failureMessages":[],"meta":{}}],"startTime":1785646147469,"endTime":1785646147471.6924,"status":"passed","message":"","name":"H:/Developement/_NeuralAngels/liveshareCollab/obsidian-live-share/plugin/src/__tests__/v2blind/wp18_set2/test_tp12_protected_keys_survive_as_exported_constant_blind2.test.ts"}]}