{"numTotalTestSuites":12,"numPassedTestSuites":12,"numFailedTestSuites":0,"numPendingTestSuites":0,"numTotalTests":6,"numPassedTests":6,"numFailedTests":0,"numPendingTests":0,"numTodoTests":0,"snapshot":{"added":0,"failure":false,"filesAdded":0,"filesRemoved":0,"filesRemovedList":[],"filesUnmatched":0,"filesUpdated":0,"matched":0,"total":0,"unchecked":0,"uncheckedKeysByFile":[],"unmatched":0,"updated":0,"didUpdate":false},"startTime":1785633423277,"success":true,"testResults":[{"assertionResults":[{"ancestorTitles":["WP19 AC1 blind1 — two deletes in one save, judged on the outbound update stream"],"fullName":"WP19 AC1 blind1 — two deletes in one save, judged on the outbound update stream a replica rebuilt from this client's updates still holds both deleted records, whole, and both tombstones","status":"passed","title":"a replica rebuilt from this client's updates still holds both deleted records, whole, and both tombstones","duration":13.415700000000015,"failureMessages":[],"meta":{}}],"startTime":1785633423832,"endTime":1785633423845.4158,"status":"passed","message":"","name":"H:/Developement/_NeuralAngels/liveshareCollab/obsidian-live-share/plugin/src/__tests__/v2blind/wp19_set1/test_tp01_user_delete_writes_tombstone_blind1.test.ts"},{"assertionResults":[{"ancestorTitles":["WP19 AC1 blind1 — a peer can still write to an arrow this client deleted"],"fullName":"WP19 AC1 blind1 — a peer can still write to an arrow this client deleted the peer's later label survives on every replica, alongside the arrow's original fields and its tombstone","status":"passed","title":"the peer's later label survives on every replica, alongside the arrow's original fields and its tombstone","duration":16.176999999999964,"failureMessages":[],"meta":{}}],"startTime":1785633423832,"endTime":1785633423848.177,"status":"passed","message":"","name":"H:/Developement/_NeuralAngels/liveshareCollab/obsidian-live-share/plugin/src/__tests__/v2blind/wp19_set1/test_tp02_edge_delete_keeps_field_container_blind1.test.ts"},{"assertionResults":[{"ancestorTitles":["WP19 AC2 blind1 — a REMOTE delete blocks the local user's next write (3 replicas)"],"fullName":"WP19 AC2 blind1 — a REMOTE delete blocks the local user's next write (3 replicas) the local save's edits to the remotely-deleted card never enter the doc and never reach the room","status":"passed","title":"the local save's edits to the remotely-deleted card never enter the doc and never reach the room","duration":18.38530000000003,"failureMessages":[],"meta":{}}],"startTime":1785633423833,"endTime":1785633423851.3853,"status":"passed","message":"","name":"H:/Developement/_NeuralAngels/liveshareCollab/obsidian-live-share/plugin/src/__tests__/v2blind/wp19_set1/test_tp03_local_upsert_does_not_resurrect_blind1.test.ts"},{"assertionResults":[{"ancestorTitles":["WP19 AC2 blind1 — a remotely tombstoned ARROW leaves the live view"],"fullName":"WP19 AC2 blind1 — a remotely tombstoned ARROW leaves the live view the live-view payload drops only that arrow, keeps both cards, and the classifier asks for a reload","status":"passed","title":"the live-view payload drops only that arrow, keeps both cards, and the classifier asks for a reload","duration":12.807500000000005,"failureMessages":[],"meta":{}}],"startTime":1785633423832,"endTime":1785633423844.8076,"status":"passed","message":"","name":"H:/Developement/_NeuralAngels/liveshareCollab/obsidian-live-share/plugin/src/__tests__/v2blind/wp19_set1/test_tp04_reconciler_removes_tombstoned_record_blind1.test.ts"},{"assertionResults":[{"ancestorTitles":["WP19 AC3 blind1 — a remote node delete cascades all the way to disk, unprompted"],"fullName":"WP19 AC3 blind1 — a remote node delete cascades all the way to disk, unprompted the debounced writer notices the tombstone and writes a file without the card or its inbound arrow","status":"passed","title":"the debounced writer notices the tombstone and writes a file without the card or its inbound arrow","duration":12.914800000000014,"failureMessages":[],"meta":{}}],"startTime":1785633423856,"endTime":1785633423868.9148,"status":"passed","message":"","name":"H:/Developement/_NeuralAngels/liveshareCollab/obsidian-live-share/plugin/src/__tests__/v2blind/wp19_set1/test_tp05_node_delete_cascades_edges_via_suppression_blind1.test.ts"},{"assertionResults":[{"ancestorTitles":["WP19 AC4 blind1 — delete+undo of an arrow leaves the file byte-identical"],"fullName":"WP19 AC4 blind1 — delete+undo of an arrow leaves the file byte-identical the file written after the undo equals the file written before the delete, character for character","status":"passed","title":"the file written after the undo equals the file written before the delete, character for character","duration":12.457599999999957,"failureMessages":[],"meta":{}}],"startTime":1785633423832,"endTime":1785633423844.4575,"status":"passed","message":"","name":"H:/Developement/_NeuralAngels/liveshareCollab/obsidian-live-share/plugin/src/__tests__/v2blind/wp19_set1/test_tp06_delete_undo_restores_every_field_blind1.test.ts"}]}