{"numTotalTestSuites":16,"numPassedTestSuites":16,"numFailedTestSuites":0,"numPendingTestSuites":0,"numTotalTests":9,"numPassedTests":9,"numFailedTests":0,"numPendingTests":0,"numTodoTests":0,"snapshot":{"added":0,"failure":false,"filesAdded":0,"filesRemoved":0,"filesRemovedList":[],"filesUnmatched":0,"filesUpdated":0,"matched":0,"total":0,"unchecked":0,"uncheckedKeysByFile":[],"unmatched":0,"updated":0,"didUpdate":false},"startTime":1785636307186,"success":true,"testResults":[{"assertionResults":[{"ancestorTitles":["WP20 AC1 blind1 — a rebuilt peer receives the quarantined record whole"],"fullName":"WP20 AC1 blind1 — a rebuilt peer receives the quarantined record whole the outbound stream carries the quarantine AND every field of the record it suppresses","status":"passed","title":"the outbound stream carries the quarantine AND every field of the record it suppresses","duration":21.598700000000008,"failureMessages":[],"meta":{}}],"startTime":1785636307885,"endTime":1785636307906.5986,"status":"passed","message":"","name":"H:/Developement/_NeuralAngels/liveshareCollab/obsidian-live-share/plugin/src/__tests__/v2blind/wp20_set1/test_tp01_invalid_record_quarantined_not_destroyed_blind1.test.ts"},{"assertionResults":[{"ancestorTitles":["WP20 AC2 blind1 — a repair delta that supplies a whole endpoint register lifts the edge's quarantine"],"fullName":"WP20 AC2 blind1 — a repair delta that supplies a whole endpoint register lifts the edge's quarantine the arrow comes back into the file with every decoration intact, while the still-broken one does not","status":"passed","title":"the arrow comes back into the file with every decoration intact, while the still-broken one does not","duration":24.345699999999965,"failureMessages":[],"meta":{}}],"startTime":1785636307886,"endTime":1785636307910.3457,"status":"passed","message":"","name":"H:/Developement/_NeuralAngels/liveshareCollab/obsidian-live-share/plugin/src/__tests__/v2blind/wp20_set1/test_tp02_later_delta_lifts_quarantine_blind1.test.ts"},{"assertionResults":[{"ancestorTitles":["WP20 AC2 blind1 — a record that is both deleted and invalid never comes back"],"fullName":"WP20 AC2 blind1 — a record that is both deleted and invalid never comes back stays hidden across repeated audits, and stays hidden even after a peer repairs its fields","status":"passed","title":"stays hidden across repeated audits, and stays hidden even after a peer repairs its fields","duration":15.338199999999972,"failureMessages":[],"meta":{}}],"startTime":1785636307930,"endTime":1785636307945.3381,"status":"passed","message":"","name":"H:/Developement/_NeuralAngels/liveshareCollab/obsidian-live-share/plugin/src/__tests__/v2blind/wp20_set1/test_tp03_auditor_releases_only_its_own_quarantine_blind1.test.ts"},{"assertionResults":[{"ancestorTitles":["WP20 AC3 blind1 — the audit is a fixed point on the encoded document"],"fullName":"WP20 AC3 blind1 — the audit is a fixed point on the encoded document a doc with nothing wrong with it survives its FIRST audit completely untouched","status":"passed","title":"a doc with nothing wrong with it survives its FIRST audit completely untouched","duration":18.63409999999999,"failureMessages":[],"meta":{}},{"ancestorTitles":["WP20 AC3 blind1 — the audit is a fixed point on the encoded document"],"fullName":"WP20 AC3 blind1 — the audit is a fixed point on the encoded document after the repair pass the encoded document stops changing, byte for byte","status":"passed","title":"after the repair pass the encoded document stops changing, byte for byte","duration":5.480600000000095,"failureMessages":[],"meta":{}}],"startTime":1785636307887,"endTime":1785636307910.4807,"status":"passed","message":"","name":"H:/Developement/_NeuralAngels/liveshareCollab/obsidian-live-share/plugin/src/__tests__/v2blind/wp20_set1/test_tp04_repeated_audit_emits_no_further_deltas_blind1.test.ts"},{"assertionResults":[{"ancestorTitles":["WP20 AC3 blind1 — three replicas that learned different faults converge on their union"],"fullName":"WP20 AC3 blind1 — three replicas that learned different faults converge on their union every replica ends with the same three quarantines and the same file, none of it decided by which client wrote first","status":"passed","title":"every replica ends with the same three quarantines and the same file, none of it decided by which client wrote first","duration":33.50790000000006,"failureMessages":[],"meta":{}}],"startTime":1785636307886,"endTime":1785636307919.5078,"status":"passed","message":"","name":"H:/Developement/_NeuralAngels/liveshareCollab/obsidian-live-share/plugin/src/__tests__/v2blind/wp20_set1/test_tp05_three_replicas_converge_on_one_end_state_blind1.test.ts"},{"assertionResults":[{"ancestorTitles":["WP20 AC4 blind1 — a malformed endpoint keeps its edge off the disk just as an absent one does"],"fullName":"WP20 AC4 blind1 — a malformed endpoint keeps its edge off the disk just as an absent one does all three malformed arrows are quarantined and none of them reaches a rebuilt peer's file","status":"passed","title":"all three malformed arrows are quarantined and none of them reaches a rebuilt peer's file","duration":22.735900000000015,"failureMessages":[],"meta":{}}],"startTime":1785636307885,"endTime":1785636307907.7358,"status":"passed","message":"","name":"H:/Developement/_NeuralAngels/liveshareCollab/obsidian-live-share/plugin/src/__tests__/v2blind/wp20_set1/test_tp06_endpointless_edge_cannot_reach_disk_blind1.test.ts"},{"assertionResults":[{"ancestorTitles":["WP20 AC4 blind1 — an entirely legal board leaves the tombstone container empty"],"fullName":"WP20 AC4 blind1 — an entirely legal board leaves the tombstone container empty writes no tombstone of any kind, and every record still reaches the file whole","status":"passed","title":"writes no tombstone of any kind, and every record still reaches the file whole","duration":22.614199999999983,"failureMessages":[],"meta":{}}],"startTime":1785636307886,"endTime":1785636307908.6143,"status":"passed","message":"","name":"H:/Developement/_NeuralAngels/liveshareCollab/obsidian-live-share/plugin/src/__tests__/v2blind/wp20_set1/test_tp07_sideless_edge_is_not_quarantined_blind1.test.ts"},{"assertionResults":[{"ancestorTitles":["WP20 AC4 blind1 — each record's quarantine and release are narrated for that record"],"fullName":"WP20 AC4 blind1 — each record's quarantine and release are narrated for that record names both quarantined records, then names only the one it released","status":"passed","title":"names both quarantined records, then names only the one it released","duration":17.87039999999996,"failureMessages":[],"meta":{}}],"startTime":1785636307926,"endTime":1785636307943.8704,"status":"passed","message":"","name":"H:/Developement/_NeuralAngels/liveshareCollab/obsidian-live-share/plugin/src/__tests__/v2blind/wp20_set1/test_tp08_quarantine_and_release_emit_distinct_signatures_blind1.test.ts"}]}