{"numTotalTestSuites":13,"numPassedTestSuites":13,"numFailedTestSuites":0,"numPendingTestSuites":0,"numTotalTests":15,"numPassedTests":15,"numFailedTests":0,"numPendingTests":0,"numTodoTests":0,"snapshot":{"added":0,"failure":false,"filesAdded":0,"filesRemoved":0,"filesRemovedList":[],"filesUnmatched":0,"filesUpdated":0,"matched":0,"total":0,"unchecked":0,"uncheckedKeysByFile":[],"unmatched":0,"updated":0,"didUpdate":false},"startTime":1785641424187,"success":true,"testResults":[{"assertionResults":[{"ancestorTitles":["WP21 AC1 blind2 — the deletion counted, and the survivors counted with it"],"fullName":"WP21 AC1 blind2 — the deletion counted, and the survivors counted with it canvas-sync.ts holds zero references to each deleted artefact","status":"passed","title":"canvas-sync.ts holds zero references to each deleted artefact","duration":2.44489999999999,"failureMessages":[],"meta":{}},{"ancestorTitles":["WP21 AC1 blind2 — the deletion counted, and the survivors counted with it"],"fullName":"WP21 AC1 blind2 — the deletion counted, and the survivors counted with it the machinery that must survive the deletion still has its references","status":"passed","title":"the machinery that must survive the deletion still has its references","duration":1.1622000000000128,"failureMessages":[],"meta":{}},{"ancestorTitles":["WP21 AC1 blind2 — the deletion counted, and the survivors counted with it"],"fullName":"WP21 AC1 blind2 — the deletion counted, and the survivors counted with it main.ts hands CanvasBinding the authorisation guard and no lock mirrors","status":"passed","title":"main.ts hands CanvasBinding the authorisation guard and no lock mirrors","duration":0.837299999999999,"failureMessages":[],"meta":{}},{"ancestorTitles":["WP21 AC1 blind2 — the deletion counted, and the survivors counted with it"],"fullName":"WP21 AC1 blind2 — the deletion counted, and the survivors counted with it main.ts injects no lock predicate into CanvasSync, and still injects the rest","status":"passed","title":"main.ts injects no lock predicate into CanvasSync, and still injects the rest","duration":0.5938999999999908,"failureMessages":[],"meta":{}}],"startTime":1785641424652,"endTime":1785641424656.8374,"status":"passed","message":"","name":"H:/Developement/_NeuralAngels/liveshareCollab/obsidian-live-share/plugin/src/__tests__/v2blind/wp21_set2/test_tp01_write_gate_seam_removed_blind2.test.ts"},{"assertionResults":[{"ancestorTitles":["WP21 AC1 blind2 — a locked-node pass advances the baseline, proven by echo silence"],"fullName":"WP21 AC1 blind2 — a locked-node pass advances the baseline, proven by echo silence pass 1 writes, pass 2 on identical bytes emits nothing, pass 3 writes again","status":"passed","title":"pass 1 writes, pass 2 on identical bytes emits nothing, pass 3 writes again","duration":13.484399999999994,"failureMessages":[],"meta":{}}],"startTime":1785641424720,"endTime":1785641424733.4844,"status":"passed","message":"","name":"H:/Developement/_NeuralAngels/liveshareCollab/obsidian-live-share/plugin/src/__tests__/v2blind/wp21_set2/test_tp02_peer_lock_does_not_deny_local_write_blind2.test.ts"},{"assertionResults":[{"ancestorTitles":["WP21 AC2 blind2 — a settle that loses two cards at once still reverts both"],"fullName":"WP21 AC2 blind2 — a settle that loses two cards at once still reverts both both lost cards revert exactly once, the uncontested card is untouched","status":"passed","title":"both lost cards revert exactly once, the uncontested card is untouched","duration":3.3765999999999963,"failureMessages":[],"meta":{}},{"ancestorTitles":["WP21 AC2 blind2 — a settle that loses two cards at once still reverts both"],"fullName":"WP21 AC2 blind2 — a settle that loses two cards at once still reverts both rings and cursors stay scoped to this canvas after the settle","status":"passed","title":"rings and cursors stay scoped to this canvas after the settle","duration":0.9385000000000332,"failureMessages":[],"meta":{}}],"startTime":1785641424641,"endTime":1785641424644.9385,"status":"passed","message":"","name":"H:/Developement/_NeuralAngels/liveshareCollab/obsidian-live-share/plugin/src/__tests__/v2blind/wp21_set2/test_tp03_lock_ux_rings_and_view_revert_blind2.test.ts"},{"assertionResults":[{"ancestorTitles":["WP21 AC2 blind2 — the liveness defaults and arithmetic are untouched"],"fullName":"WP21 AC2 blind2 — the liveness defaults and arithmetic are untouched the pulse arithmetic still leaves headroom under the awareness prune window","status":"passed","title":"the pulse arithmetic still leaves headroom under the awareness prune window","duration":1.3999000000000024,"failureMessages":[],"meta":{}},{"ancestorTitles":["WP21 AC2 blind2 — the liveness defaults and arithmetic are untouched","the production reclaim-defer default"],"fullName":"WP21 AC2 blind2 — the liveness defaults and arithmetic are untouched the production reclaim-defer default an unconfigured presence still defers its re-claim by the module default","status":"passed","title":"an unconfigured presence still defers its re-claim by the module default","duration":3.627399999999966,"failureMessages":[],"meta":{}},{"ancestorTitles":["WP21 AC2 blind2 — the liveness defaults and arithmetic are untouched","the production reclaim-defer default"],"fullName":"WP21 AC2 blind2 — the liveness defaults and arithmetic are untouched the production reclaim-defer default destroying a presence mid-defer cancels the pending re-claim","status":"passed","title":"destroying a presence mid-defer cancels the pending re-claim","duration":0.6310000000000286,"failureMessages":[],"meta":{}},{"ancestorTitles":["WP21 AC2 blind2 — the liveness defaults and arithmetic are untouched"],"fullName":"WP21 AC2 blind2 — the liveness defaults and arithmetic are untouched canvas-presence.ts is byte-identical: same length, same digest","status":"passed","title":"canvas-presence.ts is byte-identical: same length, same digest","duration":0.8575000000000159,"failureMessages":[],"meta":{}}],"startTime":1785641424735,"endTime":1785641424741.8574,"status":"passed","message":"","name":"H:/Developement/_NeuralAngels/liveshareCollab/obsidian-live-share/plugin/src/__tests__/v2blind/wp21_set2/test_tp04_awareness_liveness_unchanged_blind2.test.ts"},{"assertionResults":[{"ancestorTitles":["WP21 AC3 blind2 — the authorisation guard is consulted per pass, not cached"],"fullName":"WP21 AC3 blind2 — the authorisation guard is consulted per pass, not cached a mid-session permission change flips the same client's ability to write","status":"passed","title":"a mid-session permission change flips the same client's ability to write","duration":12.077099999999973,"failureMessages":[],"meta":{}}],"startTime":1785641424721,"endTime":1785641424733.0771,"status":"passed","message":"","name":"H:/Developement/_NeuralAngels/liveshareCollab/obsidian-live-share/plugin/src/__tests__/v2blind/wp21_set2/test_tp05_read_only_permission_still_refuses_blind2.test.ts"},{"assertionResults":[{"ancestorTitles":["WP21 AC4 blind2 — no test calls a CanvasSync seam that no longer exists"],"fullName":"WP21 AC4 blind2 — no test calls a CanvasSync seam that no longer exists the class no longer exposes a per-node lock gate under any spelling","status":"passed","title":"the class no longer exposes a per-node lock gate under any spelling","duration":2.1055000000000064,"failureMessages":[],"meta":{}},{"ancestorTitles":["WP21 AC4 blind2 — no test calls a CanvasSync seam that no longer exists"],"fullName":"WP21 AC4 blind2 — no test calls a CanvasSync seam that no longer exists every CanvasSync setter a surviving test calls still exists on the class","status":"passed","title":"every CanvasSync setter a surviving test calls still exists on the class","duration":49.13720000000001,"failureMessages":[],"meta":{}},{"ancestorTitles":["WP21 AC4 blind2 — no test calls a CanvasSync seam that no longer exists"],"fullName":"WP21 AC4 blind2 — no test calls a CanvasSync seam that no longer exists the scan reaches the corpus and its receiver rule is not over-broad","status":"passed","title":"the scan reaches the corpus and its receiver rule is not over-broad","duration":10.195699999999988,"failureMessages":[],"meta":{}}],"startTime":1785641424720,"endTime":1785641424782.1958,"status":"passed","message":"","name":"H:/Developement/_NeuralAngels/liveshareCollab/obsidian-live-share/plugin/src/__tests__/v2blind/wp21_set2/test_tp06_no_test_pins_removed_denial_blind2.test.ts"}]}