{"numTotalTestSuites":10,"numPassedTestSuites":10,"numFailedTestSuites":0,"numPendingTestSuites":0,"numTotalTests":14,"numPassedTests":14,"numFailedTests":0,"numPendingTests":0,"numTodoTests":0,"snapshot":{"added":0,"failure":false,"filesAdded":0,"filesRemoved":0,"filesRemovedList":[],"filesUnmatched":0,"filesUpdated":0,"matched":0,"total":0,"unchecked":0,"uncheckedKeysByFile":[],"unmatched":0,"updated":0,"didUpdate":false},"startTime":1785641429231,"success":true,"testResults":[{"assertionResults":[{"ancestorTitles":["WP22 AC1 blind2 — every subset of a record is a safe observation"],"fullName":"WP22 AC1 blind2 — every subset of a record is a safe observation all 32 subsets of a five-key edge leave the record byte-identical","status":"passed","title":"all 32 subsets of a five-key edge leave the record byte-identical","duration":11.486699999999985,"failureMessages":[],"meta":{}},{"ancestorTitles":["WP22 AC1 blind2 — every subset of a record is a safe observation"],"fullName":"WP22 AC1 blind2 — every subset of a record is a safe observation with changed values, exactly the reported keys move and no other key is lost","status":"passed","title":"with changed values, exactly the reported keys move and no other key is lost","duration":4.760299999999972,"failureMessages":[],"meta":{}},{"ancestorTitles":["WP22 AC1 blind2 — every subset of a record is a safe observation"],"fullName":"WP22 AC1 blind2 — every subset of a record is a safe observation the empty observation is completely inert — no keys lost and no update emitted","status":"passed","title":"the empty observation is completely inert — no keys lost and no update emitted","duration":0.5774000000000115,"failureMessages":[],"meta":{}}],"startTime":1785641429656,"endTime":1785641429672.5774,"status":"passed","message":"","name":"H:/Developement/_NeuralAngels/liveshareCollab/obsidian-live-share/plugin/src/__tests__/v2blind/wp22_set2/test_tp01_partial_edge_capture_keeps_endpoints_blind2.test.ts"},{"assertionResults":[{"ancestorTitles":["WP22 AC1 blind2 — partial captures survive interleaving with remote deltas"],"fullName":"WP22 AC1 blind2 — partial captures survive interleaving with remote deltas capture → remote delta → capture keeps every key that nobody wrote","status":"passed","title":"capture → remote delta → capture keeps every key that nobody wrote","duration":10.167599999999993,"failureMessages":[],"meta":{}},{"ancestorTitles":["WP22 AC1 blind2 — partial captures survive interleaving with remote deltas"],"fullName":"WP22 AC1 blind2 — partial captures survive interleaving with remote deltas the model projection after the interleaving is the whole card, not the reported subset","status":"passed","title":"the model projection after the interleaving is the whole card, not the reported subset","duration":1.2486999999999853,"failureMessages":[],"meta":{}},{"ancestorTitles":["WP22 AC1 blind2 — partial captures survive interleaving with remote deltas"],"fullName":"WP22 AC1 blind2 — partial captures survive interleaving with remote deltas a partial capture on one card never reaches its neighbour","status":"passed","title":"a partial capture on one card never reaches its neighbour","duration":0.5047999999999888,"failureMessages":[],"meta":{}}],"startTime":1785641429648,"endTime":1785641429659.505,"status":"passed","message":"","name":"H:/Developement/_NeuralAngels/liveshareCollab/obsidian-live-share/plugin/src/__tests__/v2blind/wp22_set2/test_tp02_multi_field_partial_capture_preserves_rest_blind2.test.ts"},{"assertionResults":[{"ancestorTitles":["WP22 AC2 blind2 — the explicit trigger deletes once, and does not become a ban"],"fullName":"WP22 AC2 blind2 — the explicit trigger deletes once, and does not become a ban create → partial reports → delete → re-create → partial reports converges everywhere","status":"passed","title":"create → partial reports → delete → re-create → partial reports converges everywhere","duration":11.947900000000004,"failureMessages":[],"meta":{}},{"ancestorTitles":["WP22 AC2 blind2 — the explicit trigger deletes once, and does not become a ban"],"fullName":"WP22 AC2 blind2 — the explicit trigger deletes once, and does not become a ban no entry point on the binding removes a single field","status":"passed","title":"no entry point on the binding removes a single field","duration":1.037499999999966,"failureMessages":[],"meta":{}}],"startTime":1785641429627,"endTime":1785641429641.0376,"status":"passed","message":"","name":"H:/Developement/_NeuralAngels/liveshareCollab/obsidian-live-share/plugin/src/__tests__/v2blind/wp22_set2/test_tp03_record_delete_is_the_only_removal_blind2.test.ts"},{"assertionResults":[{"ancestorTitles":["WP22 AC3 blind2 — a rig edit reaches the model whole, or not at all"],"fullName":"WP22 AC3 blind2 — a rig edit reaches the model whole, or not at all a partial rig edit is projected to a peer's model as the complete record","status":"passed","title":"a partial rig edit is projected to a peer's model as the complete record","duration":9.357200000000034,"failureMessages":[],"meta":{}},{"ancestorTitles":["WP22 AC3 blind2 — a rig edit reaches the model whole, or not at all"],"fullName":"WP22 AC3 blind2 — a rig edit reaches the model whole, or not at all omission preserves and `removeNodes` deletes — the rig kept exactly one of the two","status":"passed","title":"omission preserves and `removeNodes` deletes — the rig kept exactly one of the two","duration":1.493600000000015,"failureMessages":[],"meta":{}},{"ancestorTitles":["WP22 AC3 blind2 — a rig edit reaches the model whole, or not at all"],"fullName":"WP22 AC3 blind2 — a rig edit reaches the model whole, or not at all re-sending an identical full record through the rig changes nothing","status":"passed","title":"re-sending an identical full record through the rig changes nothing","duration":0.6487999999999943,"failureMessages":[],"meta":{}}],"startTime":1785641429671,"endTime":1785641429682.6487,"status":"passed","message":"","name":"H:/Developement/_NeuralAngels/liveshareCollab/obsidian-live-share/plugin/src/__tests__/v2blind/wp22_set2/test_tp04_rig_mirror_is_upsert_only_blind2.test.ts"},{"assertionResults":[{"ancestorTitles":["WP22 AC4 blind2 — the permitted edit added no way to switch the binding on"],"fullName":"WP22 AC4 blind2 — the permitted edit added no way to switch the binding on canvas-binding.ts exports exactly the pre-WP22 runtime surface","status":"passed","title":"canvas-binding.ts exports exactly the pre-WP22 runtime surface","duration":1.3607000000000085,"failureMessages":[],"meta":{}},{"ancestorTitles":["WP22 AC4 blind2 — the permitted edit added no way to switch the binding on"],"fullName":"WP22 AC4 blind2 — the permitted edit added no way to switch the binding on the module has no ambient enable path: the instrument hook starts off","status":"passed","title":"the module has no ambient enable path: the instrument hook starts off","duration":0.7014000000000351,"failureMessages":[],"meta":{}},{"ancestorTitles":["WP22 AC4 blind2 — the permitted edit added no way to switch the binding on"],"fullName":"WP22 AC4 blind2 — the permitted edit added no way to switch the binding on the flag a real install reads is exactly `false`","status":"passed","title":"the flag a real install reads is exactly `false`","duration":0.1594000000000051,"failureMessages":[],"meta":{}}],"startTime":1785641429692,"endTime":1785641429694.1594,"status":"passed","message":"","name":"H:/Developement/_NeuralAngels/liveshareCollab/obsidian-live-share/plugin/src/__tests__/v2blind/wp22_set2/test_tp05_binding_stays_dormant_blind2.test.ts"}]}