{"numTotalTestSuites":10,"numPassedTestSuites":10,"numFailedTestSuites":0,"numPendingTestSuites":0,"numTotalTests":8,"numPassedTests":8,"numFailedTests":0,"numPendingTests":0,"numTodoTests":0,"snapshot":{"added":0,"failure":false,"filesAdded":0,"filesRemoved":0,"filesRemovedList":[],"filesUnmatched":0,"filesUpdated":0,"matched":0,"total":0,"unchecked":0,"uncheckedKeysByFile":[],"unmatched":0,"updated":0,"didUpdate":false},"startTime":1785645085766,"success":true,"testResults":[{"assertionResults":[{"ancestorTitles":["WP23 blind1 — the assertion families discriminate between defect classes"],"fullName":"WP23 blind1 — the assertion families discriminate between defect classes a healthy converged document fires nothing at all","status":"passed","title":"a healthy converged document fires nothing at all","duration":14.583700000000022,"failureMessages":[],"meta":{}},{"ancestorTitles":["WP23 blind1 — the assertion families discriminate between defect classes"],"fullName":"WP23 blind1 — the assertion families discriminate between defect classes one replica out of step fires SEC and byte equality, and NOTHING else","status":"passed","title":"one replica out of step fires SEC and byte equality, and NOTHING else","duration":3.2065000000000055,"failureMessages":[],"meta":{}},{"ancestorTitles":["WP23 blind1 — the assertion families discriminate between defect classes"],"fullName":"WP23 blind1 — the assertion families discriminate between defect classes an endpoint-less edge is HIDDEN, not destroyed — so the schema family stays green","status":"passed","title":"an endpoint-less edge is HIDDEN, not destroyed — so the schema family stays green","duration":4.847599999999943,"failureMessages":[],"meta":{}},{"ancestorTitles":["WP23 blind1 — the assertion families discriminate between defect classes"],"fullName":"WP23 blind1 — the assertion families discriminate between defect classes a value every replica agrees on but no op wrote fires INTENT-TRACE and nothing else","status":"passed","title":"a value every replica agrees on but no op wrote fires INTENT-TRACE and nothing else","duration":3.7028000000000247,"failureMessages":[],"meta":{}}],"startTime":1785645086346,"endTime":1785645086372.703,"status":"passed","message":"","name":"H:/Developement/_NeuralAngels/liveshareCollab/obsidian-live-share/plugin/src/__tests__/v2blind/wp23_set1/test_tp01_oracle_discrimination_matrix_blind1.test.ts"},{"assertionResults":[{"ancestorTitles":["WP23 blind1 — the last FLAT write wins, re-derived from the op log"],"fullName":"WP23 blind1 — the last FLAT write wins, re-derived from the op log every dual-spelled record shows the value the last op authored, on every replica","status":"passed","title":"every dual-spelled record shows the value the last op authored, on every replica","duration":753.3124,"failureMessages":[],"meta":{}}],"startTime":1785645086399,"endTime":1785645087152.3125,"status":"passed","message":"","name":"H:/Developement/_NeuralAngels/liveshareCollab/obsidian-live-share/plugin/src/__tests__/v2blind/wp23_set1/test_tp02_last_flat_write_wins_from_the_log_blind1.test.ts"},{"assertionResults":[{"ancestorTitles":["WP23 blind1 — deletion is a value, and the value agrees with the file"],"fullName":"WP23 blind1 — deletion is a value, and the value agrees with the file suppressed-in-the-container and absent-from-the-file are the same set on every replica","status":"passed","title":"suppressed-in-the-container and absent-from-the-file are the same set on every replica","duration":491.7147000000001,"failureMessages":[],"meta":{}}],"startTime":1785645086400,"endTime":1785645086891.7146,"status":"passed","message":"","name":"H:/Developement/_NeuralAngels/liveshareCollab/obsidian-live-share/plugin/src/__tests__/v2blind/wp23_set1/test_tp03_suppression_is_a_value_not_an_absence_blind1.test.ts"},{"assertionResults":[{"ancestorTitles":["WP23 blind1 — a record's key set never shrinks"],"fullName":"WP23 blind1 — a record's key set never shrinks no key ever disappears from any record on any replica","status":"passed","title":"no key ever disappears from any record on any replica","duration":654.6049,"failureMessages":[],"meta":{}}],"startTime":1785645086399,"endTime":1785645087053.605,"status":"passed","message":"","name":"H:/Developement/_NeuralAngels/liveshareCollab/obsidian-live-share/plugin/src/__tests__/v2blind/wp23_set1/test_tp04_key_set_never_shrinks_blind1.test.ts"},{"assertionResults":[{"ancestorTitles":["WP23 blind1 — exactly one distinct serialisation, at every window boundary"],"fullName":"WP23 blind1 — exactly one distinct serialisation, at every window boundary the mesh never holds two different `.canvas` texts, in any settled window","status":"passed","title":"the mesh never holds two different `.canvas` texts, in any settled window","duration":684.6116,"failureMessages":[],"meta":{}}],"startTime":1785645086399,"endTime":1785645087083.6116,"status":"passed","message":"","name":"H:/Developement/_NeuralAngels/liveshareCollab/obsidian-live-share/plugin/src/__tests__/v2blind/wp23_set1/test_tp05_one_distinct_serialisation_blind1.test.ts"}]}