{"numTotalTestSuites":10,"numPassedTestSuites":10,"numFailedTestSuites":0,"numPendingTestSuites":0,"numTotalTests":9,"numPassedTests":9,"numFailedTests":0,"numPendingTests":0,"numTodoTests":0,"snapshot":{"added":0,"failure":false,"filesAdded":0,"filesRemoved":0,"filesRemovedList":[],"filesUnmatched":0,"filesUpdated":0,"matched":0,"total":0,"unchecked":0,"uncheckedKeysByFile":[],"unmatched":0,"updated":0,"didUpdate":false},"startTime":1785645088914,"success":true,"testResults":[{"assertionResults":[{"ancestorTitles":["WP23 blind2 — 3 to 5 replicas is enforced by the core"],"fullName":"WP23 blind2 — 3 to 5 replicas is enforced by the core an explicit sub-band replica count is refused, with the reason named","status":"passed","title":"an explicit sub-band replica count is refused, with the reason named","duration":4.7105999999999995,"failureMessages":[],"meta":{}},{"ancestorTitles":["WP23 blind2 — 3 to 5 replicas is enforced by the core"],"fullName":"WP23 blind2 — 3 to 5 replicas is enforced by the core over 60 seeds the drawn count is always in band, and all three values occur","status":"passed","title":"over 60 seeds the drawn count is always in band, and all three values occur","duration":775.8791999999999,"failureMessages":[],"meta":{}},{"ancestorTitles":["WP23 blind2 — 3 to 5 replicas is enforced by the core"],"fullName":"WP23 blind2 — 3 to 5 replicas is enforced by the core the property holds at every count in the band, over the same seed","status":"passed","title":"the property holds at every count in the band, over the same seed","duration":34.659599999999955,"failureMessages":[],"meta":{}}],"startTime":1785645089540,"endTime":1785645090354.6597,"status":"passed","message":"","name":"H:/Developement/_NeuralAngels/liveshareCollab/obsidian-live-share/plugin/src/__tests__/v2blind/wp23_set2/test_tp01_replica_band_is_structural_blind2.test.ts"},{"assertionResults":[{"ancestorTitles":["WP23 blind2 — the seed determines every harness decision"],"fullName":"WP23 blind2 — the seed determines every harness decision three replays of one seed agree, even interleaved with other seeds","status":"passed","title":"three replays of one seed agree, even interleaved with other seeds","duration":206.2482,"failureMessages":[],"meta":{}},{"ancestorTitles":["WP23 blind2 — the seed determines every harness decision"],"fullName":"WP23 blind2 — the seed determines every harness decision neighbouring seeds produce genuinely different worlds","status":"passed","title":"neighbouring seeds produce genuinely different worlds","duration":204.91179999999997,"failureMessages":[],"meta":{}},{"ancestorTitles":["WP23 blind2 — the seed determines every harness decision"],"fullName":"WP23 blind2 — the seed determines every harness decision names the one thing that is deliberately NOT seeded","status":"passed","title":"names the one thing that is deliberately NOT seeded","duration":16.387699999999995,"failureMessages":[],"meta":{}}],"startTime":1785645089540,"endTime":1785645089968.3877,"status":"passed","message":"","name":"H:/Developement/_NeuralAngels/liveshareCollab/obsidian-live-share/plugin/src/__tests__/v2blind/wp23_set2/test_tp02_seed_determines_every_harness_decision_blind2.test.ts"},{"assertionResults":[{"ancestorTitles":["WP23 blind2 — no artefact of a write gate is ever observable"],"fullName":"WP23 blind2 — no artefact of a write gate is ever observable over 32 concurrent interleavings: no denial, no baseline-hold, no held-back state","status":"passed","title":"over 32 concurrent interleavings: no denial, no baseline-hold, no held-back state","duration":602.0194999999999,"failureMessages":[],"meta":{}}],"startTime":1785645089540,"endTime":1785645090142.0195,"status":"passed","message":"","name":"H:/Developement/_NeuralAngels/liveshareCollab/obsidian-live-share/plugin/src/__tests__/v2blind/wp23_set2/test_tp03_no_write_is_ever_denied_blind2.test.ts"},{"assertionResults":[{"ancestorTitles":["WP23 blind2 — nothing schema-invalid ever reaches a file"],"fullName":"WP23 blind2 — nothing schema-invalid ever reaches a file every file, on every replica, in every settled window, satisfies the invariants","status":"passed","title":"every file, on every replica, in every settled window, satisfies the invariants","duration":1159.059,"failureMessages":[],"meta":{}}],"startTime":1785645089540,"endTime":1785645090699.059,"status":"passed","message":"","name":"H:/Developement/_NeuralAngels/liveshareCollab/obsidian-live-share/plugin/src/__tests__/v2blind/wp23_set2/test_tp04_nothing_invalid_ever_reaches_disk_blind2.test.ts"},{"assertionResults":[{"ancestorTitles":["WP23 blind2 — intent is honoured, over a fresh seed band"],"fullName":"WP23 blind2 — intent is honoured, over a fresh seed band draws every op class and every insertion order, and then honours the op log","status":"passed","title":"draws every op class and every insertion order, and then honours the op log","duration":1522.6522,"failureMessages":[],"meta":{}}],"startTime":1785645089540,"endTime":1785645091062.652,"status":"passed","message":"","name":"H:/Developement/_NeuralAngels/liveshareCollab/obsidian-live-share/plugin/src/__tests__/v2blind/wp23_set2/test_tp05_intent_is_honoured_over_a_fresh_seed_band_blind2.test.ts"}]}