{"numTotalTestSuites":30,"numPassedTestSuites":30,"numFailedTestSuites":0,"numPendingTestSuites":0,"numTotalTests":78,"numPassedTests":78,"numFailedTests":0,"numPendingTests":0,"numTodoTests":0,"snapshot":{"added":0,"failure":false,"filesAdded":0,"filesRemoved":0,"filesRemovedList":[],"filesUnmatched":0,"filesUpdated":0,"matched":0,"total":0,"unchecked":0,"uncheckedKeysByFile":[],"unmatched":0,"updated":0,"didUpdate":false},"startTime":1785664533594,"success":true,"testResults":[{"assertionResults":[{"ancestorTitles":["WP24 AC1 blind2 — the helpers behave like functions, not like templates"],"fullName":"WP24 AC1 blind2 — the helpers behave like functions, not like templates distinct guids never map to the same history path (injective)","status":"passed","title":"distinct guids never map to the same history path (injective)","duration":1.5440000000000396,"failureMessages":[],"meta":{}},{"ancestorTitles":["WP24 AC1 blind2 — the helpers behave like functions, not like templates"],"fullName":"WP24 AC1 blind2 — the helpers behave like functions, not like templates history and checkpoint namespaces never overlap for any guid pair","status":"passed","title":"history and checkpoint namespaces never overlap for any guid pair","duration":1.2064000000000306,"failureMessages":[],"meta":{}},{"ancestorTitles":["WP24 AC1 blind2 — the helpers behave like functions, not like templates"],"fullName":"WP24 AC1 blind2 — the helpers behave like functions, not like templates the helpers are pure — same input, same output, no hidden counter","status":"passed","title":"the helpers are pure — same input, same output, no hidden counter","duration":0.7971000000000004,"failureMessages":[],"meta":{}},{"ancestorTitles":["WP24 AC1 blind2 — the helpers behave like functions, not like templates"],"fullName":"WP24 AC1 blind2 — the helpers behave like functions, not like templates PROPERTY: everything a helper produces is inside the sidecar directory","status":"passed","title":"PROPERTY: everything a helper produces is inside the sidecar directory","duration":2.5552000000000135,"failureMessages":[],"meta":{}},{"ancestorTitles":["WP24 AC1 blind2 — the predicate is case-sensitive and depth-aware"],"fullName":"WP24 AC1 blind2 — the predicate is case-sensitive and depth-aware a differently-cased directory is a different directory","status":"passed","title":"a differently-cased directory is a different directory","duration":0.2144999999999868,"failureMessages":[],"meta":{}},{"ancestorTitles":["WP24 AC1 blind2 — the predicate is case-sensitive and depth-aware"],"fullName":"WP24 AC1 blind2 — the predicate is case-sensitive and depth-aware the directory must be the path's prefix, not merely somewhere inside it","status":"passed","title":"the directory must be the path's prefix, not merely somewhere inside it","duration":0.11739999999997508,"failureMessages":[],"meta":{}},{"ancestorTitles":["WP24 AC1 blind2 — the predicate is case-sensitive and depth-aware"],"fullName":"WP24 AC1 blind2 — the predicate is case-sensitive and depth-aware nesting below the directory is still inside it","status":"passed","title":"nesting below the directory is still inside it","duration":0.23920000000003938,"failureMessages":[],"meta":{}},{"ancestorTitles":["WP24 AC1 blind2 — the predicate is case-sensitive and depth-aware"],"fullName":"WP24 AC1 blind2 — the predicate is case-sensitive and depth-aware the directory itself, its parent and its grandparent are all outside","status":"passed","title":"the directory itself, its parent and its grandparent are all outside","duration":0.17190000000005057,"failureMessages":[],"meta":{}}],"startTime":1785664534538,"endTime":1785664534545.2393,"status":"passed","message":"","name":"H:/Developement/_NeuralAngels/liveshareCollab/obsidian-live-share/plugin/src/__tests__/v2blind/wp24_set2/test_tp01_path_and_predicate_contract_blind2.test.ts"},{"assertionResults":[{"ancestorTitles":["WP24 AC1 blind2 — concurrency cannot lose a record"],"fullName":"WP24 AC1 blind2 — concurrency cannot lose a record two stores over one disk both land all of their appends","status":"passed","title":"two stores over one disk both land all of their appends","duration":9.327100000000087,"failureMessages":[],"meta":{}},{"ancestorTitles":["WP24 AC1 blind2 — concurrency cannot lose a record"],"fullName":"WP24 AC1 blind2 — concurrency cannot lose a record ten appends issued without awaiting in between all survive","status":"passed","title":"ten appends issued without awaiting in between all survive","duration":1.9297000000000253,"failureMessages":[],"meta":{}},{"ancestorTitles":["WP24 AC1 blind2 — concurrency cannot lose a record"],"fullName":"WP24 AC1 blind2 — concurrency cannot lose a record the whole set is recoverable afterwards, by any of the stores","status":"passed","title":"the whole set is recoverable afterwards, by any of the stores","duration":9.863200000000006,"failureMessages":[],"meta":{}},{"ancestorTitles":["WP24 AC1 blind2 — concurrency cannot lose a record"],"fullName":"WP24 AC1 blind2 — concurrency cannot lose a record the fixture's updates are all distinct — no accidental dedup","status":"passed","title":"the fixture's updates are all distinct — no accidental dedup","duration":1.1171999999999116,"failureMessages":[],"meta":{}}],"startTime":1785664534415,"endTime":1785664534437.1172,"status":"passed","message":"","name":"H:/Developement/_NeuralAngels/liveshareCollab/obsidian-live-share/plugin/src/__tests__/v2blind/wp24_set2/test_tp02_append_is_append_only_blind2.test.ts"},{"assertionResults":[{"ancestorTitles":["WP24 AC1 blind2 — the checkpoint is usable at the instant of truncation"],"fullName":"WP24 AC1 blind2 — the checkpoint is usable at the instant of truncation a compaction never reaches truncate without a readable, complete checkpoint","status":"passed","title":"a compaction never reaches truncate without a readable, complete checkpoint","duration":10.720199999999977,"failureMessages":[],"meta":{}},{"ancestorTitles":["WP24 AC1 blind2 — the checkpoint is usable at the instant of truncation"],"fullName":"WP24 AC1 blind2 — the checkpoint is usable at the instant of truncation the probe would have spoken up — it fails loudly against an empty checkpoint","status":"passed","title":"the probe would have spoken up — it fails loudly against an empty checkpoint","duration":0.37700000000000955,"failureMessages":[],"meta":{}},{"ancestorTitles":["WP24 AC1 blind2 — the checkpoint is usable at the instant of truncation"],"fullName":"WP24 AC1 blind2 — the checkpoint is usable at the instant of truncation a compaction that follows further edits checkpoints the LATEST state","status":"passed","title":"a compaction that follows further edits checkpoints the LATEST state","duration":2.0728000000000293,"failureMessages":[],"meta":{}},{"ancestorTitles":["WP24 AC1 blind2 — the checkpoint is usable at the instant of truncation"],"fullName":"WP24 AC1 blind2 — the checkpoint is usable at the instant of truncation after the compaction the sidecar still rebuilds the doc exactly","status":"passed","title":"after the compaction the sidecar still rebuilds the doc exactly","duration":2.8372000000000526,"failureMessages":[],"meta":{}}],"startTime":1785664534478,"endTime":1785664534493.8372,"status":"passed","message":"","name":"H:/Developement/_NeuralAngels/liveshareCollab/obsidian-live-share/plugin/src/__tests__/v2blind/wp24_set2/test_tp03_checkpoint_before_truncate_order_blind2.test.ts"},{"assertionResults":[{"ancestorTitles":["WP24 blind2 — a restarted replica equals one that stayed online"],"fullName":"WP24 blind2 — a restarted replica equals one that stayed online seed 1: restart mid-run converges on the same state","status":"passed","title":"seed 1: restart mid-run converges on the same state","duration":31.052999999999997,"failureMessages":[],"meta":{}},{"ancestorTitles":["WP24 blind2 — a restarted replica equals one that stayed online"],"fullName":"WP24 blind2 — a restarted replica equals one that stayed online seed 7: restart mid-run converges on the same state","status":"passed","title":"seed 7: restart mid-run converges on the same state","duration":13.558899999999994,"failureMessages":[],"meta":{}},{"ancestorTitles":["WP24 blind2 — a restarted replica equals one that stayed online"],"fullName":"WP24 blind2 — a restarted replica equals one that stayed online seed 19: restart mid-run converges on the same state","status":"passed","title":"seed 19: restart mid-run converges on the same state","duration":8.52940000000001,"failureMessages":[],"meta":{}},{"ancestorTitles":["WP24 blind2 — a restarted replica equals one that stayed online"],"fullName":"WP24 blind2 — a restarted replica equals one that stayed online seed 42: restart mid-run converges on the same state","status":"passed","title":"seed 42: restart mid-run converges on the same state","duration":8.522000000000048,"failureMessages":[],"meta":{}},{"ancestorTitles":["WP24 blind2 — a restarted replica equals one that stayed online"],"fullName":"WP24 blind2 — a restarted replica equals one that stayed online seed 101: restart mid-run converges on the same state","status":"passed","title":"seed 101: restart mid-run converges on the same state","duration":6.490199999999959,"failureMessages":[],"meta":{}},{"ancestorTitles":["WP24 blind2 — a restarted replica equals one that stayed online"],"fullName":"WP24 blind2 — a restarted replica equals one that stayed online seed 777: restart mid-run converges on the same state","status":"passed","title":"seed 777: restart mid-run converges on the same state","duration":5.7549999999999955,"failureMessages":[],"meta":{}},{"ancestorTitles":["WP24 blind2 — a restarted replica equals one that stayed online"],"fullName":"WP24 blind2 — a restarted replica equals one that stayed online seed 2024: restart mid-run converges on the same state","status":"passed","title":"seed 2024: restart mid-run converges on the same state","duration":6.203099999999949,"failureMessages":[],"meta":{}},{"ancestorTitles":["WP24 blind2 — a restarted replica equals one that stayed online"],"fullName":"WP24 blind2 — a restarted replica equals one that stayed online seed 31337: restart mid-run converges on the same state","status":"passed","title":"seed 31337: restart mid-run converges on the same state","duration":5.785799999999995,"failureMessages":[],"meta":{}},{"ancestorTitles":["WP24 blind2 — a restarted replica equals one that stayed online"],"fullName":"WP24 blind2 — a restarted replica equals one that stayed online the walk actually does something — 60 steps leave a non-trivial doc","status":"passed","title":"the walk actually does something — 60 steps leave a non-trivial doc","duration":2.0960000000000036,"failureMessages":[],"meta":{}},{"ancestorTitles":["WP24 blind2 — a restarted replica equals one that stayed online"],"fullName":"WP24 blind2 — a restarted replica equals one that stayed online the same seed produces the same walk twice — the run is reproducible","status":"passed","title":"the same seed produces the same walk twice — the run is reproducible","duration":2.449600000000032,"failureMessages":[],"meta":{}}],"startTime":1785664534415,"endTime":1785664534506.4497,"status":"passed","message":"","name":"H:/Developement/_NeuralAngels/liveshareCollab/obsidian-live-share/plugin/src/__tests__/v2blind/wp24_set2/test_tp04_checkpoint_is_full_state_blind2.test.ts"},{"assertionResults":[{"ancestorTitles":["WP24 AC2 blind2 — three replicas, three sidecars, one truth"],"fullName":"WP24 AC2 blind2 — three replicas, three sidecars, one truth each replica reloads its own contribution and the union survives","status":"passed","title":"each replica reloads its own contribution and the union survives","duration":24.379400000000032,"failureMessages":[],"meta":{}},{"ancestorTitles":["WP24 AC2 blind2 — three replicas, three sidecars, one truth"],"fullName":"WP24 AC2 blind2 — three replicas, three sidecars, one truth a replica that only ever RECEIVED updates still reconstructs them","status":"passed","title":"a replica that only ever RECEIVED updates still reconstructs them","duration":2.13149999999996,"failureMessages":[],"meta":{}},{"ancestorTitles":["WP24 AC2 blind2 — three replicas, three sidecars, one truth"],"fullName":"WP24 AC2 blind2 — three replicas, three sidecars, one truth a compaction on one replica does not change what the other two see","status":"passed","title":"a compaction on one replica does not change what the other two see","duration":3.9407999999999674,"failureMessages":[],"meta":{}}],"startTime":1785664534415,"endTime":1785664534444.941,"status":"passed","message":"","name":"H:/Developement/_NeuralAngels/liveshareCollab/obsidian-live-share/plugin/src/__tests__/v2blind/wp24_set2/test_tp05_load_reconstructs_pre_unload_state_blind2.test.ts"},{"assertionResults":[{"ancestorTitles":["WP24 AC2 blind2 — the second load is silent"],"fullName":"WP24 AC2 blind2 — the second load is silent emits an update on the first load and none on the second or third","status":"passed","title":"emits an update on the first load and none on the second or third","duration":16.035300000000007,"failureMessages":[],"meta":{}},{"ancestorTitles":["WP24 AC2 blind2 — the second load is silent"],"fullName":"WP24 AC2 blind2 — the second load is silent PREMISE: Yjs really is silent for a redundant update","status":"passed","title":"PREMISE: Yjs really is silent for a redundant update","duration":6.496600000000058,"failureMessages":[],"meta":{}},{"ancestorTitles":["WP24 AC2 blind2 — the second load is silent"],"fullName":"WP24 AC2 blind2 — the second load is silent a doc AHEAD of its sidecar is never dragged backwards by a load","status":"passed","title":"a doc AHEAD of its sidecar is never dragged backwards by a load","duration":5.537000000000035,"failureMessages":[],"meta":{}},{"ancestorTitles":["WP24 AC2 blind2 — the second load is silent"],"fullName":"WP24 AC2 blind2 — the second load is silent appending more history between loads is picked up, and only once","status":"passed","title":"appending more history between loads is picked up, and only once","duration":4.787800000000061,"failureMessages":[],"meta":{}}],"startTime":1785664534414,"endTime":1785664534447.7878,"status":"passed","message":"","name":"H:/Developement/_NeuralAngels/liveshareCollab/obsidian-live-share/plugin/src/__tests__/v2blind/wp24_set2/test_tp06_load_is_idempotent_blind2.test.ts"},{"assertionResults":[{"ancestorTitles":["WP24 AC3 blind2 — the four verdicts are distinguishable"],"fullName":"WP24 AC3 blind2 — the four verdicts are distinguishable the constants are four distinct values","status":"passed","title":"the constants are four distinct values","duration":2.375,"failureMessages":[],"meta":{}},{"ancestorTitles":["WP24 AC3 blind2 — the four verdicts are distinguishable"],"fullName":"WP24 AC3 blind2 — the four verdicts are distinguishable isSidecarDegraded is false for NONE and true for the other three","status":"passed","title":"isSidecarDegraded is false for NONE and true for the other three","duration":9.599199999999996,"failureMessages":[],"meta":{}},{"ancestorTitles":["WP24 AC3 blind2 — the four verdicts are distinguishable"],"fullName":"WP24 AC3 blind2 — the four verdicts are distinguishable an absent sidecar and a healthy empty one are reported differently","status":"passed","title":"an absent sidecar and a healthy empty one are reported differently","duration":1.8649999999999523,"failureMessages":[],"meta":{}},{"ancestorTitles":["WP24 AC3 blind2 — the four verdicts are distinguishable"],"fullName":"WP24 AC3 blind2 — the four verdicts are distinguishable the result carries only the pinned fields, all of the pinned types","status":"passed","title":"the result carries only the pinned fields, all of the pinned types","duration":1.3822999999999865,"failureMessages":[],"meta":{}}],"startTime":1785664534424,"endTime":1785664534439.3823,"status":"passed","message":"","name":"H:/Developement/_NeuralAngels/liveshareCollab/obsidian-live-share/plugin/src/__tests__/v2blind/wp24_set2/test_tp07_missing_sidecar_degradation_blind2.test.ts"},{"assertionResults":[{"ancestorTitles":["WP24 AC3 blind2 — the length field is a real 32-bit big-endian number"],"fullName":"WP24 AC3 blind2 — the length field is a real 32-bit big-endian number PREMISE: the large payload needs more than one length byte","status":"passed","title":"PREMISE: the large payload needs more than one length byte","duration":1.1432000000000357,"failureMessages":[],"meta":{}},{"ancestorTitles":["WP24 AC3 blind2 — the length field is a real 32-bit big-endian number"],"fullName":"WP24 AC3 blind2 — the length field is a real 32-bit big-endian number a large frame round-trips intact","status":"passed","title":"a large frame round-trips intact","duration":4.102199999999982,"failureMessages":[],"meta":{}},{"ancestorTitles":["WP24 AC3 blind2 — the length field is a real 32-bit big-endian number"],"fullName":"WP24 AC3 blind2 — the length field is a real 32-bit big-endian number losing the last 200 bytes of the large frame is TRUNCATED, applying nothing","status":"passed","title":"losing the last 200 bytes of the large frame is TRUNCATED, applying nothing","duration":1.7957000000000107,"failureMessages":[],"meta":{}},{"ancestorTitles":["WP24 AC3 blind2 — the length field is a real 32-bit big-endian number"],"fullName":"WP24 AC3 blind2 — the length field is a real 32-bit big-endian number a tear INSIDE the large frame's header is TRUNCATED, never NONE","status":"passed","title":"a tear INSIDE the large frame's header is TRUNCATED, never NONE","duration":2.0470000000000255,"failureMessages":[],"meta":{}},{"ancestorTitles":["WP24 AC3 blind2 — the length field is a real 32-bit big-endian number"],"fullName":"WP24 AC3 blind2 — the length field is a real 32-bit big-endian number a frame declaring a length far beyond the file is TRUNCATED, not a crash","status":"passed","title":"a frame declaring a length far beyond the file is TRUNCATED, not a crash","duration":0.8027999999999906,"failureMessages":[],"meta":{}},{"ancestorTitles":["WP24 AC3 blind2 — a short checkpoint is CORRUPT, because it cannot be told apart"],"fullName":"WP24 AC3 blind2 — a short checkpoint is CORRUPT, because it cannot be told apart a checkpoint missing its tail reports CORRUPT and applies nothing","status":"passed","title":"a checkpoint missing its tail reports CORRUPT and applies nothing","duration":2.5235000000000127,"failureMessages":[],"meta":{}},{"ancestorTitles":["WP24 AC3 blind2 — a short checkpoint is CORRUPT, because it cannot be told apart"],"fullName":"WP24 AC3 blind2 — a short checkpoint is CORRUPT, because it cannot be told apart the intact checkpoint of the same doc loads cleanly","status":"passed","title":"the intact checkpoint of the same doc loads cleanly","duration":1.261700000000019,"failureMessages":[],"meta":{}}],"startTime":1785664534482,"endTime":1785664534496.2617,"status":"passed","message":"","name":"H:/Developement/_NeuralAngels/liveshareCollab/obsidian-live-share/plugin/src/__tests__/v2blind/wp24_set2/test_tp08_truncated_history_degradation_blind2.test.ts"},{"assertionResults":[{"ancestorTitles":["WP24 AC3 blind2 — realistic garbage in the middle of a long log"],"fullName":"WP24 AC3 blind2 — realistic garbage in the middle of a long log PREMISE: every poison really is rejected by Yjs","status":"passed","title":"PREMISE: every poison really is rejected by Yjs","duration":6.876300000000015,"failureMessages":[],"meta":{}},{"ancestorTitles":["WP24 AC3 blind2 — realistic garbage in the middle of a long log"],"fullName":"WP24 AC3 blind2 — realistic garbage in the middle of a long log a .canvas JSON document at position 10 of 20 yields CORRUPT and an empty doc","status":"passed","title":"a .canvas JSON document at position 10 of 20 yields CORRUPT and an empty doc","duration":10.46160000000009,"failureMessages":[],"meta":{}},{"ancestorTitles":["WP24 AC3 blind2 — realistic garbage in the middle of a long log"],"fullName":"WP24 AC3 blind2 — realistic garbage in the middle of a long log a UTF-16 BOM'd text file at position 10 of 20 yields CORRUPT and an empty doc","status":"passed","title":"a UTF-16 BOM'd text file at position 10 of 20 yields CORRUPT and an empty doc","duration":4.43080000000009,"failureMessages":[],"meta":{}},{"ancestorTitles":["WP24 AC3 blind2 — realistic garbage in the middle of a long log"],"fullName":"WP24 AC3 blind2 — realistic garbage in the middle of a long log a run of 0xff bytes at position 10 of 20 yields CORRUPT and an empty doc","status":"passed","title":"a run of 0xff bytes at position 10 of 20 yields CORRUPT and an empty doc","duration":2.8962000000000216,"failureMessages":[],"meta":{}},{"ancestorTitles":["WP24 AC3 blind2 — realistic garbage in the middle of a long log"],"fullName":"WP24 AC3 blind2 — realistic garbage in the middle of a long log the clean twenty-frame log loads all twenty — the poison is what breaks it","status":"passed","title":"the clean twenty-frame log loads all twenty — the poison is what breaks it","duration":5.979100000000017,"failureMessages":[],"meta":{}},{"ancestorTitles":["WP24 AC3 blind2 — realistic garbage in the middle of a long log"],"fullName":"WP24 AC3 blind2 — realistic garbage in the middle of a long log a `.canvas` document written over the CHECKPOINT is CORRUPT too","status":"passed","title":"a `.canvas` document written over the CHECKPOINT is CORRUPT too","duration":2.8005000000000564,"failureMessages":[],"meta":{}},{"ancestorTitles":["WP24 AC3 blind2 — realistic garbage in the middle of a long log"],"fullName":"WP24 AC3 blind2 — realistic garbage in the middle of a long log a frame duplicated at a half-frame offset is degraded, never silently accepted","status":"passed","title":"a frame duplicated at a half-frame offset is degraded, never silently accepted","duration":2.413000000000011,"failureMessages":[],"meta":{}}],"startTime":1785664534416,"endTime":1785664534451.413,"status":"passed","message":"","name":"H:/Developement/_NeuralAngels/liveshareCollab/obsidian-live-share/plugin/src/__tests__/v2blind/wp24_set2/test_tp09_corrupt_bytes_degradation_blind2.test.ts"},{"assertionResults":[{"ancestorTitles":["WP24 AC3 blind2 — nothing at all happens inside the doc"],"fullName":"WP24 AC3 blind2 — nothing at all happens inside the doc PREMISE: the good frames are visible and the poison is refused","status":"passed","title":"PREMISE: the good frames are visible and the poison is refused","duration":17.214899999999943,"failureMessages":[],"meta":{}},{"ancestorTitles":["WP24 AC3 blind2 — nothing at all happens inside the doc"],"fullName":"WP24 AC3 blind2 — nothing at all happens inside the doc poison in the LAST frame: no observer fires, no transaction runs","status":"passed","title":"poison in the LAST frame: no observer fires, no transaction runs","duration":3.516999999999939,"failureMessages":[],"meta":{}},{"ancestorTitles":["WP24 AC3 blind2 — nothing at all happens inside the doc"],"fullName":"WP24 AC3 blind2 — nothing at all happens inside the doc the doc's encoded state is byte-identical to one that never saw the store","status":"passed","title":"the doc's encoded state is byte-identical to one that never saw the store","duration":3.263200000000097,"failureMessages":[],"meta":{}},{"ancestorTitles":["WP24 AC3 blind2 — nothing at all happens inside the doc"],"fullName":"WP24 AC3 blind2 — nothing at all happens inside the doc the same load WITHOUT the poison does fire the observers — the watch works","status":"passed","title":"the same load WITHOUT the poison does fire the observers — the watch works","duration":3.761600000000044,"failureMessages":[],"meta":{}},{"ancestorTitles":["WP24 AC3 blind2 — nothing at all happens inside the doc"],"fullName":"WP24 AC3 blind2 — nothing at all happens inside the doc a healthy checkpoint plus one poisoned frame still yields nothing","status":"passed","title":"a healthy checkpoint plus one poisoned frame still yields nothing","duration":2.3104999999999336,"failureMessages":[],"meta":{}}],"startTime":1785664534415,"endTime":1785664534445.3105,"status":"passed","message":"","name":"H:/Developement/_NeuralAngels/liveshareCollab/obsidian-live-share/plugin/src/__tests__/v2blind/wp24_set2/test_tp10_no_partial_application_blind2.test.ts"},{"assertionResults":[{"ancestorTitles":["WP24 blind2 — index.json at 250 entries"],"fullName":"WP24 blind2 — index.json at 250 entries round-trips all 250 entries without loss or reordering of values","status":"passed","title":"round-trips all 250 entries without loss or reordering of values","duration":3.9389999999999645,"failureMessages":[],"meta":{}},{"ancestorTitles":["WP24 blind2 — index.json at 250 entries"],"fullName":"WP24 blind2 — index.json at 250 entries shrinking the index leaves no tail of the previous document behind","status":"passed","title":"shrinking the index leaves no tail of the previous document behind","duration":1.217299999999966,"failureMessages":[],"meta":{}},{"ancestorTitles":["WP24 blind2 — index.json at 250 entries"],"fullName":"WP24 blind2 — index.json at 250 entries a mapping written then read by a SECOND store instance is identical","status":"passed","title":"a mapping written then read by a SECOND store instance is identical","duration":0.36429999999995744,"failureMessages":[],"meta":{}},{"ancestorTitles":["WP24 AC3 blind2 — a damaged index degrades; a failed write does not"],"fullName":"WP24 AC3 blind2 — a damaged index degrades; a failed write does not truncating the file mid-document degrades to an empty mapping","status":"passed","title":"truncating the file mid-document degrades to an empty mapping","duration":0.5708000000000197,"failureMessages":[],"meta":{}},{"ancestorTitles":["WP24 AC3 blind2 — a damaged index degrades; a failed write does not"],"fullName":"WP24 AC3 blind2 — a damaged index degrades; a failed write does not a UTF-8 BOM in front of valid JSON does not take the plugin down","status":"passed","title":"a UTF-8 BOM in front of valid JSON does not take the plugin down","duration":0.33480000000002974,"failureMessages":[],"meta":{}},{"ancestorTitles":["WP24 AC3 blind2 — a damaged index degrades; a failed write does not"],"fullName":"WP24 AC3 blind2 — a damaged index degrades; a failed write does not a refused write surfaces as a rejection rather than a silent no-op","status":"passed","title":"a refused write surfaces as a rejection rather than a silent no-op","duration":0.7891999999999939,"failureMessages":[],"meta":{}}],"startTime":1785664534586,"endTime":1785664534593.7893,"status":"passed","message":"","name":"H:/Developement/_NeuralAngels/liveshareCollab/obsidian-live-share/plugin/src/__tests__/v2blind/wp24_set2/test_tp11_index_degradation_and_round_trip_blind2.test.ts"},{"assertionResults":[{"ancestorTitles":["WP24 AC4 blind2 — every store operation reaches the injected seam"],"fullName":"WP24 AC4 blind2 — every store operation reaches the injected seam append touches the io","status":"passed","title":"append touches the io","duration":5.463499999999954,"failureMessages":[],"meta":{}},{"ancestorTitles":["WP24 AC4 blind2 — every store operation reaches the injected seam"],"fullName":"WP24 AC4 blind2 — every store operation reaches the injected seam checkpoint touches the io","status":"passed","title":"checkpoint touches the io","duration":0.7201000000000022,"failureMessages":[],"meta":{}},{"ancestorTitles":["WP24 AC4 blind2 — every store operation reaches the injected seam"],"fullName":"WP24 AC4 blind2 — every store operation reaches the injected seam load touches the io","status":"passed","title":"load touches the io","duration":0.44079999999996744,"failureMessages":[],"meta":{}},{"ancestorTitles":["WP24 AC4 blind2 — every store operation reaches the injected seam"],"fullName":"WP24 AC4 blind2 — every store operation reaches the injected seam truncate touches the io","status":"passed","title":"truncate touches the io","duration":0.162399999999991,"failureMessages":[],"meta":{}},{"ancestorTitles":["WP24 AC4 blind2 — every store operation reaches the injected seam"],"fullName":"WP24 AC4 blind2 — every store operation reaches the injected seam readIndex touches the io","status":"passed","title":"readIndex touches the io","duration":0.2366000000000099,"failureMessages":[],"meta":{}},{"ancestorTitles":["WP24 AC4 blind2 — every store operation reaches the injected seam"],"fullName":"WP24 AC4 blind2 — every store operation reaches the injected seam writeIndex touches the io","status":"passed","title":"writeIndex touches the io","duration":0.16579999999999018,"failureMessages":[],"meta":{}},{"ancestorTitles":["WP24 AC4 blind2 — every store operation reaches the injected seam"],"fullName":"WP24 AC4 blind2 — every store operation reaches the injected seam two stores over two different ios never see each other's data","status":"passed","title":"two stores over two different ios never see each other's data","duration":1.161100000000033,"failureMessages":[],"meta":{}},{"ancestorTitles":["WP24 AC4 blind2 — every store operation reaches the injected seam"],"fullName":"WP24 AC4 blind2 — every store operation reaches the injected seam a store built over a frozen, empty io object still behaves","status":"passed","title":"a store built over a frozen, empty io object still behaves","duration":0.30000000000001137,"failureMessages":[],"meta":{}},{"ancestorTitles":["WP24 AC4 blind2 — the directory literal exists exactly once"],"fullName":"WP24 AC4 blind2 — the directory literal exists exactly once `.obsidian/liveshare/state` is written out once in the code","status":"passed","title":"`.obsidian/liveshare/state` is written out once in the code","duration":0.36990000000002965,"failureMessages":[],"meta":{}},{"ancestorTitles":["WP24 AC4 blind2 — the directory literal exists exactly once"],"fullName":"WP24 AC4 blind2 — the directory literal exists exactly once no second spelling of the directory sneaks in via segments","status":"passed","title":"no second spelling of the directory sneaks in via segments","duration":0.24500000000000455,"failureMessages":[],"meta":{}},{"ancestorTitles":["WP24 AC4 blind2 — the directory literal exists exactly once"],"fullName":"WP24 AC4 blind2 — the directory literal exists exactly once neither Obsidian nor a filesystem module is imported","status":"passed","title":"neither Obsidian nor a filesystem module is imported","duration":0.3854000000000042,"failureMessages":[],"meta":{}}],"startTime":1785664534556,"endTime":1785664534565.3855,"status":"passed","message":"","name":"H:/Developement/_NeuralAngels/liveshareCollab/obsidian-live-share/plugin/src/__tests__/v2blind/wp24_set2/test_tp12_injected_io_module_purity_blind2.test.ts"},{"assertionResults":[{"ancestorTitles":["WP24 AC1 blind2 — views into one shared ArrayBuffer"],"fullName":"WP24 AC1 blind2 — views into one shared ArrayBuffer four appends over one 4 KiB buffer keep their own bytes after the buffer is wiped","status":"passed","title":"four appends over one 4 KiB buffer keep their own bytes after the buffer is wiped","duration":20.828599999999938,"failureMessages":[],"meta":{}},{"ancestorTitles":["WP24 AC1 blind2 — views into one shared ArrayBuffer"],"fullName":"WP24 AC1 blind2 — views into one shared ArrayBuffer no frame is 4096 bytes long — the copy is of the VIEW, not of its buffer","status":"passed","title":"no frame is 4096 bytes long — the copy is of the VIEW, not of its buffer","duration":2.06370000000004,"failureMessages":[],"meta":{}},{"ancestorTitles":["WP24 AC1 blind2 — views into one shared ArrayBuffer"],"fullName":"WP24 AC1 blind2 — views into one shared ArrayBuffer the wipe value really is absent from the payloads","status":"passed","title":"the wipe value really is absent from the payloads","duration":1.2963999999999487,"failureMessages":[],"meta":{}},{"ancestorTitles":["WP24 AC1 blind2 — views into one shared ArrayBuffer"],"fullName":"WP24 AC1 blind2 — views into one shared ArrayBuffer checkpoint captures the doc as of the call, not as of the await","status":"passed","title":"checkpoint captures the doc as of the call, not as of the await","duration":2.810200000000009,"failureMessages":[],"meta":{}},{"ancestorTitles":["WP24 AC1 blind2 — views into one shared ArrayBuffer"],"fullName":"WP24 AC1 blind2 — views into one shared ArrayBuffer the reconstructed doc from the pooled appends is the original","status":"passed","title":"the reconstructed doc from the pooled appends is the original","duration":3.9687000000000126,"failureMessages":[],"meta":{}}],"startTime":1785664534449,"endTime":1785664534480.9688,"status":"passed","message":"","name":"H:/Developement/_NeuralAngels/liveshareCollab/obsidian-live-share/plugin/src/__tests__/v2blind/wp24_set2/test_tp13_append_snapshots_input_before_await_blind2.test.ts"}]}