{"numTotalTestSuites":30,"numPassedTestSuites":30,"numFailedTestSuites":0,"numPendingTestSuites":0,"numTotalTests":78,"numPassedTests":78,"numFailedTests":0,"numPendingTests":0,"numTodoTests":0,"snapshot":{"added":0,"failure":false,"filesAdded":0,"filesRemoved":0,"filesRemovedList":[],"filesUnmatched":0,"filesUpdated":0,"matched":0,"total":0,"unchecked":0,"uncheckedKeysByFile":[],"unmatched":0,"updated":0,"didUpdate":false},"startTime":1785694907462,"success":true,"testResults":[{"assertionResults":[{"ancestorTitles":["WP24 AC1 blind2 — the helpers behave like functions, not like templates"],"fullName":"WP24 AC1 blind2 — the helpers behave like functions, not like templates distinct guids never map to the same history path (injective)","status":"passed","title":"distinct guids never map to the same history path (injective)","duration":1.0448000000000093,"failureMessages":[],"meta":{}},{"ancestorTitles":["WP24 AC1 blind2 — the helpers behave like functions, not like templates"],"fullName":"WP24 AC1 blind2 — the helpers behave like functions, not like templates history and checkpoint namespaces never overlap for any guid pair","status":"passed","title":"history and checkpoint namespaces never overlap for any guid pair","duration":1.1013000000000375,"failureMessages":[],"meta":{}},{"ancestorTitles":["WP24 AC1 blind2 — the helpers behave like functions, not like templates"],"fullName":"WP24 AC1 blind2 — the helpers behave like functions, not like templates the helpers are pure — same input, same output, no hidden counter","status":"passed","title":"the helpers are pure — same input, same output, no hidden counter","duration":0.5423000000000116,"failureMessages":[],"meta":{}},{"ancestorTitles":["WP24 AC1 blind2 — the helpers behave like functions, not like templates"],"fullName":"WP24 AC1 blind2 — the helpers behave like functions, not like templates PROPERTY: everything a helper produces is inside the sidecar directory","status":"passed","title":"PROPERTY: everything a helper produces is inside the sidecar directory","duration":1.6832999999999743,"failureMessages":[],"meta":{}},{"ancestorTitles":["WP24 AC1 blind2 — the predicate is case-sensitive and depth-aware"],"fullName":"WP24 AC1 blind2 — the predicate is case-sensitive and depth-aware a differently-cased directory is a different directory","status":"passed","title":"a differently-cased directory is a different directory","duration":0.20069999999998345,"failureMessages":[],"meta":{}},{"ancestorTitles":["WP24 AC1 blind2 — the predicate is case-sensitive and depth-aware"],"fullName":"WP24 AC1 blind2 — the predicate is case-sensitive and depth-aware the directory must be the path's prefix, not merely somewhere inside it","status":"passed","title":"the directory must be the path's prefix, not merely somewhere inside it","duration":0.11539999999996553,"failureMessages":[],"meta":{}},{"ancestorTitles":["WP24 AC1 blind2 — the predicate is case-sensitive and depth-aware"],"fullName":"WP24 AC1 blind2 — the predicate is case-sensitive and depth-aware nesting below the directory is still inside it","status":"passed","title":"nesting below the directory is still inside it","duration":0.21309999999999718,"failureMessages":[],"meta":{}},{"ancestorTitles":["WP24 AC1 blind2 — the predicate is case-sensitive and depth-aware"],"fullName":"WP24 AC1 blind2 — the predicate is case-sensitive and depth-aware the directory itself, its parent and its grandparent are all outside","status":"passed","title":"the directory itself, its parent and its grandparent are all outside","duration":0.46910000000002583,"failureMessages":[],"meta":{}}],"startTime":1785694908390,"endTime":1785694908395.469,"status":"passed","message":"","name":"H:/Developement/_NeuralAngels/liveshareCollab/obsidian-live-share/plugin/src/__tests__/v2blind/wp24_set2/test_tp01_path_and_predicate_contract_blind2.test.ts"},{"assertionResults":[{"ancestorTitles":["WP24 AC1 blind2 — concurrency cannot lose a record"],"fullName":"WP24 AC1 blind2 — concurrency cannot lose a record two stores over one disk both land all of their appends","status":"passed","title":"two stores over one disk both land all of their appends","duration":8.247900000000072,"failureMessages":[],"meta":{}},{"ancestorTitles":["WP24 AC1 blind2 — concurrency cannot lose a record"],"fullName":"WP24 AC1 blind2 — concurrency cannot lose a record ten appends issued without awaiting in between all survive","status":"passed","title":"ten appends issued without awaiting in between all survive","duration":2.0364999999999327,"failureMessages":[],"meta":{}},{"ancestorTitles":["WP24 AC1 blind2 — concurrency cannot lose a record"],"fullName":"WP24 AC1 blind2 — concurrency cannot lose a record the whole set is recoverable afterwards, by any of the stores","status":"passed","title":"the whole set is recoverable afterwards, by any of the stores","duration":7.243499999999926,"failureMessages":[],"meta":{}},{"ancestorTitles":["WP24 AC1 blind2 — concurrency cannot lose a record"],"fullName":"WP24 AC1 blind2 — concurrency cannot lose a record the fixture's updates are all distinct — no accidental dedup","status":"passed","title":"the fixture's updates are all distinct — no accidental dedup","duration":1.036200000000008,"failureMessages":[],"meta":{}}],"startTime":1785694908220,"endTime":1785694908238.0361,"status":"passed","message":"","name":"H:/Developement/_NeuralAngels/liveshareCollab/obsidian-live-share/plugin/src/__tests__/v2blind/wp24_set2/test_tp02_append_is_append_only_blind2.test.ts"},{"assertionResults":[{"ancestorTitles":["WP24 AC1 blind2 — the checkpoint is usable at the instant of truncation"],"fullName":"WP24 AC1 blind2 — the checkpoint is usable at the instant of truncation a compaction never reaches truncate without a readable, complete checkpoint","status":"passed","title":"a compaction never reaches truncate without a readable, complete checkpoint","duration":12.550999999999988,"failureMessages":[],"meta":{}},{"ancestorTitles":["WP24 AC1 blind2 — the checkpoint is usable at the instant of truncation"],"fullName":"WP24 AC1 blind2 — the checkpoint is usable at the instant of truncation the probe would have spoken up — it fails loudly against an empty checkpoint","status":"passed","title":"the probe would have spoken up — it fails loudly against an empty checkpoint","duration":0.44769999999999754,"failureMessages":[],"meta":{}},{"ancestorTitles":["WP24 AC1 blind2 — the checkpoint is usable at the instant of truncation"],"fullName":"WP24 AC1 blind2 — the checkpoint is usable at the instant of truncation a compaction that follows further edits checkpoints the LATEST state","status":"passed","title":"a compaction that follows further edits checkpoints the LATEST state","duration":1.9621999999999957,"failureMessages":[],"meta":{}},{"ancestorTitles":["WP24 AC1 blind2 — the checkpoint is usable at the instant of truncation"],"fullName":"WP24 AC1 blind2 — the checkpoint is usable at the instant of truncation after the compaction the sidecar still rebuilds the doc exactly","status":"passed","title":"after the compaction the sidecar still rebuilds the doc exactly","duration":2.8174999999999955,"failureMessages":[],"meta":{}}],"startTime":1785694908245,"endTime":1785694908262.8174,"status":"passed","message":"","name":"H:/Developement/_NeuralAngels/liveshareCollab/obsidian-live-share/plugin/src/__tests__/v2blind/wp24_set2/test_tp03_checkpoint_before_truncate_order_blind2.test.ts"},{"assertionResults":[{"ancestorTitles":["WP24 blind2 — a restarted replica equals one that stayed online"],"fullName":"WP24 blind2 — a restarted replica equals one that stayed online seed 1: restart mid-run converges on the same state","status":"passed","title":"seed 1: restart mid-run converges on the same state","duration":26.332300000000032,"failureMessages":[],"meta":{}},{"ancestorTitles":["WP24 blind2 — a restarted replica equals one that stayed online"],"fullName":"WP24 blind2 — a restarted replica equals one that stayed online seed 7: restart mid-run converges on the same state","status":"passed","title":"seed 7: restart mid-run converges on the same state","duration":8.782199999999989,"failureMessages":[],"meta":{}},{"ancestorTitles":["WP24 blind2 — a restarted replica equals one that stayed online"],"fullName":"WP24 blind2 — a restarted replica equals one that stayed online seed 19: restart mid-run converges on the same state","status":"passed","title":"seed 19: restart mid-run converges on the same state","duration":9.609499999999912,"failureMessages":[],"meta":{}},{"ancestorTitles":["WP24 blind2 — a restarted replica equals one that stayed online"],"fullName":"WP24 blind2 — a restarted replica equals one that stayed online seed 42: restart mid-run converges on the same state","status":"passed","title":"seed 42: restart mid-run converges on the same state","duration":8.7423,"failureMessages":[],"meta":{}},{"ancestorTitles":["WP24 blind2 — a restarted replica equals one that stayed online"],"fullName":"WP24 blind2 — a restarted replica equals one that stayed online seed 101: restart mid-run converges on the same state","status":"passed","title":"seed 101: restart mid-run converges on the same state","duration":6.8256999999999834,"failureMessages":[],"meta":{}},{"ancestorTitles":["WP24 blind2 — a restarted replica equals one that stayed online"],"fullName":"WP24 blind2 — a restarted replica equals one that stayed online seed 777: restart mid-run converges on the same state","status":"passed","title":"seed 777: restart mid-run converges on the same state","duration":5.242899999999963,"failureMessages":[],"meta":{}},{"ancestorTitles":["WP24 blind2 — a restarted replica equals one that stayed online"],"fullName":"WP24 blind2 — a restarted replica equals one that stayed online seed 2024: restart mid-run converges on the same state","status":"passed","title":"seed 2024: restart mid-run converges on the same state","duration":7.430900000000065,"failureMessages":[],"meta":{}},{"ancestorTitles":["WP24 blind2 — a restarted replica equals one that stayed online"],"fullName":"WP24 blind2 — a restarted replica equals one that stayed online seed 31337: restart mid-run converges on the same state","status":"passed","title":"seed 31337: restart mid-run converges on the same state","duration":4.544299999999907,"failureMessages":[],"meta":{}},{"ancestorTitles":["WP24 blind2 — a restarted replica equals one that stayed online"],"fullName":"WP24 blind2 — a restarted replica equals one that stayed online the walk actually does something — 60 steps leave a non-trivial doc","status":"passed","title":"the walk actually does something — 60 steps leave a non-trivial doc","duration":2.2428999999999633,"failureMessages":[],"meta":{}},{"ancestorTitles":["WP24 blind2 — a restarted replica equals one that stayed online"],"fullName":"WP24 blind2 — a restarted replica equals one that stayed online the same seed produces the same walk twice — the run is reproducible","status":"passed","title":"the same seed produces the same walk twice — the run is reproducible","duration":2.0901000000000067,"failureMessages":[],"meta":{}}],"startTime":1785694908221,"endTime":1785694908303.09,"status":"passed","message":"","name":"H:/Developement/_NeuralAngels/liveshareCollab/obsidian-live-share/plugin/src/__tests__/v2blind/wp24_set2/test_tp04_checkpoint_is_full_state_blind2.test.ts"},{"assertionResults":[{"ancestorTitles":["WP24 AC2 blind2 — three replicas, three sidecars, one truth"],"fullName":"WP24 AC2 blind2 — three replicas, three sidecars, one truth each replica reloads its own contribution and the union survives","status":"passed","title":"each replica reloads its own contribution and the union survives","duration":21.378400000000056,"failureMessages":[],"meta":{}},{"ancestorTitles":["WP24 AC2 blind2 — three replicas, three sidecars, one truth"],"fullName":"WP24 AC2 blind2 — three replicas, three sidecars, one truth a replica that only ever RECEIVED updates still reconstructs them","status":"passed","title":"a replica that only ever RECEIVED updates still reconstructs them","duration":2.5,"failureMessages":[],"meta":{}},{"ancestorTitles":["WP24 AC2 blind2 — three replicas, three sidecars, one truth"],"fullName":"WP24 AC2 blind2 — three replicas, three sidecars, one truth a compaction on one replica does not change what the other two see","status":"passed","title":"a compaction on one replica does not change what the other two see","duration":4.174599999999941,"failureMessages":[],"meta":{}}],"startTime":1785694908219,"endTime":1785694908247.1746,"status":"passed","message":"","name":"H:/Developement/_NeuralAngels/liveshareCollab/obsidian-live-share/plugin/src/__tests__/v2blind/wp24_set2/test_tp05_load_reconstructs_pre_unload_state_blind2.test.ts"},{"assertionResults":[{"ancestorTitles":["WP24 AC2 blind2 — the second load is silent"],"fullName":"WP24 AC2 blind2 — the second load is silent emits an update on the first load and none on the second or third","status":"passed","title":"emits an update on the first load and none on the second or third","duration":15.854600000000005,"failureMessages":[],"meta":{}},{"ancestorTitles":["WP24 AC2 blind2 — the second load is silent"],"fullName":"WP24 AC2 blind2 — the second load is silent PREMISE: Yjs really is silent for a redundant update","status":"passed","title":"PREMISE: Yjs really is silent for a redundant update","duration":1.545500000000061,"failureMessages":[],"meta":{}},{"ancestorTitles":["WP24 AC2 blind2 — the second load is silent"],"fullName":"WP24 AC2 blind2 — the second load is silent a doc AHEAD of its sidecar is never dragged backwards by a load","status":"passed","title":"a doc AHEAD of its sidecar is never dragged backwards by a load","duration":4.669700000000034,"failureMessages":[],"meta":{}},{"ancestorTitles":["WP24 AC2 blind2 — the second load is silent"],"fullName":"WP24 AC2 blind2 — the second load is silent appending more history between loads is picked up, and only once","status":"passed","title":"appending more history between loads is picked up, and only once","duration":6.080799999999954,"failureMessages":[],"meta":{}}],"startTime":1785694908219,"endTime":1785694908248.0808,"status":"passed","message":"","name":"H:/Developement/_NeuralAngels/liveshareCollab/obsidian-live-share/plugin/src/__tests__/v2blind/wp24_set2/test_tp06_load_is_idempotent_blind2.test.ts"},{"assertionResults":[{"ancestorTitles":["WP24 AC3 blind2 — the four verdicts are distinguishable"],"fullName":"WP24 AC3 blind2 — the four verdicts are distinguishable the constants are four distinct values","status":"passed","title":"the constants are four distinct values","duration":2.7147999999999683,"failureMessages":[],"meta":{}},{"ancestorTitles":["WP24 AC3 blind2 — the four verdicts are distinguishable"],"fullName":"WP24 AC3 blind2 — the four verdicts are distinguishable isSidecarDegraded is false for NONE and true for the other three","status":"passed","title":"isSidecarDegraded is false for NONE and true for the other three","duration":7.962499999999977,"failureMessages":[],"meta":{}},{"ancestorTitles":["WP24 AC3 blind2 — the four verdicts are distinguishable"],"fullName":"WP24 AC3 blind2 — the four verdicts are distinguishable an absent sidecar and a healthy empty one are reported differently","status":"passed","title":"an absent sidecar and a healthy empty one are reported differently","duration":1.625099999999975,"failureMessages":[],"meta":{}},{"ancestorTitles":["WP24 AC3 blind2 — the four verdicts are distinguishable"],"fullName":"WP24 AC3 blind2 — the four verdicts are distinguishable the result carries only the pinned fields, all of the pinned types","status":"passed","title":"the result carries only the pinned fields, all of the pinned types","duration":0.956799999999987,"failureMessages":[],"meta":{}}],"startTime":1785694908288,"endTime":1785694908300.9568,"status":"passed","message":"","name":"H:/Developement/_NeuralAngels/liveshareCollab/obsidian-live-share/plugin/src/__tests__/v2blind/wp24_set2/test_tp07_missing_sidecar_degradation_blind2.test.ts"},{"assertionResults":[{"ancestorTitles":["WP24 AC3 blind2 — the length field is a real 32-bit big-endian number"],"fullName":"WP24 AC3 blind2 — the length field is a real 32-bit big-endian number PREMISE: the large payload needs more than one length byte","status":"passed","title":"PREMISE: the large payload needs more than one length byte","duration":8.732499999999959,"failureMessages":[],"meta":{}},{"ancestorTitles":["WP24 AC3 blind2 — the length field is a real 32-bit big-endian number"],"fullName":"WP24 AC3 blind2 — the length field is a real 32-bit big-endian number a large frame round-trips intact","status":"passed","title":"a large frame round-trips intact","duration":9.081799999999987,"failureMessages":[],"meta":{}},{"ancestorTitles":["WP24 AC3 blind2 — the length field is a real 32-bit big-endian number"],"fullName":"WP24 AC3 blind2 — the length field is a real 32-bit big-endian number losing the last 200 bytes of the large frame is TRUNCATED, applying nothing","status":"passed","title":"losing the last 200 bytes of the large frame is TRUNCATED, applying nothing","duration":2.9950000000000045,"failureMessages":[],"meta":{}},{"ancestorTitles":["WP24 AC3 blind2 — the length field is a real 32-bit big-endian number"],"fullName":"WP24 AC3 blind2 — the length field is a real 32-bit big-endian number a tear INSIDE the large frame's header is TRUNCATED, never NONE","status":"passed","title":"a tear INSIDE the large frame's header is TRUNCATED, never NONE","duration":5.1089000000000055,"failureMessages":[],"meta":{}},{"ancestorTitles":["WP24 AC3 blind2 — the length field is a real 32-bit big-endian number"],"fullName":"WP24 AC3 blind2 — the length field is a real 32-bit big-endian number a frame declaring a length far beyond the file is TRUNCATED, not a crash","status":"passed","title":"a frame declaring a length far beyond the file is TRUNCATED, not a crash","duration":1.6353000000000293,"failureMessages":[],"meta":{}},{"ancestorTitles":["WP24 AC3 blind2 — a short checkpoint is CORRUPT, because it cannot be told apart"],"fullName":"WP24 AC3 blind2 — a short checkpoint is CORRUPT, because it cannot be told apart a checkpoint missing its tail reports CORRUPT and applies nothing","status":"passed","title":"a checkpoint missing its tail reports CORRUPT and applies nothing","duration":3.172300000000007,"failureMessages":[],"meta":{}},{"ancestorTitles":["WP24 AC3 blind2 — a short checkpoint is CORRUPT, because it cannot be told apart"],"fullName":"WP24 AC3 blind2 — a short checkpoint is CORRUPT, because it cannot be told apart the intact checkpoint of the same doc loads cleanly","status":"passed","title":"the intact checkpoint of the same doc loads cleanly","duration":1.634399999999971,"failureMessages":[],"meta":{}}],"startTime":1785694908236,"endTime":1785694908268.6345,"status":"passed","message":"","name":"H:/Developement/_NeuralAngels/liveshareCollab/obsidian-live-share/plugin/src/__tests__/v2blind/wp24_set2/test_tp08_truncated_history_degradation_blind2.test.ts"},{"assertionResults":[{"ancestorTitles":["WP24 AC3 blind2 — realistic garbage in the middle of a long log"],"fullName":"WP24 AC3 blind2 — realistic garbage in the middle of a long log PREMISE: every poison really is rejected by Yjs","status":"passed","title":"PREMISE: every poison really is rejected by Yjs","duration":6.817800000000034,"failureMessages":[],"meta":{}},{"ancestorTitles":["WP24 AC3 blind2 — realistic garbage in the middle of a long log"],"fullName":"WP24 AC3 blind2 — realistic garbage in the middle of a long log a .canvas JSON document at position 10 of 20 yields CORRUPT and an empty doc","status":"passed","title":"a .canvas JSON document at position 10 of 20 yields CORRUPT and an empty doc","duration":10.384699999999953,"failureMessages":[],"meta":{}},{"ancestorTitles":["WP24 AC3 blind2 — realistic garbage in the middle of a long log"],"fullName":"WP24 AC3 blind2 — realistic garbage in the middle of a long log a UTF-16 BOM'd text file at position 10 of 20 yields CORRUPT and an empty doc","status":"passed","title":"a UTF-16 BOM'd text file at position 10 of 20 yields CORRUPT and an empty doc","duration":2.8682000000000016,"failureMessages":[],"meta":{}},{"ancestorTitles":["WP24 AC3 blind2 — realistic garbage in the middle of a long log"],"fullName":"WP24 AC3 blind2 — realistic garbage in the middle of a long log a run of 0xff bytes at position 10 of 20 yields CORRUPT and an empty doc","status":"passed","title":"a run of 0xff bytes at position 10 of 20 yields CORRUPT and an empty doc","duration":3.1761000000000195,"failureMessages":[],"meta":{}},{"ancestorTitles":["WP24 AC3 blind2 — realistic garbage in the middle of a long log"],"fullName":"WP24 AC3 blind2 — realistic garbage in the middle of a long log the clean twenty-frame log loads all twenty — the poison is what breaks it","status":"passed","title":"the clean twenty-frame log loads all twenty — the poison is what breaks it","duration":5.5674999999999955,"failureMessages":[],"meta":{}},{"ancestorTitles":["WP24 AC3 blind2 — realistic garbage in the middle of a long log"],"fullName":"WP24 AC3 blind2 — realistic garbage in the middle of a long log a `.canvas` document written over the CHECKPOINT is CORRUPT too","status":"passed","title":"a `.canvas` document written over the CHECKPOINT is CORRUPT too","duration":2.5973000000000184,"failureMessages":[],"meta":{}},{"ancestorTitles":["WP24 AC3 blind2 — realistic garbage in the middle of a long log"],"fullName":"WP24 AC3 blind2 — realistic garbage in the middle of a long log a frame duplicated at a half-frame offset is degraded, never silently accepted","status":"passed","title":"a frame duplicated at a half-frame offset is degraded, never silently accepted","duration":2.0657999999999674,"failureMessages":[],"meta":{}}],"startTime":1785694908220,"endTime":1785694908254.066,"status":"passed","message":"","name":"H:/Developement/_NeuralAngels/liveshareCollab/obsidian-live-share/plugin/src/__tests__/v2blind/wp24_set2/test_tp09_corrupt_bytes_degradation_blind2.test.ts"},{"assertionResults":[{"ancestorTitles":["WP24 AC3 blind2 — nothing at all happens inside the doc"],"fullName":"WP24 AC3 blind2 — nothing at all happens inside the doc PREMISE: the good frames are visible and the poison is refused","status":"passed","title":"PREMISE: the good frames are visible and the poison is refused","duration":14.12130000000002,"failureMessages":[],"meta":{}},{"ancestorTitles":["WP24 AC3 blind2 — nothing at all happens inside the doc"],"fullName":"WP24 AC3 blind2 — nothing at all happens inside the doc poison in the LAST frame: no observer fires, no transaction runs","status":"passed","title":"poison in the LAST frame: no observer fires, no transaction runs","duration":3.308400000000006,"failureMessages":[],"meta":{}},{"ancestorTitles":["WP24 AC3 blind2 — nothing at all happens inside the doc"],"fullName":"WP24 AC3 blind2 — nothing at all happens inside the doc the doc's encoded state is byte-identical to one that never saw the store","status":"passed","title":"the doc's encoded state is byte-identical to one that never saw the store","duration":2.8821000000000367,"failureMessages":[],"meta":{}},{"ancestorTitles":["WP24 AC3 blind2 — nothing at all happens inside the doc"],"fullName":"WP24 AC3 blind2 — nothing at all happens inside the doc the same load WITHOUT the poison does fire the observers — the watch works","status":"passed","title":"the same load WITHOUT the poison does fire the observers — the watch works","duration":4.115400000000022,"failureMessages":[],"meta":{}},{"ancestorTitles":["WP24 AC3 blind2 — nothing at all happens inside the doc"],"fullName":"WP24 AC3 blind2 — nothing at all happens inside the doc a healthy checkpoint plus one poisoned frame still yields nothing","status":"passed","title":"a healthy checkpoint plus one poisoned frame still yields nothing","duration":2.47300000000007,"failureMessages":[],"meta":{}}],"startTime":1785694908222,"endTime":1785694908249.473,"status":"passed","message":"","name":"H:/Developement/_NeuralAngels/liveshareCollab/obsidian-live-share/plugin/src/__tests__/v2blind/wp24_set2/test_tp10_no_partial_application_blind2.test.ts"},{"assertionResults":[{"ancestorTitles":["WP24 blind2 — index.json at 250 entries"],"fullName":"WP24 blind2 — index.json at 250 entries round-trips all 250 entries without loss or reordering of values","status":"passed","title":"round-trips all 250 entries without loss or reordering of values","duration":4.212600000000009,"failureMessages":[],"meta":{}},{"ancestorTitles":["WP24 blind2 — index.json at 250 entries"],"fullName":"WP24 blind2 — index.json at 250 entries shrinking the index leaves no tail of the previous document behind","status":"passed","title":"shrinking the index leaves no tail of the previous document behind","duration":1.5067000000000235,"failureMessages":[],"meta":{}},{"ancestorTitles":["WP24 blind2 — index.json at 250 entries"],"fullName":"WP24 blind2 — index.json at 250 entries a mapping written then read by a SECOND store instance is identical","status":"passed","title":"a mapping written then read by a SECOND store instance is identical","duration":0.4310999999999581,"failureMessages":[],"meta":{}},{"ancestorTitles":["WP24 AC3 blind2 — a damaged index degrades; a failed write does not"],"fullName":"WP24 AC3 blind2 — a damaged index degrades; a failed write does not truncating the file mid-document degrades to an empty mapping","status":"passed","title":"truncating the file mid-document degrades to an empty mapping","duration":0.5815999999999804,"failureMessages":[],"meta":{}},{"ancestorTitles":["WP24 AC3 blind2 — a damaged index degrades; a failed write does not"],"fullName":"WP24 AC3 blind2 — a damaged index degrades; a failed write does not a UTF-8 BOM in front of valid JSON does not take the plugin down","status":"passed","title":"a UTF-8 BOM in front of valid JSON does not take the plugin down","duration":0.35269999999997026,"failureMessages":[],"meta":{}},{"ancestorTitles":["WP24 AC3 blind2 — a damaged index degrades; a failed write does not"],"fullName":"WP24 AC3 blind2 — a damaged index degrades; a failed write does not a refused write surfaces as a rejection rather than a silent no-op","status":"passed","title":"a refused write surfaces as a rejection rather than a silent no-op","duration":0.8097000000000207,"failureMessages":[],"meta":{}}],"startTime":1785694908362,"endTime":1785694908369.8098,"status":"passed","message":"","name":"H:/Developement/_NeuralAngels/liveshareCollab/obsidian-live-share/plugin/src/__tests__/v2blind/wp24_set2/test_tp11_index_degradation_and_round_trip_blind2.test.ts"},{"assertionResults":[{"ancestorTitles":["WP24 AC4 blind2 — every store operation reaches the injected seam"],"fullName":"WP24 AC4 blind2 — every store operation reaches the injected seam append touches the io","status":"passed","title":"append touches the io","duration":5.290700000000015,"failureMessages":[],"meta":{}},{"ancestorTitles":["WP24 AC4 blind2 — every store operation reaches the injected seam"],"fullName":"WP24 AC4 blind2 — every store operation reaches the injected seam checkpoint touches the io","status":"passed","title":"checkpoint touches the io","duration":1.2527999999999793,"failureMessages":[],"meta":{}},{"ancestorTitles":["WP24 AC4 blind2 — every store operation reaches the injected seam"],"fullName":"WP24 AC4 blind2 — every store operation reaches the injected seam load touches the io","status":"passed","title":"load touches the io","duration":0.6805999999999699,"failureMessages":[],"meta":{}},{"ancestorTitles":["WP24 AC4 blind2 — every store operation reaches the injected seam"],"fullName":"WP24 AC4 blind2 — every store operation reaches the injected seam truncate touches the io","status":"passed","title":"truncate touches the io","duration":0.184599999999989,"failureMessages":[],"meta":{}},{"ancestorTitles":["WP24 AC4 blind2 — every store operation reaches the injected seam"],"fullName":"WP24 AC4 blind2 — every store operation reaches the injected seam readIndex touches the io","status":"passed","title":"readIndex touches the io","duration":0.23680000000001655,"failureMessages":[],"meta":{}},{"ancestorTitles":["WP24 AC4 blind2 — every store operation reaches the injected seam"],"fullName":"WP24 AC4 blind2 — every store operation reaches the injected seam writeIndex touches the io","status":"passed","title":"writeIndex touches the io","duration":0.1805999999999699,"failureMessages":[],"meta":{}},{"ancestorTitles":["WP24 AC4 blind2 — every store operation reaches the injected seam"],"fullName":"WP24 AC4 blind2 — every store operation reaches the injected seam two stores over two different ios never see each other's data","status":"passed","title":"two stores over two different ios never see each other's data","duration":1.2805999999999926,"failureMessages":[],"meta":{}},{"ancestorTitles":["WP24 AC4 blind2 — every store operation reaches the injected seam"],"fullName":"WP24 AC4 blind2 — every store operation reaches the injected seam a store built over a frozen, empty io object still behaves","status":"passed","title":"a store built over a frozen, empty io object still behaves","duration":0.31689999999997553,"failureMessages":[],"meta":{}},{"ancestorTitles":["WP24 AC4 blind2 — the directory literal exists exactly once"],"fullName":"WP24 AC4 blind2 — the directory literal exists exactly once `.obsidian/liveshare/state` is written out once in the code","status":"passed","title":"`.obsidian/liveshare/state` is written out once in the code","duration":0.2514000000000465,"failureMessages":[],"meta":{}},{"ancestorTitles":["WP24 AC4 blind2 — the directory literal exists exactly once"],"fullName":"WP24 AC4 blind2 — the directory literal exists exactly once no second spelling of the directory sneaks in via segments","status":"passed","title":"no second spelling of the directory sneaks in via segments","duration":0.26799999999997226,"failureMessages":[],"meta":{}},{"ancestorTitles":["WP24 AC4 blind2 — the directory literal exists exactly once"],"fullName":"WP24 AC4 blind2 — the directory literal exists exactly once neither Obsidian nor a filesystem module is imported","status":"passed","title":"neither Obsidian nor a filesystem module is imported","duration":0.3211000000000013,"failureMessages":[],"meta":{}}],"startTime":1785694908300,"endTime":1785694908310.321,"status":"passed","message":"","name":"H:/Developement/_NeuralAngels/liveshareCollab/obsidian-live-share/plugin/src/__tests__/v2blind/wp24_set2/test_tp12_injected_io_module_purity_blind2.test.ts"},{"assertionResults":[{"ancestorTitles":["WP24 AC1 blind2 — views into one shared ArrayBuffer"],"fullName":"WP24 AC1 blind2 — views into one shared ArrayBuffer four appends over one 4 KiB buffer keep their own bytes after the buffer is wiped","status":"passed","title":"four appends over one 4 KiB buffer keep their own bytes after the buffer is wiped","duration":11.462300000000027,"failureMessages":[],"meta":{}},{"ancestorTitles":["WP24 AC1 blind2 — views into one shared ArrayBuffer"],"fullName":"WP24 AC1 blind2 — views into one shared ArrayBuffer no frame is 4096 bytes long — the copy is of the VIEW, not of its buffer","status":"passed","title":"no frame is 4096 bytes long — the copy is of the VIEW, not of its buffer","duration":1.6841000000000008,"failureMessages":[],"meta":{}},{"ancestorTitles":["WP24 AC1 blind2 — views into one shared ArrayBuffer"],"fullName":"WP24 AC1 blind2 — views into one shared ArrayBuffer the wipe value really is absent from the payloads","status":"passed","title":"the wipe value really is absent from the payloads","duration":1.3371000000000208,"failureMessages":[],"meta":{}},{"ancestorTitles":["WP24 AC1 blind2 — views into one shared ArrayBuffer"],"fullName":"WP24 AC1 blind2 — views into one shared ArrayBuffer checkpoint captures the doc as of the call, not as of the await","status":"passed","title":"checkpoint captures the doc as of the call, not as of the await","duration":3.295000000000016,"failureMessages":[],"meta":{}},{"ancestorTitles":["WP24 AC1 blind2 — views into one shared ArrayBuffer"],"fullName":"WP24 AC1 blind2 — views into one shared ArrayBuffer the reconstructed doc from the pooled appends is the original","status":"passed","title":"the reconstructed doc from the pooled appends is the original","duration":3.7013999999999783,"failureMessages":[],"meta":{}}],"startTime":1785694908220,"endTime":1785694908241.7014,"status":"passed","message":"","name":"H:/Developement/_NeuralAngels/liveshareCollab/obsidian-live-share/plugin/src/__tests__/v2blind/wp24_set2/test_tp13_append_snapshots_input_before_await_blind2.test.ts"}]}