{"numTotalTestSuites":29,"numPassedTestSuites":29,"numFailedTestSuites":0,"numPendingTestSuites":0,"numTotalTests":67,"numPassedTests":67,"numFailedTests":0,"numPendingTests":0,"numTodoTests":0,"snapshot":{"added":0,"failure":false,"filesAdded":0,"filesRemoved":0,"filesRemovedList":[],"filesUnmatched":0,"filesUpdated":0,"matched":0,"total":0,"unchecked":0,"uncheckedKeysByFile":[],"unmatched":0,"updated":0,"didUpdate":false},"startTime":1785664530354,"success":true,"testResults":[{"assertionResults":[{"ancestorTitles":["WP24 AC1 blind1 — the directory is one segment under .obsidian/liveshare"],"fullName":"WP24 AC1 blind1 — the directory is one segment under .obsidian/liveshare SIDECAR_DIR decomposes into exactly the three expected segments","status":"passed","title":"SIDECAR_DIR decomposes into exactly the three expected segments","duration":2.5067000000000235,"failureMessages":[],"meta":{}},{"ancestorTitles":["WP24 AC1 blind1 — the directory is one segment under .obsidian/liveshare"],"fullName":"WP24 AC1 blind1 — the directory is one segment under .obsidian/liveshare the two extensions are distinct, dot-prefixed and not substrings of each other","status":"passed","title":"the two extensions are distinct, dot-prefixed and not substrings of each other","duration":0.5955000000000155,"failureMessages":[],"meta":{}},{"ancestorTitles":["WP24 AC1 blind1 — the directory is one segment under .obsidian/liveshare"],"fullName":"WP24 AC1 blind1 — the directory is one segment under .obsidian/liveshare every guid produces a history/checkpoint pair that differs only in the extension","status":"passed","title":"every guid produces a history/checkpoint pair that differs only in the extension","duration":0.47340000000002647,"failureMessages":[],"meta":{}},{"ancestorTitles":["WP24 AC1 blind1 — the directory is one segment under .obsidian/liveshare"],"fullName":"WP24 AC1 blind1 — the directory is one segment under .obsidian/liveshare the index path is not guid-derived and is stable across calls","status":"passed","title":"the index path is not guid-derived and is stable across calls","duration":0.3394000000000119,"failureMessages":[],"meta":{}},{"ancestorTitles":["WP24 AC1 blind1 — adversarial corpus for isSidecarPath"],"fullName":"WP24 AC1 blind1 — adversarial corpus for isSidecarPath accepts every path inside the directory, whatever it is named","status":"passed","title":"accepts every path inside the directory, whatever it is named","duration":0.4037000000000148,"failureMessages":[],"meta":{}},{"ancestorTitles":["WP24 AC1 blind1 — adversarial corpus for isSidecarPath"],"fullName":"WP24 AC1 blind1 — adversarial corpus for isSidecarPath rejects every near miss, including prefix-sharing siblings","status":"passed","title":"rejects every near miss, including prefix-sharing siblings","duration":0.37789999999995416,"failureMessages":[],"meta":{}},{"ancestorTitles":["WP24 AC1 blind1 — adversarial corpus for isSidecarPath"],"fullName":"WP24 AC1 blind1 — adversarial corpus for isSidecarPath agrees with itself across separator and prefix spellings of one file","status":"passed","title":"agrees with itself across separator and prefix spellings of one file","duration":0.2331999999999539,"failureMessages":[],"meta":{}}],"startTime":1785664531309,"endTime":1785664531314.4038,"status":"passed","message":"","name":"H:/Developement/_NeuralAngels/liveshareCollab/obsidian-live-share/plugin/src/__tests__/v2blind/wp24_set1/test_tp01_path_and_predicate_contract_blind1.test.ts"},{"assertionResults":[{"ancestorTitles":["WP24 AC1 blind1 — the history only ever grows at its tail"],"fullName":"WP24 AC1 blind1 — the history only ever grows at its tail the file after append N always starts with the file after append N-1","status":"passed","title":"the file after append N always starts with the file after append N-1","duration":140.11710000000005,"failureMessages":[],"meta":{}},{"ancestorTitles":["WP24 AC1 blind1 — the history only ever grows at its tail"],"fullName":"WP24 AC1 blind1 — the history only ever grows at its tail the encodings really were of differing lengths — no fixed stride to exploit","status":"passed","title":"the encodings really were of differing lengths — no fixed stride to exploit","duration":2.0983999999999696,"failureMessages":[],"meta":{}},{"ancestorTitles":["WP24 AC1 blind1 — the history only ever grows at its tail"],"fullName":"WP24 AC1 blind1 — the history only ever grows at its tail the history path is opened by `append` and by nothing else","status":"passed","title":"the history path is opened by `append` and by nothing else","duration":2.366700000000037,"failureMessages":[],"meta":{}},{"ancestorTitles":["WP24 AC1 blind1 — the history only ever grows at its tail"],"fullName":"WP24 AC1 blind1 — the history only ever grows at its tail interleaving two guids never mixes their bytes","status":"passed","title":"interleaving two guids never mixes their bytes","duration":1.8179999999999836,"failureMessages":[],"meta":{}}],"startTime":1785664531155,"endTime":1785664531301.818,"status":"passed","message":"","name":"H:/Developement/_NeuralAngels/liveshareCollab/obsidian-live-share/plugin/src/__tests__/v2blind/wp24_set1/test_tp02_append_is_append_only_blind1.test.ts"},{"assertionResults":[{"ancestorTitles":["WP24 AC1 blind1 — no instant exists at which the doc is unrecoverable"],"fullName":"WP24 AC1 blind1 — no instant exists at which the doc is unrecoverable at every recorded instant of checkpoint(), checkpoint OR history is non-empty","status":"passed","title":"at every recorded instant of checkpoint(), checkpoint OR history is non-empty","duration":9.622299999999996,"failureMessages":[],"meta":{}},{"ancestorTitles":["WP24 AC1 blind1 — no instant exists at which the doc is unrecoverable"],"fullName":"WP24 AC1 blind1 — no instant exists at which the doc is unrecoverable a process that dies at the truncate step can still be rebuilt from disk","status":"passed","title":"a process that dies at the truncate step can still be rebuilt from disk","duration":4.333900000000085,"failureMessages":[],"meta":{}},{"ancestorTitles":["WP24 AC1 blind1 — no instant exists at which the doc is unrecoverable"],"fullName":"WP24 AC1 blind1 — no instant exists at which the doc is unrecoverable truncate is never entered before the checkpoint write has exited","status":"passed","title":"truncate is never entered before the checkpoint write has exited","duration":1.7835000000000036,"failureMessages":[],"meta":{}}],"startTime":1785664531161,"endTime":1785664531176.7834,"status":"passed","message":"","name":"H:/Developement/_NeuralAngels/liveshareCollab/obsidian-live-share/plugin/src/__tests__/v2blind/wp24_set1/test_tp03_checkpoint_before_truncate_order_blind1.test.ts"},{"assertionResults":[{"ancestorTitles":["WP24 blind1 — the checkpoint alone rebuilds a three-peer state"],"fullName":"WP24 blind1 — the checkpoint alone rebuilds a three-peer state survives the history file being deleted, not merely truncated","status":"passed","title":"survives the history file being deleted, not merely truncated","duration":15.431100000000015,"failureMessages":[],"meta":{}},{"ancestorTitles":["WP24 blind1 — the checkpoint alone rebuilds a three-peer state"],"fullName":"WP24 blind1 — the checkpoint alone rebuilds a three-peer state the state vector really did span three clients — the fixture is not degenerate","status":"passed","title":"the state vector really did span three clients — the fixture is not degenerate","duration":2.310899999999947,"failureMessages":[],"meta":{}},{"ancestorTitles":["WP24 blind1 — the checkpoint alone rebuilds a three-peer state"],"fullName":"WP24 blind1 — the checkpoint alone rebuilds a three-peer state two compactions with edits in between lose nothing","status":"passed","title":"two compactions with edits in between lose nothing","duration":6.53469999999993,"failureMessages":[],"meta":{}},{"ancestorTitles":["WP24 blind1 — the checkpoint alone rebuilds a three-peer state"],"fullName":"WP24 blind1 — the checkpoint alone rebuilds a three-peer state the checkpoint file grows to cover new content rather than staying frozen","status":"passed","title":"the checkpoint file grows to cover new content rather than staying frozen","duration":2.0877000000000407,"failureMessages":[],"meta":{}}],"startTime":1785664531155,"endTime":1785664531181.0876,"status":"passed","message":"","name":"H:/Developement/_NeuralAngels/liveshareCollab/obsidian-live-share/plugin/src/__tests__/v2blind/wp24_set1/test_tp04_checkpoint_is_full_state_blind1.test.ts"},{"assertionResults":[{"ancestorTitles":["WP24 AC2 blind1 — nested types survive the round trip in order"],"fullName":"WP24 AC2 blind1 — nested types survive the round trip in order text content, array order and the state vector all come back identical","status":"passed","title":"text content, array order and the state vector all come back identical","duration":17.823699999999917,"failureMessages":[],"meta":{}},{"ancestorTitles":["WP24 AC2 blind1 — nested types survive the round trip in order"],"fullName":"WP24 AC2 blind1 — nested types survive the round trip in order the fixture is non-trivial: interleaved text and a three-element array","status":"passed","title":"the fixture is non-trivial: interleaved text and a three-element array","duration":1.8226999999999407,"failureMessages":[],"meta":{}},{"ancestorTitles":["WP24 AC2 blind1 — nested types survive the round trip in order"],"fullName":"WP24 AC2 blind1 — nested types survive the round trip in order a checkpoint taken mid-life does not disturb the nested reconstruction","status":"passed","title":"a checkpoint taken mid-life does not disturb the nested reconstruction","duration":4.418699999999944,"failureMessages":[],"meta":{}},{"ancestorTitles":["WP24 AC2 blind1 — nested types survive the round trip in order"],"fullName":"WP24 AC2 blind1 — nested types survive the round trip in order a reloaded replica accepts further peer edits without duplicating history","status":"passed","title":"a reloaded replica accepts further peer edits without duplicating history","duration":4.084899999999948,"failureMessages":[],"meta":{}}],"startTime":1785664531155,"endTime":1785664531183.085,"status":"passed","message":"","name":"H:/Developement/_NeuralAngels/liveshareCollab/obsidian-live-share/plugin/src/__tests__/v2blind/wp24_set1/test_tp05_load_reconstructs_pre_unload_state_blind1.test.ts"},{"assertionResults":[{"ancestorTitles":["WP24 AC2 blind1 — five loads change nothing on disk"],"fullName":"WP24 AC2 blind1 — five loads change nothing on disk total sidecar bytes are constant across five consecutive loads","status":"passed","title":"total sidecar bytes are constant across five consecutive loads","duration":17.06320000000005,"failureMessages":[],"meta":{}},{"ancestorTitles":["WP24 AC2 blind1 — five loads change nothing on disk"],"fullName":"WP24 AC2 blind1 — five loads change nothing on disk a load between two appends neither swallows nor duplicates the appends","status":"passed","title":"a load between two appends neither swallows nor duplicates the appends","duration":3.1866999999999734,"failureMessages":[],"meta":{}},{"ancestorTitles":["WP24 AC2 blind1 — five loads change nothing on disk"],"fullName":"WP24 AC2 blind1 — five loads change nothing on disk loading the same sidecar into ten fresh docs yields ten identical replicas","status":"passed","title":"loading the same sidecar into ten fresh docs yields ten identical replicas","duration":10.500499999999988,"failureMessages":[],"meta":{}}],"startTime":1785664531155,"endTime":1785664531185.5005,"status":"passed","message":"","name":"H:/Developement/_NeuralAngels/liveshareCollab/obsidian-live-share/plugin/src/__tests__/v2blind/wp24_set1/test_tp06_load_is_idempotent_blind1.test.ts"},{"assertionResults":[{"ancestorTitles":["WP24 AC3 blind1 — an absent sidecar is decided from `exists`, not from a thrown read"],"fullName":"WP24 AC3 blind1 — an absent sidecar is decided from `exists`, not from a thrown read returns MISSING against an io whose every mutating method throws","status":"passed","title":"returns MISSING against an io whose every mutating method throws","duration":4.04910000000001,"failureMessages":[],"meta":{}},{"ancestorTitles":["WP24 AC3 blind1 — an absent sidecar is decided from `exists`, not from a thrown read"],"fullName":"WP24 AC3 blind1 — an absent sidecar is decided from `exists`, not from a thrown read repeats identically — MISSING is not a one-shot latch","status":"passed","title":"repeats identically — MISSING is not a one-shot latch","duration":0.6666999999999916,"failureMessages":[],"meta":{}},{"ancestorTitles":["WP24 AC3 blind1 — an absent sidecar is decided from `exists`, not from a thrown read"],"fullName":"WP24 AC3 blind1 — an absent sidecar is decided from `exists`, not from a thrown read history without a checkpoint is NOT a degradation","status":"passed","title":"history without a checkpoint is NOT a degradation","duration":7.478000000000009,"failureMessages":[],"meta":{}},{"ancestorTitles":["WP24 AC3 blind1 — an absent sidecar is decided from `exists`, not from a thrown read"],"fullName":"WP24 AC3 blind1 — an absent sidecar is decided from `exists`, not from a thrown read checkpoint without a history is NOT a degradation","status":"passed","title":"checkpoint without a history is NOT a degradation","duration":2.7110000000000127,"failureMessages":[],"meta":{}},{"ancestorTitles":["WP24 AC3 blind1 — an absent sidecar is decided from `exists`, not from a thrown read"],"fullName":"WP24 AC3 blind1 — an absent sidecar is decided from `exists`, not from a thrown read a doc used for a MISSING load is still writable and still empty","status":"passed","title":"a doc used for a MISSING load is still writable and still empty","duration":3.544399999999996,"failureMessages":[],"meta":{}}],"startTime":1785664531235,"endTime":1785664531253.5444,"status":"passed","message":"","name":"H:/Developement/_NeuralAngels/liveshareCollab/obsidian-live-share/plugin/src/__tests__/v2blind/wp24_set1/test_tp07_missing_sidecar_degradation_blind1.test.ts"},{"assertionResults":[{"ancestorTitles":["WP24 AC3 blind1 — every possible tear of a six-frame history"],"fullName":"WP24 AC3 blind1 — every possible tear of a six-frame history the fixture has six frames and a non-trivial length","status":"passed","title":"the fixture has six frames and a non-trivial length","duration":2.5714000000000397,"failureMessages":[],"meta":{}},{"ancestorTitles":["WP24 AC3 blind1 — every possible tear of a six-frame history"],"fullName":"WP24 AC3 blind1 — every possible tear of a six-frame history answers NONE at a frame boundary and TRUNCATED everywhere else","status":"passed","title":"answers NONE at a frame boundary and TRUNCATED everywhere else","duration":127.59430000000009,"failureMessages":[],"meta":{}},{"ancestorTitles":["WP24 AC3 blind1 — every possible tear of a six-frame history"],"fullName":"WP24 AC3 blind1 — every possible tear of a six-frame history reports the exact frame count at each boundary","status":"passed","title":"reports the exact frame count at each boundary","duration":4.602200000000039,"failureMessages":[],"meta":{}},{"ancestorTitles":["WP24 AC3 blind1 — every possible tear of a six-frame history"],"fullName":"WP24 AC3 blind1 — every possible tear of a six-frame history a tear leaves the file untouched — no self-repair","status":"passed","title":"a tear leaves the file untouched — no self-repair","duration":2.8420999999999594,"failureMessages":[],"meta":{}}],"startTime":1785664531160,"endTime":1785664531297.842,"status":"passed","message":"","name":"H:/Developement/_NeuralAngels/liveshareCollab/obsidian-live-share/plugin/src/__tests__/v2blind/wp24_set1/test_tp08_truncated_history_degradation_blind1.test.ts"},{"assertionResults":[{"ancestorTitles":["WP24 AC3 blind1 — bit-flipped updates are CORRUPT, never fatal"],"fullName":"WP24 AC3 blind1 — bit-flipped updates are CORRUPT, never fatal the corpus is non-empty and every member really is rejected by Yjs","status":"passed","title":"the corpus is non-empty and every member really is rejected by Yjs","duration":7.182499999999891,"failureMessages":[],"meta":{}},{"ancestorTitles":["WP24 AC3 blind1 — bit-flipped updates are CORRUPT, never fatal"],"fullName":"WP24 AC3 blind1 — bit-flipped updates are CORRUPT, never fatal each mutant, framed correctly, yields CORRUPT and an untouched doc","status":"passed","title":"each mutant, framed correctly, yields CORRUPT and an untouched doc","duration":10.502899999999954,"failureMessages":[],"meta":{}},{"ancestorTitles":["WP24 AC3 blind1 — bit-flipped updates are CORRUPT, never fatal"],"fullName":"WP24 AC3 blind1 — bit-flipped updates are CORRUPT, never fatal each mutant as a CHECKPOINT yields CORRUPT too","status":"passed","title":"each mutant as a CHECKPOINT yields CORRUPT too","duration":6.061399999999935,"failureMessages":[],"meta":{}},{"ancestorTitles":["WP24 AC3 blind1 — bit-flipped updates are CORRUPT, never fatal"],"fullName":"WP24 AC3 blind1 — bit-flipped updates are CORRUPT, never fatal the unmutated original loads cleanly through the same path","status":"passed","title":"the unmutated original loads cleanly through the same path","duration":1.3040999999999485,"failureMessages":[],"meta":{}}],"startTime":1785664531175,"endTime":1785664531199.3042,"status":"passed","message":"","name":"H:/Developement/_NeuralAngels/liveshareCollab/obsidian-live-share/plugin/src/__tests__/v2blind/wp24_set1/test_tp09_corrupt_bytes_degradation_blind1.test.ts"},{"assertionResults":[{"ancestorTitles":["WP24 AC3 blind1 — poison at any position leaves the doc pristine"],"fullName":"WP24 AC3 blind1 — poison at any position leaves the doc pristine PREMISE: seven real updates and a payload Yjs refuses","status":"passed","title":"PREMISE: seven real updates and a payload Yjs refuses","duration":6.875999999999976,"failureMessages":[],"meta":{}},{"ancestorTitles":["WP24 AC3 blind1 — poison at any position leaves the doc pristine"],"fullName":"WP24 AC3 blind1 — poison at any position leaves the doc pristine for every poison position the doc is byte-for-byte a doc that never loaded","status":"passed","title":"for every poison position the doc is byte-for-byte a doc that never loaded","duration":9.248599999999954,"failureMessages":[],"meta":{}},{"ancestorTitles":["WP24 AC3 blind1 — poison at any position leaves the doc pristine"],"fullName":"WP24 AC3 blind1 — poison at any position leaves the doc pristine the clean history over the same frames loads all seven — the sweep is not vacuous","status":"passed","title":"the clean history over the same frames loads all seven — the sweep is not vacuous","duration":2.6270000000000664,"failureMessages":[],"meta":{}},{"ancestorTitles":["WP24 AC3 blind1 — poison at any position leaves the doc pristine"],"fullName":"WP24 AC3 blind1 — poison at any position leaves the doc pristine a doc carrying unrelated local work keeps it, unchanged, after a poisoned load","status":"passed","title":"a doc carrying unrelated local work keeps it, unchanged, after a poisoned load","duration":1.9592999999999847,"failureMessages":[],"meta":{}}],"startTime":1785664531240,"endTime":1785664531260.9592,"status":"passed","message":"","name":"H:/Developement/_NeuralAngels/liveshareCollab/obsidian-live-share/plugin/src/__tests__/v2blind/wp24_set1/test_tp10_no_partial_application_blind1.test.ts"},{"assertionResults":[{"ancestorTitles":["WP24 AC3 blind1 — a malformed index never escalates into a throw"],"fullName":"WP24 AC3 blind1 — a malformed index never escalates into a throw empty string degrades to an empty mapping","status":"passed","title":"empty string degrades to an empty mapping","duration":3.165999999999997,"failureMessages":[],"meta":{}},{"ancestorTitles":["WP24 AC3 blind1 — a malformed index never escalates into a throw"],"fullName":"WP24 AC3 blind1 — a malformed index never escalates into a throw whitespace only degrades to an empty mapping","status":"passed","title":"whitespace only degrades to an empty mapping","duration":0.6424000000000092,"failureMessages":[],"meta":{}},{"ancestorTitles":["WP24 AC3 blind1 — a malformed index never escalates into a throw"],"fullName":"WP24 AC3 blind1 — a malformed index never escalates into a throw half object degrades to an empty mapping","status":"passed","title":"half object degrades to an empty mapping","duration":0.3312999999999988,"failureMessages":[],"meta":{}},{"ancestorTitles":["WP24 AC3 blind1 — a malformed index never escalates into a throw"],"fullName":"WP24 AC3 blind1 — a malformed index never escalates into a throw trailing comma degrades to an empty mapping","status":"passed","title":"trailing comma degrades to an empty mapping","duration":0.4060999999999808,"failureMessages":[],"meta":{}},{"ancestorTitles":["WP24 AC3 blind1 — a malformed index never escalates into a throw"],"fullName":"WP24 AC3 blind1 — a malformed index never escalates into a throw array degrades to an empty mapping","status":"passed","title":"array degrades to an empty mapping","duration":0.554300000000012,"failureMessages":[],"meta":{}},{"ancestorTitles":["WP24 AC3 blind1 — a malformed index never escalates into a throw"],"fullName":"WP24 AC3 blind1 — a malformed index never escalates into a throw bare string degrades to an empty mapping","status":"passed","title":"bare string degrades to an empty mapping","duration":0.4300000000000068,"failureMessages":[],"meta":{}},{"ancestorTitles":["WP24 AC3 blind1 — a malformed index never escalates into a throw"],"fullName":"WP24 AC3 blind1 — a malformed index never escalates into a throw number degrades to an empty mapping","status":"passed","title":"number degrades to an empty mapping","duration":0.3250000000000455,"failureMessages":[],"meta":{}},{"ancestorTitles":["WP24 AC3 blind1 — a malformed index never escalates into a throw"],"fullName":"WP24 AC3 blind1 — a malformed index never escalates into a throw null degrades to an empty mapping","status":"passed","title":"null degrades to an empty mapping","duration":0.39159999999998263,"failureMessages":[],"meta":{}},{"ancestorTitles":["WP24 AC3 blind1 — a malformed index never escalates into a throw"],"fullName":"WP24 AC3 blind1 — a malformed index never escalates into a throw true degrades to an empty mapping","status":"passed","title":"true degrades to an empty mapping","duration":0.3221999999999525,"failureMessages":[],"meta":{}},{"ancestorTitles":["WP24 AC3 blind1 — a malformed index never escalates into a throw"],"fullName":"WP24 AC3 blind1 — a malformed index never escalates into a throw nested junk degrades to an empty mapping","status":"passed","title":"nested junk degrades to an empty mapping","duration":0.33229999999997517,"failureMessages":[],"meta":{}},{"ancestorTitles":["WP24 AC3 blind1 — a malformed index never escalates into a throw"],"fullName":"WP24 AC3 blind1 — a malformed index never escalates into a throw binary noise degrades to an empty mapping","status":"passed","title":"binary noise degrades to an empty mapping","duration":0.2237999999999829,"failureMessages":[],"meta":{}},{"ancestorTitles":["WP24 AC3 blind1 — a malformed index never escalates into a throw"],"fullName":"WP24 AC3 blind1 — a malformed index never escalates into a throw duplicate braces degrades to an empty mapping","status":"passed","title":"duplicate braces degrades to an empty mapping","duration":0.282100000000014,"failureMessages":[],"meta":{}},{"ancestorTitles":["WP24 AC3 blind1 — a malformed index never escalates into a throw"],"fullName":"WP24 AC3 blind1 — a malformed index never escalates into a throw a valid mapping mixed with invalid values keeps only the string entries","status":"passed","title":"a valid mapping mixed with invalid values keeps only the string entries","duration":0.2728999999999928,"failureMessages":[],"meta":{}},{"ancestorTitles":["WP24 blind1 — index round trip survives awkward paths"],"fullName":"WP24 blind1 — index round trip survives awkward paths writes and reads back every awkward path unchanged","status":"passed","title":"writes and reads back every awkward path unchanged","duration":0.8394000000000119,"failureMessages":[],"meta":{}},{"ancestorTitles":["WP24 blind1 — index round trip survives awkward paths"],"fullName":"WP24 blind1 — index round trip survives awkward paths the bytes on disk parse as JSON with exactly those five keys","status":"passed","title":"the bytes on disk parse as JSON with exactly those five keys","duration":0.5296999999999912,"failureMessages":[],"meta":{}},{"ancestorTitles":["WP24 blind1 — index round trip survives awkward paths"],"fullName":"WP24 blind1 — index round trip survives awkward paths an empty mapping round-trips as an empty mapping, not as a missing file","status":"passed","title":"an empty mapping round-trips as an empty mapping, not as a missing file","duration":0.3139000000000465,"failureMessages":[],"meta":{}}],"startTime":1785664531288,"endTime":1785664531298.314,"status":"passed","message":"","name":"H:/Developement/_NeuralAngels/liveshareCollab/obsidian-live-share/plugin/src/__tests__/v2blind/wp24_set1/test_tp11_index_degradation_and_round_trip_blind1.test.ts"},{"assertionResults":[{"ancestorTitles":["WP24 AC4 blind1 — the import block is exactly what it is licensed to be"],"fullName":"WP24 AC4 blind1 — the import block is exactly what it is licensed to be imports only `yjs` and relative modules, nothing else","status":"passed","title":"imports only `yjs` and relative modules, nothing else","duration":1.690999999999974,"failureMessages":[],"meta":{}},{"ancestorTitles":["WP24 AC4 blind1 — the import block is exactly what it is licensed to be"],"fullName":"WP24 AC4 blind1 — the import block is exactly what it is licensed to be no dynamic import and no require anywhere in the file","status":"passed","title":"no dynamic import and no require anywhere in the file","duration":0.45839999999998327,"failureMessages":[],"meta":{}},{"ancestorTitles":["WP24 AC4 blind1 — the import block is exactly what it is licensed to be"],"fullName":"WP24 AC4 blind1 — the import block is exactly what it is licensed to be names no filesystem or Obsidian symbol outside a comment","status":"passed","title":"names no filesystem or Obsidian symbol outside a comment","duration":0.5018000000000029,"failureMessages":[],"meta":{}},{"ancestorTitles":["WP24 AC4 blind1 — the export list offers no way back to a real disk"],"fullName":"WP24 AC4 blind1 — the export list offers no way back to a real disk exports the pinned surface","status":"passed","title":"exports the pinned surface","duration":0.5541999999999803,"failureMessages":[],"meta":{}},{"ancestorTitles":["WP24 AC4 blind1 — the export list offers no way back to a real disk"],"fullName":"WP24 AC4 blind1 — the export list offers no way back to a real disk exports no concrete IO adapter or default IO instance","status":"passed","title":"exports no concrete IO adapter or default IO instance","duration":0.29670000000004393,"failureMessages":[],"meta":{}},{"ancestorTitles":["WP24 AC4 blind1 — the export list offers no way back to a real disk"],"fullName":"WP24 AC4 blind1 — the export list offers no way back to a real disk createSidecarStore is the only exported factory","status":"passed","title":"createSidecarStore is the only exported factory","duration":0.213799999999992,"failureMessages":[],"meta":{}}],"startTime":1785664531345,"endTime":1785664531348.5542,"status":"passed","message":"","name":"H:/Developement/_NeuralAngels/liveshareCollab/obsidian-live-share/plugin/src/__tests__/v2blind/wp24_set1/test_tp12_injected_io_module_purity_blind1.test.ts"},{"assertionResults":[{"ancestorTitles":["WP24 AC1 blind1 — a three-slot ring buffer feeding twelve appends"],"fullName":"WP24 AC1 blind1 — a three-slot ring buffer feeding twelve appends every frame holds the payload as it was at its own call","status":"passed","title":"every frame holds the payload as it was at its own call","duration":30.612799999999936,"failureMessages":[],"meta":{}},{"ancestorTitles":["WP24 AC1 blind1 — a three-slot ring buffer feeding twelve appends"],"fullName":"WP24 AC1 blind1 — a three-slot ring buffer feeding twelve appends the recycled content really differs from the payloads","status":"passed","title":"the recycled content really differs from the payloads","duration":1.5208000000000084,"failureMessages":[],"meta":{}},{"ancestorTitles":["WP24 AC1 blind1 — a three-slot ring buffer feeding twelve appends"],"fullName":"WP24 AC1 blind1 — a three-slot ring buffer feeding twelve appends the reconstructed doc from those frames is the original doc","status":"passed","title":"the reconstructed doc from those frames is the original doc","duration":6.760400000000004,"failureMessages":[],"meta":{}}],"startTime":1785664531192,"endTime":1785664531230.7605,"status":"passed","message":"","name":"H:/Developement/_NeuralAngels/liveshareCollab/obsidian-live-share/plugin/src/__tests__/v2blind/wp24_set1/test_tp13_append_snapshots_input_before_await_blind1.test.ts"}]}