{"numTotalTestSuites":21,"numPassedTestSuites":21,"numFailedTestSuites":0,"numPendingTestSuites":0,"numTotalTests":47,"numPassedTests":47,"numFailedTests":0,"numPendingTests":0,"numTodoTests":0,"snapshot":{"added":0,"failure":false,"filesAdded":0,"filesRemoved":0,"filesRemovedList":[],"filesUnmatched":0,"filesUpdated":0,"matched":0,"total":0,"unchecked":0,"uncheckedKeysByFile":[],"unmatched":0,"updated":0,"didUpdate":false},"startTime":1785694913386,"success":true,"testResults":[{"assertionResults":[{"ancestorTitles":["WP25 AC1 blind2 — peer sync waits behind the sidecar PROBE, not just its read"],"fullName":"WP25 AC1 blind2 — peer sync waits behind the sidecar PROBE, not just its read a slow `exists` holds peer sync back (sidecar present)","status":"passed","title":"a slow `exists` holds peer sync back (sidecar present)","duration":15.813200000000052,"failureMessages":[],"meta":{}},{"ancestorTitles":["WP25 AC1 blind2 — peer sync waits behind the sidecar PROBE, not just its read"],"fullName":"WP25 AC1 blind2 — peer sync waits behind the sidecar PROBE, not just its read a slow `exists` holds peer sync back on the ABSENT-sidecar path too","status":"passed","title":"a slow `exists` holds peer sync back on the ABSENT-sidecar path too","duration":1.8176999999999452,"failureMessages":[],"meta":{}},{"ancestorTitles":["WP25 AC1 blind2 — peer sync waits behind the sidecar PROBE, not just its read"],"fullName":"WP25 AC1 blind2 — peer sync waits behind the sidecar PROBE, not just its read the load VERDICT is known before peer sync, not merely started","status":"passed","title":"the load VERDICT is known before peer sync, not merely started","duration":1.6277000000000044,"failureMessages":[],"meta":{}},{"ancestorTitles":["WP25 AC1 blind2 — peer sync waits behind the sidecar PROBE, not just its read"],"fullName":"WP25 AC1 blind2 — peer sync waits behind the sidecar PROBE, not just its read a CORRUPT sidecar is a verdict, not a throw, and still precedes peer sync","status":"passed","title":"a CORRUPT sidecar is a verdict, not a throw, and still precedes peer sync","duration":2.30580000000009,"failureMessages":[],"meta":{}}],"startTime":1785694914266,"endTime":1785694914287.306,"status":"passed","message":"","name":"H:/Developement/_NeuralAngels/liveshareCollab/obsidian-live-share/plugin/src/__tests__/v2blind/wp25_set2/test_tp01_sidecar_load_before_peer_sync_blind2.test.ts"},{"assertionResults":[{"ancestorTitles":["WP25 AC2 blind2 — an update never lands in the history twice"],"fullName":"WP25 AC2 blind2 — an update never lands in the history twice attaching the same guid and doc twice does not double the channel","status":"passed","title":"attaching the same guid and doc twice does not double the channel","duration":9.76030000000003,"failureMessages":[],"meta":{}},{"ancestorTitles":["WP25 AC2 blind2 — an update never lands in the history twice"],"fullName":"WP25 AC2 blind2 — an update never lands in the history twice re-attaching with a REPLACEMENT doc retires the old one's handler","status":"passed","title":"re-attaching with a REPLACEMENT doc retires the old one's handler","duration":1.5242000000000644,"failureMessages":[],"meta":{}},{"ancestorTitles":["WP25 AC2 blind2 — an update never lands in the history twice"],"fullName":"WP25 AC2 blind2 — an update never lands in the history twice detach → attach re-installs exactly one handler","status":"passed","title":"detach → attach re-installs exactly one handler","duration":0.7519000000000915,"failureMessages":[],"meta":{}},{"ancestorTitles":["WP25 AC2 blind2 — an update never lands in the history twice"],"fullName":"WP25 AC2 blind2 — an update never lands in the history twice a compaction's own removal transaction is not double-counted","status":"passed","title":"a compaction's own removal transaction is not double-counted","duration":5.307300000000055,"failureMessages":[],"meta":{}},{"ancestorTitles":["WP25 AC2 blind2 — an update never lands in the history twice"],"fullName":"WP25 AC2 blind2 — an update never lands in the history twice nothing is lost either — the reconstructed doc still holds every record","status":"passed","title":"nothing is lost either — the reconstructed doc still holds every record","duration":5.9284000000000106,"failureMessages":[],"meta":{}}],"startTime":1785694914268,"endTime":1785694914291.9285,"status":"passed","message":"","name":"H:/Developement/_NeuralAngels/liveshareCollab/obsidian-live-share/plugin/src/__tests__/v2blind/wp25_set2/test_tp02_every_update_appended_once_blind2.test.ts"},{"assertionResults":[{"ancestorTitles":["WP25 AC2 blind2 — the peer keeps working while this client is away"],"fullName":"WP25 AC2 blind2 — the peer keeps working while this client is away the returning replica converges with the peer that never left","status":"passed","title":"the returning replica converges with the peer that never left","duration":17.483100000000036,"failureMessages":[],"meta":{}},{"ancestorTitles":["WP25 AC2 blind2 — the peer keeps working while this client is away"],"fullName":"WP25 AC2 blind2 — the peer keeps working while this client is away the catch-up is appended, and the replayed history is not appended again","status":"passed","title":"the catch-up is appended, and the replayed history is not appended again","duration":5.172600000000102,"failureMessages":[],"meta":{}},{"ancestorTitles":["WP25 AC2 blind2 — the peer keeps working while this client is away"],"fullName":"WP25 AC2 blind2 — the peer keeps working while this client is away a delete taken while away survives the return, and does not resurrect","status":"passed","title":"a delete taken while away survives the return, and does not resurrect","duration":3.4898000000000593,"failureMessages":[],"meta":{}}],"startTime":1785694914247,"endTime":1785694914273.4897,"status":"passed","message":"","name":"H:/Developement/_NeuralAngels/liveshareCollab/obsidian-live-share/plugin/src/__tests__/v2blind/wp25_set2/test_tp03_no_update_lost_across_resubscribe_blind2.test.ts"},{"assertionResults":[{"ancestorTitles":["WP25 AC3 blind2 — the period is documented and it keeps firing"],"fullName":"WP25 AC3 blind2 — the period is documented and it keeps firing the two tunables are exported and their names disambiguate the unit","status":"passed","title":"the two tunables are exported and their names disambiguate the unit","duration":3.846900000000005,"failureMessages":[],"meta":{}},{"ancestorTitles":["WP25 AC3 blind2 — the period is documented and it keeps firing"],"fullName":"WP25 AC3 blind2 — the period is documented and it keeps firing twenty periods produce twenty compactions","status":"passed","title":"twenty periods produce twenty compactions","duration":16.49929999999995,"failureMessages":[],"meta":{}},{"ancestorTitles":["WP25 AC3 blind2 — the period is documented and it keeps firing"],"fullName":"WP25 AC3 blind2 — the period is documented and it keeps firing an idle board is still compacted — the timer is not edit-driven","status":"passed","title":"an idle board is still compacted — the timer is not edit-driven","duration":1.4355000000000473,"failureMessages":[],"meta":{}},{"ancestorTitles":["WP25 AC3 blind2 — the period is documented and it keeps firing"],"fullName":"WP25 AC3 blind2 — the period is documented and it keeps firing attaching after the timer is armed still gets the doc compacted","status":"passed","title":"attaching after the timer is armed still gets the doc compacted","duration":1.0874000000000024,"failureMessages":[],"meta":{}},{"ancestorTitles":["WP25 AC3 blind2 — the period is documented and it keeps firing"],"fullName":"WP25 AC3 blind2 — the period is documented and it keeps firing destroy is idempotent and leaves no timer behind","status":"passed","title":"destroy is idempotent and leaves no timer behind","duration":0.9519000000000233,"failureMessages":[],"meta":{}}],"startTime":1785694914248,"endTime":1785694914271.952,"status":"passed","message":"","name":"H:/Developement/_NeuralAngels/liveshareCollab/obsidian-live-share/plugin/src/__tests__/v2blind/wp25_set2/test_tp04_compaction_period_is_tunable_blind2.test.ts"},{"assertionResults":[{"ancestorTitles":["WP25 AC3 blind2 — GC is what makes the compacted checkpoint smaller"],"fullName":"WP25 AC3 blind2 — GC is what makes the compacted checkpoint smaller both twins collect the same tombstones (premise)","status":"passed","title":"both twins collect the same tombstones (premise)","duration":14.57650000000001,"failureMessages":[],"meta":{}},{"ancestorTitles":["WP25 AC3 blind2 — GC is what makes the compacted checkpoint smaller"],"fullName":"WP25 AC3 blind2 — GC is what makes the compacted checkpoint smaller the GC-disabled twin's checkpoint is strictly larger","status":"passed","title":"the GC-disabled twin's checkpoint is strictly larger","duration":3.075800000000072,"failureMessages":[],"meta":{}},{"ancestorTitles":["WP25 AC3 blind2 — GC is what makes the compacted checkpoint smaller"],"fullName":"WP25 AC3 blind2 — GC is what makes the compacted checkpoint smaller and yet both project identically — GC removed nothing anyone can see","status":"passed","title":"and yet both project identically — GC removed nothing anyone can see","duration":4.201999999999998,"failureMessages":[],"meta":{}},{"ancestorTitles":["WP25 AC3 blind2 — GC is what makes the compacted checkpoint smaller"],"fullName":"WP25 AC3 blind2 — GC is what makes the compacted checkpoint smaller the compaction does not swap the doc for a fresh one","status":"passed","title":"the compaction does not swap the doc for a fresh one","duration":1.2269000000000005,"failureMessages":[],"meta":{}},{"ancestorTitles":["WP25 AC3 blind2 — GC is what makes the compacted checkpoint smaller"],"fullName":"WP25 AC3 blind2 — GC is what makes the compacted checkpoint smaller this replica's own clock never moves BACKWARDS across a compaction","status":"passed","title":"this replica's own clock never moves BACKWARDS across a compaction","duration":1.8465999999999667,"failureMessages":[],"meta":{}}],"startTime":1785694914249,"endTime":1785694914273.8467,"status":"passed","message":"","name":"H:/Developement/_NeuralAngels/liveshareCollab/obsidian-live-share/plugin/src/__tests__/v2blind/wp25_set2/test_tp05_compaction_uses_yjs_gc_blind2.test.ts"},{"assertionResults":[{"ancestorTitles":["WP25 AC3 blind2 — collection routes through the one suppression rule"],"fullName":"WP25 AC3 blind2 — collection routes through the one suppression rule a MALFORMED tombstone is never collected, however old it looks","status":"passed","title":"a MALFORMED tombstone is never collected, however old it looks","duration":10.754300000000057,"failureMessages":[],"meta":{}},{"ancestorTitles":["WP25 AC3 blind2 — collection routes through the one suppression rule"],"fullName":"WP25 AC3 blind2 — collection routes through the one suppression rule a peer that merges the compaction agrees about what is visible","status":"passed","title":"a peer that merges the compaction agrees about what is visible","duration":6.817999999999984,"failureMessages":[],"meta":{}},{"ancestorTitles":["WP25 AC3 blind2 — collection routes through the one suppression rule"],"fullName":"WP25 AC3 blind2 — collection routes through the one suppression rule a peer's concurrent UNDO of a collected id does not resurrect a husk","status":"passed","title":"a peer's concurrent UNDO of a collected id does not resurrect a husk","duration":4.144400000000019,"failureMessages":[],"meta":{}},{"ancestorTitles":["WP25 AC3 blind2 — collection routes through the one suppression rule"],"fullName":"WP25 AC3 blind2 — collection routes through the one suppression rule a tombstone whose record is already gone is still collected, and does not throw","status":"passed","title":"a tombstone whose record is already gone is still collected, and does not throw","duration":1.0755000000000337,"failureMessages":[],"meta":{}}],"startTime":1785694914248,"endTime":1785694914271.0754,"status":"passed","message":"","name":"H:/Developement/_NeuralAngels/liveshareCollab/obsidian-live-share/plugin/src/__tests__/v2blind/wp25_set2/test_tp06_tombstone_horizon_gc_blind2.test.ts"},{"assertionResults":[{"ancestorTitles":["WP25 AC3 blind2 — whichever replica compacted, all three agree"],"fullName":"WP25 AC3 blind2 — whichever replica compacted, all three agree the board is non-trivial before anything is compacted (premise)","status":"passed","title":"the board is non-trivial before anything is compacted (premise)","duration":12.762299999999982,"failureMessages":[],"meta":{}},{"ancestorTitles":["WP25 AC3 blind2 — whichever replica compacted, all three agree"],"fullName":"WP25 AC3 blind2 — whichever replica compacted, all three agree replica 0 compacts and all three converge to one projection","status":"passed","title":"replica 0 compacts and all three converge to one projection","duration":9.617799999999988,"failureMessages":[],"meta":{}},{"ancestorTitles":["WP25 AC3 blind2 — whichever replica compacted, all three agree"],"fullName":"WP25 AC3 blind2 — whichever replica compacted, all three agree replica 1 compacts and all three converge to one projection","status":"passed","title":"replica 1 compacts and all three converge to one projection","duration":6.179399999999987,"failureMessages":[],"meta":{}},{"ancestorTitles":["WP25 AC3 blind2 — whichever replica compacted, all three agree"],"fullName":"WP25 AC3 blind2 — whichever replica compacted, all three agree replica 2 compacts and all three converge to one projection","status":"passed","title":"replica 2 compacts and all three converge to one projection","duration":6.462499999999977,"failureMessages":[],"meta":{}},{"ancestorTitles":["WP25 AC3 blind2 — whichever replica compacted, all three agree"],"fullName":"WP25 AC3 blind2 — whichever replica compacted, all three agree two replicas compacting independently still converge","status":"passed","title":"two replicas compacting independently still converge","duration":5.022299999999973,"failureMessages":[],"meta":{}}],"startTime":1785694914248,"endTime":1785694914289.0222,"status":"passed","message":"","name":"H:/Developement/_NeuralAngels/liveshareCollab/obsidian-live-share/plugin/src/__tests__/v2blind/wp25_set2/test_tp07_compaction_preserves_observable_state_blind2.test.ts"},{"assertionResults":[{"ancestorTitles":["WP25 AC4 blind2 — the cold-open branch is decided AFTER the sidecar load"],"fullName":"WP25 AC4 blind2 — the cold-open branch is decided AFTER the sidecar load sidecar present → the branch is doc-wins and the stale file is overwritten","status":"passed","title":"sidecar present → the branch is doc-wins and the stale file is overwritten","duration":14.317100000000096,"failureMessages":[],"meta":{}},{"ancestorTitles":["WP25 AC4 blind2 — the cold-open branch is decided AFTER the sidecar load"],"fullName":"WP25 AC4 blind2 — the cold-open branch is decided AFTER the sidecar load sidecar ABSENT → the branch is seeded-from-file, exactly as before WP25","status":"passed","title":"sidecar ABSENT → the branch is seeded-from-file, exactly as before WP25","duration":3.267900000000054,"failureMessages":[],"meta":{}},{"ancestorTitles":["WP25 AC4 blind2 — the cold-open branch is decided AFTER the sidecar load"],"fullName":"WP25 AC4 blind2 — the cold-open branch is decided AFTER the sidecar load sidecar absent AND file absent → empty, and no CRDT delta at all","status":"passed","title":"sidecar absent AND file absent → empty, and no CRDT delta at all","duration":0.698699999999917,"failureMessages":[],"meta":{}},{"ancestorTitles":["WP25 AC4 blind2 — the cold-open branch is decided AFTER the sidecar load"],"fullName":"WP25 AC4 blind2 — the cold-open branch is decided AFTER the sidecar load a DEGRADED sidecar falls back to seeded-from-file rather than to nothing","status":"passed","title":"a DEGRADED sidecar falls back to seeded-from-file rather than to nothing","duration":2.445500000000038,"failureMessages":[],"meta":{}}],"startTime":1785694914249,"endTime":1785694914270.4456,"status":"passed","message":"","name":"H:/Developement/_NeuralAngels/liveshareCollab/obsidian-live-share/plugin/src/__tests__/v2blind/wp25_set2/test_tp08_coldopen_ordering_preserved_blind2.test.ts"},{"assertionResults":[{"ancestorTitles":["WP25 blind2 — a rename survives a restart because handleRename is wired"],"fullName":"WP25 blind2 — a rename survives a restart because handleRename is wired index.json, meta.path and the manifest all move; the doc does not","status":"passed","title":"index.json, meta.path and the manifest all move; the doc does not","duration":14.46690000000001,"failureMessages":[],"meta":{}},{"ancestorTitles":["WP25 blind2 — a rename survives a restart because handleRename is wired"],"fullName":"WP25 blind2 — a rename survives a restart because handleRename is wired the NEXT session resolves the new path offline, and the old one not at all","status":"passed","title":"the NEXT session resolves the new path offline, and the old one not at all","duration":6.994399999999928,"failureMessages":[],"meta":{}},{"ancestorTitles":["WP25 blind2 — a rename survives a restart because handleRename is wired"],"fullName":"WP25 blind2 — a rename survives a restart because handleRename is wired the vault rename handler calls handleRename, on the rename path","status":"passed","title":"the vault rename handler calls handleRename, on the rename path","duration":0.30570000000000164,"failureMessages":[],"meta":{}},{"ancestorTitles":["WP25 blind2 — the lifecycle module re-spells nothing it consumes"],"fullName":"WP25 blind2 — the lifecycle module re-spells nothing it consumes no sidecar directory, extension or filename literal","status":"passed","title":"no sidecar directory, extension or filename literal","duration":0.5810000000000173,"failureMessages":[],"meta":{}},{"ancestorTitles":["WP25 blind2 — the lifecycle module re-spells nothing it consumes"],"fullName":"WP25 blind2 — the lifecycle module re-spells nothing it consumes no doc-id prefix and no meta-key literal","status":"passed","title":"no doc-id prefix and no meta-key literal","duration":0.3267999999999347,"failureMessages":[],"meta":{}},{"ancestorTitles":["WP25 blind2 — the lifecycle module re-spells nothing it consumes"],"fullName":"WP25 blind2 — the lifecycle module re-spells nothing it consumes it imports the names it uses from their owning modules","status":"passed","title":"it imports the names it uses from their owning modules","duration":0.2436999999999898,"failureMessages":[],"meta":{}},{"ancestorTitles":["WP25 blind2 — the lifecycle module re-spells nothing it consumes"],"fullName":"WP25 blind2 — the lifecycle module re-spells nothing it consumes the tombstone container name is imported, not spelt","status":"passed","title":"the tombstone container name is imported, not spelt","duration":0.18380000000001928,"failureMessages":[],"meta":{}}],"startTime":1785694914268,"endTime":1785694914291.2437,"status":"passed","message":"","name":"H:/Developement/_NeuralAngels/liveshareCollab/obsidian-live-share/plugin/src/__tests__/v2blind/wp25_set2/test_tp09_identity_store_wired_over_sidecar_blind2.test.ts"},{"assertionResults":[{"ancestorTitles":["WP25 blind2 — index.json is guid → path, and it is scanned by VALUE"],"fullName":"WP25 blind2 — index.json is guid → path, and it is scanned by VALUE a path is resolved from an index that holds several boards","status":"passed","title":"a path is resolved from an index that holds several boards","duration":8.900699999999972,"failureMessages":[],"meta":{}},{"ancestorTitles":["WP25 blind2 — index.json is guid → path, and it is scanned by VALUE"],"fullName":"WP25 blind2 — index.json is guid → path, and it is scanned by VALUE the guid the index yields is the one the OTHER board does not use","status":"passed","title":"the guid the index yields is the one the OTHER board does not use","duration":1.5008000000000266,"failureMessages":[],"meta":{}},{"ancestorTitles":["WP25 blind2 — index.json is guid → path, and it is scanned by VALUE"],"fullName":"WP25 blind2 — index.json is guid → path, and it is scanned by VALUE a rename leaves ONE row for the path, never two","status":"passed","title":"a rename leaves ONE row for the path, never two","duration":1.8063999999999396,"failureMessages":[],"meta":{}},{"ancestorTitles":["WP25 blind2 — index.json is guid → path, and it is scanned by VALUE"],"fullName":"WP25 blind2 — index.json is guid → path, and it is scanned by VALUE unbind clears the guid with a BLANK value and keeps the manifest entry","status":"passed","title":"unbind clears the guid with a BLANK value and keeps the manifest entry","duration":0.7576000000000249,"failureMessages":[],"meta":{}},{"ancestorTitles":["WP25 blind2 — index.json is guid → path, and it is scanned by VALUE"],"fullName":"WP25 blind2 — index.json is guid → path, and it is scanned by VALUE bind is idempotent and rewrites nothing when the mapping already agrees","status":"passed","title":"bind is idempotent and rewrites nothing when the mapping already agrees","duration":0.5232999999999493,"failureMessages":[],"meta":{}}],"startTime":1785694914300,"endTime":1785694914314.5232,"status":"passed","message":"","name":"H:/Developement/_NeuralAngels/liveshareCollab/obsidian-live-share/plugin/src/__tests__/v2blind/wp25_set2/test_tp10_guid_resolves_without_manifest_blind2.test.ts"}]}