{"numTotalTestSuites":30,"numPassedTestSuites":30,"numFailedTestSuites":0,"numPendingTestSuites":0,"numTotalTests":50,"numPassedTests":50,"numFailedTests":0,"numPendingTests":0,"numTodoTests":0,"snapshot":{"added":0,"failure":false,"filesAdded":0,"filesRemoved":0,"filesRemovedList":[],"filesUnmatched":0,"filesUpdated":0,"matched":0,"total":0,"unchecked":0,"uncheckedKeysByFile":[],"unmatched":0,"updated":0,"didUpdate":false},"startTime":1785694919094,"success":true,"testResults":[{"assertionResults":[{"ancestorTitles":["WP26 blind2 — the host seed never lifts replica state into a CRDT"],"fullName":"WP26 blind2 — the host seed never lifts replica state into a CRDT no sidecar byte appears in any Y.Text after a host replay","status":"passed","title":"no sidecar byte appears in any Y.Text after a host replay","duration":12.274400000000014,"failureMessages":[],"meta":{}},{"ancestorTitles":["WP26 blind2 — the host seed never lifts replica state into a CRDT"],"fullName":"WP26 blind2 — the host seed never lifts replica state into a CRDT the sidecar files on disk are byte-identical after a host replay","status":"passed","title":"the sidecar files on disk are byte-identical after a host replay","duration":1.7322000000000344,"failureMessages":[],"meta":{}},{"ancestorTitles":["WP26 blind2 — the guest replay never materialises replica state from a peer"],"fullName":"WP26 blind2 — the guest replay never materialises replica state from a peer a peer that publishes sidecar entries cannot make this client create them","status":"passed","title":"a peer that publishes sidecar entries cannot make this client create them","duration":3.054300000000012,"failureMessages":[],"meta":{}}],"startTime":1785694919673,"endTime":1785694919690.0542,"status":"passed","message":"","name":"H:/Developement/_NeuralAngels/liveshareCollab/obsidian-live-share/plugin/src/__tests__/v2blind/wp26_set2/test_tp01_startall_manifest_replay_blind2.test.ts"},{"assertionResults":[{"ancestorTitles":["WP26 blind2 — a peer-announced create cannot smuggle in a replica path"],"fullName":"WP26 blind2 — a peer-announced create cannot smuggle in a replica path no spelling of the replica index produces a document","status":"passed","title":"no spelling of the replica index produces a document","duration":5.411299999999983,"failureMessages":[],"meta":{}},{"ancestorTitles":["WP26 blind2 — a peer-announced create cannot smuggle in a replica path"],"fullName":"WP26 blind2 — a peer-announced create cannot smuggle in a replica path no observer and no disk write survives the whole hostile batch","status":"passed","title":"no observer and no disk write survives the whole hostile batch","duration":1.6225000000000023,"failureMessages":[],"meta":{}},{"ancestorTitles":["WP26 blind2 — a peer-announced create cannot smuggle in a replica path"],"fullName":"WP26 blind2 — a peer-announced create cannot smuggle in a replica path ordinary config-directory content is NOT swept up by the new exclusion","status":"passed","title":"ordinary config-directory content is NOT swept up by the new exclusion","duration":4.776099999999985,"failureMessages":[],"meta":{}}],"startTime":1785694919769,"endTime":1785694919780.7761,"status":"passed","message":"","name":"H:/Developement/_NeuralAngels/liveshareCollab/obsidian-live-share/plugin/src/__tests__/v2blind/wp26_set2/test_tp02_on_file_added_blind2.test.ts"},{"assertionResults":[{"ancestorTitles":["WP26 blind2 — a rename into the replica directory moves no bytes into shared state"],"fullName":"WP26 blind2 — a rename into the replica directory moves no bytes into shared state the host seed never reads the replica file into a Y.Text","status":"passed","title":"the host seed never reads the replica file into a Y.Text","duration":4.826000000000022,"failureMessages":[],"meta":{}},{"ancestorTitles":["WP26 blind2 — a rename into the replica directory moves no bytes into shared state"],"fullName":"WP26 blind2 — a rename into the replica directory moves no bytes into shared state POSITIVE CONTROL — the same host seed DOES lift an ordinary rename target","status":"passed","title":"POSITIVE CONTROL — the same host seed DOES lift an ordinary rename target","duration":5.519499999999994,"failureMessages":[],"meta":{}},{"ancestorTitles":["WP26 blind2 — a rename out of the replica directory resumes sharing"],"fullName":"WP26 blind2 — a rename out of the replica directory resumes sharing the rescued file's bytes DO reach shared state","status":"passed","title":"the rescued file's bytes DO reach shared state","duration":1.3462999999999852,"failureMessages":[],"meta":{}},{"ancestorTitles":["WP26 blind2 — a rename out of the replica directory resumes sharing"],"fullName":"WP26 blind2 — a rename out of the replica directory resumes sharing and the replica source is left with no document of its own","status":"passed","title":"and the replica source is left with no document of its own","duration":0.9809999999999945,"failureMessages":[],"meta":{}},{"ancestorTitles":["WP26 blind2 — the guest branch cannot write a CRDT onto a replica path"],"fullName":"WP26 blind2 — the guest branch cannot write a CRDT onto a replica path remote content is not materialised at the renamed-to replica path","status":"passed","title":"remote content is not materialised at the renamed-to replica path","duration":1.1967000000000212,"failureMessages":[],"meta":{}}],"startTime":1785694919704,"endTime":1785694919718.1968,"status":"passed","message":"","name":"H:/Developement/_NeuralAngels/liveshareCollab/obsidian-live-share/plugin/src/__tests__/v2blind/wp26_set2/test_tp03_on_file_renamed_blind2.test.ts"},{"assertionResults":[{"ancestorTitles":["WP26 blind2 — every syncFromManifest caller shape refuses the replica entries","join (no options at all)"],"fullName":"WP26 blind2 — every syncFromManifest caller shape refuses the replica entries join (no options at all) never overwrites an EXISTING replica file on disk","status":"passed","title":"never overwrites an EXISTING replica file on disk","duration":10.872500000000002,"failureMessages":[],"meta":{}},{"ancestorTitles":["WP26 blind2 — every syncFromManifest caller shape refuses the replica entries","join (no options at all)"],"fullName":"WP26 blind2 — every syncFromManifest caller shape refuses the replica entries join (no options at all) never creates a replica file that is absent locally","status":"passed","title":"never creates a replica file that is absent locally","duration":1.6347000000000094,"failureMessages":[],"meta":{}},{"ancestorTitles":["WP26 blind2 — every syncFromManifest caller shape refuses the replica entries","reconnect (mute + unmute)"],"fullName":"WP26 blind2 — every syncFromManifest caller shape refuses the replica entries reconnect (mute + unmute) never overwrites an EXISTING replica file on disk","status":"passed","title":"never overwrites an EXISTING replica file on disk","duration":1.56940000000003,"failureMessages":[],"meta":{}},{"ancestorTitles":["WP26 blind2 — every syncFromManifest caller shape refuses the replica entries","reconnect (mute + unmute)"],"fullName":"WP26 blind2 — every syncFromManifest caller shape refuses the replica entries reconnect (mute + unmute) never creates a replica file that is absent locally","status":"passed","title":"never creates a replica file that is absent locally","duration":1.169900000000041,"failureMessages":[],"meta":{}},{"ancestorTitles":["WP26 blind2 — every syncFromManifest caller shape refuses the replica entries","reload-from-host (with requestBinary)"],"fullName":"WP26 blind2 — every syncFromManifest caller shape refuses the replica entries reload-from-host (with requestBinary) never overwrites an EXISTING replica file on disk","status":"passed","title":"never overwrites an EXISTING replica file on disk","duration":1.4983000000000288,"failureMessages":[],"meta":{}},{"ancestorTitles":["WP26 blind2 — every syncFromManifest caller shape refuses the replica entries","reload-from-host (with requestBinary)"],"fullName":"WP26 blind2 — every syncFromManifest caller shape refuses the replica entries reload-from-host (with requestBinary) never creates a replica file that is absent locally","status":"passed","title":"never creates a replica file that is absent locally","duration":1.1908999999999992,"failureMessages":[],"meta":{}},{"ancestorTitles":["WP26 blind2 — every syncFromManifest caller shape refuses the replica entries","initial (skipText: true)"],"fullName":"WP26 blind2 — every syncFromManifest caller shape refuses the replica entries initial (skipText: true) never overwrites an EXISTING replica file on disk","status":"passed","title":"never overwrites an EXISTING replica file on disk","duration":1.0389000000000124,"failureMessages":[],"meta":{}},{"ancestorTitles":["WP26 blind2 — every syncFromManifest caller shape refuses the replica entries","initial (skipText: true)"],"fullName":"WP26 blind2 — every syncFromManifest caller shape refuses the replica entries initial (skipText: true) never creates a replica file that is absent locally","status":"passed","title":"never creates a replica file that is absent locally","duration":0.6614999999999895,"failureMessages":[],"meta":{}},{"ancestorTitles":["WP26 blind2 — POSITIVE CONTROL for the same fixture"],"fullName":"WP26 blind2 — POSITIVE CONTROL for the same fixture an ordinary entry whose hash differs IS overwritten from the peer","status":"passed","title":"an ordinary entry whose hash differs IS overwritten from the peer","duration":1.2896000000000072,"failureMessages":[],"meta":{}}],"startTime":1785694919658,"endTime":1785694919679.2896,"status":"passed","message":"","name":"H:/Developement/_NeuralAngels/liveshareCollab/obsidian-live-share/plugin/src/__tests__/v2blind/wp26_set2/test_tp04_sync_from_manifest_blind2.test.ts"},{"assertionResults":[{"ancestorTitles":["WP26 blind2 — the modify guard discriminates three path classes at once"],"fullName":"WP26 blind2 — the modify guard discriminates three path classes at once row 1 — the replica index gets no document and no shared bytes","status":"passed","title":"row 1 — the replica index gets no document and no shared bytes","duration":11.05740000000003,"failureMessages":[],"meta":{}},{"ancestorTitles":["WP26 blind2 — the modify guard discriminates three path classes at once"],"fullName":"WP26 blind2 — the modify guard discriminates three path classes at once row 1b — a canvas-NAMED file inside the replica directory is replica state, not a canvas","status":"passed","title":"row 1b — a canvas-NAMED file inside the replica directory is replica state, not a canvas","duration":2.0296000000000163,"failureMessages":[],"meta":{}},{"ancestorTitles":["WP26 blind2 — the modify guard discriminates three path classes at once"],"fullName":"WP26 blind2 — the modify guard discriminates three path classes at once row 2 — AC4: the `.canvas` text fallback is still WRITABLE from a local edit","status":"passed","title":"row 2 — AC4: the `.canvas` text fallback is still WRITABLE from a local edit","duration":1.5749000000000137,"failureMessages":[],"meta":{}},{"ancestorTitles":["WP26 blind2 — the modify guard discriminates three path classes at once"],"fullName":"WP26 blind2 — the modify guard discriminates three path classes at once row 3 — an ordinary note is untouched by WP26","status":"passed","title":"row 3 — an ordinary note is untouched by WP26","duration":1.445799999999963,"failureMessages":[],"meta":{}},{"ancestorTitles":["WP26 blind2 — the modify guard discriminates three path classes at once"],"fullName":"WP26 blind2 — the modify guard discriminates three path classes at once the manifest heard about the two shared rows and about neither replica row","status":"passed","title":"the manifest heard about the two shared rows and about neither replica row","duration":2.665899999999965,"failureMessages":[],"meta":{}}],"startTime":1785694919675,"endTime":1785694919694.666,"status":"passed","message":"","name":"H:/Developement/_NeuralAngels/liveshareCollab/obsidian-live-share/plugin/src/__tests__/v2blind/wp26_set2/test_tp05_local_modify_blind2.test.ts"},{"assertionResults":[{"ancestorTitles":["WP26 blind2 — the membership gate survives every reconfiguration"],"fullName":"WP26 blind2 — the membership gate survives every reconfiguration holds through a shared-folder change mid-session","status":"passed","title":"holds through a shared-folder change mid-session","duration":4.567800000000034,"failureMessages":[],"meta":{}},{"ancestorTitles":["WP26 blind2 — the membership gate survives every reconfiguration"],"fullName":"WP26 blind2 — the membership gate survives every reconfiguration holds through repeated setPatterns calls, which rebuild the array each time","status":"passed","title":"holds through repeated setPatterns calls, which rebuild the array each time","duration":1.1283999999999992,"failureMessages":[],"meta":{}},{"ancestorTitles":["WP26 blind2 — the membership gate survives every reconfiguration"],"fullName":"WP26 blind2 — the membership gate survives every reconfiguration holds through a config-directory change","status":"passed","title":"holds through a config-directory change","duration":0.9320000000000164,"failureMessages":[],"meta":{}},{"ancestorTitles":["WP26 blind2 — the membership gate survives every reconfiguration"],"fullName":"WP26 blind2 — the membership gate survives every reconfiguration does not replace the user's own exclusions — POSITIVE CONTROL","status":"passed","title":"does not replace the user's own exclusions — POSITIVE CONTROL","duration":5.303899999999999,"failureMessages":[],"meta":{}},{"ancestorTitles":["WP26 blind2 — the membership gate survives every reconfiguration"],"fullName":"WP26 blind2 — the membership gate survives every reconfiguration holds when the manager is handed a fresh ExclusionManager mid-session","status":"passed","title":"holds when the manager is handed a fresh ExclusionManager mid-session","duration":0.7083999999999833,"failureMessages":[],"meta":{}},{"ancestorTitles":["WP26 blind2 — a live manifest never accepts a replica key"],"fullName":"WP26 blind2 — a live manifest never accepts a replica key publishManifest and updateFile agree with isSharedPath after reconfiguration","status":"passed","title":"publishManifest and updateFile agree with isSharedPath after reconfiguration","duration":8.56800000000004,"failureMessages":[],"meta":{}}],"startTime":1785694919662,"endTime":1785694919683.568,"status":"passed","message":"","name":"H:/Developement/_NeuralAngels/liveshareCollab/obsidian-live-share/plugin/src/__tests__/v2blind/wp26_set2/test_tp06_manifest_membership_gate_blind2.test.ts"},{"assertionResults":[{"ancestorTitles":["WP26 blind2 — the R10 text-fallback door is exactly as wide as before"],"fullName":"WP26 blind2 — the R10 text-fallback door is exactly as wide as before a host subscribe of a .canvas still seeds the Y.Text from disk","status":"passed","title":"a host subscribe of a .canvas still seeds the Y.Text from disk","duration":7.556600000000003,"failureMessages":[],"meta":{}},{"ancestorTitles":["WP26 blind2 — the R10 text-fallback door is exactly as wide as before"],"fullName":"WP26 blind2 — the R10 text-fallback door is exactly as wide as before a guest subscribe of a .canvas still installs its observer","status":"passed","title":"a guest subscribe of a .canvas still installs its observer","duration":1.9200999999999908,"failureMessages":[],"meta":{}},{"ancestorTitles":["WP26 blind2 — the R10 text-fallback door is exactly as wide as before"],"fullName":"WP26 blind2 — the R10 text-fallback door is exactly as wide as before the guarded entry points still refuse the same .canvas in the same run","status":"passed","title":"the guarded entry points still refuse the same .canvas in the same run","duration":0.8503999999999792,"failureMessages":[],"meta":{}},{"ancestorTitles":["WP26 blind2 — nothing in the replica directory reaches the fallback door"],"fullName":"WP26 blind2 — nothing in the replica directory reaches the fallback door driving every guarded entry point leaves no replica observer behind","status":"passed","title":"driving every guarded entry point leaves no replica observer behind","duration":1.212699999999984,"failureMessages":[],"meta":{}}],"startTime":1785694919744,"endTime":1785694919756.2126,"status":"passed","message":"","name":"H:/Developement/_NeuralAngels/liveshareCollab/obsidian-live-share/plugin/src/__tests__/v2blind/wp26_set2/test_tp07_subscribe_reachability_blind2.test.ts"},{"assertionResults":[{"ancestorTitles":["WP26 AC4 blind2 — a generated differential against the pre-WP26 predicate"],"fullName":"WP26 AC4 blind2 — a generated differential against the pre-WP26 predicate the corpus is large enough and covers both verdicts of the old predicate","status":"passed","title":"the corpus is large enough and covers both verdicts of the old predicate","duration":2.2228000000000065,"failureMessages":[],"meta":{}},{"ancestorTitles":["WP26 AC4 blind2 — a generated differential against the pre-WP26 predicate"],"fullName":"WP26 AC4 blind2 — a generated differential against the pre-WP26 predicate NO NARROWING — everything the old predicate skipped is still skipped","status":"passed","title":"NO NARROWING — everything the old predicate skipped is still skipped","duration":1.1258000000000266,"failureMessages":[],"meta":{}},{"ancestorTitles":["WP26 AC4 blind2 — a generated differential against the pre-WP26 predicate"],"fullName":"WP26 AC4 blind2 — a generated differential against the pre-WP26 predicate NO WIDENING — nothing outside the replica directory has started skipping","status":"passed","title":"NO WIDENING — nothing outside the replica directory has started skipping","duration":1.1222999999999956,"failureMessages":[],"meta":{}},{"ancestorTitles":["WP26 AC4 blind2 — a generated differential against the pre-WP26 predicate"],"fullName":"WP26 AC4 blind2 — a generated differential against the pre-WP26 predicate COMPLETE — every file under the replica directory now skips","status":"passed","title":"COMPLETE — every file under the replica directory now skips","duration":0.5908000000000015,"failureMessages":[],"meta":{}},{"ancestorTitles":["WP26 AC4 blind2 — a generated differential against the pre-WP26 predicate"],"fullName":"WP26 AC4 blind2 — a generated differential against the pre-WP26 predicate the whole corpus satisfies the composed rule exactly","status":"passed","title":"the whole corpus satisfies the composed rule exactly","duration":0.8430999999999926,"failureMessages":[],"meta":{}},{"ancestorTitles":["WP26 AC4 blind2 — the predicate is still a pure function of its argument"],"fullName":"WP26 AC4 blind2 — the predicate is still a pure function of its argument repeated calls agree with each other","status":"passed","title":"repeated calls agree with each other","duration":31.268599999999935,"failureMessages":[],"meta":{}},{"ancestorTitles":["WP26 AC4 blind2 — the predicate is still a pure function of its argument"],"fullName":"WP26 AC4 blind2 — the predicate is still a pure function of its argument call order does not change any verdict","status":"passed","title":"call order does not change any verdict","duration":2.136000000000081,"failureMessages":[],"meta":{}}],"startTime":1785694919658,"endTime":1785694919697.136,"status":"passed","message":"","name":"H:/Developement/_NeuralAngels/liveshareCollab/obsidian-live-share/plugin/src/__tests__/v2blind/wp26_set2/test_tp08_canvas_behaviour_unchanged_blind2.test.ts"},{"assertionResults":[{"ancestorTitles":["WP26 AC3 blind2 — the enumeration is derived from the code, both ways"],"fullName":"WP26 AC3 blind2 — the enumeration is derived from the code, both ways the exclusion has at least two consumer modules and a contract comment","status":"passed","title":"the exclusion has at least two consumer modules and a contract comment","duration":1.3023000000000025,"failureMessages":[],"meta":{}},{"ancestorTitles":["WP26 AC3 blind2 — the enumeration is derived from the code, both ways"],"fullName":"WP26 AC3 blind2 — the enumeration is derived from the code, both ways every real consumer module is named in the contract comment","status":"passed","title":"every real consumer module is named in the contract comment","duration":0.5681999999999903,"failureMessages":[],"meta":{}},{"ancestorTitles":["WP26 AC3 blind2 — the enumeration is derived from the code, both ways"],"fullName":"WP26 AC3 blind2 — the enumeration is derived from the code, both ways every module the comment names is a real consumer (or the owning module)","status":"passed","title":"every module the comment names is a real consumer (or the owning module)","duration":0.16880000000003292,"failureMessages":[],"meta":{}},{"ancestorTitles":["WP26 AC3 blind2 — the enumeration is derived from the code, both ways"],"fullName":"WP26 AC3 blind2 — the enumeration is derived from the code, both ways the comment describes what the exclusion now covers, not only the canvas half","status":"passed","title":"the comment describes what the exclusion now covers, not only the canvas half","duration":0.30920000000003256,"failureMessages":[],"meta":{}},{"ancestorTitles":["WP26 AC3 blind2 — the enumeration is derived from the code, both ways"],"fullName":"WP26 AC3 blind2 — the enumeration is derived from the code, both ways the predicate itself has exactly one definition in the tree","status":"passed","title":"the predicate itself has exactly one definition in the tree","duration":0.6081000000000358,"failureMessages":[],"meta":{}},{"ancestorTitles":["WP26 AC3 blind2 — the enumeration is derived from the code, both ways"],"fullName":"WP26 AC3 blind2 — the enumeration is derived from the code, both ways and it is still exported, so the consumers can share the one copy","status":"passed","title":"and it is still exported, so the consumers can share the one copy","duration":0.19080000000002428,"failureMessages":[],"meta":{}},{"ancestorTitles":["WP26 AC3 blind2 — a second private copy is detectable by shape, not only by name"],"fullName":"WP26 AC3 blind2 — a second private copy is detectable by shape, not only by name no production module outside utils.ts gains a private canvas-extension test","status":"passed","title":"no production module outside utils.ts gains a private canvas-extension test","duration":0.6406000000000063,"failureMessages":[],"meta":{}},{"ancestorTitles":["WP26 AC3 blind2 — a second private copy is detectable by shape, not only by name"],"fullName":"WP26 AC3 blind2 — a second private copy is detectable by shape, not only by name neither permitted file grew a SECOND such test","status":"passed","title":"neither permitted file grew a SECOND such test","duration":0.40980000000001837,"failureMessages":[],"meta":{}}],"startTime":1785694919762,"endTime":1785694919766.41,"status":"passed","message":"","name":"H:/Developement/_NeuralAngels/liveshareCollab/obsidian-live-share/plugin/src/__tests__/v2blind/wp26_set2/test_tp09_one_predicate_one_definition_blind2.test.ts"}]}