{"numTotalTestSuites":12,"numPassedTestSuites":12,"numFailedTestSuites":0,"numPendingTestSuites":0,"numTotalTests":54,"numPassedTests":54,"numFailedTests":0,"numPendingTests":0,"numTodoTests":0,"snapshot":{"added":0,"failure":false,"filesAdded":0,"filesRemoved":0,"filesRemovedList":[],"filesUnmatched":0,"filesUpdated":0,"matched":0,"total":0,"unchecked":0,"uncheckedKeysByFile":[],"unmatched":0,"updated":0,"didUpdate":false},"startTime":1785613094464,"success":true,"testResults":[{"assertionResults":[{"ancestorTitles":["WP2 AC1 — a save mirroring the shadow is entirely staleness"],"fullName":"WP2 AC1 — a save mirroring the shadow is entirely staleness produces no upsert and no delete anywhere in the fixture","status":"passed","title":"produces no upsert and no delete anywhere in the fixture","duration":2.3496999999999844,"failureMessages":[],"meta":{}},{"ancestorTitles":["WP2 AC1 — a save mirroring the shadow is entirely staleness"],"fullName":"WP2 AC1 — a save mirroring the shadow is entirely staleness reports one discard per field — nothing is silently dropped","status":"passed","title":"reports one discard per field — nothing is silently dropped","duration":1.1877000000000066,"failureMessages":[],"meta":{}},{"ancestorTitles":["WP2 AC1 — a save mirroring the shadow is entirely staleness"],"fullName":"WP2 AC1 — a save mirroring the shadow is entirely staleness covers both id spaces — edges are not forgotten","status":"passed","title":"covers both id spaces — edges are not forgotten","duration":0.5391999999999939,"failureMessages":[],"meta":{}},{"ancestorTitles":["WP2 AC1 — a save mirroring the shadow is entirely staleness"],"fullName":"WP2 AC1 — a save mirroring the shadow is entirely staleness carries the observed value and the path on every discard entry","status":"passed","title":"carries the observed value and the path on every discard entry","duration":3.612299999999948,"failureMessages":[],"meta":{}},{"ancestorTitles":["WP2 AC1 — a save mirroring the shadow is entirely staleness"],"fullName":"WP2 AC1 — a save mirroring the shadow is entirely staleness survives every value type — `false`, `null` and `\"\"` are values, not absence","status":"passed","title":"survives every value type — `false`, `null` and `\"\"` are values, not absence","duration":0.3524999999999636,"failureMessages":[],"meta":{}},{"ancestorTitles":["WP2 AC1 — a save mirroring the shadow is entirely staleness"],"fullName":"WP2 AC1 — a save mirroring the shadow is entirely staleness staleness is decided per field even when only one record changed","status":"passed","title":"staleness is decided per field even when only one record changed","duration":0.3737000000000421,"failureMessages":[],"meta":{}}],"startTime":1785613094942,"endTime":1785613094951.3738,"status":"passed","message":"","name":"H:/Developement/_NeuralAngels/liveshareCollab/obsidian-live-share/plugin/src/__tests__/v2blind/wp2_set1/test_tp01_stale_equals_shadow_blind1.test.ts"},{"assertionResults":[{"ancestorTitles":["WP2 AC2 — upserts are exactly the fields that moved"],"fullName":"WP2 AC2 — upserts are exactly the fields that moved nothing moved → upserts []","status":"passed","title":"nothing moved → upserts []","duration":3.4566999999999553,"failureMessages":[],"meta":{}},{"ancestorTitles":["WP2 AC2 — upserts are exactly the fields that moved"],"fullName":"WP2 AC2 — upserts are exactly the fields that moved one number → upserts [y]","status":"passed","title":"one number → upserts [y]","duration":0.8057000000000016,"failureMessages":[],"meta":{}},{"ancestorTitles":["WP2 AC2 — upserts are exactly the fields that moved"],"fullName":"WP2 AC2 — upserts are exactly the fields that moved one string → upserts [text]","status":"passed","title":"one string → upserts [text]","duration":0.5604000000000156,"failureMessages":[],"meta":{}},{"ancestorTitles":["WP2 AC2 — upserts are exactly the fields that moved"],"fullName":"WP2 AC2 — upserts are exactly the fields that moved one boolean → upserts [pinned]","status":"passed","title":"one boolean → upserts [pinned]","duration":0.7111999999999625,"failureMessages":[],"meta":{}},{"ancestorTitles":["WP2 AC2 — upserts are exactly the fields that moved"],"fullName":"WP2 AC2 — upserts are exactly the fields that moved null → value → upserts [note]","status":"passed","title":"null → value → upserts [note]","duration":0.6153999999999655,"failureMessages":[],"meta":{}},{"ancestorTitles":["WP2 AC2 — upserts are exactly the fields that moved"],"fullName":"WP2 AC2 — upserts are exactly the fields that moved value → null → upserts [color]","status":"passed","title":"value → null → upserts [color]","duration":0.5283000000000015,"failureMessages":[],"meta":{}},{"ancestorTitles":["WP2 AC2 — upserts are exactly the fields that moved"],"fullName":"WP2 AC2 — upserts are exactly the fields that moved a pair → upserts [width, x]","status":"passed","title":"a pair → upserts [width, x]","duration":0.6833000000000311,"failureMessages":[],"meta":{}},{"ancestorTitles":["WP2 AC2 — upserts are exactly the fields that moved"],"fullName":"WP2 AC2 — upserts are exactly the fields that moved sign flip on zero-crossing → upserts [x]","status":"passed","title":"sign flip on zero-crossing → upserts [x]","duration":0.28239999999999554,"failureMessages":[],"meta":{}},{"ancestorTitles":["WP2 AC2 — upserts are exactly the fields that moved"],"fullName":"WP2 AC2 — upserts are exactly the fields that moved float precision → upserts [ord]","status":"passed","title":"float precision → upserts [ord]","duration":0.3547999999999547,"failureMessages":[],"meta":{}},{"ancestorTitles":["WP2 AC2 — upserts are exactly the fields that moved"],"fullName":"WP2 AC2 — upserts are exactly the fields that moved everything at once → upserts [color, height, note, ord, pinned, text, type, width, x, y]","status":"passed","title":"everything at once → upserts [color, height, note, ord, pinned, text, type, width, x, y]","duration":2.113800000000026,"failureMessages":[],"meta":{}},{"ancestorTitles":["WP2 AC2 — upserts are exactly the fields that moved"],"fullName":"WP2 AC2 — upserts are exactly the fields that moved a shrinking save deletes nothing — partial observation is not removal (I7)","status":"passed","title":"a shrinking save deletes nothing — partial observation is not removal (I7)","duration":0.32049999999998136,"failureMessages":[],"meta":{}},{"ancestorTitles":["WP2 AC2 — upserts are exactly the fields that moved"],"fullName":"WP2 AC2 — upserts are exactly the fields that moved a record the shadow marked absent is rebuilt field by field","status":"passed","title":"a record the shadow marked absent is rebuilt field by field","duration":0.29869999999999663,"failureMessages":[],"meta":{}},{"ancestorTitles":["WP2 AC2 — upserts are exactly the fields that moved"],"fullName":"WP2 AC2 — upserts are exactly the fields that moved edge endpoints are ordinary fields and upsert one at a time","status":"passed","title":"edge endpoints are ordinary fields and upsert one at a time","duration":0.370900000000006,"failureMessages":[],"meta":{}},{"ancestorTitles":["WP2 AC2 — upserts are exactly the fields that moved"],"fullName":"WP2 AC2 — upserts are exactly the fields that moved several records each contribute their own upserts independently","status":"passed","title":"several records each contribute their own upserts independently","duration":0.8009000000000128,"failureMessages":[],"meta":{}}],"startTime":1785613094885,"endTime":1785613094896.8008,"status":"passed","message":"","name":"H:/Developement/_NeuralAngels/liveshareCollab/obsidian-live-share/plugin/src/__tests__/v2blind/wp2_set1/test_tp02_upsert_on_difference_blind1.test.ts"},{"assertionResults":[{"ancestorTitles":["WP2 AC3 — the full delete truth table"],"fullName":"WP2 AC3 — the full delete truth table shadow=present viewOpen=true handed=true → 1 delete(s)","status":"passed","title":"shadow=present viewOpen=true handed=true → 1 delete(s)","duration":2.8029000000000224,"failureMessages":[],"meta":{}},{"ancestorTitles":["WP2 AC3 — the full delete truth table"],"fullName":"WP2 AC3 — the full delete truth table shadow=present viewOpen=true handed=false → 0 delete(s)","status":"passed","title":"shadow=present viewOpen=true handed=false → 0 delete(s)","duration":0.25619999999997844,"failureMessages":[],"meta":{}},{"ancestorTitles":["WP2 AC3 — the full delete truth table"],"fullName":"WP2 AC3 — the full delete truth table shadow=present viewOpen=false handed=true → 0 delete(s)","status":"passed","title":"shadow=present viewOpen=false handed=true → 0 delete(s)","duration":0.26949999999999363,"failureMessages":[],"meta":{}},{"ancestorTitles":["WP2 AC3 — the full delete truth table"],"fullName":"WP2 AC3 — the full delete truth table shadow=present viewOpen=false handed=false → 0 delete(s)","status":"passed","title":"shadow=present viewOpen=false handed=false → 0 delete(s)","duration":0.23460000000000036,"failureMessages":[],"meta":{}},{"ancestorTitles":["WP2 AC3 — the full delete truth table"],"fullName":"WP2 AC3 — the full delete truth table shadow=absent viewOpen=true handed=true → 0 delete(s)","status":"passed","title":"shadow=absent viewOpen=true handed=true → 0 delete(s)","duration":0.332300000000032,"failureMessages":[],"meta":{}},{"ancestorTitles":["WP2 AC3 — the full delete truth table"],"fullName":"WP2 AC3 — the full delete truth table shadow=absent viewOpen=true handed=false → 0 delete(s)","status":"passed","title":"shadow=absent viewOpen=true handed=false → 0 delete(s)","duration":0.2857999999999947,"failureMessages":[],"meta":{}},{"ancestorTitles":["WP2 AC3 — the full delete truth table"],"fullName":"WP2 AC3 — the full delete truth table shadow=absent viewOpen=false handed=true → 0 delete(s)","status":"passed","title":"shadow=absent viewOpen=false handed=true → 0 delete(s)","duration":0.26959999999996853,"failureMessages":[],"meta":{}},{"ancestorTitles":["WP2 AC3 — the full delete truth table"],"fullName":"WP2 AC3 — the full delete truth table shadow=absent viewOpen=false handed=false → 0 delete(s)","status":"passed","title":"shadow=absent viewOpen=false handed=false → 0 delete(s)","duration":0.15359999999998308,"failureMessages":[],"meta":{}},{"ancestorTitles":["WP2 AC3 — the full delete truth table"],"fullName":"WP2 AC3 — the full delete truth table shadow=unknown viewOpen=true handed=true → 0 delete(s)","status":"passed","title":"shadow=unknown viewOpen=true handed=true → 0 delete(s)","duration":0.151299999999992,"failureMessages":[],"meta":{}},{"ancestorTitles":["WP2 AC3 — the full delete truth table"],"fullName":"WP2 AC3 — the full delete truth table shadow=unknown viewOpen=true handed=false → 0 delete(s)","status":"passed","title":"shadow=unknown viewOpen=true handed=false → 0 delete(s)","duration":0.19489999999996144,"failureMessages":[],"meta":{}},{"ancestorTitles":["WP2 AC3 — the full delete truth table"],"fullName":"WP2 AC3 — the full delete truth table shadow=unknown viewOpen=false handed=true → 0 delete(s)","status":"passed","title":"shadow=unknown viewOpen=false handed=true → 0 delete(s)","duration":0.12639999999998963,"failureMessages":[],"meta":{}},{"ancestorTitles":["WP2 AC3 — the full delete truth table"],"fullName":"WP2 AC3 — the full delete truth table shadow=unknown viewOpen=false handed=false → 0 delete(s)","status":"passed","title":"shadow=unknown viewOpen=false handed=false → 0 delete(s)","duration":0.11570000000000391,"failureMessages":[],"meta":{}},{"ancestorTitles":["WP2 AC3 — the full delete truth table"],"fullName":"WP2 AC3 — the full delete truth table exactly one of the twelve cells produces a delete","status":"passed","title":"exactly one of the twelve cells produces a delete","duration":0.19650000000001455,"failureMessages":[],"meta":{}},{"ancestorTitles":["WP2 AC3 — the full delete truth table"],"fullName":"WP2 AC3 — the full delete truth table an emptied canvas deletes every proven record and nothing else","status":"passed","title":"an emptied canvas deletes every proven record and nothing else","duration":0.3663999999999987,"failureMessages":[],"meta":{}},{"ancestorTitles":["WP2 AC3 — the full delete truth table"],"fullName":"WP2 AC3 — the full delete truth table an emptied canvas with the view closed deletes nothing","status":"passed","title":"an emptied canvas with the view closed deletes nothing","duration":0.15440000000000964,"failureMessages":[],"meta":{}},{"ancestorTitles":["WP2 AC3 — the full delete truth table"],"fullName":"WP2 AC3 — the full delete truth table records of other paths in the shadow are never candidates","status":"passed","title":"records of other paths in the shadow are never candidates","duration":0.12369999999998527,"failureMessages":[],"meta":{}}],"startTime":1785613094968,"endTime":1785613094974.3665,"status":"passed","message":"","name":"H:/Developement/_NeuralAngels/liveshareCollab/obsidian-live-share/plugin/src/__tests__/v2blind/wp2_set1/test_tp03_delete_gating_blind1.test.ts"},{"assertionResults":[{"ancestorTitles":["WP2 AC4 — the block is per record and is re-evaluated per call"],"fullName":"WP2 AC4 — the block is per record and is re-evaluated per call blocks records in the middle of both id spaces without touching the rest","status":"passed","title":"blocks records in the middle of both id spaces without touching the rest","duration":3.1154999999999973,"failureMessages":[],"meta":{}},{"ancestorTitles":["WP2 AC4 — the block is per record and is re-evaluated per call"],"fullName":"WP2 AC4 — the block is per record and is re-evaluated per call blocking every record yields a completely empty plan","status":"passed","title":"blocking every record yields a completely empty plan","duration":0.3924999999999841,"failureMessages":[],"meta":{}},{"ancestorTitles":["WP2 AC4 — the block is per record and is re-evaluated per call"],"fullName":"WP2 AC4 — the block is per record and is re-evaluated per call blocking nothing yields intent for every moved field","status":"passed","title":"blocking nothing yields intent for every moved field","duration":0.9216000000000122,"failureMessages":[],"meta":{}},{"ancestorTitles":["WP2 AC4 — the block is per record and is re-evaluated per call"],"fullName":"WP2 AC4 — the block is per record and is re-evaluated per call the verdict is re-read on every call — a delete between two saves takes effect","status":"passed","title":"the verdict is re-read on every call — a delete between two saves takes effect","duration":0.44690000000002783,"failureMessages":[],"meta":{}},{"ancestorTitles":["WP2 AC4 — the block is per record and is re-evaluated per call"],"fullName":"WP2 AC4 — the block is per record and is re-evaluated per call quarantine is indistinguishable from a user delete for this classifier","status":"passed","title":"quarantine is indistinguishable from a user delete for this classifier","duration":0.44130000000001246,"failureMessages":[],"meta":{}},{"ancestorTitles":["WP2 AC4 — the block is per record and is re-evaluated per call"],"fullName":"WP2 AC4 — the block is per record and is re-evaluated per call a blocked record contributes nothing even when all of its fields are stale","status":"passed","title":"a blocked record contributes nothing even when all of its fields are stale","duration":0.3136000000000081,"failureMessages":[],"meta":{}}],"startTime":1785613095009,"endTime":1785613095014.4414,"status":"passed","message":"","name":"H:/Developement/_NeuralAngels/liveshareCollab/obsidian-live-share/plugin/src/__tests__/v2blind/wp2_set1/test_tp04_resurrect_block_blind1.test.ts"},{"assertionResults":[{"ancestorTitles":["WP2 AC5 — the plan is a function of the state, not of the traversal"],"fullName":"WP2 AC5 — the plan is a function of the state, not of the traversal is invariant under the order the shadow was advanced in","status":"passed","title":"is invariant under the order the shadow was advanced in","duration":3.4003999999999905,"failureMessages":[],"meta":{}},{"ancestorTitles":["WP2 AC5 — the plan is a function of the state, not of the traversal"],"fullName":"WP2 AC5 — the plan is a function of the state, not of the traversal is invariant under the order the save lists its records in","status":"passed","title":"is invariant under the order the save lists its records in","duration":2.3455000000000155,"failureMessages":[],"meta":{}},{"ancestorTitles":["WP2 AC5 — the plan is a function of the state, not of the traversal"],"fullName":"WP2 AC5 — the plan is a function of the state, not of the traversal is stable over 60 independent runs","status":"passed","title":"is stable over 60 independent runs","duration":9.647600000000011,"failureMessages":[],"meta":{}},{"ancestorTitles":["WP2 AC5 — the plan is a function of the state, not of the traversal"],"fullName":"WP2 AC5 — the plan is a function of the state, not of the traversal produces a non-trivial plan — the invariance above is not vacuous","status":"passed","title":"produces a non-trivial plan — the invariance above is not vacuous","duration":0.526299999999992,"failureMessages":[],"meta":{}},{"ancestorTitles":["WP2 AC5 — the plan is a function of the state, not of the traversal"],"fullName":"WP2 AC5 — the plan is a function of the state, not of the traversal leaves the shadow untouched, including the records it planned to delete","status":"passed","title":"leaves the shadow untouched, including the records it planned to delete","duration":1.876299999999958,"failureMessages":[],"meta":{}},{"ancestorTitles":["WP2 AC5 — the plan is a function of the state, not of the traversal"],"fullName":"WP2 AC5 — the plan is a function of the state, not of the traversal an interleaved unrelated call leaves the result unchanged","status":"passed","title":"an interleaved unrelated call leaves the result unchanged","duration":0.6009000000000242,"failureMessages":[],"meta":{}}],"startTime":1785613094885,"endTime":1785613094903.6008,"status":"passed","message":"","name":"H:/Developement/_NeuralAngels/liveshareCollab/obsidian-live-share/plugin/src/__tests__/v2blind/wp2_set1/test_tp05_purity_blind1.test.ts"},{"assertionResults":[{"ancestorTitles":["WP2 DoD — the four rules partition the save"],"fullName":"WP2 DoD — the four rules partition the save classifies every field of every unblocked record exactly once","status":"passed","title":"classifies every field of every unblocked record exactly once","duration":2.957400000000007,"failureMessages":[],"meta":{}},{"ancestorTitles":["WP2 DoD — the four rules partition the save"],"fullName":"WP2 DoD — the four rules partition the save no record appears in two categories","status":"passed","title":"no record appears in two categories","duration":0.948599999999999,"failureMessages":[],"meta":{}},{"ancestorTitles":["WP2 DoD — the four rules partition the save"],"fullName":"WP2 DoD — the four rules partition the save closing the view changes the delete category and nothing else","status":"passed","title":"closing the view changes the delete category and nothing else","duration":1.8729999999999905,"failureMessages":[],"meta":{}},{"ancestorTitles":["WP2 DoD — the four rules partition the save"],"fullName":"WP2 DoD — the four rules partition the save lifting the tombstones changes the upsert and discard categories, never the deletes","status":"passed","title":"lifting the tombstones changes the upsert and discard categories, never the deletes","duration":0.5862999999999943,"failureMessages":[],"meta":{}},{"ancestorTitles":["WP2 DoD — the four rules partition the save"],"fullName":"WP2 DoD — the four rules partition the save all three categories are populated by the one call","status":"passed","title":"all three categories are populated by the one call","duration":0.5742999999999938,"failureMessages":[],"meta":{}},{"ancestorTitles":["WP2 DoD — the four rules partition the save"],"fullName":"WP2 DoD — the four rules partition the save the plan names only the path the save came from","status":"passed","title":"the plan names only the path the save came from","duration":2.402499999999975,"failureMessages":[],"meta":{}}],"startTime":1785613094903,"endTime":1785613094913.4026,"status":"passed","message":"","name":"H:/Developement/_NeuralAngels/liveshareCollab/obsidian-live-share/plugin/src/__tests__/v2blind/wp2_set1/test_tp06_four_categories_blind1.test.ts"}]}