{"numTotalTestSuites":16,"numPassedTestSuites":16,"numFailedTestSuites":0,"numPendingTestSuites":0,"numTotalTests":20,"numPassedTests":20,"numFailedTests":0,"numPendingTests":0,"numTodoTests":0,"snapshot":{"added":0,"failure":false,"filesAdded":0,"filesRemoved":0,"filesRemovedList":[],"filesUnmatched":0,"filesUpdated":0,"matched":0,"total":0,"unchecked":0,"uncheckedKeysByFile":[],"unmatched":0,"updated":0,"didUpdate":false},"startTime":1785613267968,"success":true,"testResults":[{"assertionResults":[{"ancestorTitles":["WP41 AC1 — read side cannot corrupt the store"],"fullName":"WP41 AC1 — read side cannot corrupt the store survives a consumer that overwrites the payload it received","status":"passed","title":"survives a consumer that overwrites the payload it received","duration":2.928299999999979,"failureMessages":[],"meta":{}},{"ancestorTitles":["WP41 AC1 — read side cannot corrupt the store"],"fullName":"WP41 AC1 — read side cannot corrupt the store carries the exact bytes through encodeReplay and back out of decodeMuxMessage","status":"passed","title":"carries the exact bytes through encodeReplay and back out of decodeMuxMessage","duration":6.425600000000031,"failureMessages":[],"meta":{}},{"ancestorTitles":["WP41 AC1 — read side cannot corrupt the store"],"fullName":"WP41 AC1 — read side cannot corrupt the store keeps a zero-length payload distinguishable from a one-byte payload","status":"passed","title":"keeps a zero-length payload distinguishable from a one-byte payload","duration":0.436300000000017,"failureMessages":[],"meta":{}}],"startTime":1785613268722,"endTime":1785613268731.4363,"status":"passed","message":"","name":"H:/Developement/_NeuralAngels/liveshareCollab/obsidian-live-share/server/src/__tests__/v2blind/test_tp1_opaque_roundtrip_blind2.test.ts"},{"assertionResults":[{"ancestorTitles":["WP41 AC1 — dense interleave across rooms and docs"],"fullName":"WP41 AC1 — dense interleave across rooms and docs keeps every stream contiguous and in arrival order","status":"passed","title":"keeps every stream contiguous and in arrival order","duration":7.732000000000028,"failureMessages":[],"meta":{}},{"ancestorTitles":["WP41 AC1 — dense interleave across rooms and docs"],"fullName":"WP41 AC1 — dense interleave across rooms and docs clearing one stream leaves every other stream's frames and seq numbers intact","status":"passed","title":"clearing one stream leaves every other stream's frames and seq numbers intact","duration":1.4916000000000054,"failureMessages":[],"meta":{}}],"startTime":1785613268685,"endTime":1785613268694.4917,"status":"passed","message":"","name":"H:/Developement/_NeuralAngels/liveshareCollab/obsidian-live-share/server/src/__tests__/v2blind/test_tp2_key_isolation_blind2.test.ts"},{"assertionResults":[{"ancestorTitles":["WP41 AC2 — an emptied room retains every doc"],"fullName":"WP41 AC2 — an emptied room retains every doc rebuilds each doc of the room independently and correctly","status":"passed","title":"rebuilds each doc of the room independently and correctly","duration":16.89760000000001,"failureMessages":[],"meta":{}},{"ancestorTitles":["WP41 AC2 — an emptied room retains every doc"],"fullName":"WP41 AC2 — an emptied room retains every doc matches a merged single-update seed for the same doc","status":"passed","title":"matches a merged single-update seed for the same doc","duration":4.733300000000099,"failureMessages":[],"meta":{}}],"startTime":1785613268650,"endTime":1785613268671.7334,"status":"passed","message":"","name":"H:/Developement/_NeuralAngels/liveshareCollab/obsidian-live-share/server/src/__tests__/v2blind/test_tp3_replay_equals_present_blind2.test.ts"},{"assertionResults":[{"ancestorTitles":["WP41 AC2 — the encoded replay batch is lossless and ordered"],"fullName":"WP41 AC2 — the encoded replay batch is lossless and ordered round-trips a 20-frame batch of mixed types and sizes","status":"passed","title":"round-trips a 20-frame batch of mixed types and sizes","duration":11.432700000000011,"failureMessages":[],"meta":{}},{"ancestorTitles":["WP41 AC2 — the encoded replay batch is lossless and ordered"],"fullName":"WP41 AC2 — the encoded replay batch is lossless and ordered preserves the checkpoint frame type through the wire","status":"passed","title":"preserves the checkpoint frame type through the wire","duration":0.540300000000002,"failureMessages":[],"meta":{}},{"ancestorTitles":["WP41 AC2 — the encoded replay batch is lossless and ordered"],"fullName":"WP41 AC2 — the encoded replay batch is lossless and ordered encodes and decodes the boundary body symmetrically for large sequences","status":"passed","title":"encodes and decodes the boundary body symmetrically for large sequences","duration":0.424000000000035,"failureMessages":[],"meta":{}},{"ancestorTitles":["WP41 AC2 — the encoded replay batch is lossless and ordered"],"fullName":"WP41 AC2 — the encoded replay batch is lossless and ordered does not mutate the frames it was given","status":"passed","title":"does not mutate the frames it was given","duration":0.5074999999999932,"failureMessages":[],"meta":{}}],"startTime":1785613268644,"endTime":1785613268656.5076,"status":"passed","message":"","name":"H:/Developement/_NeuralAngels/liveshareCollab/obsidian-live-share/server/src/__tests__/v2blind/test_tp4_replay_order_before_live_blind2.test.ts"},{"assertionResults":[{"ancestorTitles":["WP41 AC3 — truncation blast radius"],"fullName":"WP41 AC3 — truncation blast radius truncates only the checkpointed room/doc pair","status":"passed","title":"truncates only the checkpointed room/doc pair","duration":2.9057000000000244,"failureMessages":[],"meta":{}},{"ancestorTitles":["WP41 AC3 — truncation blast radius"],"fullName":"WP41 AC3 — truncation blast radius keeps sequence counters independent after a truncation","status":"passed","title":"keeps sequence counters independent after a truncation","duration":0.4409999999999741,"failureMessages":[],"meta":{}},{"ancestorTitles":["WP41 AC3 — truncation blast radius"],"fullName":"WP41 AC3 — truncation blast radius does not resurrect truncated frames on a later read","status":"passed","title":"does not resurrect truncated frames on a later read","duration":0.4257999999999811,"failureMessages":[],"meta":{}}],"startTime":1785613268796,"endTime":1785613268800.4258,"status":"passed","message":"","name":"H:/Developement/_NeuralAngels/liveshareCollab/obsidian-live-share/server/src/__tests__/v2blind/test_tp5_checkpoint_truncation_blind2.test.ts"},{"assertionResults":[{"ancestorTitles":["WP41 AC3 — repeated compaction stays lossless"],"fullName":"WP41 AC3 — repeated compaction stays lossless survives three checkpoint rounds with two writers","status":"passed","title":"survives three checkpoint rounds with two writers","duration":17.953300000000013,"failureMessages":[],"meta":{}}],"startTime":1785613268640,"endTime":1785613268657.9534,"status":"passed","message":"","name":"H:/Developement/_NeuralAngels/liveshareCollab/obsidian-live-share/server/src/__tests__/v2blind/test_tp6_truncation_lossless_blind2.test.ts"},{"assertionResults":[{"ancestorTitles":["WP41 AC4 — convergence as a property over seeds"],"fullName":"WP41 AC4 — convergence as a property over seeds converges to the same document for 16 independent perturbations","status":"passed","title":"converges to the same document for 16 independent perturbations","duration":173.69190000000003,"failureMessages":[],"meta":{}},{"ancestorTitles":["WP41 AC4 — convergence as a property over seeds"],"fullName":"WP41 AC4 — convergence as a property over seeds lands on the same state for a client that already holds a subset","status":"passed","title":"lands on the same state for a client that already holds a subset","duration":17.473899999999958,"failureMessages":[],"meta":{}}],"startTime":1785613268647,"endTime":1785613268838.4739,"status":"passed","message":"","name":"H:/Developement/_NeuralAngels/liveshareCollab/obsidian-live-share/server/src/__tests__/v2blind/test_tp7_idempotent_commutative_blind2.test.ts"},{"assertionResults":[{"ancestorTitles":["WP41 AC4 — replay does not disturb neighbouring state"],"fullName":"WP41 AC4 — replay does not disturb neighbouring state replaying one doc leaves every other doc's frames and counters untouched","status":"passed","title":"replaying one doc leaves every other doc's frames and counters untouched","duration":5.3011000000000195,"failureMessages":[],"meta":{}},{"ancestorTitles":["WP41 AC4 — replay does not disturb neighbouring state"],"fullName":"WP41 AC4 — replay does not disturb neighbouring state a replay snapshot taken before a checkpoint still rebuilds the same document","status":"passed","title":"a replay snapshot taken before a checkpoint still rebuilds the same document","duration":10.546400000000062,"failureMessages":[],"meta":{}},{"ancestorTitles":["WP41 AC4 — replay does not disturb neighbouring state"],"fullName":"WP41 AC4 — replay does not disturb neighbouring state close() does not require a prior replay and leaves close idempotent","status":"passed","title":"close() does not require a prior replay and leaves close idempotent","duration":1.233000000000061,"failureMessages":[],"meta":{}}],"startTime":1785613268681,"endTime":1785613268698.233,"status":"passed","message":"","name":"H:/Developement/_NeuralAngels/liveshareCollab/obsidian-live-share/server/src/__tests__/v2blind/test_tp8_replay_nondestructive_blind2.test.ts"}]}