{"numTotalTestSuites":25,"numPassedTestSuites":25,"numFailedTestSuites":0,"numPendingTestSuites":0,"numTotalTests":45,"numPassedTests":45,"numFailedTests":0,"numPendingTests":0,"numTodoTests":0,"snapshot":{"added":0,"failure":false,"filesAdded":0,"filesRemoved":0,"filesRemovedList":[],"filesUnmatched":0,"filesUpdated":0,"matched":0,"total":0,"unchecked":0,"uncheckedKeysByFile":[],"unmatched":0,"updated":0,"didUpdate":false},"startTime":1785613271102,"success":true,"testResults":[{"assertionResults":[{"ancestorTitles":["WP42 AC1 (blind2) — the trigger refuses to fire where a checkpoint is pointless"],"fullName":"WP42 AC1 (blind2) — the trigger refuses to fire where a checkpoint is pointless never fires against a relay without blob support, whatever the reason","status":"passed","title":"never fires against a relay without blob support, whatever the reason","duration":1.8111000000000104,"failureMessages":[],"meta":{}},{"ancestorTitles":["WP42 AC1 (blind2) — the trigger refuses to fire where a checkpoint is pointless"],"fullName":"WP42 AC1 (blind2) — the trigger refuses to fire where a checkpoint is pointless never fires for a doc with no local state","status":"passed","title":"never fires for a doc with no local state","duration":0.3211000000000013,"failureMessages":[],"meta":{}},{"ancestorTitles":["WP42 AC1 (blind2) — tombstones and empty docs survive the frame"],"fullName":"WP42 AC1 (blind2) — tombstones and empty docs survive the frame carries a tombstoned (deleted, not removed) entry through the checkpoint","status":"passed","title":"carries a tombstoned (deleted, not removed) entry through the checkpoint","duration":10.932199999999966,"failureMessages":[],"meta":{}},{"ancestorTitles":["WP42 AC1 (blind2) — tombstones and empty docs survive the frame"],"fullName":"WP42 AC1 (blind2) — tombstones and empty docs survive the frame round-trips a genuinely empty doc","status":"passed","title":"round-trips a genuinely empty doc","duration":1.6287000000000376,"failureMessages":[],"meta":{}},{"ancestorTitles":["WP42 AC1 (blind2) — the replay boundary marker is a DIFFERENT frame type"],"fullName":"WP42 AC1 (blind2) — the replay boundary marker is a DIFFERENT frame type uses MUX_REPLAY_END, never a degenerate checkpoint frame","status":"passed","title":"uses MUX_REPLAY_END, never a degenerate checkpoint frame","duration":0.6809000000000083,"failureMessages":[],"meta":{}},{"ancestorTitles":["WP42 AC1 (blind2) — the replay boundary marker is a DIFFERENT frame type"],"fullName":"WP42 AC1 (blind2) — the replay boundary marker is a DIFFERENT frame type is not decodable as a checkpoint frame","status":"passed","title":"is not decodable as a checkpoint frame","duration":0.7791000000000281,"failureMessages":[],"meta":{}},{"ancestorTitles":["WP42 AC1 (blind2) — the replay boundary marker is a DIFFERENT frame type"],"fullName":"WP42 AC1 (blind2) — the replay boundary marker is a DIFFERENT frame type carries lastSeq 0 for a doc the relay has nothing stored for","status":"passed","title":"carries lastSeq 0 for a doc the relay has nothing stored for","duration":0.24350000000004002,"failureMessages":[],"meta":{}}],"startTime":1785613271711,"endTime":1785613271727.779,"status":"passed","message":"","name":"H:/Developement/_NeuralAngels/liveshareCollab/obsidian-live-share/plugin/src/__tests__/v2blind/test_checkpoint_emit_blind2.test.ts"},{"assertionResults":[{"ancestorTitles":["WP42 AC3 (blind2) — a malformed marker degrades instead of throwing"],"fullName":"WP42 AC3 (blind2) — a malformed marker degrades instead of throwing never throws for an empty or truncated MUX_REPLAY_END body","status":"passed","title":"never throws for an empty or truncated MUX_REPLAY_END body","duration":2.5260999999999854,"failureMessages":[],"meta":{}},{"ancestorTitles":["WP42 AC3 (blind2) — a malformed marker degrades instead of throwing"],"fullName":"WP42 AC3 (blind2) — a malformed marker degrades instead of throwing still closes the barrier when the marker body is unreadable","status":"passed","title":"still closes the barrier when the marker body is unreadable","duration":1.3583999999999605,"failureMessages":[],"meta":{}},{"ancestorTitles":["WP42 AC3 (blind2) — fallback volume boundaries"],"fullName":"WP42 AC3 (blind2) — fallback volume boundaries preserves interleaved sync/awareness ordering exactly through a 25-frame fallback","status":"passed","title":"preserves interleaved sync/awareness ordering exactly through a 25-frame fallback","duration":0.6808000000000334,"failureMessages":[],"meta":{}},{"ancestorTitles":["WP42 AC3 (blind2) — fallback volume boundaries"],"fullName":"WP42 AC3 (blind2) — fallback volume boundaries falls back cleanly on a doc that buffered nothing at all","status":"passed","title":"falls back cleanly on a doc that buffered nothing at all","duration":0.32370000000003074,"failureMessages":[],"meta":{}},{"ancestorTitles":["WP42 AC3 (blind2) — fallback volume boundaries"],"fullName":"WP42 AC3 (blind2) — fallback volume boundaries degrades one doc while another on the same socket completes normally","status":"passed","title":"degrades one doc while another on the same socket completes normally","duration":0.6970000000000027,"failureMessages":[],"meta":{}},{"ancestorTitles":["WP42 AC3 (blind2) — degradation keeps the sidecar path whole"],"fullName":"WP42 AC3 (blind2) — degradation keeps the sidecar path whole keeps sidecar-only recovery correct when the replay array is explicitly empty","status":"passed","title":"keeps sidecar-only recovery correct when the replay array is explicitly empty","duration":6.774499999999989,"failureMessages":[],"meta":{}}],"startTime":1785613271803,"endTime":1785613271815.7744,"status":"passed","message":"","name":"H:/Developement/_NeuralAngels/liveshareCollab/obsidian-live-share/plugin/src/__tests__/v2blind/test_no_blob_support_fallback_blind2.test.ts"},{"assertionResults":[{"ancestorTitles":["WP42 AC2 (blind2) — empty and oversized batches"],"fullName":"WP42 AC2 (blind2) — empty and oversized batches closes immediately on a marker with lastSeq 0 and releases nothing","status":"passed","title":"closes immediately on a marker with lastSeq 0 and releases nothing","duration":2.9764999999999873,"failureMessages":[],"meta":{}},{"ancestorTitles":["WP42 AC2 (blind2) — empty and oversized batches"],"fullName":"WP42 AC2 (blind2) — empty and oversized batches buffers a 200-frame batch and releases it in exact arrival order","status":"passed","title":"buffers a 200-frame batch and releases it in exact arrival order","duration":8.373499999999979,"failureMessages":[],"meta":{}},{"ancestorTitles":["WP42 AC2 (blind2) — empty and oversized batches"],"fullName":"WP42 AC2 (blind2) — empty and oversized batches carries a large lastSeq through the marker body unchanged","status":"passed","title":"carries a large lastSeq through the marker body unchanged","duration":0.25179999999994607,"failureMessages":[],"meta":{}},{"ancestorTitles":["WP42 AC2 (blind2) — repeated and stray calls"],"fullName":"WP42 AC2 (blind2) — repeated and stray calls treats a repeated beginReplay for the same doc as one batch, not two","status":"passed","title":"treats a repeated beginReplay for the same doc as one batch, not two","duration":0.2603000000000293,"failureMessages":[],"meta":{}},{"ancestorTitles":["WP42 AC2 (blind2) — repeated and stray calls"],"fullName":"WP42 AC2 (blind2) — repeated and stray calls passes a stray marker through for a doc that never opened a batch","status":"passed","title":"passes a stray marker through for a doc that never opened a batch","duration":0.23919999999998254,"failureMessages":[],"meta":{}},{"ancestorTitles":["WP42 AC2 (blind2) — repeated and stray calls"],"fullName":"WP42 AC2 (blind2) — repeated and stray calls makes endReplay a harmless no-op for a doc with no session","status":"passed","title":"makes endReplay a harmless no-op for a doc with no session","duration":0.24680000000000746,"failureMessages":[],"meta":{}},{"ancestorTitles":["WP42 AC2 (blind2) — repeated and stray calls"],"fullName":"WP42 AC2 (blind2) — repeated and stray calls does not reopen the barrier when a second marker arrives after it closed","status":"passed","title":"does not reopen the barrier when a second marker arrives after it closed","duration":0.3552999999999997,"failureMessages":[],"meta":{}},{"ancestorTitles":["WP42 AC2 (blind2) — DISCRIMINATION"],"fullName":"WP42 AC2 (blind2) — DISCRIMINATION DISCRIMINATION — a disabled gate never buffers and never filters the marker","status":"passed","title":"DISCRIMINATION — a disabled gate never buffers and never filters the marker","duration":0.9981999999999971,"failureMessages":[],"meta":{}}],"startTime":1785613271663,"endTime":1785613271677.9983,"status":"passed","message":"","name":"H:/Developement/_NeuralAngels/liveshareCollab/obsidian-live-share/plugin/src/__tests__/v2blind/test_replay_before_live_blind2.test.ts"},{"assertionResults":[{"ancestorTitles":["WP42 AC2 (blind2) — overlapping and reordered replays"],"fullName":"WP42 AC2 (blind2) — overlapping and reordered replays matches the live peer when the replay repeats what the checkpoint already contains","status":"passed","title":"matches the live peer when the replay repeats what the checkpoint already contains","duration":16.8904,"failureMessages":[],"meta":{}},{"ancestorTitles":["WP42 AC2 (blind2) — overlapping and reordered replays"],"fullName":"WP42 AC2 (blind2) — overlapping and reordered replays matches the live peer when the stored blobs are replayed in reverse order","status":"passed","title":"matches the live peer when the stored blobs are replayed in reverse order","duration":8.17719999999997,"failureMessages":[],"meta":{}},{"ancestorTitles":["WP42 AC2 (blind2) — overlapping and reordered replays"],"fullName":"WP42 AC2 (blind2) — overlapping and reordered replays matches the live peer when the same blob is replayed three times","status":"passed","title":"matches the live peer when the same blob is replayed three times","duration":3.7268000000000256,"failureMessages":[],"meta":{}},{"ancestorTitles":["WP42 AC2 (blind2) — a brand-new client in a genuinely empty room"],"fullName":"WP42 AC2 (blind2) — a brand-new client in a genuinely empty room ends up equal to a live peer that also has nothing","status":"passed","title":"ends up equal to a live peer that also has nothing","duration":8.247299999999996,"failureMessages":[],"meta":{}},{"ancestorTitles":["WP42 AC2 (blind2) — a brand-new client in a genuinely empty room"],"fullName":"WP42 AC2 (blind2) — a brand-new client in a genuinely empty room ends up equal after a replay consisting only of an empty doc's checkpoint","status":"passed","title":"ends up equal after a replay consisting only of an empty doc's checkpoint","duration":0.8903999999999996,"failureMessages":[],"meta":{}}],"startTime":1785613271651,"endTime":1785613271688.8904,"status":"passed","message":"","name":"H:/Developement/_NeuralAngels/liveshareCollab/obsidian-live-share/plugin/src/__tests__/v2blind/test_replay_equals_live_peer_blind2.test.ts"},{"assertionResults":[{"ancestorTitles":["WP42 AC4 (blind2) — degenerate source combinations"],"fullName":"WP42 AC4 (blind2) — degenerate source combinations reports nothing recovered and applies nothing for an entirely empty input","status":"passed","title":"reports nothing recovered and applies nothing for an entirely empty input","duration":6.121200000000044,"failureMessages":[],"meta":{}},{"ancestorTitles":["WP42 AC4 (blind2) — degenerate source combinations"],"fullName":"WP42 AC4 (blind2) — degenerate source combinations treats an omitted source and an empty source identically","status":"passed","title":"treats an omitted source and an empty source identically","duration":14.283299999999997,"failureMessages":[],"meta":{}},{"ancestorTitles":["WP42 AC4 (blind2) — partial overlap and heavy repetition"],"fullName":"WP42 AC4 (blind2) — partial overlap and heavy repetition converges when the two layers overlap only partially","status":"passed","title":"converges when the two layers overlap only partially","duration":5.452500000000043,"failureMessages":[],"meta":{}},{"ancestorTitles":["WP42 AC4 (blind2) — partial overlap and heavy repetition"],"fullName":"WP42 AC4 (blind2) — partial overlap and heavy repetition applies a four-times repeated history exactly once","status":"passed","title":"applies a four-times repeated history exactly once","duration":2.8998000000000275,"failureMessages":[],"meta":{}},{"ancestorTitles":["WP42 AC4 (blind2) — partial overlap and heavy repetition"],"fullName":"WP42 AC4 (blind2) — partial overlap and heavy repetition is a no-op in effect when the doc already carries the whole history","status":"passed","title":"is a no-op in effect when the doc already carries the whole history","duration":4.027899999999988,"failureMessages":[],"meta":{}}],"startTime":1785613271698,"endTime":1785613271732.0278,"status":"passed","message":"","name":"H:/Developement/_NeuralAngels/liveshareCollab/obsidian-live-share/plugin/src/__tests__/v2blind/test_sidecar_replay_compose_blind2.test.ts"},{"assertionResults":[{"ancestorTitles":["WP42 AC1/AC3 (blind2) — degenerate unknown frames decode cleanly"],"fullName":"WP42 AC1/AC3 (blind2) — degenerate unknown frames decode cleanly handles an unknown type with no payload at all","status":"passed","title":"handles an unknown type with no payload at all","duration":2.3256000000000085,"failureMessages":[],"meta":{}},{"ancestorTitles":["WP42 AC1/AC3 (blind2) — degenerate unknown frames decode cleanly"],"fullName":"WP42 AC1/AC3 (blind2) — degenerate unknown frames decode cleanly handles an unknown type with an explicit zero-length payload","status":"passed","title":"handles an unknown type with an explicit zero-length payload","duration":0.49929999999994834,"failureMessages":[],"meta":{}},{"ancestorTitles":["WP42 AC1/AC3 (blind2) — degenerate unknown frames decode cleanly"],"fullName":"WP42 AC1/AC3 (blind2) — degenerate unknown frames decode cleanly handles an unknown type carrying 64 KiB","status":"passed","title":"handles an unknown type carrying 64 KiB","duration":0.49500000000000455,"failureMessages":[],"meta":{}},{"ancestorTitles":["WP42 AC1/AC3 (blind2) — degenerate unknown frames decode cleanly"],"fullName":"WP42 AC1/AC3 (blind2) — degenerate unknown frames decode cleanly handles an unknown type on the connection-level empty doc id","status":"passed","title":"handles an unknown type on the connection-level empty doc id","duration":0.27780000000001337,"failureMessages":[],"meta":{}},{"ancestorTitles":["WP42 AC1/AC3 (blind2) — nothing degenerate is mistaken for a checkpoint"],"fullName":"WP42 AC1/AC3 (blind2) — nothing degenerate is mistaken for a checkpoint returns null for a zero-length-payload frame of a NON-checkpoint type","status":"passed","title":"returns null for a zero-length-payload frame of a NON-checkpoint type","duration":1.4110000000000014,"failureMessages":[],"meta":{}},{"ancestorTitles":["WP42 AC1/AC3 (blind2) — nothing degenerate is mistaken for a checkpoint"],"fullName":"WP42 AC1/AC3 (blind2) — nothing degenerate is mistaken for a checkpoint does not confuse a MUX_SYNC frame whose payload happens to start with 11","status":"passed","title":"does not confuse a MUX_SYNC frame whose payload happens to start with 11","duration":0.23490000000003874,"failureMessages":[],"meta":{}},{"ancestorTitles":["WP42 AC1/AC3 (blind2) — nothing degenerate is mistaken for a checkpoint"],"fullName":"WP42 AC1/AC3 (blind2) — nothing degenerate is mistaken for a checkpoint never leaks a decode error for a truncated buffer through the tolerance path","status":"passed","title":"never leaks a decode error for a truncated buffer through the tolerance path","duration":0.26600000000001955,"failureMessages":[],"meta":{}}],"startTime":1785613271811,"endTime":1785613271816.411,"status":"passed","message":"","name":"H:/Developement/_NeuralAngels/liveshareCollab/obsidian-live-share/plugin/src/__tests__/v2blind/test_unknown_type_tolerance_blind2.test.ts"},{"assertionResults":[{"ancestorTitles":["WP42 AC1 (blind2) — varuint boundaries are not disturbed"],"fullName":"WP42 AC1 (blind2) — varuint boundaries are not disturbed keeps every existing type and the new one inside a one-byte varuint","status":"passed","title":"keeps every existing type and the new one inside a one-byte varuint","duration":2.055999999999983,"failureMessages":[],"meta":{}},{"ancestorTitles":["WP42 AC1 (blind2) — varuint boundaries are not disturbed"],"fullName":"WP42 AC1 (blind2) — varuint boundaries are not disturbed still decodes types far above the known range without widening existing frames","status":"passed","title":"still decodes types far above the known range without widening existing frames","duration":0.7574999999999932,"failureMessages":[],"meta":{}},{"ancestorTitles":["WP42 AC1 (blind2) — payload presence semantics are unchanged"],"fullName":"WP42 AC1 (blind2) — payload presence semantics are unchanged distinguishes an omitted payload from an explicit zero-length payload on the wire","status":"passed","title":"distinguishes an omitted payload from an explicit zero-length payload on the wire","duration":0.35960000000000036,"failureMessages":[],"meta":{}},{"ancestorTitles":["WP42 AC1 (blind2) — payload presence semantics are unchanged"],"fullName":"WP42 AC1 (blind2) — payload presence semantics are unchanged gives the checkpoint frame exactly the same two forms","status":"passed","title":"gives the checkpoint frame exactly the same two forms","duration":0.3815999999999917,"failureMessages":[],"meta":{}},{"ancestorTitles":["WP42 AC1 (blind2) — large and awkward frames are unaffected"],"fullName":"WP42 AC1 (blind2) — large and awkward frames are unaffected round-trips a 128 KiB payload on an existing type","status":"passed","title":"round-trips a 128 KiB payload on an existing type","duration":400.2246,"failureMessages":[],"meta":{}},{"ancestorTitles":["WP42 AC1 (blind2) — large and awkward frames are unaffected"],"fullName":"WP42 AC1 (blind2) — large and awkward frames are unaffected round-trips a long multi-byte doc id whose length prefix needs two varuint bytes","status":"passed","title":"round-trips a long multi-byte doc id whose length prefix needs two varuint bytes","duration":0.7613000000000056,"failureMessages":[],"meta":{}},{"ancestorTitles":["WP42 AC1 (blind2) — large and awkward frames are unaffected"],"fullName":"WP42 AC1 (blind2) — large and awkward frames are unaffected keeps the empty doc id reserved for connection-level frames","status":"passed","title":"keeps the empty doc id reserved for connection-level frames","duration":0.25470000000007076,"failureMessages":[],"meta":{}}],"startTime":1785613271621,"endTime":1785613272027.2546,"status":"passed","message":"","name":"H:/Developement/_NeuralAngels/liveshareCollab/obsidian-live-share/plugin/src/__tests__/v2blind/test_wire_compat_blind2.test.ts"}]}