<?xml version="1.0" encoding="utf-8"?><testsuites name="pytest tests"><testsuite name="pytest" errors="0" failures="0" skipped="0" tests="12" time="0.307" timestamp="2026-08-01T21:41:13.309233+02:00" hostname="TomPC"><testcase classname="workflowArtifacts.canvas-v2.tests.blind_set2.WP43.test_ac1_absent_named_failure_blind2" name="test_missing_directory_and_missing_entry_are_distinct_named_failures" time="0.023" /><testcase classname="workflowArtifacts.canvas-v2.tests.blind_set2.WP43.test_ac1_case_blind2" name="test_intermediate_component_case_resolves_and_identity_uses_registry_casing" time="0.008" /><testcase classname="workflowArtifacts.canvas-v2.tests.blind_set2.WP43.test_ac1_spaces_blind2" name="test_prefix_sharing_space_names_resolve_to_their_own_entries" time="0.013" /><testcase classname="workflowArtifacts.canvas-v2.tests.blind_set2.WP43.test_ac1_spaces_blind2" name="test_partial_name_that_is_only_a_prefix_does_not_resolve" time="0.008" /><testcase classname="workflowArtifacts.canvas-v2.tests.blind_set2.WP43.test_ac1_trailing_sep_blind2" name="test_both_roles_with_different_trailing_separators_keep_distinct_identities" time="0.028" /><testcase classname="workflowArtifacts.canvas-v2.tests.blind_set2.WP43.test_ac2_disabled_distinct_from_missing_blind2" name="test_selecting_missing_vaults_never_returns_the_disabled_one" time="0.025" /><testcase classname="workflowArtifacts.canvas-v2.tests.blind_set2.WP43.test_ac2_disabled_distinct_from_missing_blind2" name="test_plugin_state_family_is_pairwise_distinct" time="0.001" /><testcase classname="workflowArtifacts.canvas-v2.tests.blind_set2.WP43.test_ac2_plugin_state_per_role_blind2" name="test_absent_enablement_file_and_absent_obsidian_dir_are_different_states" time="0.024" /><testcase classname="workflowArtifacts.canvas-v2.tests.blind_set2.WP43.test_ac3_no_process_vault_attribution_blind2" name="test_liveness_is_independent_of_the_configured_role_set" time="0.014" /><testcase classname="workflowArtifacts.canvas-v2.tests.blind_set2.WP43.test_ac3_no_process_vault_attribution_blind2" name="test_empty_listing_reports_not_running_without_per_vault_process_records" time="0.013" /><testcase classname="workflowArtifacts.canvas-v2.tests.blind_set2.WP43.test_ac4_structural_readonly_blind2" name="test_no_write_syscall_and_no_path_set_change" time="0.021" /><testcase classname="workflowArtifacts.canvas-v2.tests.blind_set2.WP43.test_ac4_structural_readonly_blind2" name="test_returned_descriptors_expose_no_mutating_method" time="0.010" /></testsuite></testsuites>