<?xml version="1.0" encoding="utf-8"?><testsuites name="pytest tests"><testsuite name="pytest" errors="0" failures="0" skipped="0" tests="10" time="0.322" timestamp="2026-08-01T21:38:58.042257+02:00" hostname="TomPC"><testcase classname="workflowArtifacts.canvas-v2.tests.blind_set1.WP43.test_ac1_absent_named_failure_blind1" name="test_empty_registry_names_the_failure_for_every_role" time="0.034" /><testcase classname="workflowArtifacts.canvas-v2.tests.blind_set1.WP43.test_ac1_case_blind1" name="test_uppercased_configured_path_resolves_and_neighbour_does_not" time="0.013" /><testcase classname="workflowArtifacts.canvas-v2.tests.blind_set1.WP43.test_ac1_spaces_blind1" name="test_both_roles_resolve_when_registry_uses_posix_separators" time="0.027" /><testcase classname="workflowArtifacts.canvas-v2.tests.blind_set1.WP43.test_ac1_trailing_sep_blind1" name="test_registry_recorded_trailing_separator_still_matches_bare_configured_path" time="0.007" /><testcase classname="workflowArtifacts.canvas-v2.tests.blind_set1.WP43.test_ac2_disabled_distinct_from_missing_blind1" name="test_three_situations_produce_three_distinct_reports" time="0.046" /><testcase classname="workflowArtifacts.canvas-v2.tests.blind_set1.WP43.test_ac2_disabled_distinct_from_missing_blind1" name="test_no_normalisation_collapses_the_two_named_states" time="0.001" /><testcase classname="workflowArtifacts.canvas-v2.tests.blind_set1.WP43.test_ac2_plugin_state_per_role_blind1" name="test_installed_but_unlisted_is_reported_as_present_but_disabled" time="0.029" /><testcase classname="workflowArtifacts.canvas-v2.tests.blind_set1.WP43.test_ac3_no_process_vault_attribution_blind1" name="test_single_process_naming_one_vault_does_not_degrade_the_other_role" time="0.013" /><testcase classname="workflowArtifacts.canvas-v2.tests.blind_set1.WP43.test_ac4_structural_readonly_blind1" name="test_discovery_starts_no_process_and_copies_nothing" time="0.022" /><testcase classname="workflowArtifacts.canvas-v2.tests.blind_set1.WP43.test_ac4_structural_readonly_blind1" name="test_module_exposes_no_open_file_handle" time="0.001" /></testsuite></testsuites>