<?xml version="1.0" encoding="utf-8"?><testsuites name="pytest tests"><testsuite name="pytest" errors="0" failures="0" skipped="0" tests="87" time="1.788" timestamp="2026-08-01T21:48:06.860152+02:00" hostname="TomPC"><testcase classname="workflowArtifacts.canvas-v2.tests.blind_set2.WP44.test_tp01_settings_channel_blind2" name="test_the_written_value_is_one_resolveport_accepts[array_valued_settings]" time="0.019" /><testcase classname="workflowArtifacts.canvas-v2.tests.blind_set2.WP44.test_tp01_settings_channel_blind2" name="test_the_written_value_is_one_resolveport_accepts[deeply_nested]" time="0.016" /><testcase classname="workflowArtifacts.canvas-v2.tests.blind_set2.WP44.test_tp01_settings_channel_blind2" name="test_the_written_value_is_one_resolveport_accepts[empty_object]" time="0.015" /><testcase classname="workflowArtifacts.canvas-v2.tests.blind_set2.WP44.test_tp01_settings_channel_blind2" name="test_the_written_value_is_one_resolveport_accepts[empty_object_pretty]" time="0.016" /><testcase classname="workflowArtifacts.canvas-v2.tests.blind_set2.WP44.test_tp01_settings_channel_blind2" name="test_the_written_value_is_one_resolveport_accepts[unrelated_keys_only]" time="0.016" /><testcase classname="workflowArtifacts.canvas-v2.tests.blind_set2.WP44.test_tp01_settings_channel_blind2" name="test_both_roles_are_resolvable_and_different" time="0.031" /><testcase classname="workflowArtifacts.canvas-v2.tests.blind_set2.WP44.test_tp01_settings_channel_blind2" name="test_the_settings_file_stays_valid_json_the_plugin_can_load" time="0.083" /><testcase classname="workflowArtifacts.canvas-v2.tests.blind_set2.WP44.test_tp02_no_env_channel_blind2" name="test_one_process_provisions_two_vaults_with_two_different_ports" time="0.030" /><testcase classname="workflowArtifacts.canvas-v2.tests.blind_set2.WP44.test_tp02_no_env_channel_blind2" name="test_the_order_of_provisioning_does_not_matter" time="0.030" /><testcase classname="workflowArtifacts.canvas-v2.tests.blind_set2.WP44.test_tp02_no_env_channel_blind2" name="test_tearing_one_vault_down_leaves_the_other_provisioned" time="0.035" /><testcase classname="workflowArtifacts.canvas-v2.tests.blind_set2.WP44.test_tp02_no_env_channel_blind2" name="test_the_environment_is_identical_before_and_after_the_whole_sequence" time="0.041" /><testcase classname="workflowArtifacts.canvas-v2.tests.blind_set2.WP44.test_tp02_no_env_channel_blind2" name="test_the_reason_is_recorded_where_the_provisioning_happens" time="0.002" /><testcase classname="workflowArtifacts.canvas-v2.tests.blind_set2.WP44.test_tp03_byte_exact_restore_blind2" name="test_a_generated_original_survives_the_cycle_byte_for_byte[12648430]" time="0.021" /><testcase classname="workflowArtifacts.canvas-v2.tests.blind_set2.WP44.test_tp03_byte_exact_restore_blind2" name="test_a_generated_original_survives_the_cycle_byte_for_byte[195948557]" time="0.021" /><testcase classname="workflowArtifacts.canvas-v2.tests.blind_set2.WP44.test_tp03_byte_exact_restore_blind2" name="test_a_generated_original_survives_the_cycle_byte_for_byte[1715004]" time="0.022" /><testcase classname="workflowArtifacts.canvas-v2.tests.blind_set2.WP44.test_tp03_byte_exact_restore_blind2" name="test_a_generated_original_survives_the_cycle_byte_for_byte[7]" time="0.022" /><testcase classname="workflowArtifacts.canvas-v2.tests.blind_set2.WP44.test_tp03_byte_exact_restore_blind2" name="test_a_generated_original_survives_the_cycle_byte_for_byte[13]" time="0.021" /><testcase classname="workflowArtifacts.canvas-v2.tests.blind_set2.WP44.test_tp03_byte_exact_restore_blind2" name="test_a_generated_original_survives_the_cycle_byte_for_byte[99991]" time="0.022" /><testcase classname="workflowArtifacts.canvas-v2.tests.blind_set2.WP44.test_tp03_byte_exact_restore_blind2" name="test_a_generated_original_survives_the_cycle_byte_for_byte[4277009102]" time="0.023" /><testcase classname="workflowArtifacts.canvas-v2.tests.blind_set2.WP44.test_tp03_byte_exact_restore_blind2" name="test_a_generated_original_survives_the_cycle_byte_for_byte[424242]" time="0.021" /><testcase classname="workflowArtifacts.canvas-v2.tests.blind_set2.WP44.test_tp03_byte_exact_restore_blind2" name="test_the_generator_is_deterministic_and_parses[12648430]" time="0.001" /><testcase classname="workflowArtifacts.canvas-v2.tests.blind_set2.WP44.test_tp03_byte_exact_restore_blind2" name="test_the_generator_is_deterministic_and_parses[195948557]" time="0.001" /><testcase classname="workflowArtifacts.canvas-v2.tests.blind_set2.WP44.test_tp03_byte_exact_restore_blind2" name="test_the_generator_is_deterministic_and_parses[1715004]" time="0.001" /><testcase classname="workflowArtifacts.canvas-v2.tests.blind_set2.WP44.test_tp03_byte_exact_restore_blind2" name="test_the_generator_is_deterministic_and_parses[7]" time="0.001" /><testcase classname="workflowArtifacts.canvas-v2.tests.blind_set2.WP44.test_tp03_byte_exact_restore_blind2" name="test_the_generator_is_deterministic_and_parses[13]" time="0.001" /><testcase classname="workflowArtifacts.canvas-v2.tests.blind_set2.WP44.test_tp03_byte_exact_restore_blind2" name="test_the_generator_is_deterministic_and_parses[99991]" time="0.001" /><testcase classname="workflowArtifacts.canvas-v2.tests.blind_set2.WP44.test_tp03_byte_exact_restore_blind2" name="test_the_generator_is_deterministic_and_parses[4277009102]" time="0.001" /><testcase classname="workflowArtifacts.canvas-v2.tests.blind_set2.WP44.test_tp03_byte_exact_restore_blind2" name="test_the_generator_is_deterministic_and_parses[424242]" time="0.001" /><testcase classname="workflowArtifacts.canvas-v2.tests.blind_set2.WP44.test_tp03_byte_exact_restore_blind2" name="test_no_two_seeds_produce_the_same_file" time="0.001" /><testcase classname="workflowArtifacts.canvas-v2.tests.blind_set2.WP44.test_tp03_byte_exact_restore_blind2" name="test_the_whole_corpus_in_one_vault_sequence" time="0.138" /><testcase classname="workflowArtifacts.canvas-v2.tests.blind_set2.WP44.test_tp04_exotic_bytes_blind2" name="test_whatever_was_captured_comes_back_exactly[empty_file]" time="0.010" /><testcase classname="workflowArtifacts.canvas-v2.tests.blind_set2.WP44.test_tp04_exotic_bytes_blind2" name="test_whatever_was_captured_comes_back_exactly[lone_cr]" time="0.012" /><testcase classname="workflowArtifacts.canvas-v2.tests.blind_set2.WP44.test_tp04_exotic_bytes_blind2" name="test_whatever_was_captured_comes_back_exactly[mixed_line_endings]" time="0.011" /><testcase classname="workflowArtifacts.canvas-v2.tests.blind_set2.WP44.test_tp04_exotic_bytes_blind2" name="test_whatever_was_captured_comes_back_exactly[not_json_at_all]" time="0.011" /><testcase classname="workflowArtifacts.canvas-v2.tests.blind_set2.WP44.test_tp04_exotic_bytes_blind2" name="test_whatever_was_captured_comes_back_exactly[single_newline]" time="0.012" /><testcase classname="workflowArtifacts.canvas-v2.tests.blind_set2.WP44.test_tp04_exotic_bytes_blind2" name="test_whatever_was_captured_comes_back_exactly[trailing_nulls_free_binaryish]" time="0.011" /><testcase classname="workflowArtifacts.canvas-v2.tests.blind_set2.WP44.test_tp04_exotic_bytes_blind2" name="test_whatever_was_captured_comes_back_exactly[utf8_bom]" time="0.011" /><testcase classname="workflowArtifacts.canvas-v2.tests.blind_set2.WP44.test_tp04_exotic_bytes_blind2" name="test_whatever_was_captured_comes_back_exactly[very_long_line]" time="0.011" /><testcase classname="workflowArtifacts.canvas-v2.tests.blind_set2.WP44.test_tp04_exotic_bytes_blind2" name="test_a_recovery_provisioning_before_the_restore_changes_nothing[utf8_bom]" time="0.019" /><testcase classname="workflowArtifacts.canvas-v2.tests.blind_set2.WP44.test_tp04_exotic_bytes_blind2" name="test_a_recovery_provisioning_before_the_restore_changes_nothing[lone_cr]" time="0.019" /><testcase classname="workflowArtifacts.canvas-v2.tests.blind_set2.WP44.test_tp04_exotic_bytes_blind2" name="test_a_recovery_provisioning_before_the_restore_changes_nothing[mixed_line_endings]" time="0.020" /><testcase classname="workflowArtifacts.canvas-v2.tests.blind_set2.WP44.test_tp04_exotic_bytes_blind2" name="test_the_corpus_is_genuinely_not_json_writer_output" time="0.001" /><testcase classname="workflowArtifacts.canvas-v2.tests.blind_set2.WP44.test_tp05_no_file_before_blind2" name="test_a_recovery_run_still_knows_there_was_no_original" time="0.022" /><testcase classname="workflowArtifacts.canvas-v2.tests.blind_set2.WP44.test_tp05_no_file_before_blind2" name="test_three_runs_and_one_teardown_still_leave_nothing" time="0.028" /><testcase classname="workflowArtifacts.canvas-v2.tests.blind_set2.WP44.test_tp05_no_file_before_blind2" name="test_the_marker_alone_is_enough_to_clean_up" time="0.006" /><testcase classname="workflowArtifacts.canvas-v2.tests.blind_set2.WP44.test_tp05_no_file_before_blind2" name="test_a_vault_that_never_ran_is_left_completely_alone" time="0.005" /><testcase classname="workflowArtifacts.canvas-v2.tests.blind_set2.WP44.test_tp05_no_file_before_blind2" name="test_the_provisioned_file_is_the_only_thing_the_run_adds" time="0.012" /><testcase classname="workflowArtifacts.canvas-v2.tests.blind_set2.WP44.test_tp06_restore_mismatch_blind2" name="test_a_backup_that_differs_at_all_is_refused[first_byte]" time="0.008" /><testcase classname="workflowArtifacts.canvas-v2.tests.blind_set2.WP44.test_tp06_restore_mismatch_blind2" name="test_a_backup_that_differs_at_all_is_refused[key_order_only]" time="0.008" /><testcase classname="workflowArtifacts.canvas-v2.tests.blind_set2.WP44.test_tp06_restore_mismatch_blind2" name="test_a_backup_that_differs_at_all_is_refused[last_byte]" time="0.006" /><testcase classname="workflowArtifacts.canvas-v2.tests.blind_set2.WP44.test_tp06_restore_mismatch_blind2" name="test_a_backup_that_differs_at_all_is_refused[middle_byte]" time="0.007" /><testcase classname="workflowArtifacts.canvas-v2.tests.blind_set2.WP44.test_tp06_restore_mismatch_blind2" name="test_a_backup_that_differs_at_all_is_refused[trailing_newline_dropped]" time="0.006" /><testcase classname="workflowArtifacts.canvas-v2.tests.blind_set2.WP44.test_tp06_restore_mismatch_blind2" name="test_a_backup_that_differs_at_all_is_refused[whitespace_only]" time="0.008" /><testcase classname="workflowArtifacts.canvas-v2.tests.blind_set2.WP44.test_tp06_restore_mismatch_blind2" name="test_the_undamaged_backup_of_the_same_shape_restores" time="0.012" /><testcase classname="workflowArtifacts.canvas-v2.tests.blind_set2.WP44.test_tp06_restore_mismatch_blind2" name="test_same_length_damage_is_not_excused" time="0.018" /><testcase classname="workflowArtifacts.canvas-v2.tests.blind_set2.WP44.test_tp07_no_content_leak_blind2" name="test_two_vaults_differing_only_in_the_secret_produce_identical_markers" time="0.030" /><testcase classname="workflowArtifacts.canvas-v2.tests.blind_set2.WP44.test_tp07_no_content_leak_blind2" name="test_the_marker_is_the_same_size_whatever_the_settings_are" time="0.036" /><testcase classname="workflowArtifacts.canvas-v2.tests.blind_set2.WP44.test_tp07_no_content_leak_blind2" name="test_no_artefact_outside_the_backup_contains_any_settings_substring" time="0.019" /><testcase classname="workflowArtifacts.canvas-v2.tests.blind_set2.WP44.test_tp07_no_content_leak_blind2" name="test_teardown_removes_every_trace" time="0.022" /><testcase classname="workflowArtifacts.canvas-v2.tests.blind_set2.WP44.test_tp08_idempotent_double_provision_blind2" name="test_each_cycle_captures_the_file_that_cycle_started_with" time="0.085" /><testcase classname="workflowArtifacts.canvas-v2.tests.blind_set2.WP44.test_tp08_idempotent_double_provision_blind2" name="test_the_backup_never_survives_a_cycle" time="0.061" /><testcase classname="workflowArtifacts.canvas-v2.tests.blind_set2.WP44.test_tp08_idempotent_double_provision_blind2" name="test_a_cycle_that_starts_with_no_file_and_one_that_does_not_interfere" time="0.049" /><testcase classname="workflowArtifacts.canvas-v2.tests.blind_set2.WP44.test_tp08_idempotent_double_provision_blind2" name="test_repeated_provisioning_converges_on_one_state" time="0.064" /><testcase classname="workflowArtifacts.canvas-v2.tests.blind_set2.WP44.test_tp09_crashed_run_backup_blind2" name="test_recovery_restores_the_exotic_original_not_a_re_derived_one[escaped_unicode]" time="0.022" /><testcase classname="workflowArtifacts.canvas-v2.tests.blind_set2.WP44.test_tp09_crashed_run_backup_blind2" name="test_recovery_restores_the_exotic_original_not_a_re_derived_one[no_trailing_newline]" time="0.022" /><testcase classname="workflowArtifacts.canvas-v2.tests.blind_set2.WP44.test_tp09_crashed_run_backup_blind2" name="test_recovery_restores_the_exotic_original_not_a_re_derived_one[tabs_crlf]" time="0.022" /><testcase classname="workflowArtifacts.canvas-v2.tests.blind_set2.WP44.test_tp09_crashed_run_backup_blind2" name="test_recovery_restores_the_exotic_original_not_a_re_derived_one[unicode_raw]" time="0.019" /><testcase classname="workflowArtifacts.canvas-v2.tests.blind_set2.WP44.test_tp09_crashed_run_backup_blind2" name="test_the_recovery_run_leaves_the_saved_original_alone[escaped_unicode]" time="0.014" /><testcase classname="workflowArtifacts.canvas-v2.tests.blind_set2.WP44.test_tp09_crashed_run_backup_blind2" name="test_the_recovery_run_leaves_the_saved_original_alone[no_trailing_newline]" time="0.015" /><testcase classname="workflowArtifacts.canvas-v2.tests.blind_set2.WP44.test_tp09_crashed_run_backup_blind2" name="test_the_recovery_run_leaves_the_saved_original_alone[tabs_crlf]" time="0.014" /><testcase classname="workflowArtifacts.canvas-v2.tests.blind_set2.WP44.test_tp09_crashed_run_backup_blind2" name="test_the_recovery_run_leaves_the_saved_original_alone[unicode_raw]" time="0.014" /><testcase classname="workflowArtifacts.canvas-v2.tests.blind_set2.WP44.test_tp09_crashed_run_backup_blind2" name="test_two_crashes_in_a_row_still_recover_the_first_original" time="0.028" /><testcase classname="workflowArtifacts.canvas-v2.tests.blind_set2.WP44.test_tp10_provision_conflict_blind2" name="test_the_refusal_happens_before_the_borrow[backup_is_someone_elses]" time="0.011" /><testcase classname="workflowArtifacts.canvas-v2.tests.blind_set2.WP44.test_tp10_provision_conflict_blind2" name="test_the_refusal_happens_before_the_borrow[backup_without_its_marker]" time="0.008" /><testcase classname="workflowArtifacts.canvas-v2.tests.blind_set2.WP44.test_tp10_provision_conflict_blind2" name="test_the_refusal_happens_before_the_borrow[marker_denies_the_backup]" time="0.010" /><testcase classname="workflowArtifacts.canvas-v2.tests.blind_set2.WP44.test_tp10_provision_conflict_blind2" name="test_the_refusal_happens_before_the_borrow[marker_is_a_json_array]" time="0.011" /><testcase classname="workflowArtifacts.canvas-v2.tests.blind_set2.WP44.test_tp10_provision_conflict_blind2" name="test_the_refusal_happens_before_the_borrow[marker_is_truncated_json]" time="0.010" /><testcase classname="workflowArtifacts.canvas-v2.tests.blind_set2.WP44.test_tp10_provision_conflict_blind2" name="test_the_refusal_happens_before_the_borrow[marker_without_its_backup]" time="0.010" /><testcase classname="workflowArtifacts.canvas-v2.tests.blind_set2.WP44.test_tp10_provision_conflict_blind2" name="test_the_refusal_happens_before_the_borrow[no_live_file_but_a_backup]" time="0.009" /><testcase classname="workflowArtifacts.canvas-v2.tests.blind_set2.WP44.test_tp10_provision_conflict_blind2" name="test_a_conflict_never_deletes_anything[backup_is_someone_elses]" time="0.009" /><testcase classname="workflowArtifacts.canvas-v2.tests.blind_set2.WP44.test_tp10_provision_conflict_blind2" name="test_a_conflict_never_deletes_anything[backup_without_its_marker]" time="0.009" /><testcase classname="workflowArtifacts.canvas-v2.tests.blind_set2.WP44.test_tp10_provision_conflict_blind2" name="test_a_conflict_never_deletes_anything[marker_denies_the_backup]" time="0.010" /><testcase classname="workflowArtifacts.canvas-v2.tests.blind_set2.WP44.test_tp10_provision_conflict_blind2" name="test_a_conflict_never_deletes_anything[marker_is_a_json_array]" time="0.009" /><testcase classname="workflowArtifacts.canvas-v2.tests.blind_set2.WP44.test_tp10_provision_conflict_blind2" name="test_a_conflict_never_deletes_anything[marker_is_truncated_json]" time="0.010" /><testcase classname="workflowArtifacts.canvas-v2.tests.blind_set2.WP44.test_tp10_provision_conflict_blind2" name="test_a_conflict_never_deletes_anything[marker_without_its_backup]" time="0.008" /><testcase classname="workflowArtifacts.canvas-v2.tests.blind_set2.WP44.test_tp10_provision_conflict_blind2" name="test_a_conflict_never_deletes_anything[no_live_file_but_a_backup]" time="0.007" /><testcase classname="workflowArtifacts.canvas-v2.tests.blind_set2.WP44.test_tp10_provision_conflict_blind2" name="test_the_conflict_is_stable_and_does_not_degrade_on_retry" time="0.009" /></testsuite></testsuites>