<?xml version="1.0" encoding="utf-8"?><testsuites name="pytest tests"><testsuite name="pytest" errors="0" failures="0" skipped="0" tests="66" time="1.786" timestamp="2026-08-01T21:46:47.738365+02:00" hostname="TomPC"><testcase classname="workflowArtifacts.canvas-v2.tests.blind_set1.WP44.test_tp01_settings_channel_blind1" name="test_a_stale_port_key_is_replaced_not_duplicated[stale_headless_port-39421]" time="0.029" /><testcase classname="workflowArtifacts.canvas-v2.tests.blind_set1.WP44.test_tp01_settings_channel_blind1" name="test_a_stale_port_key_is_replaced_not_duplicated[stale_string_port-39422]" time="0.023" /><testcase classname="workflowArtifacts.canvas-v2.tests.blind_set1.WP44.test_tp01_settings_channel_blind1" name="test_a_stale_port_key_is_replaced_not_duplicated[wrong_type-True]" time="0.025" /><testcase classname="workflowArtifacts.canvas-v2.tests.blind_set1.WP44.test_tp01_settings_channel_blind1" name="test_a_stale_port_key_is_replaced_not_duplicated[null-None]" time="0.023" /><testcase classname="workflowArtifacts.canvas-v2.tests.blind_set1.WP44.test_tp01_settings_channel_blind1" name="test_the_two_roles_stay_independent_when_both_vaults_start_identical" time="0.040" /><testcase classname="workflowArtifacts.canvas-v2.tests.blind_set1.WP44.test_tp01_settings_channel_blind1" name="test_an_explicit_port_is_honoured_for_either_role" time="0.034" /><testcase classname="workflowArtifacts.canvas-v2.tests.blind_set1.WP44.test_tp02_no_env_channel_blind1" name="test_a_refused_provisioning_leaves_the_environment_alone" time="0.005" /><testcase classname="workflowArtifacts.canvas-v2.tests.blind_set1.WP44.test_tp02_no_env_channel_blind1" name="test_a_failed_restore_leaves_the_environment_alone" time="0.019" /><testcase classname="workflowArtifacts.canvas-v2.tests.blind_set1.WP44.test_tp02_no_env_channel_blind1" name="test_env_flags_of_every_shape_are_left_untouched" time="0.082" /><testcase classname="workflowArtifacts.canvas-v2.tests.blind_set1.WP44.test_tp02_no_env_channel_blind1" name="test_the_rationale_lives_in_the_provisioning_function_or_its_module_docstring" time="0.002" /><testcase classname="workflowArtifacts.canvas-v2.tests.blind_set1.WP44.test_tp03_byte_exact_restore_blind1" name="test_the_plugin_directory_is_identical_after_teardown" time="0.032" /><testcase classname="workflowArtifacts.canvas-v2.tests.blind_set1.WP44.test_tp03_byte_exact_restore_blind1" name="test_the_siblings_are_never_opened_for_writing" time="0.027" /><testcase classname="workflowArtifacts.canvas-v2.tests.blind_set1.WP44.test_tp03_byte_exact_restore_blind1" name="test_a_minified_original_with_no_trailing_newline_returns_exactly" time="0.028" /><testcase classname="workflowArtifacts.canvas-v2.tests.blind_set1.WP44.test_tp04_exotic_bytes_blind1" name="test_every_formatting_combination_returns_unchanged[four_crlf_no_trailing]" time="0.024" /><testcase classname="workflowArtifacts.canvas-v2.tests.blind_set1.WP44.test_tp04_exotic_bytes_blind1" name="test_every_formatting_combination_returns_unchanged[four_crlf_trailing]" time="0.027" /><testcase classname="workflowArtifacts.canvas-v2.tests.blind_set1.WP44.test_tp04_exotic_bytes_blind1" name="test_every_formatting_combination_returns_unchanged[four_lf_no_trailing]" time="0.024" /><testcase classname="workflowArtifacts.canvas-v2.tests.blind_set1.WP44.test_tp04_exotic_bytes_blind1" name="test_every_formatting_combination_returns_unchanged[four_lf_trailing]" time="0.026" /><testcase classname="workflowArtifacts.canvas-v2.tests.blind_set1.WP44.test_tp04_exotic_bytes_blind1" name="test_every_formatting_combination_returns_unchanged[none_crlf_no_trailing]" time="0.023" /><testcase classname="workflowArtifacts.canvas-v2.tests.blind_set1.WP44.test_tp04_exotic_bytes_blind1" name="test_every_formatting_combination_returns_unchanged[none_crlf_trailing]" time="0.024" /><testcase classname="workflowArtifacts.canvas-v2.tests.blind_set1.WP44.test_tp04_exotic_bytes_blind1" name="test_every_formatting_combination_returns_unchanged[none_lf_no_trailing]" time="0.024" /><testcase classname="workflowArtifacts.canvas-v2.tests.blind_set1.WP44.test_tp04_exotic_bytes_blind1" name="test_every_formatting_combination_returns_unchanged[none_lf_trailing]" time="0.024" /><testcase classname="workflowArtifacts.canvas-v2.tests.blind_set1.WP44.test_tp04_exotic_bytes_blind1" name="test_every_formatting_combination_returns_unchanged[tab_crlf_no_trailing]" time="0.024" /><testcase classname="workflowArtifacts.canvas-v2.tests.blind_set1.WP44.test_tp04_exotic_bytes_blind1" name="test_every_formatting_combination_returns_unchanged[tab_crlf_trailing]" time="0.023" /><testcase classname="workflowArtifacts.canvas-v2.tests.blind_set1.WP44.test_tp04_exotic_bytes_blind1" name="test_every_formatting_combination_returns_unchanged[tab_lf_no_trailing]" time="0.027" /><testcase classname="workflowArtifacts.canvas-v2.tests.blind_set1.WP44.test_tp04_exotic_bytes_blind1" name="test_every_formatting_combination_returns_unchanged[tab_lf_trailing]" time="0.038" /><testcase classname="workflowArtifacts.canvas-v2.tests.blind_set1.WP44.test_tp04_exotic_bytes_blind1" name="test_every_formatting_combination_returns_unchanged[two_crlf_no_trailing]" time="0.029" /><testcase classname="workflowArtifacts.canvas-v2.tests.blind_set1.WP44.test_tp04_exotic_bytes_blind1" name="test_every_formatting_combination_returns_unchanged[two_crlf_trailing]" time="0.023" /><testcase classname="workflowArtifacts.canvas-v2.tests.blind_set1.WP44.test_tp04_exotic_bytes_blind1" name="test_every_formatting_combination_returns_unchanged[two_lf_no_trailing]" time="0.022" /><testcase classname="workflowArtifacts.canvas-v2.tests.blind_set1.WP44.test_tp04_exotic_bytes_blind1" name="test_every_formatting_combination_returns_unchanged[two_lf_trailing]" time="0.028" /><testcase classname="workflowArtifacts.canvas-v2.tests.blind_set1.WP44.test_tp04_exotic_bytes_blind1" name="test_escape_sequences_are_not_normalised" time="0.023" /><testcase classname="workflowArtifacts.canvas-v2.tests.blind_set1.WP44.test_tp04_exotic_bytes_blind1" name="test_a_large_file_returns_in_full" time="0.038" /><testcase classname="workflowArtifacts.canvas-v2.tests.blind_set1.WP44.test_tp04_exotic_bytes_blind1" name="test_matrix_audit_every_generated_file_is_adversarial_for_at_least_one_dump" time="0.001" /><testcase classname="workflowArtifacts.canvas-v2.tests.blind_set1.WP44.test_tp05_no_file_before_blind1" name="test_the_vault_is_bit_identical_after_a_full_cycle" time="0.023" /><testcase classname="workflowArtifacts.canvas-v2.tests.blind_set1.WP44.test_tp05_no_file_before_blind1" name="test_nothing_at_all_is_left_where_data_json_would_be" time="0.017" /><testcase classname="workflowArtifacts.canvas-v2.tests.blind_set1.WP44.test_tp05_no_file_before_blind1" name="test_restoring_twice_still_leaves_nothing" time="0.022" /><testcase classname="workflowArtifacts.canvas-v2.tests.blind_set1.WP44.test_tp05_no_file_before_blind1" name="test_a_run_that_never_reaches_teardown_can_still_be_cleaned_up_later" time="0.031" /><testcase classname="workflowArtifacts.canvas-v2.tests.blind_set1.WP44.test_tp06_restore_mismatch_blind1" name="test_a_fingerprint_that_does_not_describe_the_backup_is_refused[uppercased_hash]" time="0.017" /><testcase classname="workflowArtifacts.canvas-v2.tests.blind_set1.WP44.test_tp06_restore_mismatch_blind1" name="test_a_fingerprint_that_does_not_describe_the_backup_is_refused[wrong_hash]" time="0.018" /><testcase classname="workflowArtifacts.canvas-v2.tests.blind_set1.WP44.test_tp06_restore_mismatch_blind1" name="test_an_unusable_fingerprint_is_refused_under_a_named_reason[nulled_hash]" time="0.017" /><testcase classname="workflowArtifacts.canvas-v2.tests.blind_set1.WP44.test_tp06_restore_mismatch_blind1" name="test_an_unusable_fingerprint_is_refused_under_a_named_reason[numeric_hash]" time="0.017" /><testcase classname="workflowArtifacts.canvas-v2.tests.blind_set1.WP44.test_tp06_restore_mismatch_blind1" name="test_an_unusable_fingerprint_is_refused_under_a_named_reason[truncated_hash]" time="0.018" /><testcase classname="workflowArtifacts.canvas-v2.tests.blind_set1.WP44.test_tp06_restore_mismatch_blind1" name="test_a_repeated_failed_restore_changes_nothing" time="0.018" /><testcase classname="workflowArtifacts.canvas-v2.tests.blind_set1.WP44.test_tp06_restore_mismatch_blind1" name="test_repairing_the_marker_makes_the_restore_succeed_again" time="0.025" /><testcase classname="workflowArtifacts.canvas-v2.tests.blind_set1.WP44.test_tp07_no_content_leak_blind1" name="test_only_data_json_and_its_backup_ever_hold_the_values" time="0.020" /><testcase classname="workflowArtifacts.canvas-v2.tests.blind_set1.WP44.test_tp07_no_content_leak_blind1" name="test_after_teardown_only_the_owners_own_file_holds_them" time="0.024" /><testcase classname="workflowArtifacts.canvas-v2.tests.blind_set1.WP44.test_tp07_no_content_leak_blind1" name="test_the_marker_is_a_fingerprint_sized_file" time="0.018" /><testcase classname="workflowArtifacts.canvas-v2.tests.blind_set1.WP44.test_tp07_no_content_leak_blind1" name="test_the_refusal_paths_carry_no_values_either" time="0.022" /><testcase classname="workflowArtifacts.canvas-v2.tests.blind_set1.WP44.test_tp08_idempotent_double_provision_blind1" name="test_five_provisionings_keep_exactly_one_original" time="0.061" /><testcase classname="workflowArtifacts.canvas-v2.tests.blind_set1.WP44.test_tp08_idempotent_double_provision_blind1" name="test_the_live_setting_follows_the_last_provisioning" time="0.026" /><testcase classname="workflowArtifacts.canvas-v2.tests.blind_set1.WP44.test_tp08_idempotent_double_provision_blind1" name="test_repeating_the_same_provisioning_is_byte_stable" time="0.057" /><testcase classname="workflowArtifacts.canvas-v2.tests.blind_set1.WP44.test_tp08_idempotent_double_provision_blind1" name="test_a_full_cycle_can_be_repeated_from_scratch" time="0.090" /><testcase classname="workflowArtifacts.canvas-v2.tests.blind_set1.WP44.test_tp09_crashed_run_backup_blind1" name="test_a_foreign_crashed_backup_is_adopted_not_replaced" time="0.020" /><testcase classname="workflowArtifacts.canvas-v2.tests.blind_set1.WP44.test_tp09_crashed_run_backup_blind1" name="test_the_recovery_teardown_restores_the_true_original" time="0.028" /><testcase classname="workflowArtifacts.canvas-v2.tests.blind_set1.WP44.test_tp09_crashed_run_backup_blind1" name="test_the_new_run_may_take_the_other_role_and_port" time="0.021" /><testcase classname="workflowArtifacts.canvas-v2.tests.blind_set1.WP44.test_tp09_crashed_run_backup_blind1" name="test_recovery_without_an_intervening_provision_also_works" time="0.012" /><testcase classname="workflowArtifacts.canvas-v2.tests.blind_set1.WP44.test_tp10_provision_conflict_blind1" name="test_contradictory_leftovers_are_refused_without_a_single_write[backup_is_not_the_recorded_original]" time="0.011" /><testcase classname="workflowArtifacts.canvas-v2.tests.blind_set1.WP44.test_tp10_provision_conflict_blind1" name="test_contradictory_leftovers_are_refused_without_a_single_write[backup_with_no_marker_at_all]" time="0.009" /><testcase classname="workflowArtifacts.canvas-v2.tests.blind_set1.WP44.test_tp10_provision_conflict_blind1" name="test_contradictory_leftovers_are_refused_without_a_single_write[marker_denies_an_original_that_exists]" time="0.011" /><testcase classname="workflowArtifacts.canvas-v2.tests.blind_set1.WP44.test_tp10_provision_conflict_blind1" name="test_contradictory_leftovers_are_refused_without_a_single_write[marker_is_empty]" time="0.010" /><testcase classname="workflowArtifacts.canvas-v2.tests.blind_set1.WP44.test_tp10_provision_conflict_blind1" name="test_contradictory_leftovers_are_refused_without_a_single_write[marker_is_not_json]" time="0.011" /><testcase classname="workflowArtifacts.canvas-v2.tests.blind_set1.WP44.test_tp10_provision_conflict_blind1" name="test_contradictory_leftovers_are_refused_without_a_single_write[marker_promises_a_backup_that_is_gone]" time="0.009" /><testcase classname="workflowArtifacts.canvas-v2.tests.blind_set1.WP44.test_tp10_provision_conflict_blind1" name="test_consistent_states_are_not_refused[clean_empty_vault]" time="0.013" /><testcase classname="workflowArtifacts.canvas-v2.tests.blind_set1.WP44.test_tp10_provision_conflict_blind1" name="test_consistent_states_are_not_refused[clean_vault]" time="0.017" /><testcase classname="workflowArtifacts.canvas-v2.tests.blind_set1.WP44.test_tp10_provision_conflict_blind1" name="test_consistent_states_are_not_refused[crashed_with_original]" time="0.015" /><testcase classname="workflowArtifacts.canvas-v2.tests.blind_set1.WP44.test_tp10_provision_conflict_blind1" name="test_consistent_states_are_not_refused[crashed_without_original]" time="0.017" /><testcase classname="workflowArtifacts.canvas-v2.tests.blind_set1.WP44.test_tp10_provision_conflict_blind1" name="test_a_refused_vault_can_still_be_repaired_by_hand" time="0.039" /></testsuite></testsuites>