{"numTotalTestSuites":4,"numPassedTestSuites":4,"numFailedTestSuites":0,"numPendingTestSuites":0,"numTotalTests":11,"numPassedTests":11,"numFailedTests":0,"numPendingTests":0,"numTodoTests":0,"snapshot":{"added":0,"failure":false,"filesAdded":0,"filesRemoved":0,"filesRemovedList":[],"filesUnmatched":0,"filesUpdated":0,"matched":0,"total":0,"unchecked":0,"uncheckedKeysByFile":[],"unmatched":0,"updated":0,"didUpdate":false},"startTime":1785613605854,"success":true,"testResults":[{"assertionResults":[{"ancestorTitles":["WP44 AC4 (blind 1) — which port is requested from listen()"],"fullName":"WP44 AC4 (blind 1) — which port is requested from listen() order 1: a numeric env is bound verbatim, on loopback","status":"passed","title":"order 1: a numeric env is bound verbatim, on loopback","duration":3.418200000000013,"failureMessages":[],"meta":{}},{"ancestorTitles":["WP44 AC4 (blind 1) — which port is requested from listen()"],"fullName":"WP44 AC4 (blind 1) — which port is requested from listen() order 2: the setting is bound when the env is absent","status":"passed","title":"order 2: the setting is bound when the env is absent","duration":0.513499999999965,"failureMessages":[],"meta":{}},{"ancestorTitles":["WP44 AC4 (blind 1) — which port is requested from listen()"],"fullName":"WP44 AC4 (blind 1) — which port is requested from listen() order 3: a truthy non-numeric env with no setting asks for port 0","status":"passed","title":"order 3: a truthy non-numeric env with no setting asks for port 0","duration":0.3628999999999678,"failureMessages":[],"meta":{}},{"ancestorTitles":["WP44 AC4 (blind 1) — which port is requested from listen()"],"fullName":"WP44 AC4 (blind 1) — which port is requested from listen() order 3 never outranks order 2","status":"passed","title":"order 3 never outranks order 2","duration":1.0586999999999875,"failureMessages":[],"meta":{}},{"ancestorTitles":["WP44 AC4 (blind 1) — which port is requested from listen()"],"fullName":"WP44 AC4 (blind 1) — which port is requested from listen() order 4: nothing at all is requested when neither flag is set","status":"passed","title":"order 4: nothing at all is requested when neither flag is set","duration":0.31019999999995207,"failureMessages":[],"meta":{}},{"ancestorTitles":["WP44 AC4 (blind 1) — which port is requested from listen()"],"fullName":"WP44 AC4 (blind 1) — which port is requested from listen() two instances in one process ask for two different ports","status":"passed","title":"two instances in one process ask for two different ports","duration":0.45400000000000773,"failureMessages":[],"meta":{}}],"startTime":1785613606367,"endTime":1785613606373.454,"status":"passed","message":"","name":"H:/Developement/_NeuralAngels/liveshareCollab/obsidian-live-share/plugin/src/__tests__/v2blind/wp44_set1/test_tp11_resolveport_precedence_blind1.test.ts"},{"assertionResults":[{"ancestorTitles":["WP44 AC4 (blind 1) — nothing listens for an unprovisioned vault"],"fullName":"WP44 AC4 (blind 1) — nothing listens for an unprovisioned vault no decoy settings key is mistaken for the provisioned port","status":"passed","title":"no decoy settings key is mistaken for the provisioned port","duration":30.23629999999997,"failureMessages":[],"meta":{}},{"ancestorTitles":["WP44 AC4 (blind 1) — nothing listens for an unprovisioned vault"],"fullName":"WP44 AC4 (blind 1) — nothing listens for an unprovisioned vault an empty env flag does not enable an ephemeral server","status":"passed","title":"an empty env flag does not enable an ephemeral server","duration":1.7582000000000448,"failureMessages":[],"meta":{}},{"ancestorTitles":["WP44 AC4 (blind 1) — nothing listens for an unprovisioned vault"],"fullName":"WP44 AC4 (blind 1) — nothing listens for an unprovisioned vault the no-op handle can be closed repeatedly without side effects","status":"passed","title":"the no-op handle can be closed repeatedly without side effects","duration":0.9359000000000037,"failureMessages":[],"meta":{}},{"ancestorTitles":["WP44 AC4 (blind 1) — nothing listens for an unprovisioned vault"],"fullName":"WP44 AC4 (blind 1) — nothing listens for an unprovisioned vault a provisioned vault does start one — the negative tests are not vacuous","status":"passed","title":"a provisioned vault does start one — the negative tests are not vacuous","duration":69.76399999999995,"failureMessages":[],"meta":{}},{"ancestorTitles":["WP44 AC4 (blind 1) — nothing listens for an unprovisioned vault"],"fullName":"WP44 AC4 (blind 1) — nothing listens for an unprovisioned vault every module e2e-control.ts imports already exists in the checkout","status":"passed","title":"every module e2e-control.ts imports already exists in the checkout","duration":2.1981000000000677,"failureMessages":[],"meta":{}}],"startTime":1785613606367,"endTime":1785613606472.198,"status":"passed","message":"","name":"H:/Developement/_NeuralAngels/liveshareCollab/obsidian-live-share/plugin/src/__tests__/v2blind/wp44_set1/test_tp12_no_server_no_port_blind1.test.ts"}]}