<?xml version="1.0" encoding="utf-8"?><testsuites name="pytest tests"><testsuite name="pytest" errors="0" failures="0" skipped="0" tests="50" time="0.266" timestamp="2026-08-01T21:39:12.589144+02:00" hostname="TomPC"><testcase classname="workflowArtifacts.canvas-v2.tests.blind_set1.WP45.test_tp01_attach_both_blind1" name="test_healthy_endpoints_are_probed_once_each_and_never_relaunched" time="0.001" /><testcase classname="workflowArtifacts.canvas-v2.tests.blind_set1.WP45.test_tp01_attach_both_blind1" name="test_a_second_invocation_on_an_unchanged_host_is_identical" time="0.001" /><testcase classname="workflowArtifacts.canvas-v2.tests.blind_set1.WP45.test_tp01_attach_both_blind1" name="test_mode_values_come_from_a_closed_set" time="0.001" /><testcase classname="workflowArtifacts.canvas-v2.tests.blind_set1.WP45.test_tp02_launch_both_blind1" name="test_reverse_order_instances_still_key_the_record_by_role" time="0.006" /><testcase classname="workflowArtifacts.canvas-v2.tests.blind_set1.WP45.test_tp02_launch_both_blind1" name="test_every_spawn_id_is_awaited_exactly_once" time="0.003" /><testcase classname="workflowArtifacts.canvas-v2.tests.blind_set1.WP45.test_tp03_mixed_attach_launch_blind1" name="test_second_role_reachable_first_role_not" time="0.003" /><testcase classname="workflowArtifacts.canvas-v2.tests.blind_set1.WP45.test_tp03_mixed_attach_launch_blind1" name="test_the_probe_decides_per_role_not_globally" time="0.003" /><testcase classname="workflowArtifacts.canvas-v2.tests.blind_set1.WP45.test_tp04_attach_never_kill_spy_blind1" name="test_two_consecutive_runs_without_teardown_never_terminate_anything" time="0.004" /><testcase classname="workflowArtifacts.canvas-v2.tests.blind_set1.WP45.test_tp04_attach_never_kill_spy_blind1" name="test_the_dirty_restart_case_also_terminates_nothing" time="0.003" /><testcase classname="workflowArtifacts.canvas-v2.tests.blind_set1.WP45.test_tp05_restart_required_operator_blind1" name="test_first_role_needing_a_restart_stops_the_run_before_any_launch" time="0.004" /><testcase classname="workflowArtifacts.canvas-v2.tests.blind_set1.WP45.test_tp05_restart_required_operator_blind1" name="test_the_instruction_names_the_offending_vault_and_asks_the_operator" time="0.003" /><testcase classname="workflowArtifacts.canvas-v2.tests.blind_set1.WP45.test_tp05_restart_required_operator_blind1" name="test_the_abort_is_returned_not_raised" time="0.002" /><testcase classname="workflowArtifacts.canvas-v2.tests.blind_set1.WP45.test_tp06_executable_missing_blind1" name="test_none_from_the_resolver_names_the_executable_reason" time="0.001" /><testcase classname="workflowArtifacts.canvas-v2.tests.blind_set1.WP45.test_tp06_executable_missing_blind1" name="test_an_empty_string_from_the_resolver_is_also_a_miss_not_a_launch" time="0.001" /><testcase classname="workflowArtifacts.canvas-v2.tests.blind_set1.WP45.test_tp06_executable_missing_blind1" name="test_the_reason_is_not_confused_with_a_neighbouring_failure" time="0.001" /><testcase classname="workflowArtifacts.canvas-v2.tests.blind_set1.WP45.test_tp06_executable_missing_blind1" name="test_the_resolver_never_guesses_a_path_when_nothing_exists" time="0.001" /><testcase classname="workflowArtifacts.canvas-v2.tests.blind_set1.WP45.test_tp06_executable_missing_blind1" name="test_no_role_is_marked_launched_after_the_abort" time="0.001" /><testcase classname="workflowArtifacts.canvas-v2.tests.blind_set1.WP45.test_tp07_executable_resolved_not_assumed_blind1" name="test_a_dead_candidate_falls_back_to_the_pinned_default" time="0.005" /><testcase classname="workflowArtifacts.canvas-v2.tests.blind_set1.WP45.test_tp07_executable_resolved_not_assumed_blind1" name="test_a_dead_candidate_and_a_dead_default_resolve_to_nothing" time="0.001" /><testcase classname="workflowArtifacts.canvas-v2.tests.blind_set1.WP45.test_tp07_executable_resolved_not_assumed_blind1" name="test_both_alive_prefers_the_explicit_candidate" time="0.001" /><testcase classname="workflowArtifacts.canvas-v2.tests.blind_set1.WP45.test_tp07_executable_resolved_not_assumed_blind1" name="test_every_candidate_is_actually_tested_for_existence" time="0.001" /><testcase classname="workflowArtifacts.canvas-v2.tests.blind_set1.WP45.test_tp07_executable_resolved_not_assumed_blind1" name="test_the_resolved_value_is_a_plain_string_path" time="0.001" /><testcase classname="workflowArtifacts.canvas-v2.tests.blind_set1.WP45.test_tp08_vault_uri_encoding_argv_list_blind1" name="test_reserved_characters_are_percent_encoded[Notes &amp; Ideen-obsidian://open?vault=Notes%20%26%20Ideen]" time="0.002" /><testcase classname="workflowArtifacts.canvas-v2.tests.blind_set1.WP45.test_tp08_vault_uri_encoding_argv_list_blind1" name="test_reserved_characters_are_percent_encoded[Vault#1-obsidian://open?vault=Vault%231]" time="0.002" /><testcase classname="workflowArtifacts.canvas-v2.tests.blind_set1.WP45.test_tp08_vault_uri_encoding_argv_list_blind1" name="test_reserved_characters_are_percent_encoded[was?wo-obsidian://open?vault=was%3Fwo]" time="0.001" /><testcase classname="workflowArtifacts.canvas-v2.tests.blind_set1.WP45.test_tp08_vault_uri_encoding_argv_list_blind1" name="test_reserved_characters_are_percent_encoded[a/b-obsidian://open?vault=a%2Fb]" time="0.001" /><testcase classname="workflowArtifacts.canvas-v2.tests.blind_set1.WP45.test_tp08_vault_uri_encoding_argv_list_blind1" name="test_reserved_characters_are_percent_encoded[C++Notes-obsidian://open?vault=C%2B%2BNotes]" time="0.001" /><testcase classname="workflowArtifacts.canvas-v2.tests.blind_set1.WP45.test_tp08_vault_uri_encoding_argv_list_blind1" name="test_reserved_characters_are_percent_encoded[Gr\xfc\xdfe-obsidian://open?vault=Gr%C3%BC%C3%9Fe]" time="0.001" /><testcase classname="workflowArtifacts.canvas-v2.tests.blind_set1.WP45.test_tp08_vault_uri_encoding_argv_list_blind1" name="test_reserved_characters_are_percent_encoded[plain-name_1.0~x-obsidian://open?vault=plain-name_1.0~x]" time="0.001" /><testcase classname="workflowArtifacts.canvas-v2.tests.blind_set1.WP45.test_tp08_vault_uri_encoding_argv_list_blind1" name="test_unreserved_characters_are_left_untouched" time="0.001" /><testcase classname="workflowArtifacts.canvas-v2.tests.blind_set1.WP45.test_tp08_vault_uri_encoding_argv_list_blind1" name="test_plus_is_never_used_as_a_space_substitute" time="0.001" /><testcase classname="workflowArtifacts.canvas-v2.tests.blind_set1.WP45.test_tp08_vault_uri_encoding_argv_list_blind1" name="test_argv_stays_a_two_element_list_whatever_the_name" time="0.004" /><testcase classname="workflowArtifacts.canvas-v2.tests.blind_set1.WP45.test_tp08_vault_uri_encoding_argv_list_blind1" name="test_the_console_receives_the_list_unflattened" time="0.004" /><testcase classname="workflowArtifacts.canvas-v2.tests.blind_set1.WP45.test_tp09_no_rogue_process_spawn_blind1" name="test_both_modules_exist" time="0.001" /><testcase classname="workflowArtifacts.canvas-v2.tests.blind_set1.WP45.test_tp09_no_rogue_process_spawn_blind1" name="test_no_termination_vocabulary_anywhere_in_the_module[path0]" time="0.001" /><testcase classname="workflowArtifacts.canvas-v2.tests.blind_set1.WP45.test_tp09_no_rogue_process_spawn_blind1" name="test_no_termination_vocabulary_anywhere_in_the_module[path1]" time="0.001" /><testcase classname="workflowArtifacts.canvas-v2.tests.blind_set1.WP45.test_tp09_no_rogue_process_spawn_blind1" name="test_no_shell_invocation_of_any_kind[path0]" time="0.003" /><testcase classname="workflowArtifacts.canvas-v2.tests.blind_set1.WP45.test_tp09_no_rogue_process_spawn_blind1" name="test_no_shell_invocation_of_any_kind[path1]" time="0.002" /><testcase classname="workflowArtifacts.canvas-v2.tests.blind_set1.WP45.test_tp09_no_rogue_process_spawn_blind1" name="test_the_lifecycle_does_not_import_process_management_libraries" time="0.001" /><testcase classname="workflowArtifacts.canvas-v2.tests.blind_set1.WP45.test_tp09_no_rogue_process_spawn_blind1" name="test_the_sanctioned_seam_is_the_only_place_that_talks_to_the_console" time="0.008" /><testcase classname="workflowArtifacts.canvas-v2.tests.blind_set1.WP45.test_tp10_console_seam_and_absolute_entrypoint_blind1" name="test_no_console_is_left_unawaited" time="0.004" /><testcase classname="workflowArtifacts.canvas-v2.tests.blind_set1.WP45.test_tp10_console_seam_and_absolute_entrypoint_blind1" name="test_the_entrypoint_is_an_absolute_normalised_script_path" time="0.001" /><testcase classname="workflowArtifacts.canvas-v2.tests.blind_set1.WP45.test_tp10_console_seam_and_absolute_entrypoint_blind1" name="test_the_entrypoint_is_runnable_as_a_script_not_only_importable" time="0.001" /><testcase classname="workflowArtifacts.canvas-v2.tests.blind_set1.WP45.test_tp10_console_seam_and_absolute_entrypoint_blind1" name="test_the_record_entrypoint_matches_the_module_entrypoint" time="0.004" /><testcase classname="workflowArtifacts.canvas-v2.tests.blind_set1.WP45.test_tp11_rig_kind_separation_d13_blind1" name="test_the_real_rig_ports_are_disjoint_from_the_headless_rig_ports" time="0.001" /><testcase classname="workflowArtifacts.canvas-v2.tests.blind_set1.WP45.test_tp11_rig_kind_separation_d13_blind1" name="test_the_headless_rig_keeps_its_own_ports_unchanged" time="0.001" /><testcase classname="workflowArtifacts.canvas-v2.tests.blind_set1.WP45.test_tp11_rig_kind_separation_d13_blind1" name="test_the_two_entrypoints_are_two_distinct_files" time="0.002" /><testcase classname="workflowArtifacts.canvas-v2.tests.blind_set1.WP45.test_tp11_rig_kind_separation_d13_blind1" name="test_the_rig_kinds_cannot_collide" time="0.001" /><testcase classname="workflowArtifacts.canvas-v2.tests.blind_set1.WP45.test_tp11_rig_kind_separation_d13_blind1" name="test_the_headless_rig_still_aliases_the_obsidian_mock" time="0.001" /><testcase classname="workflowArtifacts.canvas-v2.tests.blind_set1.WP45.test_tp11_rig_kind_separation_d13_blind1" name="test_the_headless_rig_says_out_loud_that_it_is_not_the_gate" time="0.001" /></testsuite></testsuites>