<?xml version="1.0" encoding="utf-8"?><testsuites name="pytest tests"><testsuite name="pytest" errors="0" failures="0" skipped="0" tests="49" time="0.260" timestamp="2026-08-01T21:41:22.462966+02:00" hostname="TomPC"><testcase classname="workflowArtifacts.canvas-v2.tests.blind_set2.WP45.test_tp01_attach_both_blind2" name="test_the_run_record_round_trips_through_json" time="0.001" /><testcase classname="workflowArtifacts.canvas-v2.tests.blind_set2.WP45.test_tp01_attach_both_blind2" name="test_the_record_carries_no_secret_material" time="0.001" /><testcase classname="workflowArtifacts.canvas-v2.tests.blind_set2.WP45.test_tp01_attach_both_blind2" name="test_the_record_declares_the_decision_for_every_configured_role" time="0.001" /><testcase classname="workflowArtifacts.canvas-v2.tests.blind_set2.WP45.test_tp01_attach_both_blind2" name="test_attaching_does_not_engage_the_console_at_all" time="0.001" /><testcase classname="workflowArtifacts.canvas-v2.tests.blind_set2.WP45.test_tp02_launch_both_blind2" name="test_the_two_launches_open_two_different_vaults" time="0.005" /><testcase classname="workflowArtifacts.canvas-v2.tests.blind_set2.WP45.test_tp02_launch_both_blind2" name="test_the_prefix_vault_is_not_confused_with_the_longer_one" time="0.003" /><testcase classname="workflowArtifacts.canvas-v2.tests.blind_set2.WP45.test_tp02_launch_both_blind2" name="test_each_role_record_keeps_its_own_port_and_vault" time="0.003" /><testcase classname="workflowArtifacts.canvas-v2.tests.blind_set2.WP45.test_tp03_mixed_attach_launch_blind2" name="test_console_ids_line_up_with_the_launch_count[a]" time="0.003" /><testcase classname="workflowArtifacts.canvas-v2.tests.blind_set2.WP45.test_tp03_mixed_attach_launch_blind2" name="test_console_ids_line_up_with_the_launch_count[b]" time="0.003" /><testcase classname="workflowArtifacts.canvas-v2.tests.blind_set2.WP45.test_tp03_mixed_attach_launch_blind2" name="test_an_attached_role_never_claims_to_have_been_launched" time="0.003" /><testcase classname="workflowArtifacts.canvas-v2.tests.blind_set2.WP45.test_tp04_attach_never_kill_spy_blind2" name="test_the_foreign_pid_is_never_used_and_no_affordance_is_called[False-True]" time="0.003" /><testcase classname="workflowArtifacts.canvas-v2.tests.blind_set2.WP45.test_tp04_attach_never_kill_spy_blind2" name="test_the_foreign_pid_is_never_used_and_no_affordance_is_called[False-False]" time="0.002" /><testcase classname="workflowArtifacts.canvas-v2.tests.blind_set2.WP45.test_tp04_attach_never_kill_spy_blind2" name="test_the_foreign_pid_is_never_used_and_no_affordance_is_called[True-False]" time="0.003" /><testcase classname="workflowArtifacts.canvas-v2.tests.blind_set2.WP45.test_tp05_restart_required_operator_blind2" name="test_exactly_one_reason_is_reported" time="0.001" /><testcase classname="workflowArtifacts.canvas-v2.tests.blind_set2.WP45.test_tp05_restart_required_operator_blind2" name="test_neither_role_is_launched_and_nothing_is_started" time="0.001" /><testcase classname="workflowArtifacts.canvas-v2.tests.blind_set2.WP45.test_tp05_restart_required_operator_blind2" name="test_the_verdict_is_stable_across_repeated_invocations" time="0.001" /><testcase classname="workflowArtifacts.canvas-v2.tests.blind_set2.WP45.test_tp05_restart_required_operator_blind2" name="test_the_instruction_is_addressed_to_a_human_and_names_a_vault" time="0.001" /><testcase classname="workflowArtifacts.canvas-v2.tests.blind_set2.WP45.test_tp06_executable_missing_blind2" name="test_degenerate_resolver_results_abort_under_the_pinned_reason[None]" time="0.001" /><testcase classname="workflowArtifacts.canvas-v2.tests.blind_set2.WP45.test_tp06_executable_missing_blind2" name="test_degenerate_resolver_results_abort_under_the_pinned_reason[]" time="0.001" /><testcase classname="workflowArtifacts.canvas-v2.tests.blind_set2.WP45.test_tp06_executable_missing_blind2" name="test_the_reason_string_is_its_own_name" time="0.000" /><testcase classname="workflowArtifacts.canvas-v2.tests.blind_set2.WP45.test_tp06_executable_missing_blind2" name="test_an_attaching_role_is_unaffected_by_a_missing_executable" time="0.001" /><testcase classname="workflowArtifacts.canvas-v2.tests.blind_set2.WP45.test_tp06_executable_missing_blind2" name="test_resolution_of_a_directory_shaped_path_is_still_a_miss" time="0.003" /><testcase classname="workflowArtifacts.canvas-v2.tests.blind_set2.WP45.test_tp07_executable_resolved_not_assumed_blind2" name="test_the_executable_is_resolved_before_any_console_call" time="0.003" /><testcase classname="workflowArtifacts.canvas-v2.tests.blind_set2.WP45.test_tp07_executable_resolved_not_assumed_blind2" name="test_a_failed_resolution_produces_no_console_event_at_all" time="0.003" /><testcase classname="workflowArtifacts.canvas-v2.tests.blind_set2.WP45.test_tp07_executable_resolved_not_assumed_blind2" name="test_the_resolver_output_is_used_verbatim_as_argv0" time="0.004" /><testcase classname="workflowArtifacts.canvas-v2.tests.blind_set2.WP45.test_tp08_vault_uri_encoding_argv_list_blind2" name="test_an_already_encoded_looking_name_is_encoded_again" time="0.001" /><testcase classname="workflowArtifacts.canvas-v2.tests.blind_set2.WP45.test_tp08_vault_uri_encoding_argv_list_blind2" name="test_a_literal_percent_is_encoded" time="0.001" /><testcase classname="workflowArtifacts.canvas-v2.tests.blind_set2.WP45.test_tp08_vault_uri_encoding_argv_list_blind2" name="test_the_scheme_and_query_key_are_exact" time="0.000" /><testcase classname="workflowArtifacts.canvas-v2.tests.blind_set2.WP45.test_tp08_vault_uri_encoding_argv_list_blind2" name="test_an_empty_vault_name_still_produces_a_well_formed_uri" time="0.001" /><testcase classname="workflowArtifacts.canvas-v2.tests.blind_set2.WP45.test_tp08_vault_uri_encoding_argv_list_blind2" name="test_argv_arity_is_exactly_two_and_order_is_exe_then_uri" time="0.003" /><testcase classname="workflowArtifacts.canvas-v2.tests.blind_set2.WP45.test_tp08_vault_uri_encoding_argv_list_blind2" name="test_the_console_never_receives_a_shell_string" time="0.003" /><testcase classname="workflowArtifacts.canvas-v2.tests.blind_set2.WP45.test_tp09_no_rogue_process_spawn_blind2" name="test_the_sanctioned_seam_exists_and_takes_a_console" time="0.004" /><testcase classname="workflowArtifacts.canvas-v2.tests.blind_set2.WP45.test_tp09_no_rogue_process_spawn_blind2" name="test_ensure_endpoints_delegates_instead_of_spawning_itself" time="0.004" /><testcase classname="workflowArtifacts.canvas-v2.tests.blind_set2.WP45.test_tp09_no_rogue_process_spawn_blind2" name="test_module_level_holds_no_executable_side_effect[path0]" time="0.005" /><testcase classname="workflowArtifacts.canvas-v2.tests.blind_set2.WP45.test_tp09_no_rogue_process_spawn_blind2" name="test_module_level_holds_no_executable_side_effect[path1]" time="0.006" /><testcase classname="workflowArtifacts.canvas-v2.tests.blind_set2.WP45.test_tp09_no_rogue_process_spawn_blind2" name="test_no_process_module_is_used_outside_the_seam[path0]" time="0.011" /><testcase classname="workflowArtifacts.canvas-v2.tests.blind_set2.WP45.test_tp09_no_rogue_process_spawn_blind2" name="test_no_process_module_is_used_outside_the_seam[path1]" time="0.012" /><testcase classname="workflowArtifacts.canvas-v2.tests.blind_set2.WP45.test_tp09_no_rogue_process_spawn_blind2" name="test_importing_the_lifecycle_module_launches_nothing" time="0.001" /><testcase classname="workflowArtifacts.canvas-v2.tests.blind_set2.WP45.test_tp10_console_seam_and_absolute_entrypoint_blind2" name="test_the_entrypoint_stays_absolute_from_a_foreign_cwd" time="0.003" /><testcase classname="workflowArtifacts.canvas-v2.tests.blind_set2.WP45.test_tp10_console_seam_and_absolute_entrypoint_blind2" name="test_the_run_record_entrypoint_stays_absolute_from_a_foreign_cwd" time="0.003" /><testcase classname="workflowArtifacts.canvas-v2.tests.blind_set2.WP45.test_tp10_console_seam_and_absolute_entrypoint_blind2" name="test_the_console_is_engaged_with_a_titled_call" time="0.003" /><testcase classname="workflowArtifacts.canvas-v2.tests.blind_set2.WP45.test_tp10_console_seam_and_absolute_entrypoint_blind2" name="test_a_launch_is_always_followed_by_an_await" time="0.003" /><testcase classname="workflowArtifacts.canvas-v2.tests.blind_set2.WP45.test_tp11_rig_kind_separation_d13_blind2" name="test_no_input_makes_the_real_lifecycle_stamp_the_mock_kind[instances0-&lt;lambda&gt;-&lt;lambda&gt;]" time="0.001" /><testcase classname="workflowArtifacts.canvas-v2.tests.blind_set2.WP45.test_tp11_rig_kind_separation_d13_blind2" name="test_no_input_makes_the_real_lifecycle_stamp_the_mock_kind[instances1-&lt;lambda&gt;-&lt;lambda&gt;]" time="0.001" /><testcase classname="workflowArtifacts.canvas-v2.tests.blind_set2.WP45.test_tp11_rig_kind_separation_d13_blind2" name="test_no_input_makes_the_real_lifecycle_stamp_the_mock_kind[instances2-&lt;lambda&gt;-&lt;lambda&gt;]" time="0.001" /><testcase classname="workflowArtifacts.canvas-v2.tests.blind_set2.WP45.test_tp11_rig_kind_separation_d13_blind2" name="test_no_input_makes_the_real_lifecycle_stamp_the_mock_kind[instances3-&lt;lambda&gt;-&lt;lambda&gt;]" time="0.001" /><testcase classname="workflowArtifacts.canvas-v2.tests.blind_set2.WP45.test_tp11_rig_kind_separation_d13_blind2" name="test_the_rig_kind_vocabulary_is_exactly_two_values" time="0.000" /><testcase classname="workflowArtifacts.canvas-v2.tests.blind_set2.WP45.test_tp11_rig_kind_separation_d13_blind2" name="test_the_real_entrypoint_claims_the_gate_and_the_mock_one_disclaims_it" time="0.001" /><testcase classname="workflowArtifacts.canvas-v2.tests.blind_set2.WP45.test_tp11_rig_kind_separation_d13_blind2" name="test_the_mock_rig_does_not_import_the_real_lifecycle_module" time="0.001" /></testsuite></testsuites>