<?xml version="1.0" encoding="utf-8"?><testsuites name="pytest tests"><testsuite name="pytest" errors="0" failures="0" skipped="0" tests="41" time="50.343" timestamp="2026-08-01T21:46:54.311011+02:00" hostname="TomPC"><testcase classname="workflowArtifacts.canvas-v2.tests.blind_set1.WP46.test_malformed_body_not_ready_blind1" name="test_a_json_array_body_is_not_ready" time="1.125" /><testcase classname="workflowArtifacts.canvas-v2.tests.blind_set1.WP46.test_malformed_body_not_ready_blind1" name="test_an_empty_200_body_is_not_ready" time="1.017" /><testcase classname="workflowArtifacts.canvas-v2.tests.blind_set1.WP46.test_malformed_body_not_ready_blind1" name="test_a_double_wrapped_envelope_is_not_ready" time="1.023" /><testcase classname="workflowArtifacts.canvas-v2.tests.blind_set1.WP46.test_malformed_body_not_ready_blind1" name="test_a_200_carrying_a_plain_string_result_is_not_ready" time="1.022" /><testcase classname="workflowArtifacts.canvas-v2.tests.blind_set1.WP46.test_malformed_body_not_ready_blind1" name="test_a_204_style_empty_answer_is_not_ready" time="1.022" /><testcase classname="workflowArtifacts.canvas-v2.tests.blind_set1.WP46.test_partial_identity_refused_blind1" name="test_a_null_vault_id_is_not_a_positive_identification" time="1.020" /><testcase classname="workflowArtifacts.canvas-v2.tests.blind_set1.WP46.test_partial_identity_refused_blind1" name="test_an_empty_plugin_build_does_not_pass_as_identified" time="1.024" /><testcase classname="workflowArtifacts.canvas-v2.tests.blind_set1.WP46.test_partial_identity_refused_blind1" name="test_a_still_booting_instance_with_no_room_yet_is_not_ready" time="1.014" /><testcase classname="workflowArtifacts.canvas-v2.tests.blind_set1.WP46.test_partial_identity_refused_blind1" name="test_the_pre_wp46_answer_shape_is_refused" time="1.029" /><testcase classname="workflowArtifacts.canvas-v2.tests.blind_set1.WP46.test_ready_pair_verdict_blind1" name="test_a_healthy_pair_reports_ready" time="1.022" /><testcase classname="workflowArtifacts.canvas-v2.tests.blind_set1.WP46.test_ready_pair_verdict_blind1" name="test_the_vault_with_spaces_survives_the_round_trip" time="1.027" /><testcase classname="workflowArtifacts.canvas-v2.tests.blind_set1.WP46.test_ready_pair_verdict_blind1" name="test_the_two_identities_are_distinct_and_share_one_room" time="1.026" /><testcase classname="workflowArtifacts.canvas-v2.tests.blind_set1.WP46.test_ready_pair_verdict_blind1" name="test_only_session_info_reaches_either_instance" time="1.010" /><testcase classname="workflowArtifacts.canvas-v2.tests.blind_set1.WP46.test_rerunnable_midrun_blind1" name="test_five_consecutive_checks_all_agree" time="1.028" /><testcase classname="workflowArtifacts.canvas-v2.tests.blind_set1.WP46.test_rerunnable_midrun_blind1" name="test_a_mid_run_room_change_flips_the_verdict" time="1.023" /><testcase classname="workflowArtifacts.canvas-v2.tests.blind_set1.WP46.test_rerunnable_midrun_blind1" name="test_a_recovered_pair_is_accepted_again" time="1.034" /><testcase classname="workflowArtifacts.canvas-v2.tests.blind_set1.WP46.test_rerunnable_midrun_blind1" name="test_repeated_checks_never_escalate_beyond_session_info" time="1.038" /><testcase classname="workflowArtifacts.canvas-v2.tests.blind_set1.WP46.test_room_mismatch_abort_blind1" name="test_two_unrelated_rooms_are_refused" time="1.025" /><testcase classname="workflowArtifacts.canvas-v2.tests.blind_set1.WP46.test_room_mismatch_abort_blind1" name="test_a_case_difference_is_a_mismatch" time="1.022" /><testcase classname="workflowArtifacts.canvas-v2.tests.blind_set1.WP46.test_room_mismatch_abort_blind1" name="test_a_trailing_space_is_a_mismatch" time="1.028" /><testcase classname="workflowArtifacts.canvas-v2.tests.blind_set1.WP46.test_room_mismatch_abort_blind1" name="test_a_room_mismatch_still_reports_both_identities_and_issues_no_edit" time="1.024" /><testcase classname="workflowArtifacts.canvas-v2.tests.blind_set1.WP46.test_same_vault_abort_blind1" name="test_one_vault_answering_twice_is_refused" time="1.032" /><testcase classname="workflowArtifacts.canvas-v2.tests.blind_set1.WP46.test_same_vault_abort_blind1" name="test_the_refusal_does_not_depend_on_which_role_is_listed_first" time="1.026" /><testcase classname="workflowArtifacts.canvas-v2.tests.blind_set1.WP46.test_same_vault_abort_blind1" name="test_differing_builds_and_client_ids_do_not_make_two_vaults" time="1.026" /><testcase classname="workflowArtifacts.canvas-v2.tests.blind_set1.WP46.test_same_vault_abort_blind1" name="test_a_colliding_pair_receives_no_write_command" time="1.025" /><testcase classname="workflowArtifacts.canvas-v2.tests.blind_set1.WP46.test_teardown_endpoints_gone_blind1" name="test_released_endpoints_satisfy_the_teardown_check" time="2.024" /><testcase classname="workflowArtifacts.canvas-v2.tests.blind_set1.WP46.test_teardown_endpoints_gone_blind1" name="test_the_two_directions_disagree_on_the_same_world" time="3.041" /><testcase classname="workflowArtifacts.canvas-v2.tests.blind_set1.WP46.test_teardown_endpoints_gone_blind1" name="test_the_teardown_check_is_bounded_too" time="2.028" /><testcase classname="workflowArtifacts.canvas-v2.tests.blind_set1.WP46.test_teardown_endpoints_gone_blind1" name="test_a_still_serving_pair_fails_the_teardown_check" time="1.025" /><testcase classname="workflowArtifacts.canvas-v2.tests.blind_set1.WP46.test_teardown_survivor_detected_blind1" name="test_a_surviving_endpoint_on_role_b_fails_the_teardown_check" time="2.038" /><testcase classname="workflowArtifacts.canvas-v2.tests.blind_set1.WP46.test_teardown_survivor_detected_blind1" name="test_the_survivor_is_not_edited_by_the_teardown_check" time="1.542" /><testcase classname="workflowArtifacts.canvas-v2.tests.blind_set1.WP46.test_teardown_survivor_detected_blind1" name="test_a_hung_endpoint_is_not_reported_as_gone_and_does_not_hang_teardown" time="1.021" /><testcase classname="workflowArtifacts.canvas-v2.tests.blind_set1.WP46.test_teardown_survivor_detected_blind1" name="test_teardown_reaches_success_once_the_survivor_is_released" time="2.537" /><testcase classname="workflowArtifacts.canvas-v2.tests.blind_set1.WP46.test_timeout_abort_blind1" name="test_a_silent_host_role_names_readiness_timeout" time="1.018" /><testcase classname="workflowArtifacts.canvas-v2.tests.blind_set1.WP46.test_timeout_abort_blind1" name="test_silence_is_the_only_difference_from_a_green_run" time="2.060" /><testcase classname="workflowArtifacts.canvas-v2.tests.blind_set1.WP46.test_timeout_abort_blind1" name="test_the_check_returns_long_before_the_stub_would_answer" time="1.015" /><testcase classname="workflowArtifacts.canvas-v2.tests.blind_set1.WP46.test_timeout_abort_blind1" name="test_a_timed_out_run_leaves_the_answering_instance_untouched" time="1.022" /><testcase classname="workflowArtifacts.canvas-v2.tests.blind_set1.WP46.test_unknown_vault_abort_blind1" name="test_the_parent_folder_is_not_a_configured_vault" time="1.023" /><testcase classname="workflowArtifacts.canvas-v2.tests.blind_set1.WP46.test_unknown_vault_abort_blind1" name="test_a_trailing_separator_form_is_not_a_configured_vault" time="1.025" /><testcase classname="workflowArtifacts.canvas-v2.tests.blind_set1.WP46.test_unknown_vault_abort_blind1" name="test_a_nested_subfolder_is_not_a_configured_vault" time="1.046" /><testcase classname="workflowArtifacts.canvas-v2.tests.blind_set1.WP46.test_unknown_vault_abort_blind1" name="test_an_unrelated_third_vault_is_refused_and_no_edit_is_issued" time="1.012" /></testsuite></testsuites>