<?xml version="1.0" encoding="utf-8"?><testsuites name="pytest tests"><testsuite name="pytest" errors="0" failures="0" skipped="0" tests="41" time="46.704" timestamp="2026-08-01T21:48:13.280713+02:00" hostname="TomPC"><testcase classname="workflowArtifacts.canvas-v2.tests.blind_set2.WP46.test_malformed_body_not_ready_blind2" name="test_an_identity_at_the_envelope_level_is_not_accepted" time="1.119" /><testcase classname="workflowArtifacts.canvas-v2.tests.blind_set2.WP46.test_malformed_body_not_ready_blind2" name="test_a_null_result_is_not_accepted" time="1.017" /><testcase classname="workflowArtifacts.canvas-v2.tests.blind_set2.WP46.test_malformed_body_not_ready_blind2" name="test_an_html_page_served_with_200_is_not_accepted" time="1.024" /><testcase classname="workflowArtifacts.canvas-v2.tests.blind_set2.WP46.test_malformed_body_not_ready_blind2" name="test_a_500_carrying_a_perfect_identity_is_not_accepted" time="1.023" /><testcase classname="workflowArtifacts.canvas-v2.tests.blind_set2.WP46.test_malformed_body_not_ready_blind2" name="test_binary_noise_is_not_accepted" time="1.025" /><testcase classname="workflowArtifacts.canvas-v2.tests.blind_set2.WP46.test_partial_identity_refused_blind2" name="test_default_neutral_identity_is_refused" time="1.030" /><testcase classname="workflowArtifacts.canvas-v2.tests.blind_set2.WP46.test_partial_identity_refused_blind2" name="test_both_sides_half_initialised_still_yields_one_named_reason" time="1.021" /><testcase classname="workflowArtifacts.canvas-v2.tests.blind_set2.WP46.test_partial_identity_refused_blind2" name="test_an_identified_vault_without_a_room_yet_is_refused" time="1.028" /><testcase classname="workflowArtifacts.canvas-v2.tests.blind_set2.WP46.test_partial_identity_refused_blind2" name="test_whitespace_is_not_an_identity" time="1.022" /><testcase classname="workflowArtifacts.canvas-v2.tests.blind_set2.WP46.test_ready_pair_verdict_blind2" name="test_the_pair_is_ready_with_no_named_refusal" time="1.022" /><testcase classname="workflowArtifacts.canvas-v2.tests.blind_set2.WP46.test_ready_pair_verdict_blind2" name="test_unicode_vault_names_are_carried_through_unchanged" time="1.027" /><testcase classname="workflowArtifacts.canvas-v2.tests.blind_set2.WP46.test_ready_pair_verdict_blind2" name="test_a_null_vault_path_is_acceptable_when_the_vault_id_is_positive" time="1.024" /><testcase classname="workflowArtifacts.canvas-v2.tests.blind_set2.WP46.test_ready_pair_verdict_blind2" name="test_the_green_path_sends_only_the_probe" time="1.026" /><testcase classname="workflowArtifacts.canvas-v2.tests.blind_set2.WP46.test_rerunnable_midrun_blind2" name="test_probe_count_grows_with_every_re_run" time="1.039" /><testcase classname="workflowArtifacts.canvas-v2.tests.blind_set2.WP46.test_rerunnable_midrun_blind2" name="test_a_vault_identity_that_changes_mid_run_is_caught" time="1.022" /><testcase classname="workflowArtifacts.canvas-v2.tests.blind_set2.WP46.test_rerunnable_midrun_blind2" name="test_the_verdict_recovers_when_the_instance_does" time="1.017" /><testcase classname="workflowArtifacts.canvas-v2.tests.blind_set2.WP46.test_rerunnable_midrun_blind2" name="test_no_re_run_ever_sends_more_than_the_probe" time="1.029" /><testcase classname="workflowArtifacts.canvas-v2.tests.blind_set2.WP46.test_room_mismatch_abort_blind2" name="test_a_lookalike_room_id_is_a_mismatch" time="1.010" /><testcase classname="workflowArtifacts.canvas-v2.tests.blind_set2.WP46.test_room_mismatch_abort_blind2" name="test_a_trailing_newline_is_a_mismatch" time="1.022" /><testcase classname="workflowArtifacts.canvas-v2.tests.blind_set2.WP46.test_room_mismatch_abort_blind2" name="test_both_rooms_empty_is_not_silently_treated_as_a_match" time="1.020" /><testcase classname="workflowArtifacts.canvas-v2.tests.blind_set2.WP46.test_room_mismatch_abort_blind2" name="test_the_identical_pair_with_one_room_is_ready" time="1.023" /><testcase classname="workflowArtifacts.canvas-v2.tests.blind_set2.WP46.test_same_vault_abort_blind2" name="test_the_same_window_reached_twice_is_refused" time="1.019" /><testcase classname="workflowArtifacts.canvas-v2.tests.blind_set2.WP46.test_same_vault_abort_blind2" name="test_the_copy_vault_reached_twice_is_refused_the_same_way" time="1.019" /><testcase classname="workflowArtifacts.canvas-v2.tests.blind_set2.WP46.test_same_vault_abort_blind2" name="test_a_correctly_split_pair_is_the_only_accepted_shape" time="1.024" /><testcase classname="workflowArtifacts.canvas-v2.tests.blind_set2.WP46.test_same_vault_abort_blind2" name="test_the_collision_case_issues_no_edit" time="1.021" /><testcase classname="workflowArtifacts.canvas-v2.tests.blind_set2.WP46.test_teardown_endpoints_gone_blind2" name="test_released_endpoints_read_as_gone" time="2.032" /><testcase classname="workflowArtifacts.canvas-v2.tests.blind_set2.WP46.test_teardown_endpoints_gone_blind2" name="test_ports_that_never_served_read_as_gone" time="1.010" /><testcase classname="workflowArtifacts.canvas-v2.tests.blind_set2.WP46.test_teardown_endpoints_gone_blind2" name="test_the_readiness_direction_refuses_the_same_state" time="2.524" /><testcase classname="workflowArtifacts.canvas-v2.tests.blind_set2.WP46.test_teardown_endpoints_gone_blind2" name="test_gone_carries_no_identities" time="1.010" /><testcase classname="workflowArtifacts.canvas-v2.tests.blind_set2.WP46.test_teardown_survivor_detected_blind2" name="test_nothing_torn_down_is_not_a_clean_teardown" time="1.021" /><testcase classname="workflowArtifacts.canvas-v2.tests.blind_set2.WP46.test_teardown_survivor_detected_blind2" name="test_a_survivor_with_a_broken_body_still_counts_as_present" time="1.538" /><testcase classname="workflowArtifacts.canvas-v2.tests.blind_set2.WP46.test_teardown_survivor_detected_blind2" name="test_teardown_succeeds_only_after_both_are_down" time="2.536" /><testcase classname="workflowArtifacts.canvas-v2.tests.blind_set2.WP46.test_teardown_survivor_detected_blind2" name="test_the_survivor_check_sends_no_state_changing_command" time="1.025" /><testcase classname="workflowArtifacts.canvas-v2.tests.blind_set2.WP46.test_timeout_abort_blind2" name="test_a_muted_endpoint_produces_readiness_timeout" time="1.016" /><testcase classname="workflowArtifacts.canvas-v2.tests.blind_set2.WP46.test_timeout_abort_blind2" name="test_a_slow_endpoint_that_does_answer_within_the_bound_is_ready" time="1.042" /><testcase classname="workflowArtifacts.canvas-v2.tests.blind_set2.WP46.test_timeout_abort_blind2" name="test_both_sides_mute_is_still_bounded_and_named" time="1.025" /><testcase classname="workflowArtifacts.canvas-v2.tests.blind_set2.WP46.test_timeout_abort_blind2" name="test_a_timeout_never_escalates_to_an_edit" time="1.025" /><testcase classname="workflowArtifacts.canvas-v2.tests.blind_set2.WP46.test_unknown_vault_abort_blind2" name="test_a_stranger_on_role_a_is_refused" time="1.022" /><testcase classname="workflowArtifacts.canvas-v2.tests.blind_set2.WP46.test_unknown_vault_abort_blind2" name="test_vault_ids_are_compared_case_sensitively" time="1.026" /><testcase classname="workflowArtifacts.canvas-v2.tests.blind_set2.WP46.test_unknown_vault_abort_blind2" name="test_a_truncated_vault_id_is_not_the_configured_vault" time="1.025" /><testcase classname="workflowArtifacts.canvas-v2.tests.blind_set2.WP46.test_unknown_vault_abort_blind2" name="test_a_swapped_but_configured_pair_is_not_an_unknown_vault_case" time="1.021" /></testsuite></testsuites>