{"numTotalTestSuites":8,"numPassedTestSuites":8,"numFailedTestSuites":0,"numPendingTestSuites":0,"numTotalTests":22,"numPassedTests":22,"numFailedTests":0,"numPendingTests":0,"numTodoTests":0,"snapshot":{"added":0,"failure":false,"filesAdded":0,"filesRemoved":0,"filesRemovedList":[],"filesUnmatched":0,"filesUpdated":0,"matched":0,"total":0,"unchecked":0,"uncheckedKeysByFile":[],"unmatched":0,"updated":0,"didUpdate":false},"startTime":1785613612347,"success":true,"testResults":[{"assertionResults":[{"ancestorTitles":["WP46 AC1 (blind1) — a hollow instance answers honestly"],"fullName":"WP46 AC1 (blind1) — a hollow instance answers honestly never throws at any hollowing stage","status":"passed","title":"never throws at any hollowing stage","duration":2.260499999999979,"failureMessages":[],"meta":{}},{"ancestorTitles":["WP46 AC1 (blind1) — a hollow instance answers honestly"],"fullName":"WP46 AC1 (blind1) — a hollow instance answers honestly reports vaultPath as null at every stage that has no path","status":"passed","title":"reports vaultPath as null at every stage that has no path","duration":0.390700000000038,"failureMessages":[],"meta":{}},{"ancestorTitles":["WP46 AC1 (blind1) — a hollow instance answers honestly"],"fullName":"WP46 AC1 (blind1) — a hollow instance answers honestly never invents a vault id it cannot prove","status":"passed","title":"never invents a vault id it cannot prove","duration":0.3824000000000183,"failureMessages":[],"meta":{}},{"ancestorTitles":["WP46 AC1 (blind1) — a hollow instance answers honestly"],"fullName":"WP46 AC1 (blind1) — a hollow instance answers honestly still answers with all nine fields while degraded","status":"passed","title":"still answers with all nine fields while degraded","duration":0.2826999999999771,"failureMessages":[],"meta":{}},{"ancestorTitles":["WP46 AC1 (blind1) — a hollow instance answers honestly"],"fullName":"WP46 AC1 (blind1) — a hollow instance answers honestly reports canvasSurface false while no canvas surface exists","status":"passed","title":"reports canvasSurface false while no canvas surface exists","duration":0.20549999999997226,"failureMessages":[],"meta":{}},{"ancestorTitles":["WP46 AC1 (blind1) — a hollow instance answers honestly"],"fullName":"WP46 AC1 (blind1) — a hollow instance answers honestly recovers a full identity as soon as the sources appear","status":"passed","title":"recovers a full identity as soon as the sources appear","duration":0.18430000000000746,"failureMessages":[],"meta":{}}],"startTime":1785613612939,"endTime":1785613612943.1843,"status":"passed","message":"","name":"H:/Developement/_NeuralAngels/liveshareCollab/obsidian-live-share/plugin/src/__tests__/v2blind/test_identity_degradation_blind1.test.ts"},{"assertionResults":[{"ancestorTitles":["WP46 AC1 (blind1) — legacy fields match the pre-WP46 oracle"],"fullName":"WP46 AC1 (blind1) — legacy fields match the pre-WP46 oracle agrees with the pre-WP46 projection on every case","status":"passed","title":"agrees with the pre-WP46 projection on every case","duration":3.4011999999999603,"failureMessages":[],"meta":{}},{"ancestorTitles":["WP46 AC1 (blind1) — legacy fields match the pre-WP46 oracle"],"fullName":"WP46 AC1 (blind1) — legacy fields match the pre-WP46 oracle still string-coerces numeric ids","status":"passed","title":"still string-coerces numeric ids","duration":0.3684999999999832,"failureMessages":[],"meta":{}},{"ancestorTitles":["WP46 AC1 (blind1) — legacy fields match the pre-WP46 oracle"],"fullName":"WP46 AC1 (blind1) — legacy fields match the pre-WP46 oracle keeps an explicit null role as null, not as the empty string","status":"passed","title":"keeps an explicit null role as null, not as the empty string","duration":0.1887999999999579,"failureMessages":[],"meta":{}},{"ancestorTitles":["WP46 AC1 (blind1) — legacy fields match the pre-WP46 oracle"],"fullName":"WP46 AC1 (blind1) — legacy fields match the pre-WP46 oracle keeps connected false unless both transports are up","status":"passed","title":"keeps connected false unless both transports are up","duration":0.16089999999996962,"failureMessages":[],"meta":{}},{"ancestorTitles":["WP46 AC1 (blind1) — legacy fields match the pre-WP46 oracle"],"fullName":"WP46 AC1 (blind1) — legacy fields match the pre-WP46 oracle does not let a rich identity change a legacy value","status":"passed","title":"does not let a rich identity change a legacy value","duration":0.42480000000000473,"failureMessages":[],"meta":{}}],"startTime":1785613612934,"endTime":1785613612938.4248,"status":"passed","message":"","name":"H:/Developement/_NeuralAngels/liveshareCollab/obsidian-live-share/plugin/src/__tests__/v2blind/test_legacy_fields_unchanged_blind1.test.ts"},{"assertionResults":[{"ancestorTitles":["WP46 AC1 (blind1) — the probe is inert between real operations"],"fullName":"WP46 AC1 (blind1) — the probe is inert between real operations does not disturb an edit that follows it","status":"passed","title":"does not disturb an edit that follows it","duration":8.248399999999947,"failureMessages":[],"meta":{}},{"ancestorTitles":["WP46 AC1 (blind1) — the probe is inert between real operations"],"fullName":"WP46 AC1 (blind1) — the probe is inert between real operations does not write to the doc when fired repeatedly","status":"passed","title":"does not write to the doc when fired repeatedly","duration":0.6303000000000338,"failureMessages":[],"meta":{}},{"ancestorTitles":["WP46 AC1 (blind1) — the probe is inert between real operations"],"fullName":"WP46 AC1 (blind1) — the probe is inert between real operations does not touch settings, while setFlag still does","status":"passed","title":"does not touch settings, while setFlag still does","duration":0.5880999999999972,"failureMessages":[],"meta":{}},{"ancestorTitles":["WP46 AC1 (blind1) — the probe is inert between real operations"],"fullName":"WP46 AC1 (blind1) — the probe is inert between real operations does not move the binding counters","status":"passed","title":"does not move the binding counters","duration":0.6922000000000139,"failureMessages":[],"meta":{}},{"ancestorTitles":["WP46 AC1 (blind1) — the probe is inert between real operations"],"fullName":"WP46 AC1 (blind1) — the probe is inert between real operations reflects a later settings change rather than caching the first answer","status":"passed","title":"reflects a later settings change rather than caching the first answer","duration":0.4674999999999727,"failureMessages":[],"meta":{}},{"ancestorTitles":["WP46 AC1 (blind1) — the probe is inert between real operations"],"fullName":"WP46 AC1 (blind1) — the probe is inert between real operations keeps unknown commands at a structured 400","status":"passed","title":"keeps unknown commands at a structured 400","duration":0.5200000000000387,"failureMessages":[],"meta":{}}],"startTime":1785613612877,"endTime":1785613612887.52,"status":"passed","message":"","name":"H:/Developement/_NeuralAngels/liveshareCollab/obsidian-live-share/plugin/src/__tests__/v2blind/test_probe_side_effect_free_blind1.test.ts"},{"assertionResults":[{"ancestorTitles":["WP46 AC1 (blind1) — identity over the wire"],"fullName":"WP46 AC1 (blind1) — identity over the wire returns every pinned field with the pinned type","status":"passed","title":"returns every pinned field with the pinned type","duration":2.2758999999999787,"failureMessages":[],"meta":{}},{"ancestorTitles":["WP46 AC1 (blind1) — identity over the wire"],"fullName":"WP46 AC1 (blind1) — identity over the wire carries no field beyond the pinned nine","status":"passed","title":"carries no field beyond the pinned nine","duration":1.4253999999999678,"failureMessages":[],"meta":{}},{"ancestorTitles":["WP46 AC1 (blind1) — identity over the wire"],"fullName":"WP46 AC1 (blind1) — identity over the wire identifies the copy vault including the spaces in its name","status":"passed","title":"identifies the copy vault including the spaces in its name","duration":0.2387000000000512,"failureMessages":[],"meta":{}},{"ancestorTitles":["WP46 AC1 (blind1) — identity over the wire"],"fullName":"WP46 AC1 (blind1) — identity over the wire survives a JSON round trip unchanged","status":"passed","title":"survives a JSON round trip unchanged","duration":0.8102999999999838,"failureMessages":[],"meta":{}},{"ancestorTitles":["WP46 AC1 (blind1) — identity over the wire"],"fullName":"WP46 AC1 (blind1) — identity over the wire marks the build as e2e-capable","status":"passed","title":"marks the build as e2e-capable","duration":0.42770000000001573,"failureMessages":[],"meta":{}}],"startTime":1785613612914,"endTime":1785613612919.4277,"status":"passed","message":"","name":"H:/Developement/_NeuralAngels/liveshareCollab/obsidian-live-share/plugin/src/__tests__/v2blind/test_session_info_identity_fields_blind1.test.ts"}]}