<?xml version="1.0" encoding="utf-8"?><testsuites name="pytest tests"><testsuite name="pytest" errors="0" failures="0" skipped="0" tests="92" time="2.399" timestamp="2026-08-01T21:47:48.995424+02:00" hostname="TomPC"><testcase classname="workflowArtifacts.canvas-v2.tests.blind_set1.WP47.test_tp01_scratch_path_derivation_blind1" name="test_derivation_survives_a_vault_path_with_spaces" time="0.028" /><testcase classname="workflowArtifacts.canvas-v2.tests.blind_set1.WP47.test_tp01_scratch_path_derivation_blind1" name="test_relpath_is_posix_even_on_windows" time="0.025" /><testcase classname="workflowArtifacts.canvas-v2.tests.blind_set1.WP47.test_tp01_scratch_path_derivation_blind1" name="test_unicode_notes_are_untouched_and_no_extra_path_appears" time="0.040" /><testcase classname="workflowArtifacts.canvas-v2.tests.blind_set1.WP47.test_tp01_scratch_path_derivation_blind1" name="test_an_empty_pre_existing_file_stays_empty" time="0.029" /><testcase classname="workflowArtifacts.canvas-v2.tests.blind_set1.WP47.test_tp01_scratch_path_derivation_blind1" name="test_near_miss_paths_are_not_scratch_paths[Ideen &amp; Skizzen/e2e-scratch-x.canvas]" time="0.001" /><testcase classname="workflowArtifacts.canvas-v2.tests.blind_set1.WP47.test_tp01_scratch_path_derivation_blind1" name="test_near_miss_paths_are_not_scratch_paths[_e2e-rig /e2e-scratch-x.canvas]" time="0.001" /><testcase classname="workflowArtifacts.canvas-v2.tests.blind_set1.WP47.test_tp01_scratch_path_derivation_blind1" name="test_near_miss_paths_are_not_scratch_paths[ _e2e-rig/e2e-scratch-x.canvas]" time="0.001" /><testcase classname="workflowArtifacts.canvas-v2.tests.blind_set1.WP47.test_tp01_scratch_path_derivation_blind1" name="test_near_miss_paths_are_not_scratch_paths[_e2e-rig//e2e-scratch-x.canvas]" time="0.001" /><testcase classname="workflowArtifacts.canvas-v2.tests.blind_set1.WP47.test_tp01_scratch_path_derivation_blind1" name="test_near_miss_paths_are_not_scratch_paths[_e2e-rig/e2e-scratch-x.canvas/]" time="0.001" /><testcase classname="workflowArtifacts.canvas-v2.tests.blind_set1.WP47.test_tp01_scratch_path_derivation_blind1" name="test_near_miss_paths_are_not_scratch_paths[./_e2e-rig/e2e-scratch-x.canvas]" time="0.001" /><testcase classname="workflowArtifacts.canvas-v2.tests.blind_set1.WP47.test_tp01_scratch_path_derivation_blind1" name="test_near_miss_paths_are_not_scratch_paths[_e2e-rig]" time="0.000" /><testcase classname="workflowArtifacts.canvas-v2.tests.blind_set1.WP47.test_tp01_scratch_path_derivation_blind1" name="test_the_run_id_is_carried_verbatim_into_the_file_name" time="0.028" /><testcase classname="workflowArtifacts.canvas-v2.tests.blind_set1.WP47.test_tp02_write_guard_full_cycle_blind1" name="test_startup_reclaim_of_a_stale_artefact_writes_nowhere_else" time="0.035" /><testcase classname="workflowArtifacts.canvas-v2.tests.blind_set1.WP47.test_tp02_write_guard_full_cycle_blind1" name="test_a_failing_run_still_writes_nowhere_outside_the_folder" time="0.032" /><testcase classname="workflowArtifacts.canvas-v2.tests.blind_set1.WP47.test_tp02_write_guard_full_cycle_blind1" name="test_repeated_scratch_writes_never_escape_the_folder" time="0.057" /><testcase classname="workflowArtifacts.canvas-v2.tests.blind_set1.WP47.test_tp02_write_guard_full_cycle_blind1" name="test_the_guard_is_not_a_no_op" time="0.014" /><testcase classname="workflowArtifacts.canvas-v2.tests.blind_set1.WP47.test_tp02_write_guard_full_cycle_blind1" name="test_fingerprinting_reads_everything_without_a_single_violation" time="0.017" /><testcase classname="workflowArtifacts.canvas-v2.tests.blind_set1.WP47.test_tp03_pattern_collision_not_adopted_blind1" name="test_a_run_with_the_colliding_id_still_writes_only_into_the_rig_folder" time="0.020" /><testcase classname="workflowArtifacts.canvas-v2.tests.blind_set1.WP47.test_tp03_pattern_collision_not_adopted_blind1" name="test_the_lookalike_folder_is_not_the_rig_folder" time="0.009" /><testcase classname="workflowArtifacts.canvas-v2.tests.blind_set1.WP47.test_tp03_pattern_collision_not_adopted_blind1" name="test_the_md_twin_is_not_a_scratch_artefact" time="0.011" /><testcase classname="workflowArtifacts.canvas-v2.tests.blind_set1.WP47.test_tp03_pattern_collision_not_adopted_blind1" name="test_all_decoys_participate_in_the_verdict" time="0.020" /><testcase classname="workflowArtifacts.canvas-v2.tests.blind_set1.WP47.test_tp03_pattern_collision_not_adopted_blind1" name="test_two_runs_with_the_same_pinned_id_do_not_adopt_each_others_file" time="0.030" /><testcase classname="workflowArtifacts.canvas-v2.tests.blind_set1.WP47.test_tp04_teardown_exit_paths_blind1" name="test_removal_happens_after_several_writes_on_every_exit_path[assertion_failure]" time="0.029" /><testcase classname="workflowArtifacts.canvas-v2.tests.blind_set1.WP47.test_tp04_teardown_exit_paths_blind1" name="test_removal_happens_after_several_writes_on_every_exit_path[chained_exception]" time="0.029" /><testcase classname="workflowArtifacts.canvas-v2.tests.blind_set1.WP47.test_tp04_teardown_exit_paths_blind1" name="test_removal_happens_after_several_writes_on_every_exit_path[keyboard_interrupt]" time="0.028" /><testcase classname="workflowArtifacts.canvas-v2.tests.blind_set1.WP47.test_tp04_teardown_exit_paths_blind1" name="test_removal_happens_after_several_writes_on_every_exit_path[raised_exception]" time="0.028" /><testcase classname="workflowArtifacts.canvas-v2.tests.blind_set1.WP47.test_tp04_teardown_exit_paths_blind1" name="test_removal_happens_after_several_writes_on_every_exit_path[success]" time="0.028" /><testcase classname="workflowArtifacts.canvas-v2.tests.blind_set1.WP47.test_tp04_teardown_exit_paths_blind1" name="test_removal_happens_after_several_writes_on_every_exit_path[system_exit]" time="0.030" /><testcase classname="workflowArtifacts.canvas-v2.tests.blind_set1.WP47.test_tp04_teardown_exit_paths_blind1" name="test_the_vault_contents_are_identical_afterwards[assertion_failure]" time="0.030" /><testcase classname="workflowArtifacts.canvas-v2.tests.blind_set1.WP47.test_tp04_teardown_exit_paths_blind1" name="test_the_vault_contents_are_identical_afterwards[chained_exception]" time="0.029" /><testcase classname="workflowArtifacts.canvas-v2.tests.blind_set1.WP47.test_tp04_teardown_exit_paths_blind1" name="test_the_vault_contents_are_identical_afterwards[keyboard_interrupt]" time="0.031" /><testcase classname="workflowArtifacts.canvas-v2.tests.blind_set1.WP47.test_tp04_teardown_exit_paths_blind1" name="test_the_vault_contents_are_identical_afterwards[raised_exception]" time="0.031" /><testcase classname="workflowArtifacts.canvas-v2.tests.blind_set1.WP47.test_tp04_teardown_exit_paths_blind1" name="test_the_vault_contents_are_identical_afterwards[success]" time="0.032" /><testcase classname="workflowArtifacts.canvas-v2.tests.blind_set1.WP47.test_tp04_teardown_exit_paths_blind1" name="test_the_vault_contents_are_identical_afterwards[system_exit]" time="0.032" /><testcase classname="workflowArtifacts.canvas-v2.tests.blind_set1.WP47.test_tp04_teardown_exit_paths_blind1" name="test_a_chained_exception_keeps_its_cause" time="0.022" /><testcase classname="workflowArtifacts.canvas-v2.tests.blind_set1.WP47.test_tp04_teardown_exit_paths_blind1" name="test_system_exit_is_not_converted_into_a_normal_return" time="0.021" /><testcase classname="workflowArtifacts.canvas-v2.tests.blind_set1.WP47.test_tp04_teardown_exit_paths_blind1" name="test_a_second_teardown_after_a_manual_removal_is_harmless" time="0.021" /><testcase classname="workflowArtifacts.canvas-v2.tests.blind_set1.WP47.test_tp05_folder_removal_conditions_blind1" name="test_any_non_rig_file_in_the_folder_stops_removal[.gitkeep-]" time="0.022" /><testcase classname="workflowArtifacts.canvas-v2.tests.blind_set1.WP47.test_tp05_folder_removal_conditions_blind1" name="test_any_non_rig_file_in_the_folder_stops_removal[.DS_Store-\x00\x01]" time="0.020" /><testcase classname="workflowArtifacts.canvas-v2.tests.blind_set1.WP47.test_tp05_folder_removal_conditions_blind1" name="test_any_non_rig_file_in_the_folder_stops_removal[attachment-no-extension-\x00\x01\x02\x03\x04\x05\x06\x07\x08\t\n\x0b\x0c\r\x0e\x0f\x10\x11\x12\x13\x14\x15\x16\x17\x18\x19\x1a\x1b\x1c\x1d\x1e\x1f]" time="0.021" /><testcase classname="workflowArtifacts.canvas-v2.tests.blind_set1.WP47.test_tp05_folder_removal_conditions_blind1" name="test_any_non_rig_file_in_the_folder_stops_removal[Notiz mit Leerzeichen.md-# \xc3\x9cml\xc3\xa4ute\n]" time="0.021" /><testcase classname="workflowArtifacts.canvas-v2.tests.blind_set1.WP47.test_tp05_folder_removal_conditions_blind1" name="test_an_empty_user_subfolder_also_stops_removal" time="0.022" /><testcase classname="workflowArtifacts.canvas-v2.tests.blind_set1.WP47.test_tp05_folder_removal_conditions_blind1" name="test_a_folder_the_owner_created_with_content_is_never_removed" time="0.024" /><testcase classname="workflowArtifacts.canvas-v2.tests.blind_set1.WP47.test_tp05_folder_removal_conditions_blind1" name="test_an_empty_folder_the_rig_created_is_removed_even_after_a_failure" time="0.025" /><testcase classname="workflowArtifacts.canvas-v2.tests.blind_set1.WP47.test_tp05_folder_removal_conditions_blind1" name="test_a_stray_appearing_after_the_scratch_file_is_removed_still_protects_the_folder" time="0.022" /><testcase classname="workflowArtifacts.canvas-v2.tests.blind_set1.WP47.test_tp05_folder_removal_conditions_blind1" name="test_nothing_outside_the_folder_is_ever_removed" time="0.028" /><testcase classname="workflowArtifacts.canvas-v2.tests.blind_set1.WP47.test_tp06_fingerprint_clean_run_blind1" name="test_every_included_file_is_walked_exactly_once" time="0.025" /><testcase classname="workflowArtifacts.canvas-v2.tests.blind_set1.WP47.test_tp06_fingerprint_clean_run_blind1" name="test_same_size_files_get_different_digests" time="0.026" /><testcase classname="workflowArtifacts.canvas-v2.tests.blind_set1.WP47.test_tp06_fingerprint_clean_run_blind1" name="test_the_empty_file_is_fingerprinted_not_skipped" time="0.026" /><testcase classname="workflowArtifacts.canvas-v2.tests.blind_set1.WP47.test_tp06_fingerprint_clean_run_blind1" name="test_before_equals_after_across_a_clean_run_with_many_writes" time="0.062" /><testcase classname="workflowArtifacts.canvas-v2.tests.blind_set1.WP47.test_tp06_fingerprint_clean_run_blind1" name="test_the_fingerprint_is_stable_when_taken_repeatedly" time="0.070" /><testcase classname="workflowArtifacts.canvas-v2.tests.blind_set1.WP47.test_tp06_fingerprint_clean_run_blind1" name="test_the_fingerprint_carries_no_bytes" time="0.031" /><testcase classname="workflowArtifacts.canvas-v2.tests.blind_set1.WP47.test_tp06_fingerprint_clean_run_blind1" name="test_the_scratch_file_is_invisible_to_the_fingerprint_while_it_exists" time="0.048" /><testcase classname="workflowArtifacts.canvas-v2.tests.blind_set1.WP47.test_tp07_fingerprint_mutation_fails_blind1" name="test_a_flipped_byte_in_a_binary_attachment_fails_the_run" time="0.029" /><testcase classname="workflowArtifacts.canvas-v2.tests.blind_set1.WP47.test_tp07_fingerprint_mutation_fails_blind1" name="test_a_deep_note_mutation_is_caught_just_the_same" time="0.031" /><testcase classname="workflowArtifacts.canvas-v2.tests.blind_set1.WP47.test_tp07_fingerprint_mutation_fails_blind1" name="test_writing_into_the_empty_file_is_a_mismatch" time="0.027" /><testcase classname="workflowArtifacts.canvas-v2.tests.blind_set1.WP47.test_tp07_fingerprint_mutation_fails_blind1" name="test_the_run_cannot_reach_its_normal_end" time="0.026" /><testcase classname="workflowArtifacts.canvas-v2.tests.blind_set1.WP47.test_tp07_fingerprint_mutation_fails_blind1" name="test_two_mutations_are_both_named" time="0.026" /><testcase classname="workflowArtifacts.canvas-v2.tests.blind_set1.WP47.test_tp07_fingerprint_mutation_fails_blind1" name="test_a_mismatch_after_an_exception_is_recorded_without_masking_it" time="0.029" /><testcase classname="workflowArtifacts.canvas-v2.tests.blind_set1.WP47.test_tp07_fingerprint_mutation_fails_blind1" name="test_the_scratch_artefacts_are_gone_even_on_a_failed_verdict" time="0.026" /><testcase classname="workflowArtifacts.canvas-v2.tests.blind_set1.WP47.test_tp08_fingerprint_change_classes_blind1" name="test_diff_names_exactly_the_affected_paths[added_unicode]" time="0.019" /><testcase classname="workflowArtifacts.canvas-v2.tests.blind_set1.WP47.test_tp08_fingerprint_change_classes_blind1" name="test_diff_names_exactly_the_affected_paths[byte_swap_same_size]" time="0.020" /><testcase classname="workflowArtifacts.canvas-v2.tests.blind_set1.WP47.test_tp08_fingerprint_change_classes_blind1" name="test_diff_names_exactly_the_affected_paths[deleted_attachment]" time="0.020" /><testcase classname="workflowArtifacts.canvas-v2.tests.blind_set1.WP47.test_tp08_fingerprint_change_classes_blind1" name="test_diff_names_exactly_the_affected_paths[renamed_across_folders]" time="0.018" /><testcase classname="workflowArtifacts.canvas-v2.tests.blind_set1.WP47.test_tp08_fingerprint_change_classes_blind1" name="test_every_class_fails_the_run_under_the_named_reason[added_unicode]" time="0.027" /><testcase classname="workflowArtifacts.canvas-v2.tests.blind_set1.WP47.test_tp08_fingerprint_change_classes_blind1" name="test_every_class_fails_the_run_under_the_named_reason[byte_swap_same_size]" time="0.027" /><testcase classname="workflowArtifacts.canvas-v2.tests.blind_set1.WP47.test_tp08_fingerprint_change_classes_blind1" name="test_every_class_fails_the_run_under_the_named_reason[deleted_attachment]" time="0.024" /><testcase classname="workflowArtifacts.canvas-v2.tests.blind_set1.WP47.test_tp08_fingerprint_change_classes_blind1" name="test_every_class_fails_the_run_under_the_named_reason[renamed_across_folders]" time="0.029" /><testcase classname="workflowArtifacts.canvas-v2.tests.blind_set1.WP47.test_tp08_fingerprint_change_classes_blind1" name="test_the_byte_swap_keeps_size_and_byte_multiset" time="0.024" /><testcase classname="workflowArtifacts.canvas-v2.tests.blind_set1.WP47.test_tp08_fingerprint_change_classes_blind1" name="test_a_move_shows_up_as_both_a_deletion_and_an_addition" time="0.022" /><testcase classname="workflowArtifacts.canvas-v2.tests.blind_set1.WP47.test_tp08_fingerprint_change_classes_blind1" name="test_no_change_yields_an_empty_diff" time="0.071" /><testcase classname="workflowArtifacts.canvas-v2.tests.blind_set1.WP47.test_tp09_run_id_collision_blind1" name="test_the_shape_is_timestamp_pid_random" time="0.001" /><testcase classname="workflowArtifacts.canvas-v2.tests.blind_set1.WP47.test_tp09_run_id_collision_blind1" name="test_a_same_second_batch_has_no_duplicates" time="0.002" /><testcase classname="workflowArtifacts.canvas-v2.tests.blind_set1.WP47.test_tp09_run_id_collision_blind1" name="test_the_random_tail_carries_real_entropy" time="0.002" /><testcase classname="workflowArtifacts.canvas-v2.tests.blind_set1.WP47.test_tp09_run_id_collision_blind1" name="test_the_tail_is_lowercase_hex_of_exactly_six_chars" time="0.001" /><testcase classname="workflowArtifacts.canvas-v2.tests.blind_set1.WP47.test_tp09_run_id_collision_blind1" name="test_paths_derived_in_the_same_second_are_distinct" time="0.001" /><testcase classname="workflowArtifacts.canvas-v2.tests.blind_set1.WP47.test_tp09_run_id_collision_blind1" name="test_two_open_runs_in_the_same_vault_hold_two_files" time="0.029" /><testcase classname="workflowArtifacts.canvas-v2.tests.blind_set1.WP47.test_tp09_run_id_collision_blind1" name="test_an_explicit_run_id_is_honoured_but_not_required" time="0.019" /><testcase classname="workflowArtifacts.canvas-v2.tests.blind_set1.WP47.test_tp10_stale_reclaim_startup_blind1" name="test_all_stale_artefacts_are_gone_once_the_body_runs" time="0.029" /><testcase classname="workflowArtifacts.canvas-v2.tests.blind_set1.WP47.test_tp10_stale_reclaim_startup_blind1" name="test_a_crashed_artefact_with_the_current_pid_is_still_stale" time="0.012" /><testcase classname="workflowArtifacts.canvas-v2.tests.blind_set1.WP47.test_tp10_stale_reclaim_startup_blind1" name="test_a_zero_byte_stale_artefact_is_reclaimed_too" time="0.015" /><testcase classname="workflowArtifacts.canvas-v2.tests.blind_set1.WP47.test_tp10_stale_reclaim_startup_blind1" name="test_reclaim_is_reported_and_ordered" time="0.041" /><testcase classname="workflowArtifacts.canvas-v2.tests.blind_set1.WP47.test_tp10_stale_reclaim_startup_blind1" name="test_the_new_run_never_lands_on_a_reclaimed_name" time="0.029" /><testcase classname="workflowArtifacts.canvas-v2.tests.blind_set1.WP47.test_tp10_stale_reclaim_startup_blind1" name="test_a_live_run_is_not_reclaimed_by_a_second_run_starting_after_it" time="0.034" /><testcase classname="workflowArtifacts.canvas-v2.tests.blind_set1.WP47.test_tp10_stale_reclaim_startup_blind1" name="test_the_rest_of_the_vault_is_untouched_by_reclaim" time="0.024" /><testcase classname="workflowArtifacts.canvas-v2.tests.blind_set1.WP47.test_tp11_reclaim_idempotent_blind1" name="test_ten_consecutive_calls_reclaim_only_once" time="0.020" /><testcase classname="workflowArtifacts.canvas-v2.tests.blind_set1.WP47.test_tp11_reclaim_idempotent_blind1" name="test_the_full_fingerprint_is_identical_after_every_extra_call" time="0.057" /><testcase classname="workflowArtifacts.canvas-v2.tests.blind_set1.WP47.test_tp11_reclaim_idempotent_blind1" name="test_a_rig_folder_with_only_user_files_is_left_completely_alone" time="0.015" /><testcase classname="workflowArtifacts.canvas-v2.tests.blind_set1.WP47.test_tp11_reclaim_idempotent_blind1" name="test_reclaim_before_and_after_a_run_is_stable" time="0.024" /><testcase classname="workflowArtifacts.canvas-v2.tests.blind_set1.WP47.test_tp11_reclaim_idempotent_blind1" name="test_reclaim_does_not_create_the_rig_folder_on_a_pristine_vault" time="0.012" /><testcase classname="workflowArtifacts.canvas-v2.tests.blind_set1.WP47.test_tp11_reclaim_idempotent_blind1" name="test_interleaving_runs_and_reclaims_never_loses_a_live_file" time="0.027" /><testcase classname="workflowArtifacts.canvas-v2.tests.blind_set1.WP47.test_tp11_reclaim_idempotent_blind1" name="test_reclaim_returns_a_tuple_not_a_mutable_view" time="0.015" /></testsuite></testsuites>