<?xml version="1.0" encoding="utf-8"?><testsuites name="pytest tests"><testsuite name="pytest" errors="0" failures="2" skipped="0" tests="114" time="6.600" timestamp="2026-08-01T21:49:04.554208+02:00" hostname="TomPC"><testcase classname="workflowArtifacts.canvas-v2.tests.blind_set2.WP47.test_tp01_scratch_path_derivation_blind2" name="test_the_run_file_is_in_the_folder_not_next_to_the_content_twin" time="0.073" /><testcase classname="workflowArtifacts.canvas-v2.tests.blind_set2.WP47.test_tp01_scratch_path_derivation_blind2" name="test_a_content_identical_pre_existing_canvas_is_never_the_target" time="0.063" /><testcase classname="workflowArtifacts.canvas-v2.tests.blind_set2.WP47.test_tp01_scratch_path_derivation_blind2" name="test_exactly_two_paths_appear_and_both_disappear" time="0.081" /><testcase classname="workflowArtifacts.canvas-v2.tests.blind_set2.WP47.test_tp01_scratch_path_derivation_blind2" name="test_sixty_notes_keep_their_names" time="0.066" /><testcase classname="workflowArtifacts.canvas-v2.tests.blind_set2.WP47.test_tp01_scratch_path_derivation_blind2" name="test_none_of_these_is_a_scratch_path[twin.canvas]" time="0.001" /><testcase classname="workflowArtifacts.canvas-v2.tests.blind_set2.WP47.test_tp01_scratch_path_derivation_blind2" name="test_none_of_these_is_a_scratch_path[sub/nested.canvas]" time="0.001" /><testcase classname="workflowArtifacts.canvas-v2.tests.blind_set2.WP47.test_tp01_scratch_path_derivation_blind2" name="test_none_of_these_is_a_scratch_path[sub/_e2e-rig/e2e-scratch-x.canvas]" time="0.001" /><testcase classname="workflowArtifacts.canvas-v2.tests.blind_set2.WP47.test_tp01_scratch_path_derivation_blind2" name="test_none_of_these_is_a_scratch_path[e2e-scratch-.canvas]" time="0.000" /><testcase classname="workflowArtifacts.canvas-v2.tests.blind_set2.WP47.test_tp01_scratch_path_derivation_blind2" name="test_none_of_these_is_a_scratch_path[_e2e-rig/.canvas]" time="0.000" /><testcase classname="workflowArtifacts.canvas-v2.tests.blind_set2.WP47.test_tp01_scratch_path_derivation_blind2" name="test_none_of_these_is_a_scratch_path[_e2e-rig/e2e-scratch-]" time="0.000" /><testcase classname="workflowArtifacts.canvas-v2.tests.blind_set2.WP47.test_tp01_scratch_path_derivation_blind2" name="test_none_of_these_is_a_scratch_path[.canvas]" time="0.000" /><testcase classname="workflowArtifacts.canvas-v2.tests.blind_set2.WP47.test_tp01_scratch_path_derivation_blind2" name="test_a_long_run_id_still_produces_a_single_level_path" time="0.000" /><testcase classname="workflowArtifacts.canvas-v2.tests.blind_set2.WP47.test_tp02_write_guard_full_cycle_blind2" name="test_a_full_cycle_never_touches_a_read_only_note" time="0.065" /><testcase classname="workflowArtifacts.canvas-v2.tests.blind_set2.WP47.test_tp02_write_guard_full_cycle_blind2" name="test_the_read_only_bit_really_is_set" time="0.043" /><testcase classname="workflowArtifacts.canvas-v2.tests.blind_set2.WP47.test_tp02_write_guard_full_cycle_blind2" name="test_the_guard_catches_a_delete_attempt" time="0.046" /><testcase classname="workflowArtifacts.canvas-v2.tests.blind_set2.WP47.test_tp02_write_guard_full_cycle_blind2" name="test_teardown_after_an_exception_stays_inside_the_folder" time="0.065" /><testcase classname="workflowArtifacts.canvas-v2.tests.blind_set2.WP47.test_tp02_write_guard_full_cycle_blind2" name="test_reclaim_of_a_stale_artefact_stays_inside_the_folder" time="0.046" /><testcase classname="workflowArtifacts.canvas-v2.tests.blind_set2.WP47.test_tp03_pattern_collision_not_adopted_blind2" name="test_no_family_member_is_a_scratch_path[e2e-scratch-only-prefix.md]" time="0.001" /><testcase classname="workflowArtifacts.canvas-v2.tests.blind_set2.WP47.test_tp03_pattern_collision_not_adopted_blind2" name="test_no_family_member_is_a_scratch_path[only-ext.canvas]" time="0.000" /><testcase classname="workflowArtifacts.canvas-v2.tests.blind_set2.WP47.test_tp03_pattern_collision_not_adopted_blind2" name="test_no_family_member_is_a_scratch_path[sub/e2e-scratch-sibling.canvas]" time="0.001" /><testcase classname="workflowArtifacts.canvas-v2.tests.blind_set2.WP47.test_tp03_pattern_collision_not_adopted_blind2" name="test_no_family_member_is_a_scratch_path[e2e-scratch-root-level.canvas]" time="0.001" /><testcase classname="workflowArtifacts.canvas-v2.tests.blind_set2.WP47.test_tp03_pattern_collision_not_adopted_blind2" name="test_no_family_member_is_a_scratch_path[sub/_e2e-rig/e2e-scratch-deep.canvas]" time="0.001" /><testcase classname="workflowArtifacts.canvas-v2.tests.blind_set2.WP47.test_tp03_pattern_collision_not_adopted_blind2" name="test_the_whole_family_survives_a_run_byte_identical" time="0.038" /><testcase classname="workflowArtifacts.canvas-v2.tests.blind_set2.WP47.test_tp03_pattern_collision_not_adopted_blind2" name="test_reclaim_ignores_the_whole_family" time="0.021" /><testcase classname="workflowArtifacts.canvas-v2.tests.blind_set2.WP47.test_tp03_pattern_collision_not_adopted_blind2" name="test_the_family_is_inside_the_fingerprint" time="0.025" /><testcase classname="workflowArtifacts.canvas-v2.tests.blind_set2.WP47.test_tp03_pattern_collision_not_adopted_blind2" name="test_a_nested_lookalike_folder_is_not_the_rig_folder" time="0.034" /><testcase classname="workflowArtifacts.canvas-v2.tests.blind_set2.WP47.test_tp03_pattern_collision_not_adopted_blind2" name="test_overwriting_any_family_member_would_fail_the_run" time="0.038" /><testcase classname="workflowArtifacts.canvas-v2.tests.blind_set2.WP47.test_tp04_teardown_exit_paths_blind2" name="test_two_consecutive_runs_on_the_same_path_both_clean_up[success]" time="0.067" /><testcase classname="workflowArtifacts.canvas-v2.tests.blind_set2.WP47.test_tp04_teardown_exit_paths_blind2" name="test_two_consecutive_runs_on_the_same_path_both_clean_up[assertion_failure]" time="0.067" /><testcase classname="workflowArtifacts.canvas-v2.tests.blind_set2.WP47.test_tp04_teardown_exit_paths_blind2" name="test_two_consecutive_runs_on_the_same_path_both_clean_up[raised_exception]" time="0.069" /><testcase classname="workflowArtifacts.canvas-v2.tests.blind_set2.WP47.test_tp04_teardown_exit_paths_blind2" name="test_two_consecutive_runs_on_the_same_path_both_clean_up[keyboard_interrupt]" time="0.073" /><testcase classname="workflowArtifacts.canvas-v2.tests.blind_set2.WP47.test_tp04_teardown_exit_paths_blind2" name="test_the_large_vault_is_bit_identical_afterwards[success]" time="0.062" /><testcase classname="workflowArtifacts.canvas-v2.tests.blind_set2.WP47.test_tp04_teardown_exit_paths_blind2" name="test_the_large_vault_is_bit_identical_afterwards[assertion_failure]" time="0.065" /><testcase classname="workflowArtifacts.canvas-v2.tests.blind_set2.WP47.test_tp04_teardown_exit_paths_blind2" name="test_the_large_vault_is_bit_identical_afterwards[raised_exception]" time="0.070" /><testcase classname="workflowArtifacts.canvas-v2.tests.blind_set2.WP47.test_tp04_teardown_exit_paths_blind2" name="test_the_large_vault_is_bit_identical_afterwards[keyboard_interrupt]" time="0.066" /><testcase classname="workflowArtifacts.canvas-v2.tests.blind_set2.WP47.test_tp04_teardown_exit_paths_blind2" name="test_the_inner_context_manager_unwinds_before_teardown_finishes" time="0.049"><failure message="Failed: DID NOT RAISE &lt;class 'test_tp04_teardown_exit_paths_blind2.RigFailure'&gt;">vault = WindowsPath('C:/Users/tschm/AppData/Local/Temp/pytest-of-tschm/pytest-338/test_the_inner_context_manager0/ObsidianOrga')

    def test_the_inner_context_manager_unwinds_before_teardown_finishes(vault: Path) -&gt; None:
        log: list[str] = []
&gt;       with pytest.raises(RigFailure):
             ^^^^^^^^^^^^^^^^^^^^^^^^^
E       Failed: DID NOT RAISE &lt;class 'test_tp04_teardown_exit_paths_blind2.RigFailure'&gt;

workflowArtifacts\canvas-v2\tests\blind_set2\WP47\test_tp04_teardown_exit_paths_blind2.py:116: Failed</failure></testcase><testcase classname="workflowArtifacts.canvas-v2.tests.blind_set2.WP47.test_tp04_teardown_exit_paths_blind2" name="test_forty_notes_are_all_still_there_after_an_interrupted_run" time="0.052"><failure message="Failed: DID NOT RAISE &lt;class 'KeyboardInterrupt'&gt;">vault = WindowsPath('C:/Users/tschm/AppData/Local/Temp/pytest-of-tschm/pytest-338/test_forty_notes_are_all_still0/ObsidianOrga')

    def test_forty_notes_are_all_still_there_after_an_interrupted_run(vault: Path) -&gt; None:
&gt;       with pytest.raises(KeyboardInterrupt):
             ^^^^^^^^^^^^^^^^^^^^^^^^^^^^^^^^
E       Failed: DID NOT RAISE &lt;class 'KeyboardInterrupt'&gt;

workflowArtifacts\canvas-v2\tests\blind_set2\WP47\test_tp04_teardown_exit_paths_blind2.py:122: Failed</failure></testcase><testcase classname="workflowArtifacts.canvas-v2.tests.blind_set2.WP47.test_tp04_teardown_exit_paths_blind2" name="test_teardown_is_not_skipped_when_the_body_never_writes" time="0.058" /><testcase classname="workflowArtifacts.canvas-v2.tests.blind_set2.WP47.test_tp05_folder_removal_conditions_blind2" name="test_the_removal_truth_table[False-False-True]" time="0.034" /><testcase classname="workflowArtifacts.canvas-v2.tests.blind_set2.WP47.test_tp05_folder_removal_conditions_blind2" name="test_the_removal_truth_table[False-True-False]" time="0.031" /><testcase classname="workflowArtifacts.canvas-v2.tests.blind_set2.WP47.test_tp05_folder_removal_conditions_blind2" name="test_the_removal_truth_table[True-False-False]" time="0.030" /><testcase classname="workflowArtifacts.canvas-v2.tests.blind_set2.WP47.test_tp05_folder_removal_conditions_blind2" name="test_the_removal_truth_table[True-True-False]" time="0.030" /><testcase classname="workflowArtifacts.canvas-v2.tests.blind_set2.WP47.test_tp05_folder_removal_conditions_blind2" name="test_the_scratch_file_is_removed_in_every_row[False-False-True]" time="0.028" /><testcase classname="workflowArtifacts.canvas-v2.tests.blind_set2.WP47.test_tp05_folder_removal_conditions_blind2" name="test_the_scratch_file_is_removed_in_every_row[False-True-False]" time="0.031" /><testcase classname="workflowArtifacts.canvas-v2.tests.blind_set2.WP47.test_tp05_folder_removal_conditions_blind2" name="test_the_scratch_file_is_removed_in_every_row[True-False-False]" time="0.030" /><testcase classname="workflowArtifacts.canvas-v2.tests.blind_set2.WP47.test_tp05_folder_removal_conditions_blind2" name="test_the_scratch_file_is_removed_in_every_row[True-True-False]" time="0.027" /><testcase classname="workflowArtifacts.canvas-v2.tests.blind_set2.WP47.test_tp05_folder_removal_conditions_blind2" name="test_a_stray_is_never_deleted_in_any_row" time="0.042" /><testcase classname="workflowArtifacts.canvas-v2.tests.blind_set2.WP47.test_tp05_folder_removal_conditions_blind2" name="test_removing_the_stray_lets_the_next_run_clean_up_again" time="0.044" /><testcase classname="workflowArtifacts.canvas-v2.tests.blind_set2.WP47.test_tp05_folder_removal_conditions_blind2" name="test_the_rest_of_the_vault_never_participates" time="0.068" /><testcase classname="workflowArtifacts.canvas-v2.tests.blind_set2.WP47.test_tp06_fingerprint_clean_run_blind2" name="test_the_walk_covers_every_included_file" time="0.112" /><testcase classname="workflowArtifacts.canvas-v2.tests.blind_set2.WP47.test_tp06_fingerprint_clean_run_blind2" name="test_each_excluded_tree_really_is_excluded[.obsidian/plugins/live-share/data.json]" time="0.130" /><testcase classname="workflowArtifacts.canvas-v2.tests.blind_set2.WP47.test_tp06_fingerprint_clean_run_blind2" name="test_each_excluded_tree_really_is_excluded[.obsidian/plugins/live-share/main.js]" time="0.151" /><testcase classname="workflowArtifacts.canvas-v2.tests.blind_set2.WP47.test_tp06_fingerprint_clean_run_blind2" name="test_each_excluded_tree_really_is_excluded[.obsidian/plugins/live-share/nested/deep.json]" time="0.137" /><testcase classname="workflowArtifacts.canvas-v2.tests.blind_set2.WP47.test_tp06_fingerprint_clean_run_blind2" name="test_each_excluded_tree_really_is_excluded[.git/HEAD]" time="0.113" /><testcase classname="workflowArtifacts.canvas-v2.tests.blind_set2.WP47.test_tp06_fingerprint_clean_run_blind2" name="test_each_excluded_tree_really_is_excluded[.git/objects/aa/bbccdd]" time="0.115" /><testcase classname="workflowArtifacts.canvas-v2.tests.blind_set2.WP47.test_tp06_fingerprint_clean_run_blind2" name="test_each_excluded_tree_really_is_excluded[.trash/geloescht.md]" time="0.114" /><testcase classname="workflowArtifacts.canvas-v2.tests.blind_set2.WP47.test_tp06_fingerprint_clean_run_blind2" name="test_each_excluded_tree_really_is_excluded[.trash/tief/auch-weg.md]" time="0.111" /><testcase classname="workflowArtifacts.canvas-v2.tests.blind_set2.WP47.test_tp06_fingerprint_clean_run_blind2" name="test_neighbouring_trees_are_not_over_excluded[.obsidian/app.json]" time="0.106" /><testcase classname="workflowArtifacts.canvas-v2.tests.blind_set2.WP47.test_tp06_fingerprint_clean_run_blind2" name="test_neighbouring_trees_are_not_over_excluded[.obsidian/plugins/other-plugin/main.js]" time="0.105" /><testcase classname="workflowArtifacts.canvas-v2.tests.blind_set2.WP47.test_tp06_fingerprint_clean_run_blind2" name="test_neighbouring_trees_are_not_over_excluded[.obsidian/plugins/other-plugin/data.json]" time="0.136" /><testcase classname="workflowArtifacts.canvas-v2.tests.blind_set2.WP47.test_tp06_fingerprint_clean_run_blind2" name="test_neighbouring_trees_are_not_over_excluded[sub/nested.canvas]" time="0.145" /><testcase classname="workflowArtifacts.canvas-v2.tests.blind_set2.WP47.test_tp06_fingerprint_clean_run_blind2" name="test_neighbouring_trees_are_not_over_excluded[sub/bild.png]" time="0.139" /><testcase classname="workflowArtifacts.canvas-v2.tests.blind_set2.WP47.test_tp06_fingerprint_clean_run_blind2" name="test_every_digest_matches_hashlib" time="0.163" /><testcase classname="workflowArtifacts.canvas-v2.tests.blind_set2.WP47.test_tp06_fingerprint_clean_run_blind2" name="test_before_equals_after_over_a_hundred_file_vault" time="0.130" /><testcase classname="workflowArtifacts.canvas-v2.tests.blind_set2.WP47.test_tp06_fingerprint_clean_run_blind2" name="test_a_change_inside_an_excluded_tree_does_not_fail_the_run" time="0.133" /><testcase classname="workflowArtifacts.canvas-v2.tests.blind_set2.WP47.test_tp06_fingerprint_clean_run_blind2" name="test_the_fingerprint_never_holds_bytes" time="0.104" /><testcase classname="workflowArtifacts.canvas-v2.tests.blind_set2.WP47.test_tp07_fingerprint_mutation_fails_blind2" name="test_one_flipped_bit_among_a_hundred_identical_notes_fails_the_run" time="0.116" /><testcase classname="workflowArtifacts.canvas-v2.tests.blind_set2.WP47.test_tp07_fingerprint_mutation_fails_blind2" name="test_the_size_is_unchanged_so_only_the_hash_can_have_caught_it" time="0.119" /><testcase classname="workflowArtifacts.canvas-v2.tests.blind_set2.WP47.test_tp07_fingerprint_mutation_fails_blind2" name="test_the_other_ninety_nine_notes_are_not_implicated" time="0.159" /><testcase classname="workflowArtifacts.canvas-v2.tests.blind_set2.WP47.test_tp07_fingerprint_mutation_fails_blind2" name="test_a_caller_that_ignores_the_return_still_cannot_pass" time="0.190" /><testcase classname="workflowArtifacts.canvas-v2.tests.blind_set2.WP47.test_tp07_fingerprint_mutation_fails_blind2" name="test_the_error_message_names_no_file_content" time="0.158" /><testcase classname="workflowArtifacts.canvas-v2.tests.blind_set2.WP47.test_tp07_fingerprint_mutation_fails_blind2" name="test_deleting_one_of_the_hundred_also_fails" time="0.113" /><testcase classname="workflowArtifacts.canvas-v2.tests.blind_set2.WP47.test_tp07_fingerprint_mutation_fails_blind2" name="test_an_untouched_run_over_the_same_vault_is_green" time="0.121" /><testcase classname="workflowArtifacts.canvas-v2.tests.blind_set2.WP47.test_tp08_fingerprint_change_classes_blind2" name="test_each_class_alone[added_deep]" time="0.019" /><testcase classname="workflowArtifacts.canvas-v2.tests.blind_set2.WP47.test_tp08_fingerprint_change_classes_blind2" name="test_each_class_alone[deleted_deep]" time="0.017" /><testcase classname="workflowArtifacts.canvas-v2.tests.blind_set2.WP47.test_tp08_fingerprint_change_classes_blind2" name="test_each_class_alone[renamed_deep]" time="0.020" /><testcase classname="workflowArtifacts.canvas-v2.tests.blind_set2.WP47.test_tp08_fingerprint_change_classes_blind2" name="test_each_class_alone[rotated_same_size]" time="0.019" /><testcase classname="workflowArtifacts.canvas-v2.tests.blind_set2.WP47.test_tp08_fingerprint_change_classes_blind2" name="test_each_class_fails_the_run[added_deep]" time="0.024" /><testcase classname="workflowArtifacts.canvas-v2.tests.blind_set2.WP47.test_tp08_fingerprint_change_classes_blind2" name="test_each_class_fails_the_run[deleted_deep]" time="0.023" /><testcase classname="workflowArtifacts.canvas-v2.tests.blind_set2.WP47.test_tp08_fingerprint_change_classes_blind2" name="test_each_class_fails_the_run[renamed_deep]" time="0.026" /><testcase classname="workflowArtifacts.canvas-v2.tests.blind_set2.WP47.test_tp08_fingerprint_change_classes_blind2" name="test_each_class_fails_the_run[rotated_same_size]" time="0.024" /><testcase classname="workflowArtifacts.canvas-v2.tests.blind_set2.WP47.test_tp08_fingerprint_change_classes_blind2" name="test_all_four_classes_at_once_are_all_reported" time="0.021" /><testcase classname="workflowArtifacts.canvas-v2.tests.blind_set2.WP47.test_tp08_fingerprint_change_classes_blind2" name="test_the_rotation_is_genuinely_size_and_multiset_neutral" time="0.018" /><testcase classname="workflowArtifacts.canvas-v2.tests.blind_set2.WP47.test_tp08_fingerprint_change_classes_blind2" name="test_untouched_neighbours_never_appear_in_the_diff" time="0.018" /><testcase classname="workflowArtifacts.canvas-v2.tests.blind_set2.WP47.test_tp08_fingerprint_change_classes_blind2" name="test_a_folder_appearing_without_files_is_not_a_change" time="0.017" /><testcase classname="workflowArtifacts.canvas-v2.tests.blind_set2.WP47.test_tp09_run_id_collision_blind2" name="test_the_timestamp_component_is_utc_and_second_resolution" time="0.001" /><testcase classname="workflowArtifacts.canvas-v2.tests.blind_set2.WP47.test_tp09_run_id_collision_blind2" name="test_the_pid_component_is_this_process" time="0.000" /><testcase classname="workflowArtifacts.canvas-v2.tests.blind_set2.WP47.test_tp09_run_id_collision_blind2" name="test_the_pid_component_alone_cannot_disambiguate" time="0.002" /><testcase classname="workflowArtifacts.canvas-v2.tests.blind_set2.WP47.test_tp09_run_id_collision_blind2" name="test_no_duplicate_id_in_a_thousand_draws" time="0.005" /><testcase classname="workflowArtifacts.canvas-v2.tests.blind_set2.WP47.test_tp09_run_id_collision_blind2" name="test_duplicates_of_the_first_two_components_are_expected_and_harmless" time="0.007" /><testcase classname="workflowArtifacts.canvas-v2.tests.blind_set2.WP47.test_tp09_run_id_collision_blind2" name="test_the_random_component_is_not_derived_from_the_others" time="0.002" /><testcase classname="workflowArtifacts.canvas-v2.tests.blind_set2.WP47.test_tp09_run_id_collision_blind2" name="test_scratch_paths_from_a_thousand_ids_are_all_distinct" time="0.008" /><testcase classname="workflowArtifacts.canvas-v2.tests.blind_set2.WP47.test_tp09_run_id_collision_blind2" name="test_three_sequential_runs_in_one_vault_never_reuse_a_path" time="0.033" /><testcase classname="workflowArtifacts.canvas-v2.tests.blind_set2.WP47.test_tp09_run_id_collision_blind2" name="test_a_generated_id_round_trips_through_the_path_helpers" time="0.001" /><testcase classname="workflowArtifacts.canvas-v2.tests.blind_set2.WP47.test_tp10_stale_reclaim_startup_blind2" name="test_the_next_run_reclaims_the_crash_artefact" time="0.043" /><testcase classname="workflowArtifacts.canvas-v2.tests.blind_set2.WP47.test_tp10_stale_reclaim_startup_blind2" name="test_not_a_single_byte_of_the_crash_state_is_inherited" time="0.055" /><testcase classname="workflowArtifacts.canvas-v2.tests.blind_set2.WP47.test_tp10_stale_reclaim_startup_blind2" name="test_five_orphans_from_five_crashes_are_all_reclaimed" time="0.063" /><testcase classname="workflowArtifacts.canvas-v2.tests.blind_set2.WP47.test_tp10_stale_reclaim_startup_blind2" name="test_reclaim_precedes_creation_not_follows_it" time="0.060" /><testcase classname="workflowArtifacts.canvas-v2.tests.blind_set2.WP47.test_tp10_stale_reclaim_startup_blind2" name="test_a_crash_leaves_the_vault_itself_untouched" time="0.090" /><testcase classname="workflowArtifacts.canvas-v2.tests.blind_set2.WP47.test_tp10_stale_reclaim_startup_blind2" name="test_reclaim_is_visible_through_the_standalone_function_too" time="0.040" /><testcase classname="workflowArtifacts.canvas-v2.tests.blind_set2.WP47.test_tp10_stale_reclaim_startup_blind2" name="test_an_orphan_next_to_a_user_file_is_reclaimed_alone" time="0.037" /><testcase classname="workflowArtifacts.canvas-v2.tests.blind_set2.WP47.test_tp11_reclaim_idempotent_blind2" name="test_reclaim_reaches_a_fixed_point_after_one_application[empty_folder]" time="0.057" /><testcase classname="workflowArtifacts.canvas-v2.tests.blind_set2.WP47.test_tp11_reclaim_idempotent_blind2" name="test_reclaim_reaches_a_fixed_point_after_one_application[mixed]" time="0.054" /><testcase classname="workflowArtifacts.canvas-v2.tests.blind_set2.WP47.test_tp11_reclaim_idempotent_blind2" name="test_reclaim_reaches_a_fixed_point_after_one_application[no_folder]" time="0.049" /><testcase classname="workflowArtifacts.canvas-v2.tests.blind_set2.WP47.test_tp11_reclaim_idempotent_blind2" name="test_reclaim_reaches_a_fixed_point_after_one_application[only_stale]" time="0.055" /><testcase classname="workflowArtifacts.canvas-v2.tests.blind_set2.WP47.test_tp11_reclaim_idempotent_blind2" name="test_reclaim_reaches_a_fixed_point_after_one_application[only_user_files]" time="0.051" /><testcase classname="workflowArtifacts.canvas-v2.tests.blind_set2.WP47.test_tp11_reclaim_idempotent_blind2" name="test_the_non_rig_part_of_the_vault_is_a_fixed_point_from_the_start[empty_folder]" time="0.037" /><testcase classname="workflowArtifacts.canvas-v2.tests.blind_set2.WP47.test_tp11_reclaim_idempotent_blind2" name="test_the_non_rig_part_of_the_vault_is_a_fixed_point_from_the_start[mixed]" time="0.035" /><testcase classname="workflowArtifacts.canvas-v2.tests.blind_set2.WP47.test_tp11_reclaim_idempotent_blind2" name="test_the_non_rig_part_of_the_vault_is_a_fixed_point_from_the_start[no_folder]" time="0.061" /><testcase classname="workflowArtifacts.canvas-v2.tests.blind_set2.WP47.test_tp11_reclaim_idempotent_blind2" name="test_the_non_rig_part_of_the_vault_is_a_fixed_point_from_the_start[only_stale]" time="0.036" /><testcase classname="workflowArtifacts.canvas-v2.tests.blind_set2.WP47.test_tp11_reclaim_idempotent_blind2" name="test_the_non_rig_part_of_the_vault_is_a_fixed_point_from_the_start[only_user_files]" time="0.030" /><testcase classname="workflowArtifacts.canvas-v2.tests.blind_set2.WP47.test_tp11_reclaim_idempotent_blind2" name="test_user_files_survive_every_state_and_every_repetition" time="0.027" /><testcase classname="workflowArtifacts.canvas-v2.tests.blind_set2.WP47.test_tp11_reclaim_idempotent_blind2" name="test_the_first_call_is_the_only_one_that_reports_work" time="0.026" /><testcase classname="workflowArtifacts.canvas-v2.tests.blind_set2.WP47.test_tp11_reclaim_idempotent_blind2" name="test_idempotence_holds_across_interleaved_runs" time="0.053" /></testsuite></testsuites>