<?xml version="1.0" encoding="utf-8"?><testsuites name="pytest tests"><testsuite name="pytest" errors="0" failures="0" skipped="0" tests="43" time="0.389" timestamp="2026-08-01T21:40:16.215520+02:00" hostname="TomPC"><testcase classname="workflowArtifacts.canvas-v2.tests.blind_set1.WP48.test_tp01_teardown_once_blind1" name="test_every_exit_path_yields_exactly_one_execution" time="0.001" /><testcase classname="workflowArtifacts.canvas-v2.tests.blind_set1.WP48.test_tp01_teardown_once_blind1" name="test_partial_success_then_crash_still_tears_down_once" time="0.001" /><testcase classname="workflowArtifacts.canvas-v2.tests.blind_set1.WP48.test_tp01_teardown_once_blind1" name="test_nested_driver_invocations_do_not_stack_teardowns" time="0.001" /><testcase classname="workflowArtifacts.canvas-v2.tests.blind_set1.WP48.test_tp02_step_order_blind1" name="test_order_is_stable_across_differently_loaded_run_states" time="0.001" /><testcase classname="workflowArtifacts.canvas-v2.tests.blind_set1.WP48.test_tp02_step_order_blind1" name="test_middle_step_failure_does_not_reorder_the_sequence" time="0.001" /><testcase classname="workflowArtifacts.canvas-v2.tests.blind_set1.WP48.test_tp02_step_order_blind1" name="test_first_step_failure_does_not_reorder_the_sequence" time="0.000" /><testcase classname="workflowArtifacts.canvas-v2.tests.blind_set1.WP48.test_tp03_step_failure_isolation_blind1" name="test_two_failing_steps_both_surface_and_the_third_still_runs" time="0.001" /><testcase classname="workflowArtifacts.canvas-v2.tests.blind_set1.WP48.test_tp03_step_failure_isolation_blind1" name="test_one_bad_artefact_does_not_abort_the_rest_of_its_own_step" time="0.000" /><testcase classname="workflowArtifacts.canvas-v2.tests.blind_set1.WP48.test_tp03_step_failure_isolation_blind1" name="test_all_three_steps_failing_still_yields_a_full_ordered_step_record" time="0.000" /><testcase classname="workflowArtifacts.canvas-v2.tests.blind_set1.WP48.test_tp04_only_rig_started_blind1" name="test_only_the_middle_rig_started_entry_is_terminated" time="0.001" /><testcase classname="workflowArtifacts.canvas-v2.tests.blind_set1.WP48.test_tp04_only_rig_started_blind1" name="test_attached_processes_are_reported_as_skipped_not_dropped" time="0.000" /><testcase classname="workflowArtifacts.canvas-v2.tests.blind_set1.WP48.test_tp04_only_rig_started_blind1" name="test_duplicate_pid_entries_are_not_terminated_twice" time="0.000" /><testcase classname="workflowArtifacts.canvas-v2.tests.blind_set1.WP48.test_tp04_only_rig_started_blind1" name="test_an_entry_that_is_attached_wins_over_a_rig_started_duplicate" time="0.000" /><testcase classname="workflowArtifacts.canvas-v2.tests.blind_set1.WP48.test_tp05_wait_timeout_names_condition_blind1" name="test_wait_timeout_inside_a_run_is_reported_with_its_condition" time="0.001" /><testcase classname="workflowArtifacts.canvas-v2.tests.blind_set1.WP48.test_tp05_wait_timeout_names_condition_blind1" name="test_condition_name_is_mandatory_on_the_exception_type_itself" time="0.001" /><testcase classname="workflowArtifacts.canvas-v2.tests.blind_set1.WP48.test_tp05_wait_timeout_names_condition_blind1" name="test_empty_condition_name_is_rejected_at_construction" time="0.000" /><testcase classname="workflowArtifacts.canvas-v2.tests.blind_set1.WP48.test_tp05_wait_timeout_names_condition_blind1" name="test_predicate_true_on_the_first_probe_never_sleeps" time="0.000" /><testcase classname="workflowArtifacts.canvas-v2.tests.blind_set1.WP48.test_tp06_no_unbounded_wait_blind1" name="test_wait_for_terminates_within_its_budget_on_a_runaway_clock" time="0.000" /><testcase classname="workflowArtifacts.canvas-v2.tests.blind_set1.WP48.test_tp06_no_unbounded_wait_blind1" name="test_no_public_callable_defaults_its_timeout_to_none_zero_or_infinity" time="0.001" /><testcase classname="workflowArtifacts.canvas-v2.tests.blind_set1.WP48.test_tp06_no_unbounded_wait_blind1" name="test_poll_interval_must_be_positive_and_finite" time="0.001" /><testcase classname="workflowArtifacts.canvas-v2.tests.blind_set1.WP48.test_tp06_no_unbounded_wait_blind1" name="test_poll_interval_never_overshoots_the_remaining_budget" time="0.001" /><testcase classname="workflowArtifacts.canvas-v2.tests.blind_set1.WP48.test_tp07_endpoint_lost_not_green_blind1" name="test_all_oracles_green_then_endpoint_a_disappears_still_fails_the_run" time="0.001" /><testcase classname="workflowArtifacts.canvas-v2.tests.blind_set1.WP48.test_tp07_endpoint_lost_not_green_blind1" name="test_both_endpoints_lost_reports_one_named_reason_and_still_tears_down" time="0.000" /><testcase classname="workflowArtifacts.canvas-v2.tests.blind_set1.WP48.test_tp07_endpoint_lost_not_green_blind1" name="test_the_reason_is_the_shared_contract_constant_not_a_local_string" time="0.001" /><testcase classname="workflowArtifacts.canvas-v2.tests.blind_set1.WP48.test_tp08_reclaim_settings_blind1" name="test_rig_created_settings_file_is_removed_leaving_no_file_behind" time="0.011" /><testcase classname="workflowArtifacts.canvas-v2.tests.blind_set1.WP48.test_tp08_reclaim_settings_blind1" name="test_backup_that_does_not_match_the_recorded_hash_is_not_silently_applied" time="0.008" /><testcase classname="workflowArtifacts.canvas-v2.tests.blind_set1.WP48.test_tp08_reclaim_settings_blind1" name="test_marker_without_a_backup_but_claiming_an_original_is_reported_not_guessed" time="0.010" /><testcase classname="workflowArtifacts.canvas-v2.tests.blind_set1.WP48.test_tp09_reclaim_scratch_blind1" name="test_lookalike_canvas_outside_the_rig_folder_is_never_touched" time="0.019" /><testcase classname="workflowArtifacts.canvas-v2.tests.blind_set1.WP48.test_tp09_reclaim_scratch_blind1" name="test_the_whole_rig_owned_folder_goes_including_non_canvas_leftovers" time="0.019" /><testcase classname="workflowArtifacts.canvas-v2.tests.blind_set1.WP48.test_tp09_reclaim_scratch_blind1" name="test_an_empty_rig_folder_is_still_removed" time="0.009" /><testcase classname="workflowArtifacts.canvas-v2.tests.blind_set1.WP48.test_tp09_reclaim_scratch_blind1" name="test_absent_rig_folder_produces_no_scratch_artefact" time="0.005" /><testcase classname="workflowArtifacts.canvas-v2.tests.blind_set1.WP48.test_tp10_reclaim_port_blind1" name="test_port_that_never_releases_is_reported_unreclaimed_and_the_wait_is_bounded" time="0.007" /><testcase classname="workflowArtifacts.canvas-v2.tests.blind_set1.WP48.test_tp10_reclaim_port_blind1" name="test_port_with_no_identifiable_owner_is_never_terminated" time="0.007" /><testcase classname="workflowArtifacts.canvas-v2.tests.blind_set1.WP48.test_tp10_reclaim_port_blind1" name="test_owner_pid_that_is_not_the_marker_pid_is_never_terminated" time="0.007" /><testcase classname="workflowArtifacts.canvas-v2.tests.blind_set1.WP48.test_tp10_reclaim_port_blind1" name="test_reclaim_without_a_port_probe_does_not_invent_port_artefacts" time="0.007" /><testcase classname="workflowArtifacts.canvas-v2.tests.blind_set1.WP48.test_tp11_reclaim_combined_blind1" name="test_two_of_three_kinds_are_both_reclaimed[settings+scratch]" time="0.018" /><testcase classname="workflowArtifacts.canvas-v2.tests.blind_set1.WP48.test_tp11_reclaim_combined_blind1" name="test_two_of_three_kinds_are_both_reclaimed[settings+port]" time="0.012" /><testcase classname="workflowArtifacts.canvas-v2.tests.blind_set1.WP48.test_tp11_reclaim_combined_blind1" name="test_two_of_three_kinds_are_both_reclaimed[scratch+port]" time="0.010" /><testcase classname="workflowArtifacts.canvas-v2.tests.blind_set1.WP48.test_tp11_reclaim_combined_blind1" name="test_nothing_stale_at_all_yields_an_empty_report" time="0.005" /><testcase classname="workflowArtifacts.canvas-v2.tests.blind_set1.WP48.test_tp12_reclaim_idempotent_blind1" name="test_settings_only_reclaim_is_idempotent" time="0.017" /><testcase classname="workflowArtifacts.canvas-v2.tests.blind_set1.WP48.test_tp12_reclaim_idempotent_blind1" name="test_scratch_only_reclaim_is_idempotent" time="0.012" /><testcase classname="workflowArtifacts.canvas-v2.tests.blind_set1.WP48.test_tp12_reclaim_idempotent_blind1" name="test_port_only_reclaim_is_idempotent" time="0.006" /><testcase classname="workflowArtifacts.canvas-v2.tests.blind_set1.WP48.test_tp12_reclaim_idempotent_blind1" name="test_a_new_stale_artefact_after_a_reclaim_is_still_picked_up" time="0.013" /></testsuite></testsuites>