<?xml version="1.0" encoding="utf-8"?><testsuites name="pytest tests"><testsuite name="pytest" errors="0" failures="0" skipped="0" tests="42" time="0.392" timestamp="2026-08-01T21:42:26.682496+02:00" hostname="TomPC"><testcase classname="workflowArtifacts.canvas-v2.tests.blind_set2.WP48.test_tp01_teardown_once_blind2" name="test_empty_run_state_still_executes_the_step_sequence_once" time="0.001" /><testcase classname="workflowArtifacts.canvas-v2.tests.blind_set2.WP48.test_tp01_teardown_once_blind2" name="test_counter_stays_one_when_a_step_raises_on_the_interrupt_path" time="0.001" /><testcase classname="workflowArtifacts.canvas-v2.tests.blind_set2.WP48.test_tp01_teardown_once_blind2" name="test_primitive_call_log_has_no_duplicates_across_four_exit_paths" time="0.001" /><testcase classname="workflowArtifacts.canvas-v2.tests.blind_set2.WP48.test_tp02_step_order_blind2" name="test_step_names_are_exactly_the_three_ac1_steps_in_order" time="0.001" /><testcase classname="workflowArtifacts.canvas-v2.tests.blind_set2.WP48.test_tp02_step_order_blind2" name="test_interleaving_shows_full_step_completion_before_the_next_step_starts" time="0.001" /><testcase classname="workflowArtifacts.canvas-v2.tests.blind_set2.WP48.test_tp02_step_order_blind2" name="test_no_terminate_happens_before_the_last_scratch_removal" time="0.001" /><testcase classname="workflowArtifacts.canvas-v2.tests.blind_set2.WP48.test_tp03_step_failure_isolation_blind2" name="test_body_error_and_teardown_error_are_both_retrievable" time="0.001" /><testcase classname="workflowArtifacts.canvas-v2.tests.blind_set2.WP48.test_tp03_step_failure_isolation_blind2" name="test_step_raising_a_base_exception_is_still_contained" time="0.001" /><testcase classname="workflowArtifacts.canvas-v2.tests.blind_set2.WP48.test_tp03_step_failure_isolation_blind2" name="test_clean_teardown_on_a_successful_run_is_ok_and_green" time="0.001" /><testcase classname="workflowArtifacts.canvas-v2.tests.blind_set2.WP48.test_tp04_only_rig_started_blind2" name="test_attached_only_ledger_never_triggers_a_terminate[success]" time="0.001" /><testcase classname="workflowArtifacts.canvas-v2.tests.blind_set2.WP48.test_tp04_only_rig_started_blind2" name="test_attached_only_ledger_never_triggers_a_terminate[assertion]" time="0.001" /><testcase classname="workflowArtifacts.canvas-v2.tests.blind_set2.WP48.test_tp04_only_rig_started_blind2" name="test_attached_only_ledger_never_triggers_a_terminate[exception]" time="0.001" /><testcase classname="workflowArtifacts.canvas-v2.tests.blind_set2.WP48.test_tp04_only_rig_started_blind2" name="test_attached_only_ledger_never_triggers_a_terminate[interrupt]" time="0.001" /><testcase classname="workflowArtifacts.canvas-v2.tests.blind_set2.WP48.test_tp04_only_rig_started_blind2" name="test_mixed_ledger_terminates_only_the_two_rig_started_pids" time="0.001" /><testcase classname="workflowArtifacts.canvas-v2.tests.blind_set2.WP48.test_tp04_only_rig_started_blind2" name="test_empty_ledger_runs_the_step_and_terminates_nothing" time="0.001" /><testcase classname="workflowArtifacts.canvas-v2.tests.blind_set2.WP48.test_tp05_wait_timeout_names_condition_blind2" name="test_each_condition_names_itself_in_its_own_timeout[settings_restored_byte_exact-4.0-1.0]" time="0.001" /><testcase classname="workflowArtifacts.canvas-v2.tests.blind_set2.WP48.test_tp05_wait_timeout_names_condition_blind2" name="test_each_condition_names_itself_in_its_own_timeout[scratch_removed-1.0-0.25]" time="0.001" /><testcase classname="workflowArtifacts.canvas-v2.tests.blind_set2.WP48.test_tp05_wait_timeout_names_condition_blind2" name="test_each_condition_names_itself_in_its_own_timeout[rig_process_exited-12.0-3.0]" time="0.001" /><testcase classname="workflowArtifacts.canvas-v2.tests.blind_set2.WP48.test_tp05_wait_timeout_names_condition_blind2" name="test_predicate_true_just_inside_the_budget_does_not_time_out" time="0.001" /><testcase classname="workflowArtifacts.canvas-v2.tests.blind_set2.WP48.test_tp05_wait_timeout_names_condition_blind2" name="test_predicate_true_one_poll_too_late_times_out_with_its_name" time="0.001" /><testcase classname="workflowArtifacts.canvas-v2.tests.blind_set2.WP48.test_tp06_no_unbounded_wait_blind2" name="test_injected_sleep_is_used_instead_of_wall_clock_sleep" time="0.001" /><testcase classname="workflowArtifacts.canvas-v2.tests.blind_set2.WP48.test_tp06_no_unbounded_wait_blind2" name="test_a_wait_that_expires_never_returns_a_falsy_success" time="0.001" /><testcase classname="workflowArtifacts.canvas-v2.tests.blind_set2.WP48.test_tp06_no_unbounded_wait_blind2" name="test_every_named_condition_is_a_non_empty_string_in_the_payload" time="0.001" /><testcase classname="workflowArtifacts.canvas-v2.tests.blind_set2.WP48.test_tp06_no_unbounded_wait_blind2" name="test_timeout_must_be_supplied_even_when_a_predicate_is_already_true" time="0.001" /><testcase classname="workflowArtifacts.canvas-v2.tests.blind_set2.WP48.test_tp07_endpoint_lost_not_green_blind2" name="test_serialised_run_record_is_red_and_carries_the_named_reason" time="0.001" /><testcase classname="workflowArtifacts.canvas-v2.tests.blind_set2.WP48.test_tp07_endpoint_lost_not_green_blind2" name="test_lost_endpoint_plus_failing_teardown_stays_red_on_both_counts" time="0.001" /><testcase classname="workflowArtifacts.canvas-v2.tests.blind_set2.WP48.test_tp07_endpoint_lost_not_green_blind2" name="test_exit_status_of_a_clean_run_is_zero_so_non_zero_actually_discriminates" time="0.001" /><testcase classname="workflowArtifacts.canvas-v2.tests.blind_set2.WP48.test_tp08_reclaim_settings_blind2" name="test_restore_is_byte_identical_not_merely_json_equivalent" time="0.016" /><testcase classname="workflowArtifacts.canvas-v2.tests.blind_set2.WP48.test_tp08_reclaim_settings_blind2" name="test_vault_path_containing_spaces_is_handled" time="0.012" /><testcase classname="workflowArtifacts.canvas-v2.tests.blind_set2.WP48.test_tp08_reclaim_settings_blind2" name="test_only_the_plugin_directory_is_written" time="0.015" /><testcase classname="workflowArtifacts.canvas-v2.tests.blind_set2.WP48.test_tp08_reclaim_settings_blind2" name="test_reclaim_never_emits_settings_content" time="0.012" /><testcase classname="workflowArtifacts.canvas-v2.tests.blind_set2.WP48.test_tp09_reclaim_scratch_blind2" name="test_previous_run_state_cannot_survive_into_the_next_run" time="0.010" /><testcase classname="workflowArtifacts.canvas-v2.tests.blind_set2.WP48.test_tp09_reclaim_scratch_blind2" name="test_unremovable_scratch_does_not_block_the_settings_artefact" time="0.018" /><testcase classname="workflowArtifacts.canvas-v2.tests.blind_set2.WP48.test_tp09_reclaim_scratch_blind2" name="test_scratch_naming_scheme_comes_from_the_shared_contract" time="0.008" /><testcase classname="workflowArtifacts.canvas-v2.tests.blind_set2.WP48.test_tp10_reclaim_port_blind2" name="test_only_the_marker_owned_holder_is_terminated_across_three_ports" time="0.008" /><testcase classname="workflowArtifacts.canvas-v2.tests.blind_set2.WP48.test_tp10_reclaim_port_blind2" name="test_the_two_real_rig_ports_are_disjoint_from_the_headless_pair" time="0.001" /><testcase classname="workflowArtifacts.canvas-v2.tests.blind_set2.WP48.test_tp10_reclaim_port_blind2" name="test_terminate_is_never_called_when_every_port_still_answers" time="0.009" /><testcase classname="workflowArtifacts.canvas-v2.tests.blind_set2.WP48.test_tp11_reclaim_combined_blind2" name="test_both_vaults_are_reclaimed_independently_and_originals_are_not_swapped" time="0.031" /><testcase classname="workflowArtifacts.canvas-v2.tests.blind_set2.WP48.test_tp11_reclaim_combined_blind2" name="test_reclaiming_vault_a_leaves_vault_b_completely_untouched" time="0.029" /><testcase classname="workflowArtifacts.canvas-v2.tests.blind_set2.WP48.test_tp12_reclaim_idempotent_blind2" name="test_second_report_is_structurally_empty_where_the_first_was_not" time="0.019" /><testcase classname="workflowArtifacts.canvas-v2.tests.blind_set2.WP48.test_tp12_reclaim_idempotent_blind2" name="test_start_up_run_teardown_leaves_a_vault_that_needs_no_further_reclaim" time="0.020" /><testcase classname="workflowArtifacts.canvas-v2.tests.blind_set2.WP48.test_tp12_reclaim_idempotent_blind2" name="test_an_unreclaimable_port_stays_unreclaimable_and_is_never_killed" time="0.020" /></testsuite></testsuites>