{"numTotalTestSuites":14,"numPassedTestSuites":14,"numFailedTestSuites":0,"numPendingTestSuites":0,"numTotalTests":26,"numPassedTests":26,"numFailedTests":0,"numPendingTests":0,"numTodoTests":0,"snapshot":{"added":0,"failure":false,"filesAdded":0,"filesRemoved":0,"filesRemovedList":[],"filesUnmatched":0,"filesUpdated":0,"matched":0,"total":0,"unchecked":0,"uncheckedKeysByFile":[],"unmatched":0,"updated":0,"didUpdate":false},"startTime":1785613103717,"success":true,"testResults":[{"assertionResults":[{"ancestorTitles":["WP5 AC1 (blind1) — the edge id space proves the same single structure"],"fullName":"WP5 AC1 (blind1) — the edge id space proves the same single structure a guest that never observed the surface starts unknown","status":"passed","title":"a guest that never observed the surface starts unknown","duration":8.248800000000074,"failureMessages":[],"meta":{}},{"ancestorTitles":["WP5 AC1 (blind1) — the edge id space proves the same single structure"],"fullName":"WP5 AC1 (blind1) — the edge id space proves the same single structure a confirmed apply of an edge silences that edge's later save","status":"passed","title":"a confirmed apply of an edge silences that edge's later save","duration":4.609899999999925,"failureMessages":[],"meta":{}},{"ancestorTitles":["WP5 AC1 (blind1) — the edge id space proves the same single structure"],"fullName":"WP5 AC1 (blind1) — the edge id space proves the same single structure a real edge re-route after the receipt is still intent","status":"passed","title":"a real edge re-route after the receipt is still intent","duration":1.8779000000000678,"failureMessages":[],"meta":{}},{"ancestorTitles":["WP5 AC1 (blind1) — the edge id space proves the same single structure"],"fullName":"WP5 AC1 (blind1) — the edge id space proves the same single structure replacing the instance moves both roles, including the edge space","status":"passed","title":"replacing the instance moves both roles, including the edge space","duration":1.493600000000015,"failureMessages":[],"meta":{}}],"startTime":1785613104403,"endTime":1785613104419.4937,"status":"passed","message":"","name":"H:/Developement/_NeuralAngels/liveshareCollab/obsidian-live-share/plugin/src/__tests__/v2blind/wp5_set1/test_tp01_single_shadow_blind1.test.ts"},{"assertionResults":[{"ancestorTitles":["WP5 AC1 (blind1) — projection across a record's lifecycle"],"fullName":"WP5 AC1 (blind1) — projection across a record's lifecycle a resurrected record projects only its NEW fields","status":"passed","title":"a resurrected record projects only its NEW fields","duration":2.6744999999999663,"failureMessages":[],"meta":{}},{"ancestorTitles":["WP5 AC1 (blind1) — projection across a record's lifecycle"],"fullName":"WP5 AC1 (blind1) — projection across a record's lifecycle `initial` beats any projection, however well it matches","status":"passed","title":"`initial` beats any projection, however well it matches","duration":0.5115999999999872,"failureMessages":[],"meta":{}},{"ancestorTitles":["WP5 AC1 (blind1) — projection across a record's lifecycle"],"fullName":"WP5 AC1 (blind1) — projection across a record's lifecycle a live-view membership difference wins over an agreeing projection","status":"passed","title":"a live-view membership difference wins over an agreeing projection","duration":0.20150000000001,"failureMessages":[],"meta":{}},{"ancestorTitles":["WP5 AC1 (blind1) — projection across a record's lifecycle"],"fullName":"WP5 AC1 (blind1) — projection across a record's lifecycle the two id spaces project independently","status":"passed","title":"the two id spaces project independently","duration":1.2687999999999988,"failureMessages":[],"meta":{}}],"startTime":1785613104387,"endTime":1785613104391.2688,"status":"passed","message":"","name":"H:/Developement/_NeuralAngels/liveshareCollab/obsidian-live-share/plugin/src/__tests__/v2blind/wp5_set1/test_tp02_shadow_projection_blind1.test.ts"},{"assertionResults":[{"ancestorTitles":["WP5 AC2 (blind1) — a resize on the first record of the pass"],"fullName":"WP5 AC2 (blind1) — a resize on the first record of the pass the real adapter reports interacting for the resized card","status":"passed","title":"the real adapter reports interacting for the resized card","duration":2.6148999999999774,"failureMessages":[],"meta":{}},{"ancestorTitles":["WP5 AC2 (blind1) — a resize on the first record of the pass"],"fullName":"WP5 AC2 (blind1) — a resize on the first record of the pass the later records still advance in full, edges included","status":"passed","title":"the later records still advance in full, edges included","duration":2.647100000000023,"failureMessages":[],"meta":{}},{"ancestorTitles":["WP5 AC2 (blind1) — a resize on the first record of the pass"],"fullName":"WP5 AC2 (blind1) — a resize on the first record of the pass the skip does not consume the record's earlier knowledge","status":"passed","title":"the skip does not consume the record's earlier knowledge","duration":0.619199999999978,"failureMessages":[],"meta":{}},{"ancestorTitles":["WP5 AC2 (blind1) — a resize on the first record of the pass"],"fullName":"WP5 AC2 (blind1) — a resize on the first record of the pass two consecutive skips of the same record never accumulate an advance","status":"passed","title":"two consecutive skips of the same record never accumulate an advance","duration":0.7225999999999999,"failureMessages":[],"meta":{}}],"startTime":1785613104289,"endTime":1785613104296.7227,"status":"passed","message":"","name":"H:/Developement/_NeuralAngels/liveshareCollab/obsidian-live-share/plugin/src/__tests__/v2blind/wp5_set1/test_tp03_interacting_skip_blind1.test.ts"},{"assertionResults":[{"ancestorTitles":["WP5 AC3 (blind1) — failure modes the happy path never sees"],"fullName":"WP5 AC3 (blind1) — failure modes the happy path never sees a setData that throws advances nothing","status":"passed","title":"a setData that throws advances nothing","duration":3.3489000000000146,"failureMessages":[],"meta":{}},{"ancestorTitles":["WP5 AC3 (blind1) — failure modes the happy path never sees"],"fullName":"WP5 AC3 (blind1) — failure modes the happy path never sees an outcome absent from the map is not a confirmation","status":"passed","title":"an outcome absent from the map is not a confirmation","duration":0.5602000000000089,"failureMessages":[],"meta":{}},{"ancestorTitles":["WP5 AC3 (blind1) — failure modes the happy path never sees"],"fullName":"WP5 AC3 (blind1) — failure modes the happy path never sees a confirmed record advances a null field as a real observed value","status":"passed","title":"a confirmed record advances a null field as a real observed value","duration":0.3524999999999636,"failureMessages":[],"meta":{}},{"ancestorTitles":["WP5 AC3 (blind1) — failure modes the happy path never sees"],"fullName":"WP5 AC3 (blind1) — failure modes the happy path never sees absent-marking from a landed reload is scoped to its own surface","status":"passed","title":"absent-marking from a landed reload is scoped to its own surface","duration":0.4060999999999808,"failureMessages":[],"meta":{}}],"startTime":1785613104366,"endTime":1785613104371.406,"status":"passed","message":"","name":"H:/Developement/_NeuralAngels/liveshareCollab/obsidian-live-share/plugin/src/__tests__/v2blind/wp5_set1/test_tp04_failed_apply_blind1.test.ts"},{"assertionResults":[{"ancestorTitles":["WP5 (blind1) — hand-over is per surface and per id space"],"fullName":"WP5 (blind1) — hand-over is per surface and per id space a hand-over on one canvas does not unlock deletes on the other","status":"passed","title":"a hand-over on one canvas does not unlock deletes on the other","duration":14.695699999999988,"failureMessages":[],"meta":{}},{"ancestorTitles":["WP5 (blind1) — hand-over is per surface and per id space"],"fullName":"WP5 (blind1) — hand-over is per surface and per id space a node hand-over does not unlock an edge delete","status":"passed","title":"a node hand-over does not unlock an edge delete","duration":2.1241999999999734,"failureMessages":[],"meta":{}},{"ancestorTitles":["WP5 (blind1) — hand-over is per surface and per id space"],"fullName":"WP5 (blind1) — hand-over is per surface and per id space closing one surface leaves the other's hand-over intact","status":"passed","title":"closing one surface leaves the other's hand-over intact","duration":2.113399999999956,"failureMessages":[],"meta":{}}],"startTime":1785613104402,"endTime":1785613104421.1133,"status":"passed","message":"","name":"H:/Developement/_NeuralAngels/liveshareCollab/obsidian-live-share/plugin/src/__tests__/v2blind/wp5_set1/test_tp05_handover_and_close_blind1.test.ts"},{"assertionResults":[{"ancestorTitles":["WP5 §8 (blind1) — without the receipt the user's deletion is lost"],"fullName":"WP5 §8 (blind1) — without the receipt the user's deletion is lost the two modes disagree about the deletion","status":"passed","title":"the two modes disagree about the deletion","duration":18.22090000000003,"failureMessages":[],"meta":{}},{"ancestorTitles":["WP5 §8 (blind1) — without the receipt the user's deletion is lost"],"fullName":"WP5 §8 (blind1) — without the receipt the user's deletion is lost the card the user was holding is never deleted in either mode","status":"passed","title":"the card the user was holding is never deleted in either mode","duration":4.4343000000000075,"failureMessages":[],"meta":{}}],"startTime":1785613104404,"endTime":1785613104426.4343,"status":"passed","message":"","name":"H:/Developement/_NeuralAngels/liveshareCollab/obsidian-live-share/plugin/src/__tests__/v2blind/wp5_set1/test_tp06_discrimination_seam_blind1.test.ts"},{"assertionResults":[{"ancestorTitles":["WP5 AC4 (blind1) — the wiring survives membership churn"],"fullName":"WP5 AC4 (blind1) — the wiring survives membership churn a record added to the shared doc reaches the view and the basis","status":"passed","title":"a record added to the shared doc reaches the view and the basis","duration":5.223799999999983,"failureMessages":[],"meta":{}},{"ancestorTitles":["WP5 AC4 (blind1) — the wiring survives membership churn"],"fullName":"WP5 AC4 (blind1) — the wiring survives membership churn a record removed from the shared doc goes absent and stops the churn","status":"passed","title":"a record removed from the shared doc goes absent and stops the churn","duration":0.9658000000000015,"failureMessages":[],"meta":{}},{"ancestorTitles":["WP5 AC4 (blind1) — the wiring survives membership churn"],"fullName":"WP5 AC4 (blind1) — the wiring survives membership churn an edge-only change is structural and advances the edge space","status":"passed","title":"an edge-only change is structural and advances the edge space","duration":1.001299999999958,"failureMessages":[],"meta":{}},{"ancestorTitles":["WP5 AC4 (blind1) — the wiring survives membership churn"],"fullName":"WP5 AC4 (blind1) — the wiring survives membership churn main.ts keeps no canvas record snapshot of its own","status":"passed","title":"main.ts keeps no canvas record snapshot of its own","duration":0.7282000000000153,"failureMessages":[],"meta":{}},{"ancestorTitles":["WP5 AC4 (blind1) — the wiring survives membership churn"],"fullName":"WP5 AC4 (blind1) — the wiring survives membership churn main.ts obtains the shadow instead of owning one","status":"passed","title":"main.ts obtains the shadow instead of owning one","duration":0.4227999999999952,"failureMessages":[],"meta":{}}],"startTime":1785613104279,"endTime":1785613104288.4229,"status":"passed","message":"","name":"H:/Developement/_NeuralAngels/liveshareCollab/obsidian-live-share/plugin/src/__tests__/v2blind/wp5_set1/test_tp07_wiring_only_blind1.test.ts"}]}