{"numTotalTestSuites":8,"numPassedTestSuites":8,"numFailedTestSuites":0,"numPendingTestSuites":0,"numTotalTests":12,"numPassedTests":12,"numFailedTests":0,"numPendingTests":0,"numTodoTests":0,"snapshot":{"added":0,"failure":false,"filesAdded":0,"filesRemoved":0,"filesRemovedList":[],"filesUnmatched":0,"filesUpdated":0,"matched":0,"total":0,"unchecked":0,"uncheckedKeysByFile":[],"unmatched":0,"updated":0,"didUpdate":false},"startTime":1785646157213,"success":true,"testResults":[{"assertionResults":[{"ancestorTitles":["WP63 AC1 blind1 — a refused EDGE withholds the write instead of vanishing"],"fullName":"WP63 AC1 blind1 — a refused EDGE withholds the write instead of vanishing cold-open seed: a real flush leaves the user's file byte-identical","status":"passed","title":"cold-open seed: a real flush leaves the user's file byte-identical","duration":9.560400000000016,"failureMessages":[],"meta":{}},{"ancestorTitles":["WP63 AC1 blind1 — a refused EDGE withholds the write instead of vanishing"],"fullName":"WP63 AC1 blind1 — a refused EDGE withholds the write instead of vanishing host seed: the refusal reaches the writer through the shared ledger and the file survives","status":"passed","title":"host seed: the refusal reaches the writer through the shared ledger and the file survives","duration":2.983000000000004,"failureMessages":[],"meta":{}},{"ancestorTitles":["WP63 AC1 blind1 — a refused EDGE withholds the write instead of vanishing"],"fullName":"WP63 AC1 blind1 — a refused EDGE withholds the write instead of vanishing nothing refused, nothing withheld: a canvas of only legal records still persists","status":"passed","title":"nothing refused, nothing withheld: a canvas of only legal records still persists","duration":1.953800000000001,"failureMessages":[],"meta":{}}],"startTime":1785646157803,"endTime":1785646157817.9539,"status":"passed","message":"","name":"H:/Developement/_NeuralAngels/liveshareCollab/obsidian-live-share/plugin/src/__tests__/v2blind/wp63_set1/test_tp01_seed_refusal_withholds_the_write_blind1.test.ts"},{"assertionResults":[{"ancestorTitles":["WP63 AC2 blind1 — one canvas degrades, the rest of the session does not"],"fullName":"WP63 AC2 blind1 — one canvas degrades, the rest of the session does not a refusal on one path suspends nothing on the two canvases either side of it","status":"passed","title":"a refusal on one path suspends nothing on the two canvases either side of it","duration":12.781599999999969,"failureMessages":[],"meta":{}},{"ancestorTitles":["WP63 AC2 blind1 — one canvas degrades, the rest of the session does not"],"fullName":"WP63 AC2 blind1 — one canvas degrades, the rest of the session does not the withheld canvas keeps syncing: remote node AND edge deltas land, and no flush throws","status":"passed","title":"the withheld canvas keeps syncing: remote node AND edge deltas land, and no flush throws","duration":8.27539999999999,"failureMessages":[],"meta":{}}],"startTime":1785646157802,"endTime":1785646157823.2754,"status":"passed","message":"","name":"H:/Developement/_NeuralAngels/liveshareCollab/obsidian-live-share/plugin/src/__tests__/v2blind/wp63_set1/test_tp02_withhold_is_per_path_and_non_fatal_blind1.test.ts"},{"assertionResults":[{"ancestorTitles":["WP63 AC3 blind1 — the withhold is temporary and lifts on the write trigger"],"fullName":"WP63 AC3 blind1 — the withhold is temporary and lifts on the write trigger a SIDE-LESS repair lifts the withhold, and the first write is the ordinary projection","status":"passed","title":"a SIDE-LESS repair lifts the withhold, and the first write is the ordinary projection","duration":13.594099999999969,"failureMessages":[],"meta":{}},{"ancestorTitles":["WP63 AC3 blind1 — the withhold is temporary and lifts on the write trigger"],"fullName":"WP63 AC3 blind1 — the withhold is temporary and lifts on the write trigger a record restated while STILL incomplete does not lift the withhold","status":"passed","title":"a record restated while STILL incomplete does not lift the withhold","duration":3.435100000000034,"failureMessages":[],"meta":{}},{"ancestorTitles":["WP63 AC3 blind1 — the withhold is temporary and lifts on the write trigger"],"fullName":"WP63 AC3 blind1 — the withhold is temporary and lifts on the write trigger a re-seed of the path resets the refused set — a stale verdict never outlives its file","status":"passed","title":"a re-seed of the path resets the refused set — a stale verdict never outlives its file","duration":2.20270000000005,"failureMessages":[],"meta":{}}],"startTime":1785646157803,"endTime":1785646157822.2026,"status":"passed","message":"","name":"H:/Developement/_NeuralAngels/liveshareCollab/obsidian-live-share/plugin/src/__tests__/v2blind/wp63_set1/test_tp03_withhold_lifts_when_refused_set_empties_blind1.test.ts"},{"assertionResults":[{"ancestorTitles":["WP63 AC4 blind1 — the seam is what keeps the user's arrow in the file"],"fullName":"WP63 AC4 blind1 — the seam is what keeps the user's arrow in the file COLD-OPEN seed: armed → byte-identical; disarmed → the edge is deleted","status":"passed","title":"COLD-OPEN seed: armed → byte-identical; disarmed → the edge is deleted","duration":10.935900000000004,"failureMessages":[],"meta":{}},{"ancestorTitles":["WP63 AC4 blind1 — the seam is what keeps the user's arrow in the file"],"fullName":"WP63 AC4 blind1 — the seam is what keeps the user's arrow in the file HOST seed: armed → byte-identical; disarmed → the edge is deleted","status":"passed","title":"HOST seed: armed → byte-identical; disarmed → the edge is deleted","duration":3.9185999999999694,"failureMessages":[],"meta":{}},{"ancestorTitles":["WP63 AC4 blind1 — the seam is what keeps the user's arrow in the file"],"fullName":"WP63 AC4 blind1 — the seam is what keeps the user's arrow in the file the armed mode is the DEFAULT — the seam cannot ship switched off","status":"passed","title":"the armed mode is the DEFAULT — the seam cannot ship switched off","duration":0.7466000000000008,"failureMessages":[],"meta":{}},{"ancestorTitles":["WP63 AC4 blind1 — the seam is what keeps the user's arrow in the file"],"fullName":"WP63 AC4 blind1 — the seam is what keeps the user's arrow in the file the seam only suppresses the REFUSAL case — a legal side-less canvas writes under both settings","status":"passed","title":"the seam only suppresses the REFUSAL case — a legal side-less canvas writes under both settings","duration":1.5996000000000095,"failureMessages":[],"meta":{}}],"startTime":1785646157803,"endTime":1785646157820.5996,"status":"passed","message":"","name":"H:/Developement/_NeuralAngels/liveshareCollab/obsidian-live-share/plugin/src/__tests__/v2blind/wp63_set1/test_tp04_discrimination_seam_blind1.test.ts"}]}