{"numTotalTestSuites":10,"numPassedTestSuites":10,"numFailedTestSuites":0,"numPendingTestSuites":0,"numTotalTests":5,"numPassedTests":5,"numFailedTests":0,"numPendingTests":0,"numTodoTests":0,"snapshot":{"added":0,"failure":false,"filesAdded":0,"filesRemoved":0,"filesRemovedList":[],"filesUnmatched":0,"filesUpdated":0,"matched":0,"total":0,"unchecked":0,"uncheckedKeysByFile":[],"unmatched":0,"updated":0,"didUpdate":false},"startTime":1785614685371,"success":true,"testResults":[{"assertionResults":[{"ancestorTitles":["WP8 AC1 — container identity survives idempotent re-migration of real data"],"fullName":"WP8 AC1 — container identity survives idempotent re-migration of real data meta stays the same instance and a planted probe survives a second call after a real V1 migration","status":"passed","title":"meta stays the same instance and a planted probe survives a second call after a real V1 migration","duration":7.9471000000000345,"failureMessages":[],"meta":{}}],"startTime":1785614685960,"endTime":1785614685967.947,"status":"passed","message":"","name":"H:/Developement/_NeuralAngels/liveshareCollab/obsidian-live-share/plugin/src/__tests__/v2blind/wp8_set1/test_tp01_meta_container_identity_blind1.test.ts"},{"assertionResults":[{"ancestorTitles":["WP8 AC2 — a multi-record migration is still exactly one transaction"],"fullName":"WP8 AC2 — a multi-record migration is still exactly one transaction three nodes and two edges all translate correctly inside a single Yjs transaction","status":"passed","title":"three nodes and two edges all translate correctly inside a single Yjs transaction","duration":9.843999999999994,"failureMessages":[],"meta":{}}],"startTime":1785614685958,"endTime":1785614685967.844,"status":"passed","message":"","name":"H:/Developement/_NeuralAngels/liveshareCollab/obsidian-live-share/plugin/src/__tests__/v2blind/wp8_set1/test_tp02_migration_field_translation_single_tx_blind1.test.ts"},{"assertionResults":[{"ancestorTitles":["WP8 AC2 — sparse records lose nothing and gain nothing"],"fullName":"WP8 AC2 — sparse records lose nothing and gain nothing a bare-minimum node and a single-ended edge with a structured unknown key survive intact","status":"passed","title":"a bare-minimum node and a single-ended edge with a structured unknown key survive intact","duration":7.712099999999964,"failureMessages":[],"meta":{}}],"startTime":1785614685958,"endTime":1785614685965.7122,"status":"passed","message":"","name":"H:/Developement/_NeuralAngels/liveshareCollab/obsidian-live-share/plugin/src/__tests__/v2blind/wp8_set1/test_tp03_migration_no_data_loss_blind1.test.ts"},{"assertionResults":[{"ancestorTitles":["WP8 AC3 — idempotence holds for a doc with zero records too"],"fullName":"WP8 AC3 — idempotence holds for a doc with zero records too a second migrateV1ToV2 call on a fresh (record-less) doc produces zero delta and zero update events","status":"passed","title":"a second migrateV1ToV2 call on a fresh (record-less) doc produces zero delta and zero update events","duration":7.8600999999999885,"failureMessages":[],"meta":{}}],"startTime":1785614685962,"endTime":1785614685969.86,"status":"passed","message":"","name":"H:/Developement/_NeuralAngels/liveshareCollab/obsidian-live-share/plugin/src/__tests__/v2blind/wp8_set1/test_tp04_migration_idempotent_no_delta_blind1.test.ts"},{"assertionResults":[{"ancestorTitles":["WP8 AC4 (local half) — a BELOW-supported major also disables capture"],"fullName":"WP8 AC4 (local half) — a BELOW-supported major also disables capture a doc stamped with a major below this client's supported major refuses local capture, while a normal path stays alive","status":"passed","title":"a doc stamped with a major below this client's supported major refuses local capture, while a normal path stays alive","duration":11.718599999999924,"failureMessages":[],"meta":{}}],"startTime":1785614686008,"endTime":1785614686019.7185,"status":"passed","message":"","name":"H:/Developement/_NeuralAngels/liveshareCollab/obsidian-live-share/plugin/src/__tests__/v2blind/wp8_set1/test_tp05_major_mismatch_disables_capture_blind1.test.ts"}]}