{"numTotalTestSuites":2,"numPassedTestSuites":2,"numFailedTestSuites":0,"numPendingTestSuites":0,"numTotalTests":1,"numPassedTests":1,"numFailedTests":0,"numPendingTests":0,"numTodoTests":0,"snapshot":{"added":0,"failure":false,"filesAdded":0,"filesRemoved":0,"filesRemovedList":[],"filesUnmatched":0,"filesUpdated":0,"matched":0,"total":0,"unchecked":0,"uncheckedKeysByFile":[],"unmatched":0,"updated":0,"didUpdate":false},"startTime":1785614253098,"success":true,"testResults":[{"assertionResults":[{"ancestorTitles":["control"],"fullName":"control really runs","status":"passed","title":"really runs","duration":1.039199999999994,"failureMessages":[],"meta":{}}],"startTime":1785614253438,"endTime":1785614253439.0393,"status":"passed","message":"","name":"H:/Developement/_NeuralAngels/liveshareCollab/obsidian-live-share/plugin/src/v2blind_d1/test_unmatchable_blind1.test.ts"}]}