{"numTotalTestSuites":8,"numPassedTestSuites":8,"numFailedTestSuites":0,"numPendingTestSuites":0,"numTotalTests":4,"numPassedTests":4,"numFailedTests":0,"numPendingTests":0,"numTodoTests":0,"snapshot":{"added":0,"failure":false,"filesAdded":0,"filesRemoved":0,"filesRemovedList":[],"filesUnmatched":0,"filesUpdated":0,"matched":0,"total":0,"unchecked":0,"uncheckedKeysByFile":[],"unmatched":0,"updated":0,"didUpdate":false},"startTime":1785614694483,"success":true,"testResults":[{"assertionResults":[{"ancestorTitles":["WP9 AC1 — pos/size survive a cross-replica wire round trip"],"fullName":"WP9 AC1 — pos/size survive a cross-replica wire round trip decodes on a fresh replica exactly what was written on the origin replica","status":"passed","title":"decodes on a fresh replica exactly what was written on the origin replica","duration":9.787399999999991,"failureMessages":[],"meta":{}}],"startTime":1785614694938,"endTime":1785614694947.7874,"status":"passed","message":"","name":"H:/Developement/_NeuralAngels/liveshareCollab/obsidian-live-share/plugin/src/__tests__/v2blind/wp9_set2/test_tp01_lossless_roundtrip_blind2.test.ts"},{"assertionResults":[{"ancestorTitles":["WP9 AC2 — convergence holds when writers only ever meet through a relay peer"],"fullName":"WP9 AC2 — convergence holds when writers only ever meet through a relay peer A and B never sync directly; C relays both writes, and all three still agree on one whole value","status":"passed","title":"A and B never sync directly; C relays both writes, and all three still agree on one whole value","duration":9.103600000000029,"failureMessages":[],"meta":{}}],"startTime":1785614694967,"endTime":1785614694976.1035,"status":"passed","message":"","name":"H:/Developement/_NeuralAngels/liveshareCollab/obsidian-live-share/plugin/src/__tests__/v2blind/wp9_set2/test_tp02_concurrent_move_convergence_blind2.test.ts"},{"assertionResults":[{"ancestorTitles":["WP9 AC3 — size independence survives a simultaneous pos race"],"fullName":"WP9 AC3 — size independence survives a simultaneous pos race size always converges to B's submission regardless of who wins the concurrent pos race","status":"passed","title":"size always converges to B's submission regardless of who wins the concurrent pos race","duration":10.508299999999963,"failureMessages":[],"meta":{}}],"startTime":1785614694938,"endTime":1785614694948.5083,"status":"passed","message":"","name":"H:/Developement/_NeuralAngels/liveshareCollab/obsidian-live-share/plugin/src/__tests__/v2blind/wp9_set2/test_tp03_move_resize_independence_blind2.test.ts"},{"assertionResults":[{"ancestorTitles":["WP9 AC4 — the doc never stores the flattened geometry keys directly"],"fullName":"WP9 AC4 — the doc never stores the flattened geometry keys directly a record written through the register module carries no top-level x/y/width/height keys","status":"passed","title":"a record written through the register module carries no top-level x/y/width/height keys","duration":6.310699999999997,"failureMessages":[],"meta":{}}],"startTime":1785614695119,"endTime":1785614695125.3108,"status":"passed","message":"","name":"H:/Developement/_NeuralAngels/liveshareCollab/obsidian-live-share/plugin/src/__tests__/v2blind/wp9_set2/test_tp04_geometry_keys_pin_blind2.test.ts"}]}